
                         MODELLER 10.5, 2024/01/19, r12711

     PROTEIN STRUCTURE MODELLING BY SATISFACTION OF SPATIAL RESTRAINTS


                     Copyright(c) 1989-2024 Andrej Sali
                            All Rights Reserved

                             Written by A. Sali
                               with help from
              B. Webb, M.S. Madhusudhan, M-Y. Shen, G.Q. Dong,
          M.A. Marti-Renom, N. Eswar, F. Alber, M. Topf, B. Oliva,
             A. Fiser, R. Sanchez, B. Yerkovich, A. Badretdinov,
                     F. Melo, J.P. Overington, E. Feyfant
                 University of California, San Francisco, USA
                    Rockefeller University, New York, USA
                      Harvard University, Cambridge, USA
                   Imperial Cancer Research Fund, London, UK
              Birkbeck College, University of London, London, UK


Kind, OS, HostName, Kernel, Processor: 4, Linux jj-Aspire-A514-52G 6.5.0-25-generic x86_64
Date and time of compilation         : 2024/01/20 00:40:16
MODELLER executable type             : x86_64-intel8
Job starting time (YY/MM/DD HH:MM:SS): 2024/03/12 11:56:47

environ____W> The class 'environ' is deprecated; use 'Environ' instead
openf___224_> Open           $(LIB)/restyp.lib
openf___224_> Open           ${MODINSTALL10v5}/modlib/resgrp.lib
rdresgr_266_> Number of residue groups:        2
openf___224_> Open           ${MODINSTALL10v5}/modlib/sstruc.lib

Dynamically allocated memory at   amaxlibraries [B,KiB,MiB]:       191566     187.076     0.183

Dynamically allocated memory at   amaxlibraries [B,KiB,MiB]:       192094     187.592     0.183
openf___224_> Open           ${MODINSTALL10v5}/modlib/resdih.lib

Dynamically allocated memory at   amaxlibraries [B,KiB,MiB]:       240694     235.053     0.230
rdrdih__263_> Number of dihedral angle types         :        9
              Maximal number of dihedral angle optima:        3
              Dihedral angle names                   :  Alph Phi Psi Omeg chi1 chi2 chi3 chi4 chi5
openf___224_> Open           ${MODINSTALL10v5}/modlib/radii.lib

Dynamically allocated memory at   amaxlibraries [B,KiB,MiB]:       253994     248.041     0.242
openf___224_> Open           ${MODINSTALL10v5}/modlib/af_mnchdef.lib
rdwilmo_274_> Mainchain residue conformation classes:  APBLE
openf___224_> Open           ${MODINSTALL10v5}/modlib/mnch.lib
rdclass_257_> Number of classes:        5
openf___224_> Open           ${MODINSTALL10v5}/modlib/mnch1.lib
openf___224_> Open           ${MODINSTALL10v5}/modlib/mnch2.lib
openf___224_> Open           ${MODINSTALL10v5}/modlib/mnch3.lib
openf___224_> Open           ${MODINSTALL10v5}/modlib/xs4.mat
rdrrwgh_268_> Number of residue types:       21
automodel__W> The class 'automodel' is deprecated; use 'AutoModel' instead
openf___224_> Open           SH2aln.pir

Dynamically allocated memory at   amaxalignment [B,KiB,MiB]:       265959     259.726     0.254

Dynamically allocated memory at   amaxalignment [B,KiB,MiB]:       267409     261.142     0.255

Dynamically allocated memory at   amaxalignment [B,KiB,MiB]:       270309     263.974     0.258

Dynamically allocated memory at   amaxalignment [B,KiB,MiB]:       343717     335.661     0.328

Dynamically allocated memory at    amaxsequence [B,KiB,MiB]:       344145     336.079     0.328

Dynamically allocated memory at    amaxsequence [B,KiB,MiB]:       344573     336.497     0.329

Read the alignment from file       : SH2aln.pir

Total number of alignment positions:   108

  #  Code        #_Res #_Segm PDB_code    Name
-------------------------------------------------------------------------------
  1       SH2B     108      1        SH2B
  2      SH2BM     108      1       SH2BM
check_a_343_> >> BEGINNING OF COMMAND
openf___224_> Open           ./SH2B.pdb

Dynamically allocated memory at amaxcoordinates [B,KiB,MiB]:       378698     369.822     0.361

Dynamically allocated memory at    amaxsequence [B,KiB,MiB]:       378698     369.822     0.361

Dynamically allocated memory at amaxcoordinates [B,KiB,MiB]:       378869     369.989     0.361

Dynamically allocated memory at amaxcoordinates [B,KiB,MiB]:       379719     370.819     0.362

Dynamically allocated memory at amaxcoordinates [B,KiB,MiB]:       380977     372.048     0.363

Dynamically allocated memory at amaxcoordinates [B,KiB,MiB]:       382881     373.907     0.365

Dynamically allocated memory at amaxcoordinates [B,KiB,MiB]:       385737     376.696     0.368

Dynamically allocated memory at    amaxsequence [B,KiB,MiB]:       385737     376.696     0.368

Dynamically allocated memory at amaxcoordinates [B,KiB,MiB]:       385827     376.784     0.368

Dynamically allocated memory at    amaxsequence [B,KiB,MiB]:       385827     376.784     0.368

Dynamically allocated memory at amaxcoordinates [B,KiB,MiB]:       385962     376.916     0.368

Dynamically allocated memory at amaxcoordinates [B,KiB,MiB]:       390246     381.100     0.372

Dynamically allocated memory at    amaxsequence [B,KiB,MiB]:       390246     381.100     0.372

Dynamically allocated memory at amaxcoordinates [B,KiB,MiB]:       390444     381.293     0.372

Dynamically allocated memory at amaxcoordinates [B,KiB,MiB]:       396870     387.568     0.378

Dynamically allocated memory at    amaxsequence [B,KiB,MiB]:       396870     387.568     0.378

Dynamically allocated memory at amaxcoordinates [B,KiB,MiB]:       397167     387.858     0.379

Dynamically allocated memory at amaxcoordinates [B,KiB,MiB]:       406789     397.255     0.388

Dynamically allocated memory at    amaxsequence [B,KiB,MiB]:       406789     397.255     0.388

Dynamically allocated memory at amaxcoordinates [B,KiB,MiB]:       407239     397.694     0.388

Dynamically allocated memory at amaxcoordinates [B,KiB,MiB]:       421689     411.806     0.402

Dynamically allocated memory at   amaxstructure [B,KiB,MiB]:       421311     411.437     0.402

check_ali___> Checking the sequence-structure alignment. 

Implied intrachain target CA(i)-CA(i+1) distances longer than  8.0 angstroms:

ALN_POS  TMPL  RID1  RID2  NAM1  NAM2     DIST
----------------------------------------------
END OF TABLE
check_a_344_> << END OF COMMAND
openf___224_> Open           ${LIB}/top_heav.lib
read_to_681_> topology.submodel read from topology file:        3
openf___224_> Open           ${LIB}/par.lib

Dynamically allocated memory at  amaxparameters [B,KiB,MiB]:       560563     547.425     0.535

Dynamically allocated memory at  amaxparameters [B,KiB,MiB]:       562163     548.987     0.536

Dynamically allocated memory at  amaxparameters [B,KiB,MiB]:       566143     552.874     0.540

Dynamically allocated memory at  amaxparameters [B,KiB,MiB]:       568143     554.827     0.542

Dynamically allocated memory at  amaxparameters [B,KiB,MiB]:       571143     557.757     0.545

Dynamically allocated memory at  amaxparameters [B,KiB,MiB]:       575643     562.151     0.549

Dynamically allocated memory at  amaxparameters [B,KiB,MiB]:       581215     567.593     0.554

Dynamically allocated memory at  amaxparameters [B,KiB,MiB]:       584015     570.327     0.557

Dynamically allocated memory at  amaxparameters [B,KiB,MiB]:       588215     574.429     0.561

Dynamically allocated memory at  amaxparameters [B,KiB,MiB]:       594515     580.581     0.567

Dynamically allocated memory at  amaxparameters [B,KiB,MiB]:       597287     583.288     0.570

Dynamically allocated memory at  amaxparameters [B,KiB,MiB]:       598687     584.655     0.571
read_pa_232_> parameters    BONDS   ANGLS  DIHEDS IMPROPS    MODE
                              227     561     661     112       0

Dynamically allocated memory at       amaxmodel [B,KiB,MiB]:       615486     601.061     0.587

Dynamically allocated memory at       amaxmodel [B,KiB,MiB]:       704176     687.672     0.672

Dynamically allocated memory at       amaxmodel [B,KiB,MiB]:       717840     701.016     0.685

mkilst______> segment topology constructed from sequence and RTF:
              segments residues  atoms  bonds angles dihedrals impropers:
                     1      108    886    908      0         0       400

Dynamically allocated memory at       amaxmodel [B,KiB,MiB]:       755844     738.129     0.721

patch_______> segment topology patched using RTF:  1 ;  ASN  ;  NTER
              segments residues  atoms  bonds angles dihedrals impropers:
                     1      108    886    908   1228      1456       400


Dynamically allocated memory at       amaxmodel [B,KiB,MiB]:       792924     774.340     0.756
patch_______> segment topology patched using RTF:  108 ;  GLY  ;  CTER
              segments residues  atoms  bonds angles dihedrals impropers:
                     1      108    887    909   1230      1457       401

genseg______> segment topology constructed from sequence and RTF:
              segments residues  atoms  bonds angles dihedrals impropers:
                     1      108    887    909   1230      1457       401
transfe_506_> MODEL is an average of all templates.
transfe_511_> Number of templates for coordinate transfer:        1
              After transferring coordinates of the equivalent template atoms,
              there are defined, undefined atoms in MODEL:      882        5
openf___224_> Open           SH2BM.ini
wrpdb___568_> Residues, atoms, selected atoms:      108      887      887
make_re_417_> Restraint type to be calculated:  stereo

Dynamically allocated memory at  amaxrestraints [B,KiB,MiB]:       900373     879.271     0.859

Dynamically allocated memory at  amaxrestraints [B,KiB,MiB]:       908565     887.271     0.866

Dynamically allocated memory at  amaxrestraints [B,KiB,MiB]:       924949     903.271     0.882

Dynamically allocated memory at  amaxrestraints [B,KiB,MiB]:       957717     935.271     0.913

Dynamically allocated memory at  amaxrestraints [B,KiB,MiB]:       990485     967.271     0.945

Dynamically allocated memory at  amaxrestraints [B,KiB,MiB]:      1056021    1031.271     1.007

Dynamically allocated memory at  amaxrestraints [B,KiB,MiB]:      1088789    1063.271     1.038
r_stere_606_> Stereochemical restraints were constructed from RTF & PRMF.
              Added bond,angle,dihedral,improper restraints  :      909    1230    1388     396
              Total number of restraints before, now         :        0     3923
make_re_422_> Number of previous, current restraints         :        0     3923
make_re_423_> Number of previous, current selected restraints:        0     3923
make_re_417_> Restraint type to be calculated:  phi-psi_binormal

Dynamically allocated memory at   amaxstructure [B,KiB,MiB]:      1151354    1124.369     1.098
openf___224_> Open           ${MODINSTALL10v5}/modlib/mnch1.bin
openf___224_> Open           ${MODINSTALL10v5}/modlib/mnch1.mdt
getdata_643_> Protein accepted:  SH2B
getdata_289_> Proteins (all/accepted):        1        1

Dynamically allocated memory at  amaxrestraints [B,KiB,MiB]:      1184138    1156.385     1.129
make_re_422_> Number of previous, current restraints         :     3923     4029
make_re_423_> Number of previous, current selected restraints:     3923     4029
make_re_417_> Restraint type to be calculated:  omega_dihedral

Dynamically allocated memory at   amaxstructure [B,KiB,MiB]:      1184138    1156.385     1.129
openf___224_> Open           ${MODINSTALL10v5}/modlib/omega.bin
openf___224_> Open           ${MODINSTALL10v5}/modlib/omega.mdt
getdata_643_> Protein accepted:  SH2B
getdata_289_> Proteins (all/accepted):        1        1
omgdel__425_> Unselected all O C +N +CA dihedrals:      112
              (This is to avoid clashes between STEREO
              and OMEGA_DIHEDRAL restraints)

Dynamically allocated memory at  amaxrestraints [B,KiB,MiB]:      1249674    1220.385     1.192
make_re_422_> Number of previous, current restraints         :     4029     4136
make_re_423_> Number of previous, current selected restraints:     4029     4024
make_re_417_> Restraint type to be calculated:  chi1_dihedral

Dynamically allocated memory at   amaxstructure [B,KiB,MiB]:      1249674    1220.385     1.192
openf___224_> Open           ${MODINSTALL10v5}/modlib/chi1234.bin
openf___224_> Open           ${MODINSTALL10v5}/modlib/chi1.mdt
getdata_643_> Protein accepted:  SH2B
getdata_289_> Proteins (all/accepted):        1        1
make_re_422_> Number of previous, current restraints         :     4136     4233
make_re_423_> Number of previous, current selected restraints:     4024     4121
make_re_417_> Restraint type to be calculated:  chi2_dihedral

Dynamically allocated memory at   amaxstructure [B,KiB,MiB]:      1249674    1220.385     1.192
openf___224_> Open           ${MODINSTALL10v5}/modlib/chi1234.bin
openf___224_> Open           ${MODINSTALL10v5}/modlib/chi2.mdt
getdata_643_> Protein accepted:  SH2B
getdata_289_> Proteins (all/accepted):        1        1

Dynamically allocated memory at  amaxrestraints [B,KiB,MiB]:      1315210    1284.385     1.254
make_re_422_> Number of previous, current restraints         :     4233     4306
make_re_423_> Number of previous, current selected restraints:     4121     4194
make_re_417_> Restraint type to be calculated:  chi3_dihedral

Dynamically allocated memory at   amaxstructure [B,KiB,MiB]:      1315210    1284.385     1.254
openf___224_> Open           ${MODINSTALL10v5}/modlib/chi1234.bin
openf___224_> Open           ${MODINSTALL10v5}/modlib/chi3.mdt
getdata_643_> Protein accepted:  SH2B
getdata_289_> Proteins (all/accepted):        1        1
make_re_422_> Number of previous, current restraints         :     4306     4337
make_re_423_> Number of previous, current selected restraints:     4194     4225
make_re_417_> Restraint type to be calculated:  chi4_dihedral

Dynamically allocated memory at   amaxstructure [B,KiB,MiB]:      1315210    1284.385     1.254
openf___224_> Open           ${MODINSTALL10v5}/modlib/chi1234.bin
openf___224_> Open           ${MODINSTALL10v5}/modlib/chi4.mdt
mdtrsr__446W> A potential that relies on one protein is used, yet you have at
              least one known structure available. MDT, not library, potential is used.
getdata_643_> Protein accepted:  SH2B
getdata_289_> Proteins (all/accepted):        1        1
make_re_422_> Number of previous, current restraints         :     4337     4353
make_re_423_> Number of previous, current selected restraints:     4225     4241
make_re_417_> Restraint type to be calculated:  DISTANCE

Dynamically allocated memory at amaxhash_contac [B,KiB,MiB]:      1570630    1533.818     1.498

Dynamically allocated memory at  amaxrestraints [B,KiB,MiB]:      1701702    1661.818     1.623

Dynamically allocated memory at  amaxrestraints [B,KiB,MiB]:      1767238    1725.818     1.685
make_re_422_> Number of previous, current restraints         :     4353     6213
make_re_423_> Number of previous, current selected restraints:     4241     6101
make_re_417_> Restraint type to be calculated:  DISTANCE
make_re_422_> Number of previous, current restraints         :     6213     8164
make_re_423_> Number of previous, current selected restraints:     6101     8052
make_re_417_> Restraint type to be calculated:  DISTANCE

Dynamically allocated memory at  amaxrestraints [B,KiB,MiB]:      1898310    1853.818     1.810

Dynamically allocated memory at  amaxrestraints [B,KiB,MiB]:      2160454    2109.818     2.060
make_re_422_> Number of previous, current restraints         :     8164    10206
make_re_423_> Number of previous, current selected restraints:     8052    10094
make_re_417_> Restraint type to be calculated:  DISTANCE

Dynamically allocated memory at  amaxrestraints [B,KiB,MiB]:      2291526    2237.818     2.185
make_re_422_> Number of previous, current restraints         :    10206    11065
make_re_423_> Number of previous, current selected restraints:    10094    10953
0 atoms in HETATM/BLK residues constrained
to protein atoms within 2.30 angstroms
and protein CA atoms within 10.00 angstroms
make_re_417_> Restraint type to be calculated:  DISTANCE
make_re_422_> Number of previous, current restraints         :    11065    11065
make_re_423_> Number of previous, current selected restraints:    10953    10953
make_re_417_> Restraint type to be calculated:  DISTANCE
make_re_422_> Number of previous, current restraints         :    11065    11065
make_re_423_> Number of previous, current selected restraints:    10953    10953
make_re_417_> Restraint type to be calculated:  DISTANCE
make_re_422_> Number of previous, current restraints         :    11065    11065
make_re_423_> Number of previous, current selected restraints:    10953    10953
make_re_417_> Restraint type to be calculated:  DISTANCE
make_re_422_> Number of previous, current restraints         :    11065    11065
make_re_423_> Number of previous, current selected restraints:    10953    10953
0 atoms in residues without defined topology
constrained to be rigid bodies
make_re_417_> Restraint type to be calculated:  DISTANCE
make_re_422_> Number of previous, current restraints         :    11065    11065
make_re_423_> Number of previous, current selected restraints:    10953    10953
rmdupl__427_>      665 redundant cosine dihedral restraints were unselected.
condens_443_> Restraints marked for deletion were removed.
              Total number of restraints before, now:    11065    10288
openf___224_> Open           SH2BM.rsr
openf___224_> Open           SH2BM.rsr

Dynamically allocated memory at  amaxrestraints [B,KiB,MiB]:      2332354    2277.689     2.224
rdcsr2__307_> Number of restraints read    :    10288
              Number of excluded pairs read:        0
              Number of pseudo atoms read  :        0
rdcsrs__304_> Restraints in memory, selected restraints:    10288    10288
              Explicitly excluded atom pairs in memory :        0
              Pseudo atoms in memory                   :        0
openf___224_> Open           SH2BM.ini

Dynamically allocated memory at       amaxmodel [B,KiB,MiB]:      2332386    2277.721     2.224
read_mo_297_> Segments, residues, atoms:        1      108      887
read_mo_298_> Segment:        1  1:A  108:A      887
randomi_498_> Atoms,selected atoms,random_seed,amplitude:      887      887        1        4.0000
randomi_496_> Amplitude is > 0; randomization is done.
pick_re_612_> Number of MODEL atoms, selected restraints;      887     6060
pick_re_612_> Number of MODEL atoms, selected restraints;      887     6685
pick_re_612_> Number of MODEL atoms, selected restraints;      887     7085
pick_re_612_> Number of MODEL atoms, selected restraints;      887     7625
pick_re_612_> Number of MODEL atoms, selected restraints;      887     8415
pick_re_612_> Number of MODEL atoms, selected restraints;      887     9053

Dynamically allocated memory at  amaxrestraints [B,KiB,MiB]:      2646246    2584.225     2.524
pick_re_612_> Number of MODEL atoms, selected restraints;      887     9528
pick_re_612_> Number of MODEL atoms, selected restraints;      887    10061
pick_re_612_> Number of MODEL atoms, selected restraints;      887    10288
iupac_m_486_> OE1/2 will be swapped:     -171.3435        7  7
iupac_m_487_> NH1/2 swapped:      179.7339       15  15
iupac_m_487_> NH1/2 swapped:     -173.5749       22  22
iupac_m_485_> OD1/2 will be swapped:     -135.5285       24  24
iupac_m_486_> OE1/2 will be swapped:      168.4857       28  28
iupac_m_487_> NH1/2 swapped:      179.2981       72  72
iupac_m_483_> CD1/2 CE1/2 swapped:       91.0010       74  74
iupac_m_397W> Atoms were not swapped because of the uncertainty of how to handle the H atom.
iupac_m_486_> OE1/2 will be swapped:     -113.4912       77  77
iupac_m_483_> CD1/2 CE1/2 swapped:       90.7221       79  79
iupac_m_397W> Atoms were not swapped because of the uncertainty of how to handle the H atom.
iupac_m_487_> NH1/2 swapped:     -174.8125      103  103


>> ENERGY; Differences between the model's features and restraints:
Number of all residues in MODEL                   :      108
Number of all, selected real atoms                :      887     887
Number of all, selected pseudo atoms              :        0       0
Number of all static, selected restraints         :    10288   10288
COVALENT_CYS                                      :        F
NONBONDED_SEL_ATOMS                               :        1
Number of non-bonded pairs (excluding 1-2,1-3,1-4):     1665
Dynamic pairs routine                             : 2, NATM x NATM cell sorting
Atomic shift for contacts update (UPDATE_DYNAMIC) :    0.390
LENNARD_JONES_SWITCH                              :    6.500   7.500
COULOMB_JONES_SWITCH                              :    6.500   7.500
RESIDUE_SPAN_RANGE                                :        0   99999
NLOGN_USE                                         :       15
CONTACT_SHELL                                     :    4.000
DYNAMIC_PAIRS,_SPHERE,_COULOMB,_LENNARD,_MODELLER :        T       T       F       F       F
SPHERE_STDV                                       :    0.050
RADII_FACTOR                                      :    0.820
Current energy                                    :         753.1470





Summary of the restraint violations: 

   NUM     ... number of restraints.
   NUMVI   ... number of restraints with RVIOL > VIOL_REPORT_CUT[i].
   RVIOL   ... relative difference from the best value.
   NUMVP   ... number of restraints with -Ln(pdf) > VIOL_REPORT_CUT2[i].
   RMS_1   ... RMS(feature, minimally_violated_basis_restraint, NUMB).
   RMS_2   ... RMS(feature, best_value, NUMB).
   MOL.PDF ... scaled contribution to -Ln(Molecular pdf).

 #                     RESTRAINT_GROUP      NUM   NUMVI  NUMVP   RMS_1   RMS_2         MOL.PDF     S_i
------------------------------------------------------------------------------------------------------
 1 Bond length potential              :     909       0      0   0.005   0.005      6.0112       1.000
 2 Bond angle potential               :    1230       0      4   1.880   1.880      82.405       1.000
 3 Stereochemical cosine torsion poten:     611       0     28  48.618  48.618      226.27       1.000
 4 Stereochemical improper torsion pot:     396       0      0   1.116   1.116      12.350       1.000
 5 Soft-sphere overlap restraints     :    1665       0      0   0.002   0.002     0.68588       1.000
 6 Lennard-Jones 6-12 potential       :       0       0      0   0.000   0.000      0.0000       1.000
 7 Coulomb point-point electrostatic p:       0       0      0   0.000   0.000      0.0000       1.000
 8 H-bonding potential                :       0       0      0   0.000   0.000      0.0000       1.000
 9 Distance restraints 1 (CA-CA)      :    1860       0      0   0.115   0.115      28.300       1.000
10 Distance restraints 2 (N-O)        :    1951       0      0   0.187   0.187      63.091       1.000
11 Mainchain Phi dihedral restraints  :       0       0      0   0.000   0.000      0.0000       1.000
12 Mainchain Psi dihedral restraints  :       0       0      0   0.000   0.000      0.0000       1.000
13 Mainchain Omega dihedral restraints:     107       0      1   3.787   3.787      16.576       1.000
14 Sidechain Chi_1 dihedral restraints:      97       0      2  52.699  52.699      13.624       1.000
15 Sidechain Chi_2 dihedral restraints:      73       0      1  72.076  72.076      25.920       1.000
16 Sidechain Chi_3 dihedral restraints:      31       0      0  63.663  63.663      15.704       1.000
17 Sidechain Chi_4 dihedral restraints:      16       0      0  94.900  94.900      11.611       1.000
18 Disulfide distance restraints      :       0       0      0   0.000   0.000      0.0000       1.000
19 Disulfide angle restraints         :       0       0      0   0.000   0.000      0.0000       1.000
20 Disulfide dihedral angle restraints:       0       0      0   0.000   0.000      0.0000       1.000
21 Lower bound distance restraints    :       0       0      0   0.000   0.000      0.0000       1.000
22 Upper bound distance restraints    :       0       0      0   0.000   0.000      0.0000       1.000
23 Distance restraints 3 (SDCH-MNCH)  :    2042       0      0   0.447   0.447      74.147       1.000
24 Sidechain Chi_5 dihedral restraints:       0       0      0   0.000   0.000      0.0000       1.000
25 Phi/Psi pair of dihedral restraints:     106       5     22  37.922  44.024      121.39       1.000
26 Distance restraints 4 (SDCH-SDCH)  :     859       0      0   0.704   0.704      55.061       1.000
27 Distance restraints 5 (X-Y)        :       0       0      0   0.000   0.000      0.0000       1.000
28 NMR distance restraints 6 (X-Y)    :       0       0      0   0.000   0.000      0.0000       1.000
29 NMR distance restraints 7 (X-Y)    :       0       0      0   0.000   0.000      0.0000       1.000
30 Minimal distance restraints        :       0       0      0   0.000   0.000      0.0000       1.000
31 Non-bonded restraints              :       0       0      0   0.000   0.000      0.0000       1.000
32 Atomic accessibility restraints    :       0       0      0   0.000   0.000      0.0000       1.000
33 Atomic density restraints          :       0       0      0   0.000   0.000      0.0000       1.000
34 Absolute position restraints       :       0       0      0   0.000   0.000      0.0000       1.000
35 Dihedral angle difference restraint:       0       0      0   0.000   0.000      0.0000       1.000
36 GBSA implicit solvent potential    :       0       0      0   0.000   0.000      0.0000       1.000
37 EM density fitting potential       :       0       0      0   0.000   0.000      0.0000       1.000
38 SAXS restraints                    :       0       0      0   0.000   0.000      0.0000       1.000
39 Symmetry restraints                :       0       0      0   0.000   0.000      0.0000       1.000



openf___224_> Open           SH2BM.V99990001
# Heavy relative violation of each residue is written to: SH2BM.V99990001
# The profile is NOT normalized by the number of restraints.
# The profiles are smoothed over a window of residues:    1
# The sum of all numbers in the file:   10057.2500



List of the violated restraints:
   A restraint is violated when the relative difference
   from the best value (RVIOL) is larger than CUTOFF.

   ICSR   ... index of a restraint in the current set.
   RESNO  ... residue numbers of the first two atoms.
   ATM    ... IUPAC atom names of the first two atoms.
   FEAT   ... the value of the feature in the model.
   restr  ... the mean of the basis restraint with the smallest
              difference from the model (local minimum).
   viol   ... difference from the local minimum.
   rviol  ... relative difference from the local minimum.
   RESTR  ... the best value (global minimum).
   VIOL   ... difference from the best value.
   RVIOL  ... relative difference from the best value.


-------------------------------------------------------------------------------------------------

Feature 25                           : Phi/Psi pair of dihedral restraints     
List of the RVIOL violations larger than   :       6.5000

    #   ICSR  RESNO1/2 ATM1/2   INDATM1/2    FEAT   restr    viol   rviol   RESTR    VIOL   RVIOL
    1   3196  50A  51I C   N     405  407   65.20  -97.30  162.60    6.86 -120.60  174.41   12.38
    1         51I  51I N   CA    407  408  121.73  127.20                  130.30
    2   3215  69S  70P C   N     561  563  -89.13  -64.50   91.57    5.70  -58.70   98.91   10.68
    2         70P  70P N   CA    563  564 -124.61  147.20                  -30.50
    3   3221  75V  76A C   N     619  621  167.69   55.40  128.35    9.69   55.40  128.35    9.69
    3         76A  76A N   CA    621  622  -23.96   38.20                   38.20
    4   3238  92Q  93Y C   N     765  767 -133.96 -124.30   70.69    3.34  -98.40   84.84    8.47
    4         93Y  93Y N   CA    767  768 -154.58  135.40                  128.40
    5   3239  93Y  94N C   N     777  779   61.88  -71.20  153.34   12.37  -63.20  160.09   18.56
    5         94N  94N N   CA    779  780 -141.02  142.80                  -41.10


report______> Distribution of short non-bonded contacts:


DISTANCE1:  0.00 2.10 2.20 2.30 2.40 2.50 2.60 2.70 2.80 2.90 3.00 3.10 3.20 3.30 3.40
DISTANCE2:  2.10 2.20 2.30 2.40 2.50 2.60 2.70 2.80 2.90 3.00 3.10 3.20 3.30 3.40 3.50
FREQUENCY:     0    0    0    0    0    5   21   42   55   64   47   98   98  140  136


<< end of ENERGY.
openf___224_> Open           SH2BM.B99990001.pdb
wrpdb___568_> Residues, atoms, selected atoms:      108      887      887
openf___224_> Open           SH2BM.ini

Dynamically allocated memory at       amaxmodel [B,KiB,MiB]:      2646278    2584.256     2.524
read_mo_297_> Segments, residues, atoms:        1      108      887
read_mo_298_> Segment:        1  1:A  108:A      887
randomi_498_> Atoms,selected atoms,random_seed,amplitude:      887      887        1        4.0000
randomi_496_> Amplitude is > 0; randomization is done.
pick_re_612_> Number of MODEL atoms, selected restraints;      887     6060
pick_re_612_> Number of MODEL atoms, selected restraints;      887     6685
pick_re_612_> Number of MODEL atoms, selected restraints;      887     7085
pick_re_612_> Number of MODEL atoms, selected restraints;      887     7625
pick_re_612_> Number of MODEL atoms, selected restraints;      887     8415
pick_re_612_> Number of MODEL atoms, selected restraints;      887     9053
pick_re_612_> Number of MODEL atoms, selected restraints;      887     9528
pick_re_612_> Number of MODEL atoms, selected restraints;      887    10061
pick_re_612_> Number of MODEL atoms, selected restraints;      887    10288
iupac_m_487_> NH1/2 swapped:     -179.4277       15  15
iupac_m_486_> OE1/2 will be swapped:      118.2957       28  28
iupac_m_487_> NH1/2 swapped:      179.8220       72  72
iupac_m_483_> CD1/2 CE1/2 swapped:       91.8999       74  74
iupac_m_397W> Atoms were not swapped because of the uncertainty of how to handle the H atom.
iupac_m_483_> CD1/2 CE1/2 swapped:       90.7774       79  79
iupac_m_397W> Atoms were not swapped because of the uncertainty of how to handle the H atom.


>> ENERGY; Differences between the model's features and restraints:
Number of all residues in MODEL                   :      108
Number of all, selected real atoms                :      887     887
Number of all, selected pseudo atoms              :        0       0
Number of all static, selected restraints         :    10288   10288
COVALENT_CYS                                      :        F
NONBONDED_SEL_ATOMS                               :        1
Number of non-bonded pairs (excluding 1-2,1-3,1-4):     1607
Dynamic pairs routine                             : 2, NATM x NATM cell sorting
Atomic shift for contacts update (UPDATE_DYNAMIC) :    0.390
LENNARD_JONES_SWITCH                              :    6.500   7.500
COULOMB_JONES_SWITCH                              :    6.500   7.500
RESIDUE_SPAN_RANGE                                :        0   99999
NLOGN_USE                                         :       15
CONTACT_SHELL                                     :    4.000
DYNAMIC_PAIRS,_SPHERE,_COULOMB,_LENNARD,_MODELLER :        T       T       F       F       F
SPHERE_STDV                                       :    0.050
RADII_FACTOR                                      :    0.820
Current energy                                    :         754.8724





Summary of the restraint violations: 

   NUM     ... number of restraints.
   NUMVI   ... number of restraints with RVIOL > VIOL_REPORT_CUT[i].
   RVIOL   ... relative difference from the best value.
   NUMVP   ... number of restraints with -Ln(pdf) > VIOL_REPORT_CUT2[i].
   RMS_1   ... RMS(feature, minimally_violated_basis_restraint, NUMB).
   RMS_2   ... RMS(feature, best_value, NUMB).
   MOL.PDF ... scaled contribution to -Ln(Molecular pdf).

 #                     RESTRAINT_GROUP      NUM   NUMVI  NUMVP   RMS_1   RMS_2         MOL.PDF     S_i
------------------------------------------------------------------------------------------------------
 1 Bond length potential              :     909       0      0   0.005   0.005      5.8936       1.000
 2 Bond angle potential               :    1230       0      1   1.800   1.800      75.643       1.000
 3 Stereochemical cosine torsion poten:     611       0     28  48.708  48.708      227.45       1.000
 4 Stereochemical improper torsion pot:     396       0      0   1.086   1.086      11.184       1.000
 5 Soft-sphere overlap restraints     :    1607       0      0   0.002   0.002     0.64147       1.000
 6 Lennard-Jones 6-12 potential       :       0       0      0   0.000   0.000      0.0000       1.000
 7 Coulomb point-point electrostatic p:       0       0      0   0.000   0.000      0.0000       1.000
 8 H-bonding potential                :       0       0      0   0.000   0.000      0.0000       1.000
 9 Distance restraints 1 (CA-CA)      :    1860       0      0   0.109   0.109      26.036       1.000
10 Distance restraints 2 (N-O)        :    1951       1      4   0.211   0.211      76.890       1.000
11 Mainchain Phi dihedral restraints  :       0       0      0   0.000   0.000      0.0000       1.000
12 Mainchain Psi dihedral restraints  :       0       0      0   0.000   0.000      0.0000       1.000
13 Mainchain Omega dihedral restraints:     107       0      2   3.991   3.991      18.602       1.000
14 Sidechain Chi_1 dihedral restraints:      97       0      1  48.538  48.538      10.956       1.000
15 Sidechain Chi_2 dihedral restraints:      73       0      0  60.211  60.211      16.439       1.000
16 Sidechain Chi_3 dihedral restraints:      31       0      0  60.302  60.302      16.136       1.000
17 Sidechain Chi_4 dihedral restraints:      16       0      0  67.933  67.933      10.940       1.000
18 Disulfide distance restraints      :       0       0      0   0.000   0.000      0.0000       1.000
19 Disulfide angle restraints         :       0       0      0   0.000   0.000      0.0000       1.000
20 Disulfide dihedral angle restraints:       0       0      0   0.000   0.000      0.0000       1.000
21 Lower bound distance restraints    :       0       0      0   0.000   0.000      0.0000       1.000
22 Upper bound distance restraints    :       0       0      0   0.000   0.000      0.0000       1.000
23 Distance restraints 3 (SDCH-MNCH)  :    2042       0      0   0.425   0.425      67.389       1.000
24 Sidechain Chi_5 dihedral restraints:       0       0      0   0.000   0.000      0.0000       1.000
25 Phi/Psi pair of dihedral restraints:     106       8     22  37.594  49.329      131.52       1.000
26 Distance restraints 4 (SDCH-SDCH)  :     859       0      0   0.711   0.711      59.158       1.000
27 Distance restraints 5 (X-Y)        :       0       0      0   0.000   0.000      0.0000       1.000
28 NMR distance restraints 6 (X-Y)    :       0       0      0   0.000   0.000      0.0000       1.000
29 NMR distance restraints 7 (X-Y)    :       0       0      0   0.000   0.000      0.0000       1.000
30 Minimal distance restraints        :       0       0      0   0.000   0.000      0.0000       1.000
31 Non-bonded restraints              :       0       0      0   0.000   0.000      0.0000       1.000
32 Atomic accessibility restraints    :       0       0      0   0.000   0.000      0.0000       1.000
33 Atomic density restraints          :       0       0      0   0.000   0.000      0.0000       1.000
34 Absolute position restraints       :       0       0      0   0.000   0.000      0.0000       1.000
35 Dihedral angle difference restraint:       0       0      0   0.000   0.000      0.0000       1.000
36 GBSA implicit solvent potential    :       0       0      0   0.000   0.000      0.0000       1.000
37 EM density fitting potential       :       0       0      0   0.000   0.000      0.0000       1.000
38 SAXS restraints                    :       0       0      0   0.000   0.000      0.0000       1.000
39 Symmetry restraints                :       0       0      0   0.000   0.000      0.0000       1.000



openf___224_> Open           SH2BM.V99990002
# Heavy relative violation of each residue is written to: SH2BM.V99990002
# The profile is NOT normalized by the number of restraints.
# The profiles are smoothed over a window of residues:    1
# The sum of all numbers in the file:    9916.2393



List of the violated restraints:
   A restraint is violated when the relative difference
   from the best value (RVIOL) is larger than CUTOFF.

   ICSR   ... index of a restraint in the current set.
   RESNO  ... residue numbers of the first two atoms.
   ATM    ... IUPAC atom names of the first two atoms.
   FEAT   ... the value of the feature in the model.
   restr  ... the mean of the basis restraint with the smallest
              difference from the model (local minimum).
   viol   ... difference from the local minimum.
   rviol  ... relative difference from the local minimum.
   RESTR  ... the best value (global minimum).
   VIOL   ... difference from the best value.
   RVIOL  ... relative difference from the best value.


-------------------------------------------------------------------------------------------------

Feature 10                           : Distance restraints 2 (N-O)             
List of the RVIOL violations larger than   :       4.5000

    #   ICSR  RESNO1/2 ATM1/2   INDATM1/2    FEAT   restr    viol   rviol   RESTR    VIOL   RVIOL
    1   5455   3L  39P N   O      17  324   12.60    9.81    2.80    4.96    9.81    2.80    4.96

-------------------------------------------------------------------------------------------------

Feature 25                           : Phi/Psi pair of dihedral restraints     
List of the RVIOL violations larger than   :       6.5000

    #   ICSR  RESNO1/2 ATM1/2   INDATM1/2    FEAT   restr    viol   rviol   RESTR    VIOL   RVIOL
    1   3184  38T  39P C   N     316  318  -71.71  -64.50   20.19    1.90  -58.70  159.37   12.14
    1         39P  39P N   CA    318  319  128.34  147.20                  -30.50
    2   3185  39P  40G C   N     323  325  108.96   82.20   31.63    1.30  -62.40  174.48   32.29
    2         40G  40G N   CA    325  326   -8.36    8.50                  -41.20
    3   3196  50A  51I C   N     405  407   54.49  -97.30  151.80    6.35 -120.60  175.16   12.01
    3         51I  51I N   CA    407  408  125.54  127.20                  130.30
    4   3215  69S  70P C   N     561  563  -93.54  -64.50   69.41    4.06  -58.70  124.25   13.14
    4         70P  70P N   CA    563  564 -149.76  147.20                  -30.50
    5   3216  70P  71K C   N     568  570   88.97   56.60   53.86    6.25 -118.00  163.46    7.24
    5         71K  71K N   CA    570  571   81.64   38.60                  139.10
    6   3221  75V  76A C   N     619  621  167.22   55.40  130.12    9.50   55.40  130.12    9.50
    6         76A  76A N   CA    621  622  -28.33   38.20                   38.20
    7   3238  92Q  93Y C   N     765  767 -133.10 -124.30   73.74    3.54  -98.40   87.40    8.79
    7         93Y  93Y N   CA    767  768 -151.39  135.40                  128.40
    8   3239  93Y  94N C   N     777  779   57.53  -71.20  150.21   12.13  -63.20  155.94   18.01
    8         94N  94N N   CA    779  780 -139.81  142.80                  -41.10


report______> Distribution of short non-bonded contacts:


DISTANCE1:  0.00 2.10 2.20 2.30 2.40 2.50 2.60 2.70 2.80 2.90 3.00 3.10 3.20 3.30 3.40
DISTANCE2:  2.10 2.20 2.30 2.40 2.50 2.60 2.70 2.80 2.90 3.00 3.10 3.20 3.30 3.40 3.50
FREQUENCY:     0    0    0    0    0   11   18   34   44   68   51   84   99  126  127


<< end of ENERGY.
openf___224_> Open           SH2BM.B99990002.pdb
wrpdb___568_> Residues, atoms, selected atoms:      108      887      887

>> Summary of successfully produced models:
Filename                          molpdf
----------------------------------------
SH2BM.B99990001.pdb            753.14697
SH2BM.B99990002.pdb            754.87238


Dynamically allocated memory at          finish [B,KiB,MiB]:      2646246    2584.225     2.524
Starting time                                            : 2024/03/12 11:56:47
Closing time                                             : 2024/03/12 11:56:57
Total CPU time [seconds]                                 :       8.48
