
                         MODELLER 10.5, 2024/01/19, r12711

     PROTEIN STRUCTURE MODELLING BY SATISFACTION OF SPATIAL RESTRAINTS


                     Copyright(c) 1989-2024 Andrej Sali
                            All Rights Reserved

                             Written by A. Sali
                               with help from
              B. Webb, M.S. Madhusudhan, M-Y. Shen, G.Q. Dong,
          M.A. Marti-Renom, N. Eswar, F. Alber, M. Topf, B. Oliva,
             A. Fiser, R. Sanchez, B. Yerkovich, A. Badretdinov,
                     F. Melo, J.P. Overington, E. Feyfant
                 University of California, San Francisco, USA
                    Rockefeller University, New York, USA
                      Harvard University, Cambridge, USA
                   Imperial Cancer Research Fund, London, UK
              Birkbeck College, University of London, London, UK


Kind, OS, HostName, Kernel, Processor: 4, Linux jj-Aspire-A514-52G 6.5.0-15-generic x86_64
Date and time of compilation         : 2024/01/20 00:40:16
MODELLER executable type             : x86_64-intel8
Job starting time (YY/MM/DD HH:MM:SS): 2024/02/05 12:11:15

environ____W> The class 'environ' is deprecated; use 'Environ' instead
openf___224_> Open           $(LIB)/restyp.lib
openf___224_> Open           ${MODINSTALL10v5}/modlib/resgrp.lib
rdresgr_266_> Number of residue groups:        2
openf___224_> Open           ${MODINSTALL10v5}/modlib/sstruc.lib

Dynamically allocated memory at   amaxlibraries [B,KiB,MiB]:       191566     187.076     0.183

Dynamically allocated memory at   amaxlibraries [B,KiB,MiB]:       192094     187.592     0.183
openf___224_> Open           ${MODINSTALL10v5}/modlib/resdih.lib

Dynamically allocated memory at   amaxlibraries [B,KiB,MiB]:       240694     235.053     0.230
rdrdih__263_> Number of dihedral angle types         :        9
              Maximal number of dihedral angle optima:        3
              Dihedral angle names                   :  Alph Phi Psi Omeg chi1 chi2 chi3 chi4 chi5
openf___224_> Open           ${MODINSTALL10v5}/modlib/radii.lib

Dynamically allocated memory at   amaxlibraries [B,KiB,MiB]:       253994     248.041     0.242
openf___224_> Open           ${MODINSTALL10v5}/modlib/af_mnchdef.lib
rdwilmo_274_> Mainchain residue conformation classes:  APBLE
openf___224_> Open           ${MODINSTALL10v5}/modlib/mnch.lib
rdclass_257_> Number of classes:        5
openf___224_> Open           ${MODINSTALL10v5}/modlib/mnch1.lib
openf___224_> Open           ${MODINSTALL10v5}/modlib/mnch2.lib
openf___224_> Open           ${MODINSTALL10v5}/modlib/mnch3.lib
openf___224_> Open           ${MODINSTALL10v5}/modlib/xs4.mat
rdrrwgh_268_> Number of residue types:       21
automodel__W> The class 'automodel' is deprecated; use 'AutoModel' instead
openf___224_> Open           aln9.pir

Dynamically allocated memory at   amaxalignment [B,KiB,MiB]:       282425     275.806     0.269

Dynamically allocated memory at   amaxalignment [B,KiB,MiB]:       297517     290.544     0.284

Dynamically allocated memory at   amaxalignment [B,KiB,MiB]:       312917     305.583     0.298

Dynamically allocated memory at   amaxalignment [B,KiB,MiB]:       343717     335.661     0.328

Dynamically allocated memory at   amaxalignment [B,KiB,MiB]:       405317     395.817     0.387

Dynamically allocated memory at   amaxalignment [B,KiB,MiB]:       528517     516.130     0.504

Dynamically allocated memory at    amaxsequence [B,KiB,MiB]:       530005     517.583     0.505

Dynamically allocated memory at    amaxsequence [B,KiB,MiB]:       531525     519.067     0.507

Read the alignment from file       : aln9.pir

Total number of alignment positions:   384

  #  Code        #_Res #_Segm PDB_code    Name
-------------------------------------------------------------------------------
  1      1mc5A     373      1       1mc5A
  2     target     381      1      target
check_a_343_> >> BEGINNING OF COMMAND
openf___224_> Open           ./1mc5A.pdb

Dynamically allocated memory at amaxcoordinates [B,KiB,MiB]:       645150     630.029     0.615

Dynamically allocated memory at    amaxsequence [B,KiB,MiB]:       645150     630.029     0.615

Dynamically allocated memory at amaxcoordinates [B,KiB,MiB]:       645321     630.196     0.615

Dynamically allocated memory at amaxcoordinates [B,KiB,MiB]:       646171     631.026     0.616

Dynamically allocated memory at amaxcoordinates [B,KiB,MiB]:       647429     632.255     0.617

Dynamically allocated memory at amaxcoordinates [B,KiB,MiB]:       649333     634.114     0.619

Dynamically allocated memory at    amaxsequence [B,KiB,MiB]:       649333     634.114     0.619

Dynamically allocated memory at amaxcoordinates [B,KiB,MiB]:       649423     634.202     0.619

Dynamically allocated memory at amaxcoordinates [B,KiB,MiB]:       652279     636.991     0.622

Dynamically allocated memory at    amaxsequence [B,KiB,MiB]:       652279     636.991     0.622

Dynamically allocated memory at amaxcoordinates [B,KiB,MiB]:       652414     637.123     0.622

Dynamically allocated memory at amaxcoordinates [B,KiB,MiB]:       656698     641.307     0.626

Dynamically allocated memory at    amaxsequence [B,KiB,MiB]:       656698     641.307     0.626

Dynamically allocated memory at amaxcoordinates [B,KiB,MiB]:       656896     641.500     0.626

Dynamically allocated memory at amaxcoordinates [B,KiB,MiB]:       663322     647.775     0.633

Dynamically allocated memory at    amaxsequence [B,KiB,MiB]:       663322     647.775     0.633

Dynamically allocated memory at amaxcoordinates [B,KiB,MiB]:       663619     648.065     0.633

Dynamically allocated memory at amaxcoordinates [B,KiB,MiB]:       673241     657.462     0.642

Dynamically allocated memory at    amaxsequence [B,KiB,MiB]:       673241     657.462     0.642

Dynamically allocated memory at amaxcoordinates [B,KiB,MiB]:       673691     657.901     0.642

Dynamically allocated memory at amaxcoordinates [B,KiB,MiB]:       688141     672.013     0.656

Dynamically allocated memory at    amaxsequence [B,KiB,MiB]:       688141     672.013     0.656

Dynamically allocated memory at amaxcoordinates [B,KiB,MiB]:       688816     672.672     0.657

Dynamically allocated memory at amaxcoordinates [B,KiB,MiB]:       710474     693.822     0.678

Dynamically allocated memory at    amaxsequence [B,KiB,MiB]:       710474     693.822     0.678

Dynamically allocated memory at amaxcoordinates [B,KiB,MiB]:       711482     694.807     0.679

Dynamically allocated memory at amaxcoordinates [B,KiB,MiB]:       743986     726.549     0.710

Dynamically allocated memory at    amaxsequence [B,KiB,MiB]:       743986     726.549     0.710

Dynamically allocated memory at amaxcoordinates [B,KiB,MiB]:       745498     728.025     0.711

Dynamically allocated memory at   amaxstructure [B,KiB,MiB]:       744310     726.865     0.710

check_ali___> Checking the sequence-structure alignment. 

Implied intrachain target CA(i)-CA(i+1) distances longer than  8.0 angstroms:

ALN_POS  TMPL  RID1  RID2  NAM1  NAM2     DIST
----------------------------------------------
END OF TABLE
check_a_344_> << END OF COMMAND
openf___224_> Open           ${LIB}/top_heav.lib
read_to_681_> topology.submodel read from topology file:        3
openf___224_> Open           ${LIB}/par.lib

Dynamically allocated memory at  amaxparameters [B,KiB,MiB]:       883562     862.854     0.843

Dynamically allocated memory at  amaxparameters [B,KiB,MiB]:       885162     864.416     0.844

Dynamically allocated memory at  amaxparameters [B,KiB,MiB]:       889142     868.303     0.848

Dynamically allocated memory at  amaxparameters [B,KiB,MiB]:       891142     870.256     0.850

Dynamically allocated memory at  amaxparameters [B,KiB,MiB]:       894142     873.186     0.853

Dynamically allocated memory at  amaxparameters [B,KiB,MiB]:       898642     877.580     0.857

Dynamically allocated memory at  amaxparameters [B,KiB,MiB]:       904214     883.021     0.862

Dynamically allocated memory at  amaxparameters [B,KiB,MiB]:       907014     885.756     0.865

Dynamically allocated memory at  amaxparameters [B,KiB,MiB]:       911214     889.857     0.869

Dynamically allocated memory at  amaxparameters [B,KiB,MiB]:       917514     896.010     0.875

Dynamically allocated memory at  amaxparameters [B,KiB,MiB]:       920286     898.717     0.878

Dynamically allocated memory at  amaxparameters [B,KiB,MiB]:       921686     900.084     0.879
read_pa_232_> parameters    BONDS   ANGLS  DIHEDS IMPROPS    MODE
                              227     561     661     112       0

Dynamically allocated memory at       amaxmodel [B,KiB,MiB]:       981346     958.346     0.936

Dynamically allocated memory at       amaxmodel [B,KiB,MiB]:      1263292    1233.684     1.205

Dynamically allocated memory at       amaxmodel [B,KiB,MiB]:      1305700    1275.098     1.245

mkilst______> segment topology constructed from sequence and RTF:
              segments residues  atoms  bonds angles dihedrals impropers:
                     1      381   2858   2915      0         0      1193

Dynamically allocated memory at       amaxmodel [B,KiB,MiB]:      1428020    1394.551     1.362

patch_______> segment topology patched using RTF:  1 ;  MET  ;  NTER
              segments residues  atoms  bonds angles dihedrals impropers:
                     1      381   2858   2915   3949      4685      1193


Dynamically allocated memory at       amaxmodel [B,KiB,MiB]:      1560596    1524.020     1.488
patch_______> segment topology patched using RTF:  381 ;  LYS  ;  CTER
              segments residues  atoms  bonds angles dihedrals impropers:
                     1      381   2859   2916   3951      4687      1194

genseg______> segment topology constructed from sequence and RTF:
              segments residues  atoms  bonds angles dihedrals impropers:
                     1      381   2859   2916   3951      4687      1194
transfe_506_> MODEL is an average of all templates.
transfe_511_> Number of templates for coordinate transfer:        1
              After transferring coordinates of the equivalent template atoms,
              there are defined, undefined atoms in MODEL:     2535      324
openf___224_> Open           target.ini
wrpdb___568_> Residues, atoms, selected atoms:      381     2859     2859
make_re_417_> Restraint type to be calculated:  stereo

Dynamically allocated memory at  amaxrestraints [B,KiB,MiB]:      1668045    1628.950     1.591

Dynamically allocated memory at  amaxrestraints [B,KiB,MiB]:      1676237    1636.950     1.599

Dynamically allocated memory at  amaxrestraints [B,KiB,MiB]:      1692621    1652.950     1.614

Dynamically allocated memory at  amaxrestraints [B,KiB,MiB]:      1725389    1684.950     1.645

Dynamically allocated memory at  amaxrestraints [B,KiB,MiB]:      1758157    1716.950     1.677

Dynamically allocated memory at  amaxrestraints [B,KiB,MiB]:      1823693    1780.950     1.739

Dynamically allocated memory at  amaxrestraints [B,KiB,MiB]:      1856461    1812.950     1.770

Dynamically allocated memory at  amaxrestraints [B,KiB,MiB]:      1889229    1844.950     1.802

Dynamically allocated memory at  amaxrestraints [B,KiB,MiB]:      1954765    1908.950     1.864

Dynamically allocated memory at  amaxrestraints [B,KiB,MiB]:      2085837    2036.950     1.989

Dynamically allocated memory at  amaxrestraints [B,KiB,MiB]:      2151373    2100.950     2.052

Dynamically allocated memory at  amaxrestraints [B,KiB,MiB]:      2216909    2164.950     2.114

Dynamically allocated memory at  amaxrestraints [B,KiB,MiB]:      2347981    2292.950     2.239

Dynamically allocated memory at  amaxrestraints [B,KiB,MiB]:      2610125    2548.950     2.489

Dynamically allocated memory at  amaxrestraints [B,KiB,MiB]:      2741197    2676.950     2.614
r_stere_606_> Stereochemical restraints were constructed from RTF & PRMF.
              Added bond,angle,dihedral,improper restraints  :     2916    3951    4451    1180
              Total number of restraints before, now         :        0    12498
make_re_422_> Number of previous, current restraints         :        0    12498
make_re_423_> Number of previous, current selected restraints:        0    12498
make_re_417_> Restraint type to be calculated:  phi-psi_binormal

Dynamically allocated memory at   amaxstructure [B,KiB,MiB]:      2955167    2885.905     2.818
openf___224_> Open           ${MODINSTALL10v5}/modlib/mnch1.bin
openf___224_> Open           ${MODINSTALL10v5}/modlib/mnch1.mdt
getdata_643_> Protein accepted:  1mc5A
getdata_289_> Proteins (all/accepted):        1        1
make_re_422_> Number of previous, current restraints         :    12498    12877
make_re_423_> Number of previous, current selected restraints:    12498    12877
make_re_417_> Restraint type to be calculated:  omega_dihedral

Dynamically allocated memory at   amaxstructure [B,KiB,MiB]:      2955183    2885.921     2.818
openf___224_> Open           ${MODINSTALL10v5}/modlib/omega.bin
openf___224_> Open           ${MODINSTALL10v5}/modlib/omega.mdt
getdata_643_> Protein accepted:  1mc5A
getdata_289_> Proteins (all/accepted):        1        1
omgdel__425_> Unselected all O C +N +CA dihedrals:      394
              (This is to avoid clashes between STEREO
              and OMEGA_DIHEDRAL restraints)
make_re_422_> Number of previous, current restraints         :    12877    13257
make_re_423_> Number of previous, current selected restraints:    12877    12863
make_re_417_> Restraint type to be calculated:  chi1_dihedral

Dynamically allocated memory at   amaxstructure [B,KiB,MiB]:      2955183    2885.921     2.818
openf___224_> Open           ${MODINSTALL10v5}/modlib/chi1234.bin
openf___224_> Open           ${MODINSTALL10v5}/modlib/chi1.mdt
getdata_643_> Protein accepted:  1mc5A
getdata_289_> Proteins (all/accepted):        1        1

Dynamically allocated memory at  amaxrestraints [B,KiB,MiB]:      3086255    3013.921     2.943
make_re_422_> Number of previous, current restraints         :    13257    13567
make_re_423_> Number of previous, current selected restraints:    12863    13173
make_re_417_> Restraint type to be calculated:  chi2_dihedral

Dynamically allocated memory at   amaxstructure [B,KiB,MiB]:      3086255    3013.921     2.943
openf___224_> Open           ${MODINSTALL10v5}/modlib/chi1234.bin
openf___224_> Open           ${MODINSTALL10v5}/modlib/chi2.mdt
getdata_643_> Protein accepted:  1mc5A
getdata_289_> Proteins (all/accepted):        1        1
make_re_422_> Number of previous, current restraints         :    13567    13771
make_re_423_> Number of previous, current selected restraints:    13173    13377
make_re_417_> Restraint type to be calculated:  chi3_dihedral

Dynamically allocated memory at   amaxstructure [B,KiB,MiB]:      3086255    3013.921     2.943
openf___224_> Open           ${MODINSTALL10v5}/modlib/chi1234.bin
openf___224_> Open           ${MODINSTALL10v5}/modlib/chi3.mdt
getdata_643_> Protein accepted:  1mc5A
getdata_289_> Proteins (all/accepted):        1        1
make_re_422_> Number of previous, current restraints         :    13771    13863
make_re_423_> Number of previous, current selected restraints:    13377    13469
make_re_417_> Restraint type to be calculated:  chi4_dihedral

Dynamically allocated memory at   amaxstructure [B,KiB,MiB]:      3086255    3013.921     2.943
openf___224_> Open           ${MODINSTALL10v5}/modlib/chi1234.bin
openf___224_> Open           ${MODINSTALL10v5}/modlib/chi4.mdt
mdtrsr__446W> A potential that relies on one protein is used, yet you have at
              least one known structure available. MDT, not library, potential is used.
getdata_643_> Protein accepted:  1mc5A
getdata_289_> Proteins (all/accepted):        1        1
make_re_422_> Number of previous, current restraints         :    13863    13901
make_re_423_> Number of previous, current selected restraints:    13469    13507
make_re_417_> Restraint type to be calculated:  DISTANCE

Dynamically allocated memory at amaxhash_contac [B,KiB,MiB]:      3909611    3817.979     3.728

Dynamically allocated memory at  amaxrestraints [B,KiB,MiB]:      4171755    4073.979     3.978

Dynamically allocated memory at  amaxrestraints [B,KiB,MiB]:      4433899    4329.979     4.228

Dynamically allocated memory at  amaxrestraints [B,KiB,MiB]:      4958187    4841.979     4.728
make_re_422_> Number of previous, current restraints         :    13901    22743
make_re_423_> Number of previous, current selected restraints:    13507    22349
make_re_417_> Restraint type to be calculated:  DISTANCE

Dynamically allocated memory at  amaxrestraints [B,KiB,MiB]:      5220331    5097.979     4.978
make_re_422_> Number of previous, current restraints         :    22743    31630
make_re_423_> Number of previous, current selected restraints:    22349    31236
make_re_417_> Restraint type to be calculated:  DISTANCE

Dynamically allocated memory at  amaxrestraints [B,KiB,MiB]:      5744619    5609.979     5.478
make_re_422_> Number of previous, current restraints         :    31630    36417
make_re_423_> Number of previous, current selected restraints:    31236    36023
make_re_417_> Restraint type to be calculated:  DISTANCE

Dynamically allocated memory at  amaxrestraints [B,KiB,MiB]:      6793195    6633.979     6.478
make_re_422_> Number of previous, current restraints         :    36417    38631
make_re_423_> Number of previous, current selected restraints:    36023    38237
0 atoms in HETATM/BLK residues constrained
to protein atoms within 2.30 angstroms
and protein CA atoms within 10.00 angstroms
make_re_417_> Restraint type to be calculated:  DISTANCE
make_re_422_> Number of previous, current restraints         :    38631    38631
make_re_423_> Number of previous, current selected restraints:    38237    38237
make_re_417_> Restraint type to be calculated:  DISTANCE
make_re_422_> Number of previous, current restraints         :    38631    38631
make_re_423_> Number of previous, current selected restraints:    38237    38237
make_re_417_> Restraint type to be calculated:  DISTANCE
make_re_422_> Number of previous, current restraints         :    38631    38631
make_re_423_> Number of previous, current selected restraints:    38237    38237
make_re_417_> Restraint type to be calculated:  DISTANCE
make_re_422_> Number of previous, current restraints         :    38631    38631
make_re_423_> Number of previous, current selected restraints:    38237    38237
0 atoms in residues without defined topology
constrained to be rigid bodies
make_re_417_> Restraint type to be calculated:  DISTANCE
make_re_422_> Number of previous, current restraints         :    38631    38631
make_re_423_> Number of previous, current selected restraints:    38237    38237
rmdupl__427_>     2238 redundant cosine dihedral restraints were unselected.
condens_443_> Restraints marked for deletion were removed.
              Total number of restraints before, now:    38631    35999
openf___224_> Open           target.rsr
openf___224_> Open           target.rsr
rdcsr2__307_> Number of restraints read    :    35999
              Number of excluded pairs read:        0
              Number of pseudo atoms read  :        0
rdcsrs__304_> Restraints in memory, selected restraints:    35999    35999
              Explicitly excluded atom pairs in memory :        0
              Pseudo atoms in memory                   :        0
openf___224_> Open           target.ini

Dynamically allocated memory at       amaxmodel [B,KiB,MiB]:      6097507    5954.597     5.815
read_mo_297_> Segments, residues, atoms:        1      381     2859
read_mo_298_> Segment:        1  1:A  381:A     2859
randomi_498_> Atoms,selected atoms,random_seed,amplitude:     2859     2859        1        4.0000
randomi_496_> Amplitude is > 0; randomization is done.
pick_re_612_> Number of MODEL atoms, selected restraints;     2859    17285
pick_re_612_> Number of MODEL atoms, selected restraints;     2859    19475
pick_re_612_> Number of MODEL atoms, selected restraints;     2859    20721
pick_re_612_> Number of MODEL atoms, selected restraints;     2859    22229
pick_re_612_> Number of MODEL atoms, selected restraints;     2859    24149
pick_re_612_> Number of MODEL atoms, selected restraints;     2859    26823
pick_re_612_> Number of MODEL atoms, selected restraints;     2859    28448
pick_re_612_> Number of MODEL atoms, selected restraints;     2859    30429
pick_re_612_> Number of MODEL atoms, selected restraints;     2859    32267

Dynamically allocated memory at  amaxrestraints [B,KiB,MiB]:      6458695    6307.319     6.159
pick_re_612_> Number of MODEL atoms, selected restraints;     2859    34554
pick_re_612_> Number of MODEL atoms, selected restraints;     2859    35394
pick_re_612_> Number of MODEL atoms, selected restraints;     2859    35999
iupac_m_486_> OE1/2 will be swapped:      109.9106       62  62
iupac_m_483_> CD1/2 CE1/2 swapped:      -90.5186       65  65
iupac_m_397W> Atoms were not swapped because of the uncertainty of how to handle the H atom.
iupac_m_485_> OD1/2 will be swapped:      142.3912       91  91
iupac_m_483_> CD1/2 CE1/2 swapped:      -90.3709       97  97
iupac_m_397W> Atoms were not swapped because of the uncertainty of how to handle the H atom.
iupac_m_484W> Dihedral still outside +-90:       91.0228
iupac_m_487_> NH1/2 swapped:     -179.6088      102  102
iupac_m_486_> OE1/2 will be swapped:     -158.4918      103  103
iupac_m_487_> NH1/2 swapped:      177.2477      119  119
iupac_m_487_> NH1/2 swapped:     -177.8381      131  131
iupac_m_485_> OD1/2 will be swapped:     -166.9473      159  159
iupac_m_486_> OE1/2 will be swapped:      -94.8322      244  244
iupac_m_483_> CD1/2 CE1/2 swapped:       94.0276      245  245
iupac_m_397W> Atoms were not swapped because of the uncertainty of how to handle the H atom.
iupac_m_485_> OD1/2 will be swapped:      174.0986      264  264
iupac_m_487_> NH1/2 swapped:      178.6508      309  309
iupac_m_487_> NH1/2 swapped:     -171.5238      317  317
iupac_m_486_> OE1/2 will be swapped:      171.7328      344  344
iupac_m_487_> NH1/2 swapped:     -176.0760      374  374


>> ENERGY; Differences between the model's features and restraints:
Number of all residues in MODEL                   :      381
Number of all, selected real atoms                :     2859    2859
Number of all, selected pseudo atoms              :        0       0
Number of all static, selected restraints         :    35999   35999
COVALENT_CYS                                      :        F
NONBONDED_SEL_ATOMS                               :        1
Number of non-bonded pairs (excluding 1-2,1-3,1-4):     6267
Dynamic pairs routine                             : 2, NATM x NATM cell sorting
Atomic shift for contacts update (UPDATE_DYNAMIC) :    0.390
LENNARD_JONES_SWITCH                              :    6.500   7.500
COULOMB_JONES_SWITCH                              :    6.500   7.500
RESIDUE_SPAN_RANGE                                :        0   99999
NLOGN_USE                                         :       15
CONTACT_SHELL                                     :    4.000
DYNAMIC_PAIRS,_SPHERE,_COULOMB,_LENNARD,_MODELLER :        T       T       F       F       F
SPHERE_STDV                                       :    0.050
RADII_FACTOR                                      :    0.820
Current energy                                    :        2057.9485





Summary of the restraint violations: 

   NUM     ... number of restraints.
   NUMVI   ... number of restraints with RVIOL > VIOL_REPORT_CUT[i].
   RVIOL   ... relative difference from the best value.
   NUMVP   ... number of restraints with -Ln(pdf) > VIOL_REPORT_CUT2[i].
   RMS_1   ... RMS(feature, minimally_violated_basis_restraint, NUMB).
   RMS_2   ... RMS(feature, best_value, NUMB).
   MOL.PDF ... scaled contribution to -Ln(Molecular pdf).

 #                     RESTRAINT_GROUP      NUM   NUMVI  NUMVP   RMS_1   RMS_2         MOL.PDF     S_i
------------------------------------------------------------------------------------------------------
 1 Bond length potential              :    2916       0      0   0.006   0.006      27.994       1.000
 2 Bond angle potential               :    3951       0      9   1.883   1.883      286.54       1.000
 3 Stereochemical cosine torsion poten:    1819       0     66  49.169  49.169      690.69       1.000
 4 Stereochemical improper torsion pot:    1180       0      2   1.323   1.323      54.915       1.000
 5 Soft-sphere overlap restraints     :    6267       0      0   0.002   0.002      2.6614       1.000
 6 Lennard-Jones 6-12 potential       :       0       0      0   0.000   0.000      0.0000       1.000
 7 Coulomb point-point electrostatic p:       0       0      0   0.000   0.000      0.0000       1.000
 8 H-bonding potential                :       0       0      0   0.000   0.000      0.0000       1.000
 9 Distance restraints 1 (CA-CA)      :    8842       0      0   0.086   0.086      81.034       1.000
10 Distance restraints 2 (N-O)        :    8887       1      5   0.141   0.141      222.39       1.000
11 Mainchain Phi dihedral restraints  :       0       0      0   0.000   0.000      0.0000       1.000
12 Mainchain Psi dihedral restraints  :       0       0      0   0.000   0.000      0.0000       1.000
13 Mainchain Omega dihedral restraints:     380       0      6   4.146   4.146      76.228       1.000
14 Sidechain Chi_1 dihedral restraints:     310       0      1  61.833  61.833      37.228       1.000
15 Sidechain Chi_2 dihedral restraints:     204       0      3  69.031  69.031      69.246       1.000
16 Sidechain Chi_3 dihedral restraints:      92       0      0  68.672  68.672      59.565       1.000
17 Sidechain Chi_4 dihedral restraints:      38       0      0  85.950  85.950      24.614       1.000
18 Disulfide distance restraints      :       0       0      0   0.000   0.000      0.0000       1.000
19 Disulfide angle restraints         :       0       0      0   0.000   0.000      0.0000       1.000
20 Disulfide dihedral angle restraints:       0       0      0   0.000   0.000      0.0000       1.000
21 Lower bound distance restraints    :       0       0      0   0.000   0.000      0.0000       1.000
22 Upper bound distance restraints    :       0       0      0   0.000   0.000      0.0000       1.000
23 Distance restraints 3 (SDCH-MNCH)  :    4787       0      0   0.317   0.317      96.487       1.000
24 Sidechain Chi_5 dihedral restraints:       0       0      0   0.000   0.000      0.0000       1.000
25 Phi/Psi pair of dihedral restraints:     379      15     44  24.854  38.454      236.39       1.000
26 Distance restraints 4 (SDCH-SDCH)  :    2214       0      1   0.513   0.513      91.959       1.000
27 Distance restraints 5 (X-Y)        :       0       0      0   0.000   0.000      0.0000       1.000
28 NMR distance restraints 6 (X-Y)    :       0       0      0   0.000   0.000      0.0000       1.000
29 NMR distance restraints 7 (X-Y)    :       0       0      0   0.000   0.000      0.0000       1.000
30 Minimal distance restraints        :       0       0      0   0.000   0.000      0.0000       1.000
31 Non-bonded restraints              :       0       0      0   0.000   0.000      0.0000       1.000
32 Atomic accessibility restraints    :       0       0      0   0.000   0.000      0.0000       1.000
33 Atomic density restraints          :       0       0      0   0.000   0.000      0.0000       1.000
34 Absolute position restraints       :       0       0      0   0.000   0.000      0.0000       1.000
35 Dihedral angle difference restraint:       0       0      0   0.000   0.000      0.0000       1.000
36 GBSA implicit solvent potential    :       0       0      0   0.000   0.000      0.0000       1.000
37 EM density fitting potential       :       0       0      0   0.000   0.000      0.0000       1.000
38 SAXS restraints                    :       0       0      0   0.000   0.000      0.0000       1.000
39 Symmetry restraints                :       0       0      0   0.000   0.000      0.0000       1.000



openf___224_> Open           target.V99990001
# Heavy relative violation of each residue is written to: target.V99990001
# The profile is NOT normalized by the number of restraints.
# The profiles are smoothed over a window of residues:    1
# The sum of all numbers in the file:   31962.8066



List of the violated restraints:
   A restraint is violated when the relative difference
   from the best value (RVIOL) is larger than CUTOFF.

   ICSR   ... index of a restraint in the current set.
   RESNO  ... residue numbers of the first two atoms.
   ATM    ... IUPAC atom names of the first two atoms.
   FEAT   ... the value of the feature in the model.
   restr  ... the mean of the basis restraint with the smallest
              difference from the model (local minimum).
   viol   ... difference from the local minimum.
   rviol  ... relative difference from the local minimum.
   RESTR  ... the best value (global minimum).
   VIOL   ... difference from the best value.
   RVIOL  ... relative difference from the best value.


-------------------------------------------------------------------------------------------------

Feature 10                           : Distance restraints 2 (N-O)             
List of the RVIOL violations larger than   :       4.5000

    #   ICSR  RESNO1/2 ATM1/2   INDATM1/2    FEAT   restr    viol   rviol   RESTR    VIOL   RVIOL
    1  20715  37G  82E N   O     262  611    5.54    2.82    2.71    4.69    2.82    2.71    4.69

-------------------------------------------------------------------------------------------------

Feature 25                           : Phi/Psi pair of dihedral restraints     
List of the RVIOL violations larger than   :       6.5000

    #   ICSR  RESNO1/2 ATM1/2   INDATM1/2    FEAT   restr    viol   rviol   RESTR    VIOL   RVIOL
    1   9867   1M   2A C   N       7    9  -67.60  -68.20    2.42    0.17  -62.50  176.22   29.13
    1          2A   2A N   CA      9   10  142.96  145.30                  -40.90
    2   9868   2A   3S C   N      12   14 -144.92 -136.60   14.38    0.51  -64.10 -178.89   18.91
    2          3S   3S N   CA     14   15  162.92  151.20                  -35.00
    3   9869   3S   4S C   N      18   20  -66.41  -72.40    7.32    0.59  -64.10  168.40   12.34
    3          4S   4S N   CA     20   21  156.61  152.40                  -35.00
    4   9870   4S   5T C   N      24   26 -102.14 -124.80   38.70    1.20  -63.20  159.07   18.10
    4          5T   5T N   CA     26   27  112.13  143.50                  -42.10
    5   9871   5T   6Q C   N      31   33 -116.99 -121.10    4.31    0.19  -63.80 -173.55   30.25
    5          6Q   6Q N   CA     33   34  141.00  139.70                  -40.30
    6   9947  81G  82E C   N     601  603  -55.33  -63.60   36.03    4.40  -69.30  142.81   11.38
    6         82E  82E N   CA    603  604  -75.37  -40.30                  142.50
    7   9948  82E  83G C   N     610  612  -59.06  -62.40   20.37    3.21   82.20  144.33   10.60
    7         83G  83G N   CA    612  613  -21.11  -41.20                    8.50
    8   9978 112T 113N C   N     838  840 -130.61  -63.20   86.57   10.02  -63.20   86.57   10.02
    8        113N 113N N   CA    840  841   13.22  -41.10                  -41.10
    9  10016 150T 151F C   N    1125 1127  -73.84  -63.20   62.42    7.98  -63.20   62.42    7.98
    9        151F 151F N   CA   1127 1128   17.20  -44.30                  -44.30
   10  10044 178G 179C C   N    1338 1340 -119.73  -63.00   64.57   11.53  -63.00   64.57   11.53
   10        179C 179C N   CA   1340 1341  -71.95  -41.10                  -41.10
   11  10070 204G 205L C   N    1513 1515  -80.56  -63.50   58.86    7.39  -63.50   58.86    7.39
   11        205L 205L N   CA   1515 1516   15.13  -41.20                  -41.20
   12  10212 346K 347V C   N    2585 2587 -104.74  -62.40   42.35    6.67  -62.40   42.35    6.67
   12        347V 347V N   CA   2587 2588  -41.35  -42.40                  -42.40
   13  10243 377L 378A C   N    2828 2830 -138.65 -134.00   28.10    1.48  -62.50  163.25   30.83
   13        378A 378A N   CA   2830 2831  174.70  147.00                  -40.90
   14  10244 378A 379T C   N    2833 2835 -109.09 -124.80   16.90    0.72  -63.20 -174.85   21.04
   14        379T 379T N   CA   2835 2836  137.27  143.50                  -42.10
   15  10245 379T 380D C   N    2840 2842 -108.00  -96.50   17.73    0.74  -63.30  173.55   19.16
   15        380D 380D N   CA   2842 2843  127.70  114.20                  -40.00


report______> Distribution of short non-bonded contacts:


DISTANCE1:  0.00 2.10 2.20 2.30 2.40 2.50 2.60 2.70 2.80 2.90 3.00 3.10 3.20 3.30 3.40
DISTANCE2:  2.10 2.20 2.30 2.40 2.50 2.60 2.70 2.80 2.90 3.00 3.10 3.20 3.30 3.40 3.50
FREQUENCY:     0    0    0    0    0   22   40  141  180  266  306  326  391  465  488


<< end of ENERGY.
openf___224_> Open           target.B99990001.pdb
wrpdb___568_> Residues, atoms, selected atoms:      381     2859     2859
openf___224_> Open           target.ini

Dynamically allocated memory at       amaxmodel [B,KiB,MiB]:      6458727    6307.351     6.160
read_mo_297_> Segments, residues, atoms:        1      381     2859
read_mo_298_> Segment:        1  1:A  381:A     2859
randomi_498_> Atoms,selected atoms,random_seed,amplitude:     2859     2859        1        4.0000
randomi_496_> Amplitude is > 0; randomization is done.
pick_re_612_> Number of MODEL atoms, selected restraints;     2859    17285
pick_re_612_> Number of MODEL atoms, selected restraints;     2859    19475
pick_re_612_> Number of MODEL atoms, selected restraints;     2859    20721
pick_re_612_> Number of MODEL atoms, selected restraints;     2859    22229
pick_re_612_> Number of MODEL atoms, selected restraints;     2859    24149
pick_re_612_> Number of MODEL atoms, selected restraints;     2859    26823
pick_re_612_> Number of MODEL atoms, selected restraints;     2859    28448
pick_re_612_> Number of MODEL atoms, selected restraints;     2859    30429
pick_re_612_> Number of MODEL atoms, selected restraints;     2859    32267
pick_re_612_> Number of MODEL atoms, selected restraints;     2859    34554
pick_re_612_> Number of MODEL atoms, selected restraints;     2859    35394
pick_re_612_> Number of MODEL atoms, selected restraints;     2859    35999
iupac_m_483_> CD1/2 CE1/2 swapped:      -93.0923       65  65
iupac_m_397W> Atoms were not swapped because of the uncertainty of how to handle the H atom.
iupac_m_486_> OE1/2 will be swapped:     -161.7408       78  78
iupac_m_486_> OE1/2 will be swapped:      173.7944       86  86
iupac_m_487_> NH1/2 swapped:      179.1675      102  102
iupac_m_487_> NH1/2 swapped:     -174.5886      119  119
iupac_m_485_> OD1/2 will be swapped:      111.2149      130  130
iupac_m_487_> NH1/2 swapped:     -179.7643      131  131
iupac_m_485_> OD1/2 will be swapped:     -164.7379      159  159
iupac_m_486_> OE1/2 will be swapped:      165.0514      214  214
iupac_m_485_> OD1/2 will be swapped:      177.4045      235  235
iupac_m_486_> OE1/2 will be swapped:     -176.2173      244  244
iupac_m_483_> CD1/2 CE1/2 swapped:      121.9600      245  245
iupac_m_397W> Atoms were not swapped because of the uncertainty of how to handle the H atom.
iupac_m_485_> OD1/2 will be swapped:     -174.6223      264  264
iupac_m_487_> NH1/2 swapped:      179.7252      309  309
iupac_m_487_> NH1/2 swapped:      177.2110      317  317
iupac_m_483_> CD1/2 CE1/2 swapped:       92.9476      327  327
iupac_m_397W> Atoms were not swapped because of the uncertainty of how to handle the H atom.
iupac_m_487_> NH1/2 swapped:     -176.9428      330  330
iupac_m_486_> OE1/2 will be swapped:      176.6572      338  338


>> ENERGY; Differences between the model's features and restraints:
Number of all residues in MODEL                   :      381
Number of all, selected real atoms                :     2859    2859
Number of all, selected pseudo atoms              :        0       0
Number of all static, selected restraints         :    35999   35999
COVALENT_CYS                                      :        F
NONBONDED_SEL_ATOMS                               :        1
Number of non-bonded pairs (excluding 1-2,1-3,1-4):     6257
Dynamic pairs routine                             : 2, NATM x NATM cell sorting
Atomic shift for contacts update (UPDATE_DYNAMIC) :    0.390
LENNARD_JONES_SWITCH                              :    6.500   7.500
COULOMB_JONES_SWITCH                              :    6.500   7.500
RESIDUE_SPAN_RANGE                                :        0   99999
NLOGN_USE                                         :       15
CONTACT_SHELL                                     :    4.000
DYNAMIC_PAIRS,_SPHERE,_COULOMB,_LENNARD,_MODELLER :        T       T       F       F       F
SPHERE_STDV                                       :    0.050
RADII_FACTOR                                      :    0.820
Current energy                                    :        2101.8513





Summary of the restraint violations: 

   NUM     ... number of restraints.
   NUMVI   ... number of restraints with RVIOL > VIOL_REPORT_CUT[i].
   RVIOL   ... relative difference from the best value.
   NUMVP   ... number of restraints with -Ln(pdf) > VIOL_REPORT_CUT2[i].
   RMS_1   ... RMS(feature, minimally_violated_basis_restraint, NUMB).
   RMS_2   ... RMS(feature, best_value, NUMB).
   MOL.PDF ... scaled contribution to -Ln(Molecular pdf).

 #                     RESTRAINT_GROUP      NUM   NUMVI  NUMVP   RMS_1   RMS_2         MOL.PDF     S_i
------------------------------------------------------------------------------------------------------
 1 Bond length potential              :    2916       0      1   0.006   0.006      34.130       1.000
 2 Bond angle potential               :    3951       0     10   1.943   1.943      301.42       1.000
 3 Stereochemical cosine torsion poten:    1819       0     71  49.169  49.169      694.50       1.000
 4 Stereochemical improper torsion pot:    1180       0      2   1.346   1.346      56.749       1.000
 5 Soft-sphere overlap restraints     :    6257       0      0   0.004   0.004      9.0998       1.000
 6 Lennard-Jones 6-12 potential       :       0       0      0   0.000   0.000      0.0000       1.000
 7 Coulomb point-point electrostatic p:       0       0      0   0.000   0.000      0.0000       1.000
 8 H-bonding potential                :       0       0      0   0.000   0.000      0.0000       1.000
 9 Distance restraints 1 (CA-CA)      :    8842       0      0   0.093   0.093      93.821       1.000
10 Distance restraints 2 (N-O)        :    8887       0      0   0.131   0.131      198.99       1.000
11 Mainchain Phi dihedral restraints  :       0       0      0   0.000   0.000      0.0000       1.000
12 Mainchain Psi dihedral restraints  :       0       0      0   0.000   0.000      0.0000       1.000
13 Mainchain Omega dihedral restraints:     380       1      5   4.288   4.288      81.593       1.000
14 Sidechain Chi_1 dihedral restraints:     310       0      3  57.418  57.418      24.420       1.000
15 Sidechain Chi_2 dihedral restraints:     204       0      2  68.167  68.167      64.561       1.000
16 Sidechain Chi_3 dihedral restraints:      92       0      0  65.776  65.776      57.403       1.000
17 Sidechain Chi_4 dihedral restraints:      38       0      0  76.392  76.392      23.766       1.000
18 Disulfide distance restraints      :       0       0      0   0.000   0.000      0.0000       1.000
19 Disulfide angle restraints         :       0       0      0   0.000   0.000      0.0000       1.000
20 Disulfide dihedral angle restraints:       0       0      0   0.000   0.000      0.0000       1.000
21 Lower bound distance restraints    :       0       0      0   0.000   0.000      0.0000       1.000
22 Upper bound distance restraints    :       0       0      0   0.000   0.000      0.0000       1.000
23 Distance restraints 3 (SDCH-MNCH)  :    4787       0      0   0.339   0.339      106.35       1.000
24 Sidechain Chi_5 dihedral restraints:       0       0      0   0.000   0.000      0.0000       1.000
25 Phi/Psi pair of dihedral restraints:     379      13     45  27.029  36.335      254.45       1.000
26 Distance restraints 4 (SDCH-SDCH)  :    2214       0      0   0.532   0.532      100.60       1.000
27 Distance restraints 5 (X-Y)        :       0       0      0   0.000   0.000      0.0000       1.000
28 NMR distance restraints 6 (X-Y)    :       0       0      0   0.000   0.000      0.0000       1.000
29 NMR distance restraints 7 (X-Y)    :       0       0      0   0.000   0.000      0.0000       1.000
30 Minimal distance restraints        :       0       0      0   0.000   0.000      0.0000       1.000
31 Non-bonded restraints              :       0       0      0   0.000   0.000      0.0000       1.000
32 Atomic accessibility restraints    :       0       0      0   0.000   0.000      0.0000       1.000
33 Atomic density restraints          :       0       0      0   0.000   0.000      0.0000       1.000
34 Absolute position restraints       :       0       0      0   0.000   0.000      0.0000       1.000
35 Dihedral angle difference restraint:       0       0      0   0.000   0.000      0.0000       1.000
36 GBSA implicit solvent potential    :       0       0      0   0.000   0.000      0.0000       1.000
37 EM density fitting potential       :       0       0      0   0.000   0.000      0.0000       1.000
38 SAXS restraints                    :       0       0      0   0.000   0.000      0.0000       1.000
39 Symmetry restraints                :       0       0      0   0.000   0.000      0.0000       1.000



openf___224_> Open           target.V99990002
# Heavy relative violation of each residue is written to: target.V99990002
# The profile is NOT normalized by the number of restraints.
# The profiles are smoothed over a window of residues:    1
# The sum of all numbers in the file:   31326.9590



List of the violated restraints:
   A restraint is violated when the relative difference
   from the best value (RVIOL) is larger than CUTOFF.

   ICSR   ... index of a restraint in the current set.
   RESNO  ... residue numbers of the first two atoms.
   ATM    ... IUPAC atom names of the first two atoms.
   FEAT   ... the value of the feature in the model.
   restr  ... the mean of the basis restraint with the smallest
              difference from the model (local minimum).
   viol   ... difference from the local minimum.
   rviol  ... relative difference from the local minimum.
   RESTR  ... the best value (global minimum).
   VIOL   ... difference from the best value.
   RVIOL  ... relative difference from the best value.


-------------------------------------------------------------------------------------------------

Feature 13                           : Mainchain Omega dihedral restraints     
List of the RVIOL violations larger than   :       4.5000

    #   ICSR  RESNO1/2 ATM1/2   INDATM1/2    FEAT   restr    viol   rviol   RESTR    VIOL   RVIOL
    1  10372 127M 127M CA  C     933  938 -153.94 -180.00   26.06    5.21 -180.00   26.06    5.21

-------------------------------------------------------------------------------------------------

Feature 25                           : Phi/Psi pair of dihedral restraints     
List of the RVIOL violations larger than   :       6.5000

    #   ICSR  RESNO1/2 ATM1/2   INDATM1/2    FEAT   restr    viol   rviol   RESTR    VIOL   RVIOL
    1   9867   1M   2A C   N       7    9  -65.64  -68.20   16.08    1.39  -62.50  157.96   26.04
    1          2A   2A N   CA      9   10  161.18  145.30                  -40.90
    2   9869   3S   4S C   N      18   20 -149.40 -136.60   14.91    0.45  -64.10 -173.23   19.65
    2          4S   4S N   CA     20   21  158.84  151.20                  -35.00
    3   9870   4S   5T C   N      24   26  -74.90  -78.10    3.29    0.18  -63.20  169.25   22.48
    3          5T   5T N   CA     26   27  149.06  149.80                  -42.10
    4   9871   5T   6Q C   N      31   33 -128.89 -121.10    8.02    0.34  -63.80 -170.40   25.00
    4          6Q   6Q N   CA     33   34  137.78  139.70                  -40.30
    5   9978 112T 113N C   N     838  840 -130.77  -63.20   86.83   10.05  -63.20   86.83   10.05
    5        113N 113N N   CA    840  841   13.44  -41.10                  -41.10
    6   9992 126V 127M C   N     930  932   83.40  -63.40  146.95   27.64  -63.40  146.95   27.64
    6        127M 127M N   CA    932  933  -33.74  -40.50                  -40.50
    7   9993 127M 128M C   N     938  940   53.51  -73.00  143.95   11.54  -73.00  143.95   11.54
    7        128M 128M N   CA    940  941 -148.32  143.00                  143.00
    8  10016 150T 151F C   N    1125 1127  -73.74  -63.20   61.87    7.91  -63.20   61.87    7.91
    8        151F 151F N   CA   1127 1128   16.66  -44.30                  -44.30
    9  10044 178G 179C C   N    1338 1340 -119.64  -63.00   64.86   11.58  -63.00   64.86   11.58
    9        179C 179C N   CA   1340 1341  -72.70  -41.10                  -41.10
   10  10070 204G 205L C   N    1513 1515  -79.29  -63.50   55.34    6.95  -63.50   55.34    6.95
   10        205L 205L N   CA   1515 1516   11.84  -41.20                  -41.20
   11  10212 346K 347V C   N    2585 2587 -105.21  -62.40   42.91    6.93  -62.40   42.91    6.93
   11        347V 347V N   CA   2587 2588  -45.29  -42.40                  -42.40
   12  10243 377L 378A C   N    2828 2830 -170.76 -134.00   39.03    0.91  -62.50 -167.63   37.25
   12        378A 378A N   CA   2830 2831  160.10  147.00                  -40.90
   13  10244 378A 379T C   N    2833 2835  -77.07  -78.10    9.15    0.43  -63.20  159.61   21.39
   13        379T 379T N   CA   2835 2836  158.89  149.80                  -42.10


report______> Distribution of short non-bonded contacts:


DISTANCE1:  0.00 2.10 2.20 2.30 2.40 2.50 2.60 2.70 2.80 2.90 3.00 3.10 3.20 3.30 3.40
DISTANCE2:  2.10 2.20 2.30 2.40 2.50 2.60 2.70 2.80 2.90 3.00 3.10 3.20 3.30 3.40 3.50
FREQUENCY:     0    0    0    0    0   17   42  143  185  263  296  359  386  440  494


<< end of ENERGY.
openf___224_> Open           target.B99990002.pdb
wrpdb___568_> Residues, atoms, selected atoms:      381     2859     2859

>> Summary of successfully produced models:
Filename                          molpdf
----------------------------------------
target.B99990001.pdb          2057.94849
target.B99990002.pdb          2101.85132


Dynamically allocated memory at          finish [B,KiB,MiB]:      6458695    6307.319     6.159
Starting time                                            : 2024/02/05 12:11:15
Closing time                                             : 2024/02/05 12:11:42
Total CPU time [seconds]                                 :      26.85
