100	1.2	0
-3.141593	0.618092	2.539118
2.380392	2.500101	-0.120466
rec.job332282.bl.pdb	16.210	37.272	17.473
lig.job332282.bl.pdb	-8.219	-56.212	-17.426
-3.141593	0.992645	-1.723759	84	3	81	1206.272
2.094395	1.134497	-1.109631	80	9	87	1192.743
2.356194	1.134497	-1.109631	79	7	87	1179.764
0.261799	1.569311	-3.003978	83	8	84	1164.957
2.094395	1.448123	-2.163292	90	98	78	1151.487
-1.047198	1.135813	-2.658866	94	8	78	1146.979
1.832596	0.866955	-0.931351	83	12	88	1146.254
-0.261799	1.374601	-2.456031	93	4	78	1136.800
-1.308997	0.866395	-2.492918	88	1	78	1136.736
1.308997	2.063651	-2.044600	83	10	84	1133.552
2.879793	1.214854	-1.966664	90	0	78	1129.240
-0.523599	0.866395	-2.492918	93	99	78	1127.638
2.094395	0.866955	-0.931351	81	10	88	1126.010
-2.094395	1.982574	-1.115518	94	72	99	1125.584
-2.879793	1.214854	-1.966664	87	0	79	1123.351
0.000000	0.733948	3.021411	77	99	86	1122.737
2.356194	1.135834	-1.431087	81	6	85	1119.564
-1.570796	0.866395	-2.492918	94	10	78	1117.968
2.879793	0.379747	-1.713059	99	19	82	1111.709
1.832596	1.448123	-2.163292	90	0	78	1110.229
-0.261799	0.929350	-2.910676	79	1	84	1109.420
2.356194	1.617114	-1.572037	81	1	83	1104.688
2.617994	1.545873	-1.877082	91	98	79	1098.296
2.094395	1.545873	-1.877082	87	0	79	1085.874
-1.570796	0.640596	-2.797608	93	13	80	1085.596
-0.261799	2.033014	2.977192	81	15	96	1080.848
2.617994	1.135834	-1.431087	79	5	86	1080.121
-0.523599	1.135813	-2.658866	94	3	77	1077.946
2.356194	1.545873	-1.877082	83	99	80	1077.747
2.094395	0.850607	-1.335383	84	10	84	1076.161
0.785398	0.418037	1.360082	72	1	3	1076.098
2.617994	1.756530	-2.105156	98	93	78	1075.940
1.832596	2.180315	-1.357379	74	9	3	1073.491
0.000000	1.242974	-2.977882	85	8	82	1069.384
-1.570796	1.214854	-1.966664	97	92	78	1069.274
-2.356194	0.619654	-2.216909	93	10	78	1065.610
0.523599	1.440580	2.260026	94	89	80	1064.132
1.308997	1.756530	-2.105156	85	8	81	1063.605
-0.785398	0.899350	-2.069907	96	96	78	1059.292
-1.047198	0.866395	-2.492918	90	99	78	1058.748
1.832596	0.866395	-2.492918	95	89	79	1057.888
-1.832596	1.214854	-1.966664	94	95	78	1057.028
-0.261799	1.135813	-2.658866	90	2	79	1054.789
-1.570796	0.899350	-2.069907	93	93	79	1051.910
1.832596	1.417623	-0.202254	5	82	85	1050.377
-0.785398	1.135813	-2.658866	93	4	77	1046.862
-1.570796	0.685216	-1.712745	0	84	82	1041.123
-2.617994	0.619654	-2.216909	97	13	78	1040.919
-2.356194	0.899350	-2.069907	89	6	79	1037.663
-3.141593	0.685216	-1.712745	84	6	82	1035.557
2.094395	1.135834	-1.431087	83	9	85	1035.544
-2.094395	1.696674	-1.253233	95	73	96	1031.008
1.308997	1.448123	-2.163292	89	7	79	1029.173
1.832596	1.569311	-3.003978	3	85	80	1028.371
-1.832596	0.866395	-2.492918	92	8	78	1028.336
0.523599	1.741644	-2.695914	84	9	83	1024.715
2.094395	1.214854	-1.966664	90	9	79	1024.125
1.570796	1.569311	-3.003978	2	85	80	1022.037
-3.141593	1.214854	-1.966664	91	99	78	1022.019
2.879793	0.992645	-1.723759	88	3	79	1020.474
-1.832596	0.619654	-2.216909	91	99	78	1019.766
2.879793	0.685216	-1.712745	97	15	80	1019.302
2.356194	1.214854	-1.966664	88	2	79	1014.663
-1.832596	1.756530	-2.105156	95	84	80	1012.921
1.047198	1.756530	-2.105156	87	11	81	1011.601
-1.308997	1.128190	-2.288622	91	99	77	1011.130
1.570796	1.448123	-2.163292	96	6	77	1011.087
-1.047198	1.128190	-2.288622	87	2	79	1006.284
2.356194	0.866955	-0.931351	78	9	89	1004.897
-2.094395	1.135834	-1.431087	2	81	83	1003.549
0.523599	1.374601	-2.456031	94	4	77	1002.938
1.570796	1.982574	-1.115518	81	12	91	1002.452
1.570796	2.456751	-1.503343	80	14	96	1002.342
0.000000	2.760637	2.781135	72	0	7	1001.629
2.879793	1.756530	-2.105156	0	91	78	999.366
2.094395	1.325504	-1.671296	95	14	80	999.204
-1.570796	0.850607	-1.335383	3	78	86	997.417
1.570796	1.050534	3.042579	2	80	83	996.928
1.047198	0.418037	1.360082	71	99	3	996.807
0.785398	0.700570	1.559208	72	0	6	996.681
-2.356194	1.214854	-1.966664	95	1	77	995.964
2.879793	1.545873	-1.877082	90	98	79	995.648
1.308997	1.374601	-2.456031	99	87	79	994.335
1.570796	0.370812	-2.547742	96	88	79	990.651
0.785398	2.063651	-2.044600	99	16	80	990.188
0.785398	1.948085	-2.363031	87	7	81	990.045
-1.832596	1.218453	2.777284	16	21	85	988.297
-1.832596	0.640596	-2.797608	92	11	79	985.749
1.570796	1.545873	-1.877082	95	9	78	985.248
0.261799	1.391910	3.030322	75	1	89	980.031
1.308997	1.135813	-2.658866	0	85	80	979.557
-1.832596	1.135834	-1.431087	3	82	83	979.239
-2.094395	0.203748	0.590255	1	83	84	978.140
1.570796	1.756530	-2.105156	85	7	81	977.531
2.617994	1.617114	-1.572037	87	0	80	975.171
-0.523599	0.379747	-1.713059	80	91	83	973.921
-2.094395	1.510910	-0.740472	4	72	3	973.291
0.000000	1.450119	-2.739050	87	9	81	973.217
-1.832596	0.866955	-0.931351	5	74	93	973.217
0.261799	1.450119	-2.739050	86	7	81	972.970
-2.094395	1.658653	-2.409879	94	86	79	972.717
-0.523599	1.242974	-2.977882	2	16	78	972.537
2.094395	1.662363	0.915448	89	8	82	972.457
-2.879793	0.899350	-2.069907	87	4	79	971.901
1.832596	1.134497	-1.109631	84	12	88	971.356
2.094395	1.732874	-0.951685	84	18	93	970.987
-1.308997	0.929350	-2.910676	93	12	79	970.897
2.617994	0.571433	-1.188419	78	9	91	970.522
-0.785398	1.128190	-2.288622	91	1	78	969.958
1.832596	0.418037	1.360082	77	8	93	969.735
-0.523599	0.899350	-2.069907	99	93	78	969.363
-2.356194	1.448123	-2.163292	97	89	79	968.913
-1.308997	0.419640	2.974122	92	16	82	968.602
2.094395	1.301460	-0.509251	77	12	6	968.201
-2.617994	0.899350	-2.069907	87	3	79	967.600
2.356194	0.850607	-1.335383	82	9	84	967.542
1.570796	1.741644	-2.695914	99	89	78	966.743
-1.047198	0.640596	-2.797608	85	2	80	966.255
-0.785398	0.929350	-2.910676	88	3	79	965.380
2.356194	1.448123	-2.163292	90	3	78	964.855
2.094395	1.374601	-2.456031	93	95	78	963.759
0.000000	0.866395	-2.492918	99	91	78	963.709
0.785398	2.153910	-1.714959	3	20	82	963.183
-1.570796	1.128190	-2.288622	94	2	77	962.964
0.000000	1.736875	3.023612	76	5	90	962.522
2.879793	1.135834	-1.431087	78	4	86	960.184
0.000000	0.370812	-2.547742	4	77	87	958.411
2.879793	1.617114	-1.572037	90	99	79	958.273
-0.785398	0.618092	2.539118	80	12	89	958.123
2.094395	0.960688	-0.577532	75	11	4	957.639
1.047198	1.448123	-2.163292	89	8	79	957.073
0.523599	0.866395	-2.492918	4	82	83	954.417
0.523599	2.063651	-2.044600	2	18	80	954.372
2.617994	1.134497	-1.109631	77	5	88	953.882
2.356194	1.194549	-0.801900	71	2	97	953.132
2.879793	0.850607	-1.335383	77	6	88	952.623
0.261799	1.948085	-2.363031	8	15	76	951.896
-2.094395	1.214854	-1.966664	95	99	77	951.752
0.261799	1.374601	-2.456031	92	5	78	951.644
1.047198	2.063651	-2.044600	85	11	84	949.950
2.094395	2.033014	2.977192	97	74	93	949.762
0.000000	1.391910	3.030322	83	10	85	949.263
0.523599	1.766067	2.153843	91	92	79	949.174
-1.832596	1.128190	-2.288622	93	3	77	948.672
-2.094395	0.370812	-2.547742	87	9	80	948.366
-1.570796	1.135813	-2.658866	7	15	77	948.283
-0.261799	0.379747	-1.713059	99	74	93	948.234
0.000000	1.128190	-2.288622	97	95	77	947.824
0.523599	1.948085	-2.363031	0	16	79	947.707
0.000000	1.168678	2.108595	74	8	4	947.599
1.570796	1.214854	-1.966664	92	10	79	945.525
2.356194	0.591903	2.010408	93	73	3	944.766
1.570796	1.977582	0.969896	86	8	84	943.841
1.308997	0.370812	-2.547742	99	82	83	943.267
1.832596	1.696674	-1.253233	80	13	93	943.173
0.000000	0.929350	-2.910676	88	3	79	943.159
0.261799	1.242974	-2.977882	84	6	82	942.710
1.308997	0.700570	1.559208	79	12	97	941.793
-2.617994	2.349581	-2.702517	99	76	89	940.513
0.261799	1.440580	2.260026	94	87	80	940.386
1.570796	1.658653	-2.409879	93	1	77	940.276
1.308997	2.153910	-1.714959	80	8	86	939.877
1.832596	1.413347	-1.339188	94	16	82	938.915
1.570796	1.413347	-1.339188	95	23	89	938.859
0.523599	1.732874	-0.951685	89	16	88	938.480
-2.879793	1.448123	-2.163292	94	95	78	938.095
2.617994	0.762244	-0.273349	71	86	2	938.093
-0.261799	1.741644	-2.695914	4	14	76	937.739
2.879793	1.413347	-1.339188	77	1	86	937.345
0.785398	0.929350	-2.910676	1	87	79	936.662
2.617994	1.448123	-2.163292	88	2	78	936.056
-1.832596	0.370812	-2.547742	87	7	80	934.637
1.832596	1.545873	-1.877082	88	5	79	934.287
1.832596	1.214854	-1.966664	91	10	79	933.995
1.570796	2.180315	-1.357379	81	15	95	932.606
1.308997	1.846342	-1.796954	89	5	79	932.443
-0.523599	1.741644	-2.695914	7	14	76	931.932
-0.785398	0.733948	3.021411	79	7	86	931.813
2.356194	0.960688	-0.577532	73	8	5	929.011
-1.047198	1.050534	3.042579	95	19	83	927.891
-1.047198	0.685216	-1.712745	4	81	83	926.664
1.047198	1.658653	-2.409879	87	8	80	925.099
-1.832596	2.041297	-2.664597	88	3	82	924.857
1.308997	1.450119	-2.739050	98	83	82	924.504
1.832596	1.617114	-1.572037	93	12	80	923.894
2.617994	1.325504	-1.671296	81	3	83	923.516
-2.356194	1.510910	-0.740472	0	72	3	922.930
0.785398	1.732874	-0.951685	88	16	90	922.719
-0.785398	0.866395	-2.492918	93	99	78	922.238
-2.094395	0.619654	-2.216909	83	7	83	922.202
-0.261799	1.242974	-2.977882	79	4	85	921.872
1.832596	1.699788	2.452890	98	72	2	921.777
1.308997	1.545873	-1.877082	81	9	87	921.682
-2.617994	2.089241	-0.114193	76	4	97	919.330
1.570796	1.617114	-1.572037	96	13	79	918.686
1.047198	0.203748	0.590255	80	16	0	918.578
-3.141593	0.850607	-1.335383	75	4	90	918.409
2.356194	1.948085	-2.363031	2	86	79	917.176
2.617994	0.290380	-0.796960	74	7	95	914.459
1.570796	0.914445	2.687814	8	73	94	914.312
2.094395	1.741644	-2.695914	5	85	79	914.106
-1.832596	2.104282	-0.813972	95	72	3	913.750
-0.523599	1.374601	-2.456031	92	5	78	912.141
0.261799	1.699788	2.452890	70	91	99	911.617
-2.094395	0.080730	-2.622036	76	11	94	911.351
1.832596	0.961715	0.014085	77	9	14	911.184
-2.094395	1.218453	2.777284	18	20	85	909.887
-1.308997	0.640596	-2.797608	91	9	79	909.351
2.094395	0.674054	1.013609	76	7	93	909.044
-2.356194	1.325504	-1.671296	94	97	78	908.902
-1.308997	0.899350	-2.069907	95	92	79	908.894
0.785398	1.433411	-1.035986	89	14	85	908.641
-2.356194	0.733948	3.021411	82	8	83	908.392
-1.047198	0.733948	3.021411	92	16	82	907.750
1.832596	1.741644	-2.695914	1	86	79	907.573
-2.617994	1.617114	-1.572037	99	86	80	906.791
-1.832596	0.850607	-1.335383	2	86	80	906.786
1.570796	1.128190	-2.288622	93	6	78	905.870
-2.094395	0.899350	-2.069907	91	4	78	905.153
1.047198	1.948085	-2.363031	84	9	83	904.249
2.617994	1.214854	-1.966664	86	4	80	903.962
1.570796	1.450119	-2.739050	0	84	81	903.308
1.832596	1.325504	-1.671296	99	16	79	902.687
2.094395	1.836682	-0.676006	77	12	9	902.591
-2.617994	0.370812	-2.547742	2	20	81	902.467
2.094395	1.982574	-1.115518	73	7	3	902.036
0.000000	2.033014	2.977192	76	8	92	901.630
1.832596	1.904882	-1.478089	86	16	87	901.417
-1.570796	0.929350	-2.910676	93	12	79	901.271
-2.879793	1.846342	-1.796954	0	82	83	901.115
-3.141593	0.379747	-1.713059	79	9	87	900.918
0.000000	2.164094	-2.991358	79	13	96	900.853
0.785398	0.906588	1.252948	73	6	6	900.291
1.570796	1.242974	-2.977882	1	81	83	900.107
1.832596	0.458961	-0.107937	79	14	2	899.660
2.879793	0.297065	2.160177	0	78	87	899.201
-1.570796	0.571433	-1.188419	3	77	88	899.105
-1.570796	1.448123	-2.163292	93	88	78	898.645
2.356194	1.741644	-2.695914	7	85	79	897.907
0.000000	1.374601	-2.456031	93	5	78	897.824
1.832596	1.113094	-0.272241	73	5	1	897.770
0.000000	1.948085	-2.363031	86	6	82	897.645
1.570796	0.992645	-1.723759	95	14	80	897.602
0.261799	0.733948	3.021411	76	97	86	897.294
0.785398	0.619654	-2.216909	98	84	81	897.093
1.047198	0.591903	2.010408	78	11	97	896.364
0.785398	1.658653	-2.409879	87	5	79	896.338
-1.832596	0.618092	2.539118	81	10	86	896.316
2.356194	0.864993	2.278281	95	72	99	896.143
1.047198	1.846342	-1.796954	79	4	83	896.049
0.261799	0.080730	-2.622036	2	74	92	895.527
2.617994	0.685216	-1.712745	98	15	79	895.087
-0.261799	0.297065	2.160177	80	14	94	894.666
-0.785398	0.640596	-2.797608	87	0	79	894.247
0.000000	1.569311	-3.003978	77	5	87	893.904
-2.617994	1.846342	-1.796954	99	83	82	893.802
-3.141593	1.135834	-1.431087	76	3	87	893.201
2.094395	0.591903	2.010408	86	72	1	892.896
0.261799	1.168678	2.108595	72	5	4	892.701
0.523599	1.846342	-1.796954	82	13	89	892.358
1.570796	0.960688	-0.577532	79	14	99	891.539
-1.047198	0.379747	-1.713059	2	78	86	890.851
2.617994	1.413347	-1.339188	78	2	86	890.604
1.832596	0.709924	0.218797	71	99	5	890.235
1.570796	0.831641	0.616218	71	98	8	889.398
-2.094395	1.242974	-2.977882	15	17	80	889.329
2.617994	1.242974	-2.977882	98	83	82	888.881
-1.047198	0.929350	-2.910676	91	10	79	888.589
-2.356194	1.617114	-1.572037	5	81	83	888.072
-0.785398	1.450119	-2.739050	6	16	77	886.978
2.617994	0.960688	-0.577532	71	98	99	886.262
1.308997	0.080730	-2.622036	0	80	85	886.093
1.570796	1.325504	-1.671296	82	9	85	885.679
2.094395	1.413347	-1.339188	93	15	82	885.632
-3.141593	1.325504	-1.671296	85	3	81	885.590
1.832596	1.391910	3.030322	2	79	85	885.397
-1.832596	2.063651	-2.044600	97	82	82	884.769
1.832596	0.762244	-0.273349	75	11	6	884.439
1.570796	0.709924	0.218797	76	10	12	883.846
0.785398	1.440580	2.260026	94	91	79	883.078
-0.785398	0.419640	2.974122	98	17	81	882.223
1.832596	1.721184	-0.153948	6	83	84	882.065
1.308997	0.674054	1.013609	71	0	5	881.867
-0.523599	0.914445	2.687814	78	9	89	881.724
1.308997	1.617114	-1.572037	81	12	89	881.009
-0.261799	0.370812	-2.547742	82	10	87	881.004
-0.523599	0.297065	2.160177	77	11	94	880.985
1.047198	1.214854	-1.966664	96	92	79	880.440
-2.094395	1.413347	-1.339188	4	79	86	880.438
1.570796	1.904882	-1.478089	83	15	91	880.223
-0.785398	1.050534	3.042579	78	6	85	879.662
2.094395	0.709924	0.218797	71	95	4	879.332
-1.832596	1.545873	-1.877082	97	80	84	879.096
-0.785398	0.619654	-2.216909	1	82	82	879.093
-1.308997	1.617114	-1.572037	94	78	83	878.914
1.308997	2.456751	-1.503343	79	11	90	878.487
0.000000	1.870545	-2.976234	79	13	93	877.647
-2.356194	1.433411	-1.035986	0	73	99	877.500
1.832596	2.041297	-2.664597	99	88	79	877.123
-0.523599	1.218453	2.777284	77	7	86	876.684
-1.832596	1.413430	2.550734	18	21	89	876.529
-2.356194	1.732874	-0.951685	86	72	95	875.903
1.308997	2.180315	-1.357379	81	14	93	875.854
-0.261799	2.041297	-2.664597	83	8	84	875.582
-0.785398	1.242974	-2.977882	94	13	80	875.557
-1.832596	0.080730	-2.622036	85	9	82	875.167
-1.047198	0.961715	0.014085	96	89	81	875.137
-1.570796	0.290380	-0.796960	4	74	93	874.232
2.617994	0.850607	-1.335383	82	8	85	873.419
1.308997	1.658653	-2.409879	94	4	77	873.311
2.094395	0.961715	0.014085	74	7	11	873.282
2.094395	1.736875	3.023612	5	76	90	873.266
-2.356194	0.370812	-2.547742	88	12	81	872.633
2.094395	2.180315	-1.357379	72	6	3	872.225
-2.617994	0.685216	-1.712745	79	2	84	871.993
2.356194	1.301460	-0.509251	74	9	5	871.729
0.261799	0.370812	-2.547742	3	76	89	871.660
1.047198	1.741644	-2.695914	93	1	76	871.650
0.261799	0.640596	-2.797608	0	82	82	871.265
-1.308997	1.242974	-2.977882	95	14	79	870.642
0.523599	1.135813	-2.658866	1	91	77	870.260
2.356194	1.325504	-1.671296	85	3	80	869.665
1.047198	1.374601	-2.456031	92	0	78	868.879
2.094395	1.809167	1.213774	86	10	85	868.529
-0.261799	1.440580	2.260026	75	11	4	868.353
0.000000	1.050534	3.042579	77	1	86	868.164
-2.094395	1.606104	-0.451151	4	73	7	868.064
2.356194	1.904882	-1.478089	83	12	86	867.893
-3.141593	0.899350	-2.069907	93	3	77	867.293
-2.094395	1.391910	3.030322	18	18	83	867.252
2.094395	1.904882	-1.478089	83	14	87	866.554
-2.356194	0.762244	-0.273349	84	72	97	866.391
0.261799	1.247695	1.809890	73	7	7	866.204
1.832596	1.256302	0.062705	79	11	15	866.191
-1.308997	1.135813	-2.658866	6	15	77	866.070
1.832596	1.433411	-1.035986	80	11	89	865.960
0.785398	0.080730	-2.622036	98	76	87	865.289
1.832596	1.982574	-1.115518	84	18	96	865.133
2.094395	1.113094	-0.272241	75	10	8	864.991
2.094395	1.699788	2.452890	97	73	0	864.777
-0.523599	1.128190	-2.288622	92	0	78	864.587
-3.141593	1.448123	-2.163292	93	99	78	864.316
0.523599	1.658653	-2.409879	88	9	80	863.805
-2.617994	1.904882	-1.478089	2	83	83	863.736
1.047198	1.904882	-1.478089	81	12	89	863.513
2.356194	2.104282	-0.813972	73	6	7	863.215
1.570796	1.113094	-0.272241	90	8	81	863.125
-0.785398	0.379747	-1.713059	80	92	83	862.984
2.879793	0.571433	-1.188419	80	11	89	862.713
2.094395	1.606104	-0.451151	77	12	8	862.495
1.570796	1.846342	-1.796954	86	11	82	862.453
2.617994	0.297065	2.160177	98	76	87	862.020
2.356194	2.041297	-2.664597	3	78	86	861.850
2.617994	1.194549	-0.801900	79	9	90	861.472
-1.570796	1.218453	2.777284	15	23	86	861.279
2.094395	2.719179	-1.780644	70	95	2	861.236
-0.523599	0.992645	-1.723759	99	86	80	861.196
1.832596	0.591903	2.010408	83	73	1	860.696
-0.261799	1.948085	-2.363031	10	16	77	860.163
-1.570796	1.450119	-2.739050	11	15	77	859.527
2.879793	1.325504	-1.671296	87	2	79	859.203
1.047198	1.135813	-2.658866	95	97	77	859.012
-1.047198	1.374601	-2.456031	91	94	77	858.876
2.617994	0.615174	-0.666022	72	3	95	858.773
-0.785398	0.458961	-0.107937	99	85	82	858.702
2.617994	1.168678	2.108595	94	73	94	858.613
-2.356194	1.374601	-2.456031	94	89	78	858.500
0.785398	2.180315	-1.357379	83	16	93	858.484
-0.261799	0.685216	-1.712745	98	80	83	857.796
0.261799	0.992645	-1.723759	85	5	83	857.457
0.523599	1.135834	-1.431087	89	8	82	857.239
-2.879793	0.619654	-2.216909	98	14	78	857.117
0.785398	2.579248	-2.364801	75	6	91	856.936
1.570796	1.696674	-1.253233	82	11	87	856.700
0.261799	1.135813	-2.658866	99	93	77	856.428
-1.570796	0.619654	-2.216909	89	94	79	856.244
0.261799	2.349581	-2.702517	83	10	85	856.072
2.094395	1.721184	-0.153948	75	88	88	855.978
-2.879793	0.203748	0.590255	3	73	95	855.803
-1.047198	2.153910	-1.714959	3	81	85	855.669
0.523599	0.899350	-2.069907	96	84	81	854.618
2.094395	1.417623	-0.202254	76	10	11	854.545
-2.617994	0.379747	-1.713059	79	6	85	854.498
-1.832596	0.899350	-2.069907	93	97	77	854.193
-2.356194	1.606104	-0.451151	1	73	7	853.945
0.261799	2.760637	2.781135	71	98	7	853.711
-3.141593	0.297065	2.160177	23	86	88	853.505
0.261799	2.396274	-1.959260	3	19	82	852.891
-0.261799	0.864993	2.278281	79	13	93	852.561
0.261799	1.998705	2.370472	70	92	1	852.401
-2.356194	1.948085	-2.363031	95	81	82	852.161
-1.832596	1.135813	-2.658866	95	9	77	852.064
0.523599	1.574060	2.783565	73	0	92	851.869
1.832596	0.992645	-1.723759	92	13	80	851.794
2.356194	1.982574	-1.115518	71	4	4	851.703
-2.094395	0.419640	2.974122	77	8	87	851.344
1.832596	1.574060	2.783565	96	72	98	851.035
1.308997	1.242974	-2.977882	6	83	81	850.826
0.523599	0.910508	1.903534	71	95	5	850.567
-0.261799	0.733948	3.021411	83	2	81	850.191
-1.047198	1.214854	-1.966664	95	93	77	850.146
-2.356194	1.904882	-1.478089	2	75	91	849.688
1.832596	1.218453	2.777284	2	77	87	849.668
0.261799	1.741644	-2.695914	85	10	83	849.458
1.308997	1.050534	3.042579	7	75	90	849.377
0.261799	0.591903	2.010408	71	1	1	849.277
-2.879793	1.128190	-2.288622	88	1	78	848.824
-2.617994	1.948085	-2.363031	99	77	86	848.357
1.047198	2.478122	2.609777	94	78	87	847.918
-0.261799	0.640596	-2.797608	90	98	77	847.898
1.832596	0.290380	-0.796960	78	12	91	847.484
1.308997	0.733948	3.021411	8	74	92	847.422
-2.879793	2.724429	-0.348782	78	5	90	847.032
-3.141593	1.128190	-2.288622	92	0	77	846.719
-1.832596	1.134497	-1.109631	3	75	91	846.605
-0.261799	0.419640	2.974122	82	99	81	845.891
1.832596	2.588535	-2.976617	75	77	97	845.458
2.356194	2.063651	-2.044600	2	82	82	845.355
0.785398	1.741644	-2.695914	83	7	82	845.234
2.617994	1.433411	-1.035986	81	8	86	844.424
-1.832596	1.510910	-0.740472	92	72	96	844.156
-0.261799	1.450119	-2.739050	91	7	79	843.545
2.356194	0.297065	2.160177	98	75	88	843.277
-2.094395	1.050534	3.042579	17	19	82	843.238
1.047198	0.370812	-2.547742	94	84	79	843.122
-2.356194	0.992645	-1.723759	97	88	80	842.329
1.308997	0.458961	-0.107937	76	11	95	841.909
1.047198	0.929350	-2.910676	3	86	79	841.906
1.047198	2.251330	-2.330739	81	8	84	841.575
1.047198	1.766067	2.153843	90	94	79	841.452
2.094395	0.297065	2.160177	97	72	94	840.975
0.523599	0.619654	-2.216909	97	81	82	840.297
-0.261799	1.574060	2.783565	81	14	91	840.171
2.617994	1.696674	-1.253233	83	1	82	839.741
-0.523599	0.640596	-2.797608	92	97	77	838.928
-2.879793	2.349581	-2.702517	96	74	89	838.818
1.832596	0.615174	-0.666022	79	14	95	837.694
-3.141593	1.242974	-2.977882	94	83	80	837.604
0.523599	0.591903	2.010408	70	97	1	837.579
0.000000	2.478122	2.609777	75	9	12	836.513
1.047198	0.419640	2.974122	0	80	84	836.505
-1.308997	2.174483	2.653697	87	16	86	836.418
-2.356194	1.658653	-2.409879	93	84	79	836.292
0.261799	0.910508	1.903534	73	7	4	836.103
-2.094395	1.732874	-0.951685	6	72	98	835.217
2.356194	0.571433	-1.188419	76	9	90	834.790
-2.879793	2.187132	-0.479875	77	5	92	834.766
-0.261799	0.850607	-1.335383	97	83	81	834.679
2.094395	1.696674	-1.253233	85	16	89	833.194
-1.308997	0.619654	-2.216909	89	97	79	832.769
1.832596	2.456751	-1.503343	74	9	6	832.370
2.356194	1.113094	-0.272241	74	7	9	832.035
0.785398	0.370812	-2.547742	97	79	84	830.932
1.047198	0.619654	-2.216909	96	84	80	830.711
2.356194	2.456751	-1.503343	70	96	3	830.538
2.094395	0.992645	-1.723759	91	12	80	830.523
-0.261799	1.870545	-2.976234	80	10	88	830.497
-2.879793	0.379747	-1.713059	79	8	86	830.225
1.570796	0.458961	-0.107937	80	16	2	830.141
1.570796	0.961715	0.014085	73	7	1	829.722
0.785398	1.904882	-1.478089	83	14	89	829.676
1.832596	1.554776	0.100351	5	85	82	829.196
1.832596	1.846342	-1.796954	86	13	84	828.373
0.000000	1.135813	-2.658866	93	5	77	828.359
0.523599	1.247695	1.809890	72	4	8	828.350
2.094395	2.041297	-2.664597	0	87	79	828.235
0.261799	0.899350	-2.069907	1	78	85	828.233
1.832596	0.914445	2.687814	4	78	85	827.847
0.523599	1.998705	2.370472	70	89	1	827.755
1.570796	0.418037	1.360082	79	11	93	827.427
2.617994	1.045978	0.343692	85	8	84	827.294
2.094395	0.458961	-0.107937	77	12	2	827.097
2.617994	0.418037	1.360082	8	72	99	827.090
-1.832596	1.374601	-2.456031	92	89	77	826.996
1.308997	0.762244	-0.273349	73	5	93	826.868
1.832596	0.906588	1.252948	75	8	97	826.804
-2.094395	1.413430	2.550734	20	20	88	826.734
0.785398	1.374601	-2.456031	89	5	78	826.722
0.523599	0.297065	2.160177	71	95	99	826.181
1.832596	0.685216	-1.712745	96	14	79	825.321
-0.785398	0.685216	-1.712745	98	90	79	825.081
-2.879793	1.135813	-2.658866	94	88	79	824.729
-2.617994	0.203748	0.590255	97	73	99	824.602
-1.832596	1.846342	-1.796954	94	80	81	824.598
1.047198	2.396274	-1.959260	81	15	94	824.358
1.570796	0.850607	-1.335383	77	6	87	824.168
1.832596	0.850607	-1.335383	80	8	85	824.082
-0.261799	1.413430	2.550734	80	14	96	824.031
2.879793	0.615174	-0.666022	76	8	95	823.996
2.617994	0.866955	-0.931351	73	8	1	823.890
2.356194	1.488617	1.159546	89	12	84	823.755
2.617994	1.374601	-2.456031	92	1	77	823.718
-0.523599	1.417623	-0.202254	92	96	78	823.234
1.832596	1.135834	-1.431087	98	15	80	823.136
-0.785398	0.762244	-0.273349	93	89	80	822.941
-0.261799	0.618092	2.539118	73	4	99	822.161
-0.523599	2.033014	2.977192	83	17	97	822.038
2.879793	0.762244	-0.273349	71	88	2	822.019
0.785398	1.756530	-2.105156	89	6	80	821.754
-0.523599	0.733948	3.021411	83	4	81	821.222
-1.308997	1.214854	-1.966664	94	97	77	820.416
-0.523599	2.881233	-2.582574	90	18	87	820.240
1.570796	2.404280	-0.174044	9	18	13	819.611
1.308997	0.418037	1.360082	70	96	1	819.523
2.356194	0.899350	-2.069907	93	9	78	819.522
1.047198	0.700570	1.559208	70	97	5	819.473
-1.308997	1.310100	1.488307	6	11	18	819.421
2.617994	0.379747	-1.713059	81	16	94	819.344
1.832596	1.374601	-2.456031	93	97	77	819.044
-0.523599	0.929350	-2.910676	84	3	81	818.677
-3.141593	1.846342	-1.796954	2	87	80	818.460
-3.141593	1.699788	2.452890	29	94	93	818.125
-1.047198	0.370812	-2.547742	86	95	80	817.882
-0.523599	1.450119	-2.739050	96	6	76	817.203
2.094395	1.433411	-1.035986	79	8	87	817.119
2.879793	0.899350	-2.069907	91	4	78	816.558
-1.570796	1.574060	2.783565	17	23	89	816.373
-2.094395	2.104282	-0.813972	5	72	3	816.285
-0.523599	1.050534	3.042579	99	15	78	816.147
-2.094395	1.448123	-2.163292	91	84	78	816.144
-0.523599	2.760637	2.781135	77	12	11	816.120
0.785398	1.766067	2.153843	90	93	79	815.900
-1.047198	1.450119	-2.739050	11	16	77	815.842
0.523599	1.721184	-0.153948	7	9	20	815.832
0.523599	2.251330	-2.330739	82	10	86	815.478
-0.785398	1.214854	-1.966664	93	95	77	815.406
2.356194	1.135813	-2.658866	97	85	81	815.178
1.308997	1.214854	-1.966664	94	11	79	815.074
0.523599	1.218453	2.777284	74	98	89	815.019
1.308997	2.396274	-1.959260	79	13	94	814.321
2.356194	0.866395	-2.492918	90	98	77	814.286
2.094395	0.685216	-1.712745	94	13	79	814.087
-1.832596	0.992645	-1.723759	95	93	79	814.079
-0.523599	1.998705	2.370472	80	16	8	813.918
2.617994	1.128190	-2.288622	92	4	77	813.879
2.094395	0.290380	-0.796960	76	8	91	813.430
-0.261799	1.135834	-1.431087	94	91	78	813.302
-3.141593	1.617114	-1.572037	96	96	77	812.694
2.356194	2.343981	-1.040456	73	5	7	812.654
-1.308997	2.299159	2.264663	76	97	87	812.321
2.356194	0.929350	-2.910676	99	85	82	812.241
-0.785398	0.866955	-0.931351	87	94	79	812.216
0.261799	0.864993	2.278281	70	94	1	812.095
-1.308997	0.850607	-1.335383	7	78	86	812.004
0.000000	0.914445	2.687814	81	4	83	811.966
0.785398	0.591903	2.010408	70	95	3	811.224
2.094395	0.864993	2.278281	94	72	0	810.898
2.094395	1.869911	2.701025	87	71	93	810.804
0.523599	1.450119	-2.739050	85	6	80	810.635
-2.094395	0.866395	-2.492918	91	3	77	810.634
-0.523599	0.618092	2.539118	89	16	85	810.418
-0.523599	1.391910	3.030322	88	13	85	810.370
-0.785398	1.218453	2.777284	76	10	93	810.085
-0.261799	1.998705	2.370472	78	14	8	809.842
-2.094395	1.574060	2.783565	20	19	85	809.838
0.523599	1.050534	3.042579	75	97	87	809.743
0.000000	0.379747	-1.713059	17	83	84	809.624
2.617994	0.992645	-1.723759	83	5	82	809.603
-2.879793	2.089241	-0.114193	78	6	90	809.332
2.356194	1.128190	-2.288622	92	94	78	808.118
1.832596	2.881233	-2.582574	72	82	98	808.048
2.094395	0.762244	-0.273349	73	8	6	807.958
1.570796	1.606104	-0.451151	81	15	12	807.482
-1.570796	1.135834	-1.431087	5	81	83	807.269
-2.094395	1.325504	-1.671296	93	98	78	806.793
-2.356194	1.696674	-1.253233	99	85	81	806.708
1.570796	1.374601	-2.456031	95	78	86	805.769
-1.832596	1.732874	-0.951685	92	72	95	805.756
2.879793	1.391910	3.030322	16	78	89	805.683
0.000000	2.588535	-2.976617	78	13	99	805.613
-3.141593	2.063651	-2.044600	2	79	86	805.386
2.094395	2.343981	-1.040456	74	8	7	805.308
2.094395	1.194549	-0.801900	75	11	0	804.747
1.047198	2.379497	0.561089	79	9	92	804.728
-2.879793	0.685216	-1.712745	79	4	84	804.622
-1.832596	1.448123	-2.163292	92	86	78	804.360
-1.047198	1.242974	-2.977882	97	17	81	803.731
-1.047198	0.619654	-2.216909	99	87	80	803.055
-0.261799	0.992645	-1.723759	98	80	83	803.028
0.000000	2.041297	-2.664597	82	7	84	802.305
1.832596	1.301460	-0.509251	78	14	6	802.036
-2.094395	0.762244	-0.273349	87	72	99	802.027
2.094395	0.899350	-2.069907	87	0	79	801.816
1.832596	1.870545	-2.976234	97	85	80	801.754
-2.879793	1.569311	-3.003978	99	83	81	801.563
-3.141593	2.343981	-1.040456	76	5	89	801.562
-1.308997	0.370812	-2.547742	84	0	79	801.279
-0.785398	0.850607	-1.335383	97	82	82	801.055
1.308997	1.569311	-3.003978	1	84	81	801.031
0.785398	2.251330	-2.330739	83	12	86	800.925
2.094395	1.617114	-1.572037	85	14	85	800.648
-2.879793	1.736875	3.023612	99	85	80	800.565
2.094395	1.574060	2.783565	7	75	91	800.492
-0.523599	0.619654	-2.216909	80	96	83	800.440
0.000000	2.174483	2.653697	75	10	9	800.245
2.356194	1.374601	-2.456031	92	3	77	799.772
1.570796	1.870545	-2.976234	98	86	80	799.448
-3.141593	2.881233	-2.582574	91	71	95	799.006
1.570796	1.256302	0.062705	3	82	84	798.929
0.785398	2.349581	-2.702517	80	7	84	798.894
2.356194	1.433411	-1.035986	78	6	87	798.575
2.094395	1.488617	1.159546	82	12	93	798.506
2.879793	2.041297	-2.664597	9	83	81	798.472
-3.141593	1.417623	-0.202254	91	96	79	798.461
-2.094395	1.014500	0.906702	96	99	79	798.317
-0.261799	2.174483	2.653697	78	14	0	798.301
0.000000	0.899350	-2.069907	0	85	81	798.256
2.617994	0.700570	1.559208	97	72	0	798.250
-1.308997	0.709924	0.218797	0	81	84	798.213
1.047198	1.909857	-0.381669	86	17	93	798.016
-0.785398	1.756530	-2.105156	97	87	79	797.835
0.000000	0.297065	2.160177	71	2	99	796.794
-2.356194	1.569311	-3.003978	0	84	81	796.638
1.832596	0.496451	0.593859	70	94	3	796.556
-2.356194	1.135834	-1.431087	1	82	83	796.529
-2.617994	1.741644	-2.695914	95	79	82	796.489
1.832596	1.606104	-0.451151	78	13	11	796.200
0.000000	0.640596	-2.797608	90	2	78	795.994
1.832596	1.732874	-0.951685	80	11	90	795.857
0.785398	2.881233	-2.582574	75	10	8	795.708
2.094395	1.870545	-2.976234	6	78	86	795.590
1.832596	2.104282	-0.813972	85	20	0	795.250
2.617994	2.041297	-2.664597	10	79	85	794.983
1.832596	1.450119	-2.739050	4	81	82	794.816
0.000000	0.992645	-1.723759	87	9	83	794.643
-1.832596	1.658653	-2.409879	95	87	79	794.497
-0.523599	0.961715	0.014085	98	89	81	794.337
0.785398	1.168678	2.108595	95	87	80	794.149
-2.617994	1.325504	-1.671296	96	96	76	794.133
-0.785398	1.391910	3.030322	81	8	84	793.866
2.617994	1.658653	-2.409879	99	86	80	793.694
0.785398	0.899350	-2.069907	97	85	81	793.396
0.261799	1.574060	2.783565	74	2	92	793.305
0.785398	0.674054	1.013609	78	4	85	793.246
0.261799	1.662363	0.915448	84	9	87	793.146
-2.356194	0.379747	-1.713059	75	1	89	793.007
0.261799	1.367556	0.358405	3	16	16	792.797
1.832596	1.809167	1.213774	87	10	85	792.685
0.000000	1.998705	2.370472	76	11	9	792.434
-2.879793	0.914445	2.687814	75	7	0	792.193
2.879793	1.450119	-2.739050	96	86	80	791.862
1.308997	1.218453	2.777284	96	88	79	791.739
0.261799	1.658653	-2.409879	8	11	74	791.626
2.356194	1.869911	2.701025	95	73	95	791.481
2.879793	0.700570	1.559208	95	72	99	791.145
-2.617994	0.762244	-0.273349	81	73	98	791.086
-2.879793	0.992645	-1.723759	91	2	77	790.981
0.000000	1.741644	-2.695914	87	12	83	790.941
0.261799	1.448123	-2.163292	90	8	79	790.939
1.832596	1.998705	2.370472	83	97	81	790.858
0.523599	1.904882	-1.478089	74	6	97	790.766
0.785398	1.218453	2.777284	73	96	89	790.738
-1.832596	1.194549	-0.801900	92	72	93	790.582
-2.356194	1.301460	-0.509251	1	72	4	790.465
2.879793	2.881233	-2.582574	97	73	92	789.818
1.047198	2.153910	-1.714959	78	6	86	789.811
-1.832596	0.290380	-0.796960	5	74	93	789.562
0.523599	1.982574	-1.115518	87	17	91	789.447
-2.617994	2.153910	-1.714959	1	76	88	789.416
2.094395	2.104282	-0.813972	78	12	95	789.290
2.879793	1.374601	-2.456031	94	91	79	789.054
2.617994	2.664082	-1.071402	71	97	6	788.982
-1.308997	0.571433	-1.188419	99	85	81	788.785
-2.356194	0.929350	-2.910676	16	18	81	788.775
-0.261799	1.128190	-2.288622	99	97	77	788.729
-2.879793	1.617114	-1.572037	99	94	76	788.471
-2.617994	1.214854	-1.966664	92	3	77	788.341
0.523599	2.588535	-2.976617	82	4	81	788.239
2.617994	1.948085	-2.363031	2	87	78	788.233
-1.832596	1.413347	-1.339188	7	79	85	787.799
2.356194	0.615174	-0.666022	81	10	84	787.273
0.523599	1.391910	3.030322	74	99	89	787.174
-1.308997	0.685216	-1.712745	2	83	82	787.059
0.785398	1.450119	-2.739050	92	1	77	787.047
0.000000	2.187132	-0.479875	84	8	84	786.991
1.570796	2.063651	-2.044600	98	10	77	786.780
-0.261799	1.391910	3.030322	83	13	87	786.577
1.570796	2.881233	-2.582574	71	85	98	786.251
2.356194	1.606104	-0.451151	75	9	8	785.932
-0.261799	1.658653	-2.409879	9	13	75	785.870
0.523599	2.041297	-2.664597	83	11	85	785.445
-1.832596	1.696674	-1.253233	9	78	87	785.407
0.523599	0.640596	-2.797608	5	82	83	785.230
-2.879793	1.325504	-1.671296	93	3	78	784.997
1.308997	1.904882	-1.478089	81	12	89	784.845
0.785398	1.135813	-2.658866	0	87	79	784.675
0.000000	2.251330	-2.330739	87	10	83	784.657
-0.523599	1.569311	-3.003978	82	10	85	784.561
-0.261799	0.866395	-2.492918	93	2	77	784.209
-1.832596	1.836682	-0.676006	91	72	99	784.086
-1.832596	1.870545	-2.976234	86	6	83	783.948
1.047198	2.760637	2.781135	72	80	99	783.774
2.879793	0.866955	-0.931351	73	2	95	783.364
0.000000	1.617114	-1.572037	81	13	94	783.222
-0.523599	1.195355	1.200319	96	14	20	782.977
2.879793	0.960688	-0.577532	71	95	99	782.820
-2.094395	0.640596	-2.797608	95	15	79	782.809
0.785398	0.914445	2.687814	75	95	88	782.669
0.785398	1.736875	3.023612	96	78	87	782.579
-3.141593	2.579248	-2.364801	97	75	88	782.098
1.308997	1.982574	-1.115518	81	14	91	781.826
-0.785398	1.504028	0.636812	75	4	92	781.593
2.617994	2.724429	-0.348782	77	9	13	781.548
-1.308997	2.153910	-1.714959	1	80	85	781.544
-2.094395	2.153910	-1.714959	94	77	84	781.473
0.261799	1.756530	-2.105156	88	3	80	781.371
-1.832596	1.050534	3.042579	13	20	82	781.203
2.094395	0.571433	-1.188419	79	13	91	781.104
-1.570796	0.992645	-1.723759	3	84	81	780.963
0.261799	1.736875	3.023612	74	4	91	780.844
-2.094395	2.063651	-2.044600	96	81	82	780.473
1.832596	0.674054	1.013609	78	11	94	780.304
0.000000	1.869911	2.701025	77	12	97	780.250
-1.570796	2.984978	1.954446	82	14	16	780.045
-1.832596	0.458961	-0.107937	96	74	89	779.789
1.308997	2.115563	0.685730	85	5	84	779.515
-0.261799	2.579248	-2.364801	89	15	85	779.402
0.523599	0.906588	1.252948	76	7	16	779.395
2.879793	2.664082	-1.071402	90	10	83	779.066
-1.832596	1.741644	-2.695914	84	4	83	779.062
1.832596	0.640596	-2.797608	99	82	84	778.999
-1.570796	1.617114	-1.572037	93	78	82	778.961
-2.356194	1.756530	-2.105156	90	9	83	778.943
2.617994	2.104282	-0.813972	71	2	5	778.463
0.785398	0.992645	-1.723759	94	90	78	778.340
1.570796	1.135834	-1.431087	83	10	85	778.233
0.000000	0.685216	-1.712745	80	90	82	778.227
2.356194	1.599406	1.426070	86	13	86	778.196
-2.617994	1.869911	2.701025	1	86	81	778.161
0.261799	1.050534	3.042579	75	0	86	777.993
2.356194	1.756530	-2.105156	93	94	79	777.941
1.308997	1.135834	-1.431087	96	18	83	777.824
-2.617994	2.041297	-2.664597	98	77	86	777.749
-2.879793	1.658653	-2.409879	98	81	83	777.673
2.094395	1.510910	-0.740472	75	11	2	776.727
2.094395	1.242974	-2.977882	2	82	83	776.478
-2.879793	1.904882	-1.478089	2	80	85	776.404
1.570796	2.174483	2.653697	85	0	81	776.045
-3.141593	1.756530	-2.105156	5	87	78	776.018
2.094395	0.640596	-2.797608	97	85	80	775.998
0.261799	2.356369	3.005869	73	6	96	775.989
1.832596	1.658653	-2.409879	91	2	77	775.869
1.570796	0.700570	1.559208	76	9	96	775.545
0.785398	1.247695	1.809890	71	0	7	775.490
-2.879793	1.135834	-1.431087	74	0	88	775.380
1.308997	0.992645	-1.723759	98	17	81	775.164
-1.047198	0.419640	2.974122	88	11	81	774.980
2.356194	1.310100	1.488307	88	15	88	774.966
0.261799	2.001437	0.381215	18	98	18	774.909
-1.570796	1.545873	-1.877082	93	83	79	774.869
-2.356194	1.846342	-1.796954	14	74	95	774.710
-2.879793	1.756530	-2.105156	5	78	87	774.635
2.879793	1.846342	-1.796954	1	88	79	774.530
1.832596	2.719179	-1.780644	71	99	3	774.403
2.356194	1.696674	-1.253233	79	15	94	774.337
0.000000	2.356369	3.005869	78	14	1	774.304
2.879793	2.588535	-2.976617	93	73	92	774.236
-2.356194	0.080730	-2.622036	79	14	94	774.201
0.785398	2.588535	-2.976617	70	96	4	774.013
1.832596	1.977582	0.969896	88	9	84	773.955
-0.523599	1.948085	-2.363031	14	15	77	773.847
2.094395	2.108018	1.311430	86	11	86	773.701
2.094395	1.168678	2.108595	98	72	99	773.465
0.000000	1.440580	2.260026	72	2	7	773.371
1.832596	2.153910	-1.714959	83	13	86	773.193
0.523599	1.168678	2.108595	71	93	2	773.178
-1.570796	1.696674	-1.253233	92	75	86	773.135
0.785398	0.203748	0.590255	76	10	92	773.049
1.047198	0.831641	0.616218	78	11	14	773.035
0.261799	2.588535	-2.976617	73	5	95	772.909
-0.785398	1.374601	-2.456031	98	10	77	772.892
0.261799	1.869911	2.701025	71	3	1	772.886
-2.879793	1.545873	-1.877082	1	84	81	772.772
0.000000	1.194549	-0.801900	87	98	80	772.675
-2.356194	1.982574	-1.115518	86	72	95	772.277
1.570796	2.664082	-1.071402	79	12	94	772.113
2.094395	1.335669	0.897240	82	11	89	772.098
2.356194	1.510910	-0.740472	74	9	3	771.973
-3.141593	0.866955	-0.931351	95	90	79	771.965
-3.141593	0.762244	-0.273349	72	85	1	771.678
-2.879793	2.396274	-1.959260	6	74	92	771.539
1.570796	1.721184	-0.153948	93	7	78	771.233
-1.832596	0.762244	-0.273349	91	72	97	771.180
-1.308997	0.290380	-0.796960	92	75	85	771.172
-2.356194	2.587733	0.232235	76	5	94	771.093
0.523599	0.700570	1.559208	72	6	2	771.093
-0.523599	1.113094	-0.272241	97	94	79	770.947
0.785398	1.391910	3.030322	80	9	85	770.913
0.523599	0.370812	-2.547742	12	81	83	770.533
-1.308997	1.696674	-1.253233	98	74	91	770.357
-2.356194	1.218453	2.777284	95	93	78	770.333
1.832596	0.419640	2.974122	98	79	85	770.317
-2.617994	0.080730	-2.622036	2	18	80	770.199
0.000000	1.247695	1.809890	75	11	7	770.198
1.570796	2.719179	-1.780644	74	8	7	770.167
0.523599	1.699788	2.452890	88	75	98	769.875
-0.523599	1.247695	1.809890	80	12	88	769.874
-0.523599	1.766067	2.153843	81	16	9	769.838
-2.617994	1.982574	-1.115518	82	73	95	769.670
-0.785398	1.741644	-2.695914	9	14	76	769.552
-0.261799	1.050534	3.042579	98	15	79	769.544
0.261799	1.128190	-2.288622	98	89	79	769.526
2.879793	1.741644	-2.695914	10	87	77	769.502
1.832596	0.960688	-0.577532	79	13	92	769.142
-1.308997	1.545873	-1.877082	93	83	79	768.642
2.356194	2.863997	0.549740	1	13	19	768.613
-2.094395	1.870545	-2.976234	88	7	83	768.497
0.785398	2.164094	-2.991358	71	2	95	768.204
1.308997	0.591903	2.010408	76	8	97	768.117
1.308997	1.325504	-1.671296	97	18	82	768.087
1.047198	2.881233	-2.582574	71	0	5	768.081
2.356194	1.870545	-2.976234	6	78	85	767.917
1.308997	0.914445	2.687814	97	87	80	767.881
2.356194	0.700570	1.559208	0	72	3	767.793
2.356194	0.992645	-1.723759	85	8	81	767.505
-0.261799	0.762244	-0.273349	98	91	80	767.343
-1.570796	0.615174	-0.666022	93	72	0	767.338
-1.832596	0.419640	2.974122	93	16	81	766.980
1.832596	2.247462	0.191623	8	16	15	766.978
-0.785398	0.290380	-0.796960	97	77	85	766.942
-2.879793	2.041297	-2.664597	96	76	86	766.936
0.523599	2.579248	-2.364801	78	11	94	766.860
-0.261799	1.869911	2.701025	79	14	98	766.652
-3.141593	2.349581	-2.702517	97	73	93	766.637
0.523599	0.864993	2.278281	71	92	2	766.396
2.879793	0.961715	0.014085	86	6	81	766.362
-1.570796	1.904882	-1.478089	96	79	83	766.361
1.308997	0.709924	0.218797	74	8	98	766.274
1.047198	2.180315	-1.357379	81	15	93	766.138
-2.094395	0.914445	2.687814	15	21	84	765.931
-1.308997	0.866955	-0.931351	6	75	91	765.871
2.617994	2.979456	-1.009304	72	0	10	765.817
2.356194	0.290380	-0.796960	78	10	91	765.796
-2.094395	1.836682	-0.676006	4	72	3	765.584
0.000000	1.662363	0.915448	85	10	87	765.285
-3.141593	1.545873	-1.877082	88	0	79	765.282
-3.141593	1.658653	-2.409879	9	88	77	765.095
1.047198	2.719179	-1.780644	78	12	95	765.061
-0.523599	0.850607	-1.335383	84	97	80	764.733
0.000000	1.413430	2.550734	80	15	99	764.730
-1.308997	1.741644	-2.695914	15	15	78	764.690
-1.832596	1.617114	-1.572037	97	78	85	764.592
-3.141593	2.588535	-2.976617	97	73	92	764.154
0.523599	2.396274	-1.959260	1	19	82	764.149
-1.308997	1.413347	-1.339188	93	75	85	764.137
-1.308997	1.045978	0.343692	87	99	81	763.801
1.047198	2.588535	-2.976617	71	99	99	763.648
-1.308997	0.906588	1.252948	1	75	93	763.520
2.094395	1.413430	2.550734	95	73	95	763.498
-1.570796	0.866955	-0.931351	9	74	93	763.338
-1.832596	0.929350	-2.910676	94	14	79	763.066
-2.094395	1.128190	-2.288622	94	2	77	763.026
0.523599	0.080730	-2.622036	4	74	92	762.953
-1.308997	1.448123	-2.163292	93	91	78	762.947
1.832596	2.063651	-2.044600	99	81	83	762.917
1.047198	2.579248	-2.364801	76	11	95	762.779
0.000000	2.349581	-2.702517	5	20	79	762.775
2.356194	0.709924	0.218797	70	91	4	762.716
0.000000	2.104282	-0.813972	82	7	85	762.700
0.523599	2.164094	-2.991358	73	4	93	762.579
2.879793	1.433411	-1.035986	75	1	89	762.568
1.047198	0.866955	-0.931351	17	24	97	762.559
1.832596	1.836682	-0.676006	79	14	10	762.387
1.832596	2.407836	1.410646	2	89	25	762.217
-2.879793	0.370812	-2.547742	93	17	81	761.665
2.879793	2.979456	-1.009304	92	6	80	761.437
0.523599	1.869911	2.701025	70	99	1	761.398
1.570796	2.153910	-1.714959	74	10	0	761.288
2.879793	1.448123	-2.163292	93	73	93	761.262
-2.879793	0.866955	-0.931351	96	93	79	761.124
0.261799	2.041297	-2.664597	85	13	85	761.069
2.094395	1.846342	-1.796954	84	12	83	760.813
-2.879793	2.153910	-1.714959	2	76	89	760.488
1.308997	1.128190	-2.288622	92	4	77	760.356
2.094395	0.419640	2.974122	19	83	86	759.675
2.617994	0.709924	0.218797	76	6	88	759.404
-3.141593	0.961715	0.014085	92	97	79	758.745
0.785398	1.025536	1.576859	71	1	6	758.690
-2.094395	1.872854	1.543456	3	17	15	758.469
0.785398	2.396274	-1.959260	77	13	95	758.423
-1.308997	1.450119	-2.739050	9	15	77	758.155
2.617994	1.569311	-3.003978	96	75	87	758.084
-0.261799	0.899350	-2.069907	98	89	79	758.077
1.570796	0.866955	-0.931351	80	10	88	757.926
2.356194	1.242974	-2.977882	98	81	84	757.882
0.523599	0.929350	-2.910676	0	88	79	757.829
0.785398	2.760637	2.781135	71	83	0	757.348
-1.832596	1.736875	3.023612	99	93	78	757.104
2.094395	2.664082	-1.071402	76	10	10	756.564
-0.785398	2.299159	2.264663	81	13	14	756.543
-2.879793	2.251330	-2.330739	97	74	89	756.372
2.617994	2.164094	-2.991358	88	72	96	756.127
-3.141593	0.571433	-1.188419	73	4	92	756.104
0.523599	0.733948	3.021411	78	9	94	755.986
-0.523599	1.134796	2.434290	77	13	0	755.952
-2.617994	2.396274	-1.959260	96	73	89	755.892
0.785398	1.870545	-2.976234	70	97	98	755.615
1.308997	0.929350	-2.910676	10	77	88	755.602
-1.832596	1.391910	3.030322	94	96	78	755.566
1.570796	1.766067	2.153843	77	7	91	755.392
2.879793	2.063651	-2.044600	84	1	80	755.202
-2.617994	2.247462	0.191623	76	7	98	755.137
-2.094395	1.617114	-1.572037	3	80	84	755.123
-2.617994	1.658653	-2.409879	98	80	83	755.114
-2.094395	0.866955	-0.931351	2	74	93	755.096
-1.047198	1.741644	-2.695914	10	14	76	754.962
-1.308997	2.760637	2.781135	87	18	91	754.941
-1.047198	0.899350	-2.069907	98	90	79	754.758
2.094395	1.948085	-2.363031	99	92	77	754.710
1.570796	0.674054	1.013609	70	97	5	754.497
-3.141593	2.724429	-0.348782	79	8	91	754.476
-1.047198	2.299159	2.264663	84	15	16	754.430
2.879793	1.504028	0.636812	91	9	81	754.389
-0.261799	1.569311	-3.003978	82	7	85	754.154
0.523599	1.756530	-2.105156	86	7	81	754.146
1.832596	1.756530	-2.105156	81	5	82	754.059
-1.832596	1.904882	-1.478089	0	79	85	754.019
0.523599	0.418037	1.360082	72	5	2	753.569
2.094395	1.134796	2.434290	97	72	99	753.527
-1.308997	1.756530	-2.105156	97	88	78	753.373
0.523599	1.025536	1.576859	73	6	6	753.353
-0.261799	0.615174	-0.666022	97	88	79	753.230
0.261799	0.700570	1.559208	75	9	12	753.213
-2.094395	0.960688	-0.577532	2	73	94	753.158
-0.261799	2.760637	2.781135	80	13	14	753.004
-2.617994	0.992645	-1.723759	93	2	77	752.945
-0.261799	1.218453	2.777284	75	7	93	752.854
1.308997	2.379497	0.561089	78	7	91	752.756
2.356194	0.458961	-0.107937	71	95	1	752.113
0.785398	1.448123	-2.163292	91	4	78	751.803
1.047198	1.545873	-1.877082	81	3	80	751.586
0.000000	1.766067	2.153843	80	15	92	751.571
1.308997	0.850607	-1.335383	12	18	78	751.540
-0.785398	0.914445	2.687814	81	11	87	751.429
-2.356194	1.413347	-1.339188	1	78	87	751.309
1.308997	1.948085	-2.363031	78	8	87	751.222
-1.047198	1.195355	1.200319	6	10	19	751.218
2.094395	0.910508	1.903534	99	73	4	751.055
1.832596	1.050534	3.042579	5	79	84	750.844
-1.832596	1.134796	2.434290	20	21	91	750.819
1.047198	1.391910	3.030322	73	86	93	750.811
-1.570796	1.870545	-2.976234	86	5	81	750.766
-1.832596	0.203748	0.590255	3	81	85	750.693
2.094395	2.174483	2.653697	93	72	98	750.480
1.047198	0.496451	0.593859	78	13	9	750.479
0.785398	2.033014	2.977192	71	0	96	749.334
0.261799	2.251330	-2.330739	86	9	83	749.301
0.000000	0.080730	-2.622036	80	7	86	749.011
-0.523599	1.599406	1.426070	81	15	94	748.723
2.617994	0.910508	1.903534	95	72	2	748.535
0.261799	0.866395	-2.492918	99	88	79	748.461
-0.523599	1.658653	-2.409879	84	3	83	748.424
2.356194	0.203748	0.590255	79	9	88	748.373
2.094395	1.658653	-2.409879	2	89	77	748.347
0.785398	0.496451	0.593859	77	11	95	748.231
-2.094395	1.135813	-2.658866	93	93	78	747.861
-2.617994	0.458961	-0.107937	82	73	98	747.850
2.356194	0.418037	1.360082	0	73	96	747.654
-1.832596	0.960688	-0.577532	4	73	94	747.639
-2.617994	1.599406	1.426070	23	93	15	747.555
1.832596	1.736875	3.023612	95	73	93	747.535
-1.308997	1.335669	0.897240	21	91	16	747.391
2.356194	2.455966	-0.641220	74	9	4	747.296
-1.308997	1.736875	3.023612	81	7	85	747.172
1.308997	0.899350	-2.069907	99	84	81	747.141
0.523599	0.203748	0.590255	78	13	92	746.911
1.570796	1.195355	1.200319	76	11	99	746.839
1.832596	2.343981	-1.040456	78	12	95	746.803
1.047198	1.128190	-2.288622	92	5	77	746.667
2.356194	2.356369	3.005869	92	72	95	746.438
1.570796	1.417623	-0.202254	80	15	11	746.405
0.523599	1.214854	-1.966664	92	95	78	746.303
-0.523599	1.736875	3.023612	81	12	88	745.970
-3.141593	1.113094	-0.272241	93	0	78	745.814
0.785398	1.242974	-2.977882	96	92	78	745.801
1.570796	1.574060	2.783565	80	99	81	745.774
-3.141593	1.134497	-1.109631	73	0	91	745.757
-2.094395	1.846342	-1.796954	98	78	85	745.637
1.832596	2.664082	-1.071402	77	10	95	745.601
1.832596	1.184361	0.625864	74	4	96	745.577
1.308997	1.732874	-0.951685	83	14	89	745.504
2.356194	1.569311	-3.003978	10	80	83	745.434
2.356194	1.417623	-0.202254	75	7	11	745.391
-0.785398	0.960688	-0.577532	82	10	89	745.185
2.617994	1.606104	-0.451151	97	83	83	745.144
2.094395	1.218453	2.777284	2	76	90	745.066
-1.047198	2.637879	2.121598	81	15	11	745.002
1.047198	0.992645	-1.723759	95	91	78	744.964
2.094395	2.456751	-1.503343	80	13	89	744.818
2.094395	1.909857	-0.381669	79	12	13	744.552
2.094395	1.014500	0.906702	75	7	95	744.437
2.617994	1.904882	-1.478089	82	10	85	744.371
1.832596	0.297065	2.160177	3	73	97	744.219
1.308997	2.588535	-2.976617	72	83	97	744.215
2.356194	0.496451	0.593859	77	8	90	744.159
-3.141593	1.569311	-3.003978	96	81	81	744.111
0.000000	0.419640	2.974122	81	97	82	743.970
2.094395	0.496451	0.593859	70	99	1	743.870
-1.570796	0.914445	2.687814	12	23	85	743.766
-1.570796	1.433411	-1.035986	9	78	88	743.704
-0.261799	1.736875	3.023612	81	15	94	743.687
2.356194	2.588535	-2.976617	82	14	94	743.562
1.047198	2.456751	-1.503343	79	14	97	743.545
0.523599	0.850607	-1.335383	97	90	78	743.454
1.047198	1.836682	-0.676006	83	8	83	743.351
1.570796	1.218453	2.777284	0	74	92	743.328
0.523599	2.349581	-2.702517	75	3	89	743.152
-2.617994	1.732874	-0.951685	83	72	95	743.055
0.523599	2.001437	0.381215	18	98	17	742.979
-2.356194	2.153910	-1.714959	90	5	83	742.837
2.356194	1.335669	0.897240	93	9	81	742.728
0.785398	1.574060	2.783565	97	75	91	742.725
-1.570796	0.370812	-2.547742	92	4	78	742.543
-1.047198	1.658653	-2.409879	95	95	77	742.503
-2.356194	0.866395	-2.492918	94	12	78	742.476
2.617994	2.356369	3.005869	96	72	6	742.305
-2.879793	1.699788	2.452890	2	86	81	742.210
2.617994	2.343981	-1.040456	70	97	4	741.837
1.832596	0.864993	2.278281	0	72	0	741.723
-0.261799	1.545873	-1.877082	98	86	78	741.571
-2.356194	1.335669	0.897240	98	92	80	741.565
-2.879793	2.456751	-1.503343	8	85	81	741.481
-1.832596	2.153910	-1.714959	96	77	85	741.416
1.308997	0.203748	0.590255	78	14	0	741.369
-1.832596	2.180315	-1.357379	98	73	12	741.221
2.094395	1.554776	0.100351	8	84	82	740.916
1.047198	1.982574	-1.115518	83	15	91	740.839
0.261799	0.850607	-1.335383	95	92	77	740.706
2.094395	1.391910	3.030322	4	78	85	740.651
2.356194	1.574060	2.783565	97	75	92	740.613
1.570796	0.899350	-2.069907	94	92	78	740.565
2.617994	1.510910	-0.740472	73	2	95	740.307
-2.094395	1.433411	-1.035986	4	72	98	740.207
0.000000	0.866955	-0.931351	99	92	77	739.925
-1.308997	1.569311	-3.003978	80	5	83	739.812
2.094395	1.569311	-3.003978	9	80	84	739.609
-1.047198	1.433411	-1.035986	28	95	89	739.549
-1.308997	0.733948	3.021411	81	15	94	739.480
1.308997	2.881233	-2.582574	71	92	7	739.434
1.570796	0.640596	-2.797608	96	79	83	739.377
2.617994	1.870545	-2.976234	95	74	89	739.289
-0.785398	1.325504	-1.671296	96	85	80	739.244
-3.141593	2.396274	-1.959260	4	75	92	739.238
1.832596	1.134796	2.434290	2	72	97	739.072
1.308997	2.719179	-1.780644	79	14	96	739.012
-1.570796	1.374601	-2.456031	78	0	83	738.980
-2.356194	1.128190	-2.288622	95	93	77	738.967
0.000000	0.850607	-1.335383	94	90	78	738.844
-0.785398	1.310100	1.488307	82	16	93	738.766
-0.261799	2.104282	-0.813972	84	9	85	738.719
1.570796	1.134497	-1.109631	95	22	87	738.498
-1.570796	1.391910	3.030322	16	22	85	738.457
2.094395	0.914445	2.687814	98	73	95	738.363
2.617994	1.846342	-1.796954	96	90	79	738.313
-1.570796	0.733948	3.021411	8	22	81	738.129
0.261799	2.174483	2.653697	74	7	9	738.125
1.570796	1.732874	-0.951685	81	14	90	738.104
-2.094395	0.992645	-1.723759	89	1	78	738.067
2.879793	2.251330	-2.330739	2	86	78	737.966
1.047198	1.450119	-2.739050	97	91	78	737.905
-1.832596	1.574060	2.783565	20	21	90	737.756
2.356194	0.618092	2.539118	96	75	88	737.433
0.000000	2.247462	0.191623	20	94	17	737.347
0.261799	0.906588	1.252948	81	17	9	737.271
2.879793	1.014500	0.906702	94	9	80	737.178
0.261799	0.866955	-0.931351	99	90	78	737.111
-1.047198	0.960688	-0.577532	81	9	89	737.000
-2.617994	1.909857	-0.381669	76	4	95	736.569
1.832596	1.812176	0.656819	77	12	3	736.387
-0.523599	2.478122	2.609777	78	13	11	736.162
1.570796	2.104282	-0.813972	79	13	94	736.130
-0.261799	2.164094	-2.991358	81	15	95	736.127
-1.570796	1.050534	3.042579	95	17	80	736.085
2.356194	2.407836	1.410646	20	88	16	736.045
-2.879793	2.063651	-2.044600	1	79	85	735.730
0.261799	2.033014	2.977192	75	10	97	735.650
0.000000	1.218453	2.777284	97	9	76	735.623
1.832596	2.108018	1.311430	84	10	86	735.569
0.261799	2.478122	2.609777	74	6	12	735.507
-2.617994	2.063651	-2.044600	89	99	77	735.394
-3.141593	0.203748	0.590255	86	72	95	734.967
1.570796	2.295480	1.008277	83	8	86	734.908
1.570796	0.733948	3.021411	6	82	81	734.707
1.832596	2.295480	1.008277	81	7	86	734.703
2.879793	0.418037	1.360082	96	72	0	734.672
-1.570796	0.080730	-2.622036	74	8	99	734.643
-2.879793	0.850607	-1.335383	73	0	90	734.623
2.356194	0.419640	2.974122	21	85	86	734.515
1.570796	0.496451	0.593859	75	8	13	734.444
-0.261799	2.478122	2.609777	77	11	12	734.366
0.523599	0.379747	-1.713059	99	83	81	734.267
-3.141593	2.455966	-0.641220	78	7	89	734.185
-0.523599	0.910508	1.903534	78	9	87	733.360
-0.785398	1.301460	-0.509251	29	94	3	733.199
-0.785398	0.906588	1.252948	0	14	19	733.082
2.094395	1.184361	0.625864	84	11	87	733.071
-0.523599	1.310100	1.488307	79	14	93	732.944
-0.785398	1.184361	0.625864	22	97	14	732.807
2.356194	0.762244	-0.273349	72	6	7	732.762
0.785398	2.356369	3.005869	78	8	87	732.731
0.261799	0.379747	-1.713059	19	85	84	732.619
1.047198	1.045978	0.343692	82	14	17	732.595
-3.141593	2.041297	-2.664597	98	75	89	732.564
2.617994	1.391910	3.030322	97	75	88	732.322
-3.141593	1.606104	-0.451151	94	93	79	732.262
0.261799	1.413430	2.550734	71	96	8	732.248
0.785398	1.214854	-1.966664	96	90	79	732.216
2.617994	1.736875	3.023612	97	74	91	732.174
-2.094395	0.615174	-0.666022	3	74	93	732.061
1.570796	1.194549	-0.801900	90	2	79	731.976
1.832596	1.875281	0.107086	1	94	77	731.969
-2.356194	1.135813	-2.658866	92	91	77	731.885
1.832596	1.195355	1.200319	75	9	98	731.713
0.261799	1.766067	2.153843	72	99	10	731.633
0.000000	0.960688	-0.577532	96	94	79	731.561
2.617994	1.014500	0.906702	94	9	80	731.485
-2.094395	1.194549	-0.801900	5	71	0	731.461
-1.832596	1.242974	-2.977882	13	18	80	731.395
-1.047198	2.719179	-1.780644	97	84	81	730.941
-2.094395	1.904882	-1.478089	14	86	79	730.740
1.570796	0.591903	2.010408	79	74	1	730.417
1.832596	1.413430	2.550734	3	72	99	730.281
-3.141593	2.164094	-2.991358	96	75	87	730.188
1.047198	1.050534	3.042579	99	91	77	729.849
2.094395	1.050534	3.042579	3	78	87	729.835
0.000000	0.674054	1.013609	96	24	6	729.125
2.356194	1.909857	-0.381669	76	10	10	728.988
1.570796	0.615174	-0.666022	80	15	95	728.900
-2.879793	2.104282	-0.813972	72	4	97	728.884
0.785398	1.721184	-0.153948	6	10	20	728.748
2.094395	0.866395	-2.492918	91	96	77	728.729
1.832596	1.242974	-2.977882	4	80	83	728.647
2.617994	2.863997	0.549740	97	14	19	728.567
-0.261799	1.214854	-1.966664	92	88	77	728.427
0.523599	2.356369	3.005869	71	2	98	728.379
-2.356194	1.450119	-2.739050	96	82	81	728.336
2.879793	1.909857	-0.381669	96	84	82	728.280
-0.261799	1.448123	-2.163292	90	2	78	728.156
-0.523599	1.699788	2.452890	81	17	5	728.137
-3.141593	1.574060	2.783565	27	94	88	728.039
-1.570796	0.419640	2.974122	5	22	81	728.027
2.879793	1.417623	-0.202254	71	87	1	727.926
-1.570796	1.184361	0.625864	24	85	12	727.853
-1.570796	2.349581	-2.702517	5	7	76	727.793
-2.094395	1.756530	-2.105156	93	81	81	727.734
-2.356194	1.050534	3.042579	20	18	85	727.515
-2.094395	2.456751	-1.503343	97	73	91	727.488
-0.785398	1.247695	1.809890	82	14	88	727.478
-0.785398	1.812176	0.656819	76	5	91	727.310
0.785398	0.866395	-2.492918	7	81	84	727.196
-1.308997	1.504028	0.636812	11	98	22	727.169
-2.356194	2.588535	-2.976617	29	92	2	726.913
-1.832596	1.872854	1.543456	5	14	17	726.864
2.356194	1.846342	-1.796954	84	10	82	726.285
-1.047198	1.756530	-2.105156	98	92	78	726.251
-1.832596	1.569311	-3.003978	3	86	80	726.052
-0.523599	2.104282	-0.813972	79	5	87	725.802
-0.261799	2.356369	3.005869	77	14	7	725.668
1.047198	2.033014	2.977192	96	80	85	725.610
-0.261799	1.310100	1.488307	86	14	18	725.605
-3.141593	2.664082	-1.071402	89	6	82	725.587
0.523599	1.870545	-2.976234	97	17	79	725.575
-2.094395	1.374601	-2.456031	92	88	77	725.361
1.047198	0.910508	1.903534	73	82	1	725.361
1.570796	1.909857	-0.381669	83	15	15	725.346
-1.832596	1.433411	-1.035986	98	73	95	725.322
1.047198	2.984978	1.954446	91	80	86	725.254
2.617994	1.909857	-0.381669	74	6	10	725.129
1.570796	0.762244	-0.273349	75	8	95	724.994
-2.356194	0.458961	-0.107937	85	72	98	724.627
2.879793	1.194549	-0.801900	72	81	0	724.570
-3.141593	0.458961	-0.107937	72	81	2	724.531
2.094395	1.256302	0.062705	78	10	15	724.257
-1.832596	0.864993	2.278281	85	12	85	724.223
-0.785398	2.153910	-1.714959	4	83	84	724.176
0.523599	1.875281	0.107086	98	5	77	724.054
-2.356194	2.247462	0.191623	76	5	99	723.906
-0.523599	1.135834	-1.431087	95	90	78	723.757
-2.356194	2.984978	1.954446	4	14	17	723.679
-1.570796	1.824694	1.850876	2	18	14	723.607
0.261799	1.909857	-0.381669	87	5	81	723.578
1.832596	2.396274	-1.959260	70	97	98	723.346
2.094395	2.356369	3.005869	99	73	97	722.953
0.261799	0.929350	-2.910676	87	4	79	722.844
2.617994	1.836682	-0.676006	71	1	8	722.699
2.356194	1.721184	-0.153948	76	8	12	722.443
-2.617994	1.510910	-0.740472	81	72	96	722.398
2.617994	2.349581	-2.702517	0	75	91	721.961
-1.308997	1.870545	-2.976234	84	4	81	721.960
-0.785398	1.448123	-2.163292	92	9	79	721.759
-0.785398	1.367556	0.358405	73	5	96	721.757
1.570796	2.108018	1.311430	85	12	87	721.623
-1.570796	0.762244	-0.273349	93	72	99	721.557
2.356194	0.831641	0.616218	75	6	92	721.344
0.261799	1.134497	-1.109631	92	9	81	721.211
0.000000	1.448123	-2.163292	89	2	78	721.208
2.356194	0.961715	0.014085	73	4	10	720.181
0.785398	1.836682	-0.676006	89	18	91	720.170
1.832596	1.194549	-0.801900	77	13	0	720.080
2.617994	1.741644	-2.695914	10	83	80	720.018
2.356194	1.413347	-1.339188	79	6	86	719.900
2.094395	2.379497	0.561089	11	12	16	719.867
-3.141593	1.904882	-1.478089	76	5	87	719.738
-1.832596	1.982574	-1.115518	93	72	95	719.645
0.785398	1.050534	3.042579	98	92	77	719.620
1.570796	1.875281	0.107086	94	98	78	719.615
2.617994	1.301460	-0.509251	71	98	1	719.598
2.356194	1.699788	2.452890	91	71	95	719.328
1.047198	0.850607	-1.335383	13	18	78	719.024
-2.879793	1.696674	-1.253233	99	81	83	718.904
-2.617994	2.719179	-1.780644	94	73	91	718.517
-1.047198	1.617114	-1.572037	96	79	83	718.422
2.617994	1.450119	-2.739050	97	85	81	718.356
-2.356194	2.063651	-2.044600	94	78	83	718.309
-0.261799	1.367556	0.358405	6	6	23	718.180
0.000000	2.299159	2.264663	69	93	99	718.058
1.570796	1.135813	-2.658866	99	86	81	717.877
1.570796	2.343981	-1.040456	81	15	96	717.787
1.570796	1.391910	3.030322	4	84	80	717.772
0.785398	0.379747	-1.713059	0	87	81	717.734
0.785398	0.618092	2.539118	77	9	96	717.645
0.000000	1.574060	2.783565	78	12	92	717.490
-0.523599	0.864993	2.278281	78	13	93	717.485
2.879793	0.290380	-0.796960	75	9	99	717.469
-1.832596	1.325504	-1.671296	94	95	78	717.339
0.261799	1.025536	1.576859	75	10	7	717.336
-2.879793	1.741644	-2.695914	93	78	82	717.206
2.356194	2.478122	2.609777	92	71	99	717.178
-2.094395	0.850607	-1.335383	1	87	80	717.133
-2.879793	0.961715	0.014085	84	2	81	717.015
-0.261799	1.699788	2.452890	78	15	4	716.963
-2.617994	1.450119	-2.739050	97	82	82	716.957
1.308997	2.356369	3.005869	94	81	84	716.818
-3.141593	2.251330	-2.330739	7	72	97	716.637
-0.523599	1.014500	0.906702	0	14	19	716.396
2.356194	1.413430	2.550734	92	72	91	716.389
2.094395	0.929350	-2.910676	98	87	80	716.377
-0.523599	2.001437	0.381215	14	94	20	716.310
-1.832596	0.571433	-1.188419	83	93	80	715.969
0.000000	1.658653	-2.409879	96	12	78	715.917
-2.617994	1.574060	2.783565	98	88	79	715.842
-0.261799	1.766067	2.153843	78	80	95	715.457
1.570796	1.998705	2.370472	86	98	80	715.401
-1.832596	1.909857	-0.381669	5	72	6	715.320
0.261799	1.256302	0.062705	88	99	80	715.252
2.094395	0.615174	-0.666022	77	12	95	715.220
1.570796	2.407836	1.410646	1	89	26	715.155
0.523599	0.914445	2.687814	75	96	88	715.149
-0.785398	1.998705	2.370472	80	14	10	715.105
-1.570796	0.618092	2.539118	79	8	86	715.036
-0.261799	1.168678	2.108595	75	11	4	715.036
2.617994	0.618092	2.539118	19	81	87	715.002
2.094395	1.195355	1.200319	73	5	98	714.746
-0.523599	2.637879	2.121598	70	1	3	714.349
0.000000	1.555207	1.708892	78	12	12	714.182
2.094395	2.349581	-2.702517	76	77	94	714.055
-2.356194	2.404280	-0.174044	73	2	97	714.016
-1.047198	0.290380	-0.796960	99	76	87	713.891
-0.523599	2.164094	-2.991358	88	7	78	713.877
1.570796	1.301460	-0.509251	79	15	5	713.877
0.000000	1.756530	-2.105156	93	14	80	713.522
2.356194	1.450119	-2.739050	1	80	85	713.474
-1.047198	0.571433	-1.188419	84	92	81	713.438
2.879793	1.824694	1.850876	1	77	88	713.142
2.356194	2.664082	-1.071402	79	14	92	713.085
2.879793	1.128190	-2.288622	91	2	77	713.081
-2.879793	1.450119	-2.739050	92	97	77	713.064
0.000000	1.545873	-1.877082	78	12	96	712.867
-1.308997	0.615174	-0.666022	95	73	93	712.654
1.308997	0.615174	-0.666022	79	4	83	712.613
-2.617994	1.756530	-2.105156	12	83	81	712.295
-0.261799	0.831641	0.616218	1	11	22	712.257
1.047198	2.349581	-2.702517	71	2	95	711.944
0.785398	1.325504	-1.671296	96	20	84	711.878
0.261799	2.164094	-2.991358	80	15	96	711.730
1.047198	1.606104	-0.451151	87	16	88	711.685
2.879793	1.134497	-1.109631	97	90	79	711.675
2.879793	1.569311	-3.003978	99	76	87	711.582
-0.261799	1.325504	-1.671296	94	94	77	711.554
0.523599	2.760637	2.781135	71	94	8	711.543
1.832596	1.128190	-2.288622	93	5	77	711.501
2.617994	1.683268	0.374177	96	3	77	711.448
-0.261799	0.571433	-1.188419	98	81	82	711.422
0.523599	1.325504	-1.671296	86	9	84	711.344
0.785398	2.001437	0.381215	82	5	86	710.976
-1.047198	1.510910	-0.740472	28	92	93	710.793
2.617994	2.588535	-2.976617	94	72	97	710.756
0.523599	1.134796	2.434290	71	90	2	710.747
-3.141593	0.496451	0.593859	1	72	98	710.480
0.261799	1.218453	2.777284	74	2	88	710.447
0.000000	2.089241	-0.114193	23	97	15	710.370
0.000000	1.909857	-0.381669	84	6	84	710.184
2.879793	2.180315	-1.357379	78	6	87	710.168
2.094395	1.440580	2.260026	97	72	99	710.141
2.356194	2.180315	-1.357379	70	96	99	710.030
-0.785398	1.134796	2.434290	87	7	78	709.934
1.832596	1.440580	2.260026	3	72	4	709.912
-2.356194	1.741644	-2.695914	98	80	84	709.888
-1.570796	1.413347	-1.339188	15	86	79	709.812
-3.141593	1.374601	-2.456031	94	97	77	709.807
-1.047198	0.850607	-1.335383	96	80	83	709.778
0.000000	0.591903	2.010408	86	16	87	709.639
1.832596	2.724429	-0.348782	94	15	19	709.514
2.094395	2.863997	0.549740	4	12	18	709.492
2.356194	1.658653	-2.409879	90	1	77	709.406
-1.570796	1.872854	1.543456	3	16	15	709.288
0.000000	1.836682	-0.676006	84	4	83	709.231
-0.261799	2.089241	-0.114193	23	95	15	709.187
-0.785398	1.574060	2.783565	80	13	91	709.167
2.879793	0.370812	-2.547742	97	19	81	709.096
-1.047198	1.218453	2.777284	73	7	95	708.836
-1.047198	0.910508	1.903534	82	14	88	708.729
0.523599	1.506530	1.988858	72	3	9	708.632
-2.617994	2.456751	-1.503343	1	72	99	708.609
0.000000	2.724429	-0.348782	28	98	7	708.392
1.570796	0.419640	2.974122	96	77	84	708.342
2.617994	2.063651	-2.044600	99	92	77	708.326
2.879793	0.458961	-0.107937	71	84	1	708.146
-2.094395	1.134497	-1.109631	2	74	93	707.969
-0.523599	0.571433	-1.188419	98	80	83	707.831
-2.879793	2.180315	-1.357379	5	86	79	707.778
-1.832596	2.299159	2.264663	1	12	21	707.702
-1.570796	1.510910	-0.740472	93	72	0	707.646
-0.785398	1.683268	0.374177	19	93	18	707.641
-0.785398	2.478122	2.609777	81	15	13	707.582
1.570796	2.592629	0.909713	18	97	18	707.113
2.617994	0.458961	-0.107937	79	9	87	706.917
-1.570796	1.736875	3.023612	18	22	88	706.875
-3.141593	1.948085	-2.363031	87	75	83	706.491
2.094395	1.504028	0.636812	92	6	80	706.439
-1.047198	2.115563	0.685730	89	13	83	706.258
0.523599	2.033014	2.977192	81	15	90	706.105
-1.570796	1.756530	-2.105156	96	87	79	706.064
-1.570796	1.569311	-3.003978	12	18	79	706.057
0.523599	2.153910	-1.714959	82	16	93	705.945
-1.832596	2.979456	-1.009304	78	12	95	705.943
-1.570796	1.413430	2.550734	16	23	89	705.844
-2.617994	0.571433	-1.188419	74	98	89	705.764
2.356194	1.440580	2.260026	99	73	97	705.643
2.356194	2.174483	2.653697	82	10	86	705.622
0.523599	1.310100	1.488307	74	7	10	705.505
2.617994	2.251330	-2.330739	5	78	86	705.369
2.356194	2.404280	-0.174044	75	84	94	705.278
-1.832596	1.555207	1.708892	6	15	15	705.213
-0.523599	1.504028	0.636812	94	88	79	704.909
-1.047198	1.545873	-1.877082	95	87	78	704.870
2.879793	1.869911	2.701025	27	91	90	704.820
1.570796	2.579248	-2.364801	70	98	99	704.812
-1.832596	1.948085	-2.363031	97	85	80	704.720
-2.879793	1.391910	3.030322	98	89	78	704.637
2.094395	0.733948	3.021411	1	82	84	704.335
2.617994	1.875281	0.107086	75	83	91	704.250
-0.261799	1.872854	1.543456	80	15	94	704.176
-3.141593	2.187132	-0.479875	78	9	92	703.745
-1.308997	2.984978	1.954446	80	12	17	703.715
1.308997	2.295480	1.008277	0	93	28	703.711
0.785398	1.846342	-1.796954	98	16	79	703.530
2.094395	0.203748	0.590255	71	0	98	703.491
-2.094395	1.134796	2.434290	22	19	92	703.437
1.047198	2.592629	0.909713	2	91	26	703.319
2.879793	1.510910	-0.740472	70	0	5	703.174
0.000000	1.699788	2.452890	72	99	10	703.094
2.356194	0.685216	-1.712745	83	5	81	703.054
2.356194	0.674054	1.013609	74	5	93	702.734
-2.094395	1.545873	-1.877082	95	78	84	702.658
1.570796	0.080730	-2.622036	4	82	84	702.583
1.832596	1.683268	0.374177	81	11	90	702.486
-0.785398	1.545873	-1.877082	95	88	78	702.433
-1.047198	1.824694	1.850876	93	96	79	702.184
-2.879793	1.014500	0.906702	5	80	17	702.180
-1.832596	0.733948	3.021411	11	21	82	701.968
2.879793	1.948085	-2.363031	3	88	77	701.784
-1.308997	1.050534	3.042579	93	17	81	701.678
0.785398	1.982574	-1.115518	84	16	91	701.521
-2.094395	0.929350	-2.910676	12	18	80	701.504
1.570796	0.906588	1.252948	78	12	98	701.358
0.261799	0.914445	2.687814	71	91	2	701.357
-2.356194	0.685216	-1.712745	94	92	79	700.890
2.356194	1.391910	3.030322	11	77	87	700.870
-0.261799	2.349581	-2.702517	7	20	79	700.641
1.308997	0.640596	-2.797608	16	82	84	700.444
-2.356194	2.356369	3.005869	29	95	2	700.425
-1.047198	1.417623	-0.202254	28	99	7	700.194
2.617994	0.914445	2.687814	19	80	88	700.041
-2.094395	0.290380	-0.796960	81	77	82	700.030
1.832596	0.618092	2.539118	11	73	95	700.006
-2.617994	1.413347	-1.339188	99	79	86	699.949
0.523599	0.674054	1.013609	78	11	16	699.609
2.094395	2.724429	-0.348782	91	15	19	699.465
-0.523599	1.214854	-1.966664	3	21	85	699.457
0.523599	0.685216	-1.712745	96	85	80	699.376
1.047198	1.732874	-0.951685	18	23	92	699.220
0.785398	0.685216	-1.712745	98	88	79	699.179
-0.523599	0.866955	-0.931351	86	90	79	699.125
1.308997	1.256302	0.062705	0	82	83	699.076
0.000000	1.214854	-1.966664	93	92	78	699.023
1.832596	0.899350	-2.069907	96	12	78	698.929
-0.785398	2.063651	-2.044600	0	89	79	698.826
2.356194	1.134796	2.434290	93	73	91	698.582
-1.047198	0.709924	0.218797	3	79	86	698.303
1.308997	1.433411	-1.035986	81	15	95	698.126
-3.141593	1.909857	-0.381669	94	90	79	698.121
-2.356194	2.089241	-0.114193	75	2	97	697.926
-0.785398	1.982574	-1.115518	27	84	0	697.820
1.047198	0.674054	1.013609	72	4	4	697.749
2.617994	0.899350	-2.069907	91	7	78	697.438
2.094395	2.478122	2.609777	92	71	99	697.191
0.523599	1.736875	3.023612	72	3	93	697.121
-1.570796	2.180315	-1.357379	96	75	88	697.071
-0.523599	1.440580	2.260026	77	14	4	697.024
2.879793	2.104282	-0.813972	70	92	2	696.971
0.261799	1.194549	-0.801900	86	93	81	696.648
2.094395	2.979456	-1.009304	76	11	10	696.318
-3.141593	2.138223	1.678323	22	95	15	696.291
-0.523599	2.664082	-1.071402	76	7	93	696.283
-0.785398	1.555207	1.708892	90	15	19	696.238
-2.617994	1.128190	-2.288622	87	9	79	696.001
2.094395	1.998705	2.370472	97	72	1	695.961
-2.879793	0.080730	-2.622036	93	19	84	695.939
1.832596	1.766067	2.153843	85	71	99	695.926
1.047198	2.164094	-2.991358	71	99	95	695.867
-1.047198	0.618092	2.539118	5	24	84	695.673
0.523599	1.194549	-0.801900	21	19	89	695.667
1.570796	0.203748	0.590255	71	3	0	695.597
0.523599	0.762244	-0.273349	4	81	85	695.593
-2.879793	1.256302	0.062705	93	91	80	695.450
-1.308997	0.618092	2.539118	8	24	84	695.428
1.047198	2.356369	3.005869	76	6	87	695.333
-2.879793	1.374601	-2.456031	98	82	83	695.302
-2.617994	2.187132	-0.479875	75	4	94	695.146
0.523599	1.617114	-1.572037	84	12	86	695.077
1.047198	1.134497	-1.109631	19	23	95	695.049
-1.832596	1.301460	-0.509251	90	72	3	694.967
-2.879793	1.948085	-2.363031	14	82	83	694.946
1.047198	0.297065	2.160177	77	9	93	694.751
-0.261799	0.080730	-2.622036	82	8	86	694.711
-0.261799	0.619654	-2.216909	97	91	78	694.692
2.356194	2.579248	-2.364801	76	77	96	694.660
-3.141593	1.998705	2.370472	1	85	82	694.654
-2.617994	2.251330	-2.330739	99	75	88	694.627
1.308997	1.741644	-2.695914	78	11	88	694.448
-0.785398	0.297065	2.160177	92	19	84	694.385
0.523599	2.299159	2.264663	80	6	85	694.370
0.523599	1.242974	-2.977882	0	14	78	694.297
2.617994	0.929350	-2.910676	96	86	79	694.220
-3.141593	1.741644	-2.695914	93	80	81	694.180
0.785398	0.733948	3.021411	1	88	78	694.056
-2.617994	2.407836	1.410646	3	16	16	694.053
-0.523599	1.870545	-2.976234	87	4	78	694.023
-0.785398	1.134497	-1.109631	78	12	0	693.873
2.356194	1.836682	-0.676006	74	9	3	693.795
2.094395	1.135813	-2.658866	96	95	78	693.665
2.879793	2.984978	1.954446	74	6	2	693.632
0.785398	1.310100	1.488307	72	2	9	693.355
0.000000	1.977582	0.969896	77	10	96	693.278
0.000000	1.812176	0.656819	83	11	90	693.230
0.785398	0.640596	-2.797608	6	81	83	693.157
-0.261799	0.914445	2.687814	82	6	82	693.104
0.000000	2.393226	1.857173	81	16	95	693.104
-0.785398	0.961715	0.014085	82	3	84	693.091
2.879793	2.001437	0.381215	95	98	77	692.872
1.047198	1.242974	-2.977882	0	89	78	692.684
-2.617994	1.218453	2.777284	95	92	77	692.561
-1.570796	2.760637	2.781135	90	20	91	692.432
2.879793	0.906588	1.252948	9	72	5	692.211
1.308997	1.301460	-0.509251	90	6	79	692.182
0.523599	1.448123	-2.163292	93	88	76	692.137
2.094395	0.618092	2.539118	94	74	89	691.796
2.356194	2.164094	-2.991358	10	76	89	691.596
-2.617994	1.569311	-3.003978	96	96	76	691.399
2.879793	1.606104	-0.451151	70	96	3	691.334
1.047198	0.961715	0.014085	0	79	86	691.207
1.570796	1.433411	-1.035986	79	14	94	691.117
0.785398	1.998705	2.370472	91	3	79	691.114
-1.832596	1.440580	2.260026	99	11	78	691.095
1.308997	1.998705	2.370472	87	98	80	691.012
2.356194	1.050534	3.042579	98	80	83	690.940
-0.523599	1.869911	2.701025	81	17	2	690.639
2.617994	1.050534	3.042579	21	82	89	690.272
-1.047198	2.174483	2.653697	84	15	86	690.117
-2.879793	1.606104	-0.451151	94	91	79	690.100
-2.094395	2.343981	-1.040456	94	72	3	690.082
-1.570796	1.242974	-2.977882	9	18	79	689.981
2.356194	1.736875	3.023612	90	99	78	689.930
-2.617994	1.977582	0.969896	83	14	7	689.896
-2.094395	1.948085	-2.363031	96	84	80	689.862
0.785398	1.545873	-1.877082	84	3	79	689.854
-3.141593	0.618092	2.539118	86	4	81	689.584
-0.523599	2.041297	-2.664597	9	17	77	689.448
-0.785398	0.571433	-1.188419	1	75	92	688.740
2.879793	1.683268	0.374177	96	1	77	688.710
-0.785398	2.760637	2.781135	79	14	11	688.647
-2.879793	1.721184	-0.153948	93	89	79	688.588
-0.261799	2.063651	-2.044600	14	16	79	688.244
-2.617994	1.374601	-2.456031	97	82	81	688.166
-0.523599	1.555207	1.708892	81	14	89	688.124
-3.141593	0.370812	-2.547742	95	17	81	688.096
1.308997	0.496451	0.593859	77	11	10	687.966
2.617994	0.906588	1.252948	89	14	84	687.964
2.094395	2.881233	-2.582574	73	79	98	687.951
2.094395	1.875281	0.107086	73	89	90	687.773
-2.356194	1.391910	3.030322	95	1	76	687.687
-2.617994	0.864993	2.278281	75	7	96	687.663
0.523599	2.180315	-1.357379	84	17	93	687.629
-3.141593	1.870545	-2.976234	97	80	83	687.618
-1.047198	1.904882	-1.478089	1	77	87	687.549
-0.523599	2.356369	3.005869	88	12	81	687.467
0.785398	2.719179	-1.780644	99	22	85	687.438
-3.141593	1.982574	-1.115518	73	6	93	687.358
-2.094395	1.824694	1.850876	7	10	18	687.299
2.879793	0.203748	0.590255	82	72	96	687.178
-1.308997	2.396274	-1.959260	29	91	98	687.141
1.832596	1.662363	0.915448	91	9	82	686.932
-0.785398	0.370812	-2.547742	99	96	75	686.852
-1.570796	2.478122	2.609777	99	14	19	686.648
-1.308997	2.001437	0.381215	80	10	94	686.635
-2.617994	2.984978	1.954446	5	12	17	686.587
-3.141593	1.301460	-0.509251	94	97	79	686.549
1.570796	2.455966	-0.641220	87	14	19	686.460
-2.356194	0.496451	0.593859	94	72	0	686.051
-1.308997	1.374601	-2.456031	98	98	75	685.833
0.523599	1.128190	-2.288622	98	91	77	685.667
-0.523599	0.685216	-1.712745	91	79	80	685.660
-1.832596	1.045978	0.343692	92	77	87	685.498
1.832596	0.831641	0.616218	71	95	8	685.326
-1.570796	1.335669	0.897240	21	89	16	685.270
-0.523599	1.448123	-2.163292	90	6	79	685.267
0.261799	2.579248	-2.364801	74	4	88	685.265
2.094395	1.756530	-2.105156	92	95	78	685.237
0.785398	1.413430	2.550734	91	5	77	685.170
0.261799	0.831641	0.616218	99	23	8	684.785
0.000000	0.615174	-0.666022	1	86	80	684.444
2.879793	2.587733	0.232235	80	10	17	684.434
1.047198	0.640596	-2.797608	9	81	84	684.423
0.785398	2.187132	-0.479875	1	11	23	684.189
0.785398	1.417623	-0.202254	8	11	19	684.172
-2.617994	1.050534	3.042579	91	5	77	684.082
2.617994	1.732874	-0.951685	71	86	3	683.744
0.261799	0.418037	1.360082	77	12	93	683.737
0.000000	1.721184	-0.153948	89	1	79	683.661
-2.356194	0.290380	-0.796960	79	79	81	683.654
0.000000	0.864993	2.278281	73	4	6	683.607
0.000000	0.700570	1.559208	76	10	14	683.561
-1.308997	1.510910	-0.740472	92	71	93	683.531
-3.141593	1.721184	-0.153948	94	86	81	683.447
-0.523599	0.960688	-0.577532	92	93	79	683.341
2.356194	1.875281	0.107086	73	85	3	683.314
-2.094395	0.733948	3.021411	15	20	83	683.304
2.356194	1.732874	-0.951685	71	4	4	683.116
-1.047198	1.310100	1.488307	3	13	18	683.029
-1.570796	1.325504	-1.671296	96	81	82	683.000
-2.617994	1.809167	1.213774	18	94	18	682.984
-1.570796	1.732874	-0.951685	91	72	91	682.979
-0.785398	2.073035	2.027405	71	6	98	682.937
-2.356194	1.812176	0.656819	1	79	87	682.893
2.356194	1.184361	0.625864	72	83	0	682.821
-2.617994	1.696674	-1.253233	98	75	90	682.805
-0.523599	1.836682	-0.676006	83	9	86	682.735
2.879793	1.870545	-2.976234	96	89	78	682.551
-2.356194	1.184361	0.625864	79	10	86	682.467
-1.047198	1.135834	-1.431087	93	76	84	682.354
2.356194	2.704512	1.488683	21	88	16	682.187
2.879793	2.343981	-1.040456	76	9	91	682.152
2.617994	2.455966	-0.641220	81	13	89	682.031
-0.261799	1.184361	0.625864	99	14	20	681.801
-2.617994	1.836682	-0.676006	81	73	99	681.753
2.617994	2.180315	-1.357379	75	10	92	681.531
-0.261799	1.134796	2.434290	79	14	95	681.439
-2.617994	1.301460	-0.509251	77	76	99	681.285
-1.832596	1.450119	-2.739050	81	6	84	681.276
1.308997	1.413347	-1.339188	81	14	92	681.265
0.261799	1.545873	-1.877082	98	83	80	681.255
1.308997	0.619654	-2.216909	93	91	77	681.240
0.261799	0.618092	2.539118	73	87	98	681.141
2.356194	2.187132	-0.479875	79	12	14	681.048
0.000000	0.619654	-2.216909	4	78	86	680.981
-2.356194	1.045978	0.343692	90	12	82	680.759
1.570796	2.588535	-2.976617	74	80	97	680.666
-0.261799	0.591903	2.010408	76	11	97	680.616
-1.047198	1.367556	0.358405	22	91	15	680.553
-2.356194	2.393226	1.857173	3	11	20	680.431
0.785398	1.606104	-0.451151	21	19	99	680.282
-0.523599	1.606104	-0.451151	81	6	85	680.272
1.047198	1.998705	2.370472	73	80	95	680.166
-1.308997	1.135834	-1.431087	11	87	77	680.125
1.570796	0.619654	-2.216909	97	90	78	680.054
-3.141593	1.696674	-1.253233	74	7	91	680.029
-2.617994	2.760637	2.781135	97	92	79	679.972
1.047198	2.041297	-2.664597	72	1	92	679.920
1.832596	0.080730	-2.622036	9	83	83	679.869
-0.523599	2.349581	-2.702517	86	13	85	679.800
-2.879793	1.869911	2.701025	29	95	93	679.770
1.047198	2.001437	0.381215	81	5	87	679.589
0.785398	1.506530	1.988858	71	87	9	679.543
-2.617994	2.724429	-0.348782	74	3	93	679.525
2.879793	1.904882	-1.478089	77	8	87	679.479
1.832596	2.455966	-0.641220	85	20	0	679.422
-2.356194	0.640596	-2.797608	4	18	79	679.306
2.356194	2.089241	-0.114193	75	85	91	679.259
-2.356194	0.674054	1.013609	95	77	89	679.218
-2.094395	1.741644	-2.695914	85	5	84	679.141
1.832596	1.510910	-0.740472	78	15	4	678.994
-2.617994	1.870545	-2.976234	0	80	84	678.992
0.000000	0.458961	-0.107937	23	17	89	678.805
2.356194	0.733948	3.021411	18	83	85	678.749
-1.832596	1.869911	2.701025	87	20	97	678.561
0.261799	1.870545	-2.976234	77	6	88	678.513
1.570796	0.297065	2.160177	86	71	93	678.446
-0.261799	0.674054	1.013609	77	84	86	678.349
2.094395	1.599406	1.426070	87	14	87	678.297
-0.261799	1.113094	-0.272241	98	94	78	678.289
-3.141593	0.929350	-2.910676	93	86	77	678.260
-1.570796	2.063651	-2.044600	99	82	82	678.234
0.523599	1.836682	-0.676006	88	9	81	678.224
-0.785398	1.025536	1.576859	81	15	91	678.140
-1.047198	1.662363	0.915448	78	6	89	678.136
1.832596	2.033014	2.977192	85	3	80	678.015
0.785398	1.014500	0.906702	79	10	17	677.907
0.261799	0.297065	2.160177	6	23	88	677.734
0.000000	2.664082	-1.071402	73	1	4	677.680
-3.141593	0.418037	1.360082	94	72	4	677.648
0.261799	2.187132	-0.479875	82	7	85	677.646
-0.785398	0.992645	-1.723759	97	89	80	677.630
2.356194	1.367556	0.358405	71	86	0	677.596
-1.570796	0.458961	-0.107937	97	75	87	677.596
-1.308997	1.869911	2.701025	86	15	86	677.563
2.356194	1.025536	1.576859	0	73	8	677.504
-2.617994	0.496451	0.593859	92	72	1	677.479
2.094395	2.579248	-2.364801	74	79	96	677.312
-1.832596	0.914445	2.687814	83	8	83	677.092
1.832596	0.379747	-1.713059	18	18	82	677.038
1.832596	0.370812	-2.547742	0	81	83	676.973
2.356194	2.979456	-1.009304	75	9	11	676.888
0.523599	0.571433	-1.188419	0	86	80	676.645
-2.356194	1.310100	1.488307	26	95	12	676.555
0.785398	1.128190	-2.288622	95	87	79	676.499
-1.832596	1.168678	2.108595	18	23	90	676.398
-1.308997	0.914445	2.687814	10	24	84	676.191
-0.785398	0.831641	0.616218	2	79	88	676.109
0.523599	1.696674	-1.253233	86	14	88	675.889
0.523599	0.618092	2.539118	75	96	88	675.836
-0.261799	2.393226	1.857173	77	9	91	675.753
-2.617994	0.709924	0.218797	86	71	99	675.645
-2.617994	2.704512	1.488683	2	18	14	675.637
-2.879793	0.418037	1.360082	99	76	89	675.473
0.785398	1.617114	-1.572037	12	19	81	675.446
1.308997	2.001437	0.381215	7	14	16	675.414
-1.308997	1.433411	-1.035986	97	72	95	675.320
2.879793	2.393226	1.857173	25	93	12	675.206
1.570796	0.618092	2.539118	80	74	98	675.166
2.879793	1.736875	3.023612	24	90	86	675.147
1.832596	2.863997	0.549740	5	15	15	675.135
-3.141593	1.135813	-2.658866	94	87	78	675.099
-1.570796	1.846342	-1.796954	96	83	81	674.994
2.356194	1.504028	0.636812	80	8	88	674.907
-1.570796	2.153910	-1.714959	98	79	85	674.822
0.523599	2.478122	2.609777	70	86	99	674.808
-3.141593	1.450119	-2.739050	93	83	80	674.594
1.308997	1.909857	-0.381669	94	22	7	674.570
-1.570796	2.456751	-1.503343	23	88	88	674.546
-2.879793	1.982574	-1.115518	80	7	89	674.514
-2.094395	1.450119	-2.739050	83	7	85	674.376
2.094395	2.164094	-2.991358	3	75	90	674.354
-1.570796	2.455966	-0.641220	93	72	5	674.305
0.523599	1.195355	1.200319	76	9	12	674.220
1.570796	2.356369	3.005869	97	81	84	673.479
-0.523599	1.683268	0.374177	15	96	20	673.231
-0.785398	1.413430	2.550734	75	11	95	673.162
0.261799	2.104282	-0.813972	80	6	85	673.152
-0.523599	0.419640	2.974122	82	3	81	673.130
2.879793	1.658653	-2.409879	4	83	83	673.006
-0.523599	2.984978	1.954446	69	92	95	672.942
-0.261799	1.247695	1.809890	77	10	15	672.836
1.832596	2.478122	2.609777	82	12	88	672.798
-3.141593	1.218453	2.777284	20	80	89	672.767
-1.832596	0.685216	-1.712745	92	99	77	672.718
2.617994	2.153910	-1.714959	82	6	83	672.643
2.094395	1.310100	1.488307	90	16	87	672.510
1.832596	1.909857	-0.381669	83	14	16	672.481
-1.570796	1.301460	-0.509251	90	72	98	672.314
-1.570796	1.982574	-1.115518	94	74	88	672.304
2.879793	0.709924	0.218797	85	8	83	672.119
-1.570796	0.960688	-0.577532	90	71	96	672.076
2.617994	2.187132	-0.479875	73	6	7	671.512
-2.617994	2.455966	-0.641220	75	2	91	671.392
2.094395	2.063651	-2.044600	1	82	82	671.360
-1.570796	0.961715	0.014085	96	84	81	671.336
-1.308997	1.904882	-1.478089	99	76	87	671.289
-0.523599	1.909857	-0.381669	29	97	5	671.240
-2.094395	2.984978	1.954446	0	21	12	671.020
-2.356194	2.407836	1.410646	88	17	93	670.984
2.879793	0.733948	3.021411	93	83	79	670.951
-1.047198	1.247695	1.809890	94	16	17	670.934
-2.356194	1.194549	-0.801900	85	72	92	670.839
0.000000	0.618092	2.539118	80	2	84	670.740
0.261799	2.063651	-2.044600	12	17	78	670.576
-0.785398	1.045978	0.343692	84	0	81	670.571
-0.261799	1.599406	1.426070	86	12	21	670.481
0.523599	0.419640	2.974122	80	9	90	670.365
2.356194	1.506530	1.988858	99	72	1	670.254
1.308997	2.984978	1.954446	88	70	2	670.238
-0.523599	1.025536	1.576859	78	12	90	670.232
2.094395	0.906588	1.252948	74	5	97	670.143
0.785398	0.866955	-0.931351	21	22	98	669.872
-2.879793	1.872854	1.543456	25	97	13	669.815
2.094395	2.455966	-0.641220	76	11	11	669.674
-1.308997	1.417623	-0.202254	80	98	81	669.654
-1.047198	1.569311	-3.003978	96	13	77	669.629
0.261799	1.214854	-1.966664	98	85	79	669.556
-1.832596	2.174483	2.653697	21	18	86	669.505
2.617994	1.218453	2.777284	18	85	81	669.418
1.308997	2.349581	-2.702517	70	92	1	669.317
-0.261799	1.194549	-0.801900	87	98	80	669.314
0.785398	2.073035	2.027405	96	73	0	669.180
1.570796	2.724429	-0.348782	3	21	11	669.164
-2.879793	2.404280	-0.174044	77	8	93	668.944
1.047198	0.709924	0.218797	73	4	90	668.884
-2.094395	2.588535	-2.976617	29	96	3	668.738
0.523599	0.992645	-1.723759	93	88	78	668.615
-1.570796	1.741644	-2.695914	81	3	84	668.582
-1.047198	1.413347	-1.339188	96	81	82	668.500
2.617994	1.869911	2.701025	81	9	86	668.329
0.785398	0.850607	-1.335383	96	92	78	668.249
-2.094395	2.041297	-2.664597	99	6	77	668.231
1.308997	1.045978	0.343692	79	12	16	668.186
-1.047198	2.033014	2.977192	86	13	83	668.169
-1.832596	0.615174	-0.666022	5	72	98	668.055
-2.356194	2.041297	-2.664597	99	78	86	667.804
2.879793	1.310100	1.488307	75	7	94	667.708
-3.141593	1.736875	3.023612	23	82	91	667.582
-0.523599	1.413430	2.550734	76	13	0	667.567
2.617994	1.335669	0.897240	91	12	83	667.512
-0.785398	1.417623	-0.202254	28	95	7	667.505
2.879793	2.153910	-1.714959	81	3	82	667.477
-0.523599	1.168678	2.108595	86	7	80	667.468
-2.094395	1.301460	-0.509251	90	71	97	667.156
-1.047198	1.325504	-1.671296	93	78	82	666.903
1.570796	2.247462	0.191623	9	16	15	666.835
2.879793	1.113094	-0.272241	73	80	94	666.825
0.000000	2.073035	2.027405	69	95	4	666.639
-2.617994	2.579248	-2.364801	96	72	98	666.629
2.879793	2.455966	-0.641220	79	10	89	666.392
2.617994	1.025536	1.576859	78	10	94	666.248
1.570796	2.349581	-2.702517	71	88	1	666.199
0.261799	2.138223	1.678323	9	74	1	665.990
0.785398	1.875281	0.107086	82	3	85	665.820
-0.523599	2.863997	0.549740	80	13	92	665.819
-0.785398	1.977582	0.969896	84	4	81	665.768
-1.047198	2.349581	-2.702517	19	22	94	665.434
2.617994	1.982574	-1.115518	76	12	93	665.369
0.000000	1.134796	2.434290	76	11	94	665.359
-2.094395	2.349581	-2.702517	7	10	76	665.319
-2.879793	2.247462	0.191623	76	5	91	665.100
2.879793	1.574060	2.783565	26	91	88	665.033
2.879793	0.618092	2.539118	22	83	88	665.016
-2.879793	0.762244	-0.273349	78	74	98	664.908
-2.356194	1.977582	0.969896	81	12	7	664.769
-2.094395	0.496451	0.593859	4	81	85	664.739
0.785398	2.979456	-1.009304	1	15	17	664.668
1.308997	1.168678	2.108595	90	94	77	664.654
2.879793	1.301460	-0.509251	70	95	1	664.450
1.570796	0.929350	-2.910676	8	85	78	664.431
2.356194	1.662363	0.915448	88	10	83	664.388
-1.047198	1.391910	3.030322	79	3	81	664.355
-2.879793	1.554776	0.100351	96	86	82	664.148
-1.308997	1.488617	1.159546	81	6	85	664.101
-3.141593	1.662363	0.915448	5	81	20	663.916
-0.785398	0.615174	-0.666022	86	87	80	663.866
-1.308997	0.960688	-0.577532	98	74	94	663.764
-1.570796	1.134497	-1.109631	99	77	87	663.758
0.261799	0.203748	0.590255	82	15	92	663.684
-1.832596	2.704512	1.488683	84	16	14	663.670
2.094395	1.128190	-2.288622	93	98	78	663.643
-3.141593	1.367556	0.358405	99	93	78	663.621
-3.141593	1.433411	-1.035986	95	82	81	663.184
-1.047198	0.992645	-1.723759	89	81	78	663.122
-1.308997	0.080730	-2.622036	70	94	1	663.103
0.261799	1.325504	-1.671296	82	12	88	663.102
-0.261799	2.343981	-1.040456	81	13	92	662.803
1.832596	0.929350	-2.910676	99	84	82	662.727
-1.047198	0.080730	-2.622036	4	22	85	662.486
2.879793	1.335669	0.897240	88	11	83	662.367
1.832596	0.733948	3.021411	93	76	85	662.335
0.785398	2.041297	-2.664597	78	9	88	662.199
0.000000	0.418037	1.360082	80	14	92	662.053
-0.785398	0.910508	1.903534	80	12	87	661.906
-2.879793	2.587733	0.232235	79	12	95	661.785
0.523599	2.174483	2.653697	71	99	2	661.682
-1.570796	1.658653	-2.409879	92	99	76	661.674
0.785398	1.696674	-1.253233	86	15	87	661.571
-1.047198	0.297065	2.160177	92	18	84	661.352
2.356194	1.168678	2.108595	93	71	5	661.305
0.523599	1.554776	0.100351	95	3	79	661.087
-2.356194	1.242974	-2.977882	97	86	79	660.976
-1.570796	0.297065	2.160177	79	13	91	660.832
-3.141593	0.419640	2.974122	75	7	5	660.717
2.617994	1.413430	2.550734	96	73	91	660.691
1.047198	1.506530	1.988858	92	91	79	660.579
-0.523599	1.184361	0.625864	4	11	21	660.566
-1.570796	2.356369	3.005869	2	15	17	660.537
2.879793	0.619654	-2.216909	10	17	78	660.491
2.094395	1.506530	1.988858	89	98	79	660.484
-2.094395	2.704512	1.488683	84	12	20	660.171
2.094395	2.588535	-2.976617	78	75	97	659.976
1.047198	1.433411	-1.035986	78	94	82	659.784
1.570796	2.138223	1.678323	0	86	24	659.778
1.832596	1.869911	2.701025	84	71	1	659.774
2.356194	2.724429	-0.348782	79	13	13	659.739
0.785398	0.910508	1.903534	71	85	3	659.625
1.570796	1.510910	-0.740472	84	13	87	659.588
-1.308997	1.699788	2.452890	97	84	82	659.417
-3.141593	2.153910	-1.714959	80	0	82	659.383
1.047198	1.721184	-0.153948	97	22	8	659.352
0.000000	1.732874	-0.951685	82	2	82	659.255
0.000000	1.488617	1.159546	88	9	85	659.078
-2.094395	1.977582	0.969896	77	8	6	658.803
2.617994	0.591903	2.010408	96	72	96	658.793
0.261799	2.247462	0.191623	23	93	15	658.679
-0.261799	1.662363	0.915448	86	13	87	658.663
-2.617994	2.478122	2.609777	28	96	6	658.430
-2.356194	2.396274	-1.959260	95	76	86	658.228
-2.094395	1.569311	-3.003978	4	17	77	658.024
-2.356194	2.180315	-1.357379	6	73	95	657.848
0.785398	1.335669	0.897240	87	76	86	657.841
-1.308997	1.325504	-1.671296	92	81	79	657.831
2.617994	1.184361	0.625864	92	4	79	657.765
0.261799	0.685216	-1.712745	95	83	80	657.548
0.523599	1.413430	2.550734	72	84	4	657.448
1.832596	1.168678	2.108595	1	72	2	657.395
-0.785398	1.135834	-1.431087	95	88	78	657.393
-1.308997	0.961715	0.014085	97	87	80	657.299
-1.570796	1.310100	1.488307	6	12	18	657.299
2.617994	1.113094	-0.272241	72	92	11	657.261
-0.785398	1.658653	-2.409879	10	13	75	657.220
-0.261799	0.709924	0.218797	1	86	81	657.063
-0.523599	1.904882	-1.478089	4	79	88	656.984
0.785398	1.135834	-1.431087	87	8	82	656.838
1.570796	1.948085	-2.363031	81	4	82	656.572
1.570796	1.869911	2.701025	81	73	1	656.397
-1.047198	0.615174	-0.666022	85	87	80	656.315
2.617994	0.419640	2.974122	26	90	91	656.240
1.832596	1.948085	-2.363031	78	13	92	656.229
-0.523599	2.587733	0.232235	6	86	23	656.161
1.308997	1.413430	2.550734	90	2	77	656.124
-2.879793	2.588535	-2.976617	0	74	92	656.121
-0.785398	1.113094	-0.272241	82	7	85	655.928
-1.570796	1.555207	1.708892	3	15	16	655.900
2.879793	2.108018	1.311430	14	85	20	655.857
-2.879793	0.831641	0.616218	90	13	83	655.804
-2.879793	2.164094	-2.991358	99	77	86	655.576
-2.617994	2.588535	-2.976617	4	75	91	655.514
-0.523599	1.335669	0.897240	2	12	19	655.501
-3.141593	0.960688	-0.577532	94	93	80	655.485
-1.308997	1.218453	2.777284	12	24	86	655.396
-0.523599	1.875281	0.107086	21	95	16	655.374
-2.094395	1.310100	1.488307	27	2	10	655.341
-1.832596	2.456751	-1.503343	97	76	88	655.334
0.785398	2.247462	0.191623	79	5	89	655.330
2.094395	1.766067	2.153843	88	71	99	655.240
0.000000	1.184361	0.625864	97	14	19	655.080
-1.308997	1.732874	-0.951685	94	73	90	655.062
-2.356194	1.574060	2.783565	98	90	79	655.021
-2.879793	1.909857	-0.381669	76	7	94	654.792
-2.617994	1.872854	1.543456	20	95	17	654.792
-0.523599	1.574060	2.783565	73	1	88	654.699
-1.047198	1.045978	0.343692	85	3	81	654.658
1.308997	1.391910	3.030322	2	81	82	654.647
-2.617994	2.180315	-1.357379	99	72	96	654.602
-1.047198	1.555207	1.708892	5	15	16	654.438
-1.308997	2.719179	-1.780644	96	81	81	654.272
-0.785398	2.033014	2.977192	84	12	82	654.183
-0.785398	2.356369	3.005869	88	12	81	654.002
0.785398	2.478122	2.609777	74	4	89	653.963
-1.308997	1.658653	-2.409879	92	99	77	653.927
1.308997	1.417623	-0.202254	92	23	6	653.656
-0.523599	1.433411	-1.035986	76	8	96	653.627
2.356194	2.881233	-2.582574	77	75	99	653.572
-0.785398	1.836682	-0.676006	30	97	96	653.435
2.617994	0.961715	0.014085	70	89	5	653.386
0.000000	1.413347	-1.339188	18	20	86	653.349
-2.617994	2.343981	-1.040456	96	4	77	653.189
-2.617994	1.545873	-1.877082	98	86	80	653.115
-2.356194	2.343981	-1.040456	3	72	99	653.016
-2.356194	2.719179	-1.780644	91	71	94	652.984
0.000000	0.571433	-1.188419	26	86	94	652.963
-2.617994	2.104282	-0.813972	72	0	96	652.927
-0.261799	1.025536	1.576859	77	10	89	652.810
2.617994	0.864993	2.278281	96	74	90	652.676
-0.261799	0.700570	1.559208	78	13	15	652.649
-1.047198	2.760637	2.781135	93	10	81	652.547
1.308997	1.870545	-2.976234	97	85	80	652.526
0.523599	2.881233	-2.582574	77	13	8	652.521
2.617994	0.866395	-2.492918	88	0	77	652.454
-3.141593	2.180315	-1.357379	4	86	79	652.354
-1.047198	1.696674	-1.253233	0	74	91	652.312
0.261799	2.299159	2.264663	70	89	0	652.272
2.617994	1.135813	-2.658866	98	85	81	652.202
-1.308997	1.846342	-1.796954	97	83	81	652.024
-0.785398	2.001437	0.381215	13	91	21	651.982
-2.879793	1.732874	-0.951685	76	76	3	651.849
-2.879793	1.824694	1.850876	25	93	12	651.815
1.832596	2.174483	2.653697	83	71	95	651.690
1.047198	1.696674	-1.253233	83	13	87	651.663
-0.261799	1.836682	-0.676006	85	6	83	651.626
-2.617994	2.295480	1.008277	88	18	94	651.617
-0.785398	1.510910	-0.740472	77	0	84	651.463
-1.570796	2.393226	1.857173	86	73	91	651.134
-2.617994	1.504028	0.636812	87	74	93	651.111
-3.141593	2.478122	2.609777	28	94	3	651.110
1.047198	1.510910	-0.740472	87	16	88	651.108
-0.785398	1.440580	2.260026	89	11	80	650.997
2.356194	1.195355	1.200319	90	14	85	650.905
2.617994	1.998705	2.370472	6	83	20	650.876
0.523599	2.104282	-0.813972	76	1	86	650.871
0.000000	2.637879	2.121598	70	87	96	650.793
2.617994	1.812176	0.656819	94	4	77	650.682
1.570796	2.760637	2.781135	79	73	96	650.641
1.308997	1.310100	1.488307	97	87	80	650.450
-2.356194	2.704512	1.488683	0	19	13	650.438
-2.617994	1.045978	0.343692	93	12	81	650.305
-0.523599	1.872854	1.543456	81	16	93	650.288
-2.356194	1.417623	-0.202254	82	72	98	650.255
0.523599	2.089241	-0.114193	86	6	82	650.068
1.570796	1.736875	3.023612	99	82	82	650.054
0.785398	2.295480	1.008277	97	91	28	650.038
2.094395	2.187132	-0.479875	79	12	13	649.923
-0.261799	1.875281	0.107086	20	98	16	649.825
-2.094395	1.736875	3.023612	23	18	95	649.759
0.261799	1.904882	-1.478089	76	9	97	649.483
-1.047198	0.458961	-0.107937	96	82	81	649.482
0.523599	1.335669	0.897240	85	76	85	649.396
-2.879793	2.664082	-1.071402	73	78	94	649.298
-0.261799	2.299159	2.264663	77	9	86	649.288
1.832596	2.979456	-1.009304	79	14	12	649.229
-0.785398	1.736875	3.023612	82	4	80	649.075
2.617994	1.134796	2.434290	97	74	91	649.029
-1.047198	1.869911	2.701025	83	14	85	648.986
1.570796	2.704512	1.488683	2	87	24	648.945
-1.832596	1.367556	0.358405	89	8	79	648.784
1.570796	1.045978	0.343692	72	2	11	648.757
0.000000	1.301460	-0.509251	97	99	77	648.662
-2.094395	2.587733	0.232235	74	2	95	648.424
2.617994	1.574060	2.783565	98	74	92	648.398
-1.570796	2.138223	1.678323	1	16	16	648.328
0.523599	2.115563	0.685730	15	96	20	648.295
-1.308997	1.683268	0.374177	88	5	78	648.251
2.879793	0.674054	1.013609	91	15	85	648.029
1.570796	1.683268	0.374177	79	14	1	648.022
2.617994	0.496451	0.593859	76	5	88	647.824
0.261799	1.606104	-0.451151	97	5	77	647.755
2.879793	2.579248	-2.364801	79	2	86	647.571
-2.617994	1.721184	-0.153948	70	92	98	647.557
-2.094395	1.184361	0.625864	87	74	87	647.481
-0.785398	2.455966	-0.641220	95	72	95	647.477
0.785398	0.831641	0.616218	79	11	17	647.369
-3.141593	2.104282	-0.813972	73	8	98	646.986
1.832596	1.135813	-2.658866	99	91	78	646.958
-1.308997	2.073035	2.027405	75	96	90	646.879
1.047198	0.685216	-1.712745	99	88	80	646.684
-1.308997	2.393226	1.857173	3	23	9	646.602
-2.879793	2.979456	-1.009304	74	77	97	646.458
-2.879793	0.571433	-1.188419	75	1	89	646.446
-0.785398	1.606104	-0.451151	30	95	97	646.199
1.047198	1.256302	0.062705	83	12	21	646.197
1.570796	2.033014	2.977192	88	3	79	646.115
1.308997	0.906588	1.252948	80	13	98	645.930
1.832596	2.187132	-0.479875	84	13	19	645.912
1.047198	2.174483	2.653697	96	77	89	645.768
-0.523599	2.404280	-0.174044	96	79	88	645.760
-1.047198	2.187132	-0.479875	4	85	80	645.737
1.832596	1.335669	0.897240	74	7	97	645.671
-1.047198	1.413430	2.550734	73	9	97	645.654
0.785398	2.456751	-1.503343	80	98	80	645.548
-2.617994	1.875281	0.107086	91	87	79	645.478
1.308997	2.174483	2.653697	78	74	95	645.458
-2.356194	1.836682	-0.676006	85	72	99	645.452
1.308997	0.831641	0.616218	76	8	14	645.213
-0.261799	0.910508	1.903534	80	6	82	645.083
-2.879793	0.709924	0.218797	82	72	99	644.955
-2.356194	1.736875	3.023612	1	90	78	644.890
1.047198	0.458961	-0.107937	79	15	96	644.850
0.785398	2.174483	2.653697	76	3	85	644.817
-2.879793	1.836682	-0.676006	78	74	99	644.690
-0.523599	1.506530	1.988858	82	13	86	644.673
-2.356194	1.413430	2.550734	22	19	88	644.645
1.570796	2.379497	0.561089	15	3	19	644.558
-2.617994	0.290380	-0.796960	6	15	78	644.547
0.785398	2.089241	-0.114193	79	3	86	644.414
1.308997	0.419640	2.974122	0	75	88	644.188
1.308997	1.869911	2.701025	78	75	1	644.173
2.879793	1.982574	-1.115518	74	10	95	644.135
1.832596	0.203748	0.590255	70	93	5	644.048
-0.523599	2.299159	2.264663	78	11	14	643.962
2.617994	0.733948	3.021411	92	83	79	643.867
-2.879793	1.555207	1.708892	25	90	12	643.820
-0.261799	1.756530	-2.105156	14	13	76	643.774
-1.308997	1.256302	0.062705	88	3	81	643.760
2.617994	2.089241	-0.114193	76	7	13	643.724
2.356194	1.555207	1.708892	83	16	0	643.707
-1.047198	1.256302	0.062705	27	92	8	643.704
