
                         MODELLER 10.5, 2024/01/19, r12711

     PROTEIN STRUCTURE MODELLING BY SATISFACTION OF SPATIAL RESTRAINTS


                     Copyright(c) 1989-2024 Andrej Sali
                            All Rights Reserved

                             Written by A. Sali
                               with help from
              B. Webb, M.S. Madhusudhan, M-Y. Shen, G.Q. Dong,
          M.A. Marti-Renom, N. Eswar, F. Alber, M. Topf, B. Oliva,
             A. Fiser, R. Sanchez, B. Yerkovich, A. Badretdinov,
                     F. Melo, J.P. Overington, E. Feyfant
                 University of California, San Francisco, USA
                    Rockefeller University, New York, USA
                      Harvard University, Cambridge, USA
                   Imperial Cancer Research Fund, London, UK
              Birkbeck College, University of London, London, UK


Kind, OS, HostName, Kernel, Processor: 4, Darwin mar-104-129.eduroamcm.upf.edu 23.2.0 arm64
Date and time of compilation         : 2024/01/19 15:39:00
MODELLER executable type             : mac12arm64-gnu
Job starting time (YY/MM/DD HH:MM:SS): 2024/02/06 13:01:50

environ____W> The class 'environ' is deprecated; use 'Environ' instead
openf___224_> Open           $(LIB)/restyp.lib
openf___224_> Open           ${MODINSTALL10v5}/modlib/resgrp.lib
rdresgr_266_> Number of residue groups:        2
openf___224_> Open           ${MODINSTALL10v5}/modlib/sstruc.lib

Dynamically allocated memory at   amaxlibraries [B,KiB,MiB]:       191566     187.076     0.183

Dynamically allocated memory at   amaxlibraries [B,KiB,MiB]:       192094     187.592     0.183
openf___224_> Open           ${MODINSTALL10v5}/modlib/resdih.lib

Dynamically allocated memory at   amaxlibraries [B,KiB,MiB]:       240694     235.053     0.230
rdrdih__263_> Number of dihedral angle types         :        9
              Maximal number of dihedral angle optima:        3
              Dihedral angle names                   :  Alph Phi Psi Omeg chi1 chi2 chi3 chi4 chi5
openf___224_> Open           ${MODINSTALL10v5}/modlib/radii.lib

Dynamically allocated memory at   amaxlibraries [B,KiB,MiB]:       253994     248.041     0.242
openf___224_> Open           ${MODINSTALL10v5}/modlib/af_mnchdef.lib
rdwilmo_274_> Mainchain residue conformation classes:  APBLE
openf___224_> Open           ${MODINSTALL10v5}/modlib/mnch.lib
rdclass_257_> Number of classes:        5
openf___224_> Open           ${MODINSTALL10v5}/modlib/mnch1.lib
openf___224_> Open           ${MODINSTALL10v5}/modlib/mnch2.lib
openf___224_> Open           ${MODINSTALL10v5}/modlib/mnch3.lib
openf___224_> Open           ${MODINSTALL10v5}/modlib/xs4.mat
rdrrwgh_268_> Number of residue types:       21
automodel__W> The class 'automodel' is deprecated; use 'AutoModel' instead
openf___224_> Open           q9.pir

Dynamically allocated memory at   amaxalignment [B,KiB,MiB]:       265959     259.726     0.254

Dynamically allocated memory at   amaxalignment [B,KiB,MiB]:       267409     261.142     0.255

Dynamically allocated memory at   amaxalignment [B,KiB,MiB]:       270309     263.974     0.258

Dynamically allocated memory at   amaxalignment [B,KiB,MiB]:       276109     269.638     0.263

Dynamically allocated memory at   amaxalignment [B,KiB,MiB]:       287709     280.966     0.274

Dynamically allocated memory at   amaxalignment [B,KiB,MiB]:       528517     516.130     0.504

Dynamically allocated memory at    amaxsequence [B,KiB,MiB]:       530005     517.583     0.505

Dynamically allocated memory at    amaxsequence [B,KiB,MiB]:       531525     519.067     0.507

Read the alignment from file       : q9.pir

Total number of alignment positions:   384

  #  Code        #_Res #_Segm PDB_code    Name
-------------------------------------------------------------------------------
  1     1mc5_A     373      1      1mc5_A
  2     target     381      1      target
check_a_343_> >> BEGINNING OF COMMAND
openf___224_> Open           ./1mc5_A.pdb

Dynamically allocated memory at amaxcoordinates [B,KiB,MiB]:       645150     630.029     0.615

Dynamically allocated memory at    amaxsequence [B,KiB,MiB]:       645150     630.029     0.615

Dynamically allocated memory at amaxcoordinates [B,KiB,MiB]:       645321     630.196     0.615

Dynamically allocated memory at amaxcoordinates [B,KiB,MiB]:       646171     631.026     0.616

Dynamically allocated memory at amaxcoordinates [B,KiB,MiB]:       647429     632.255     0.617

Dynamically allocated memory at amaxcoordinates [B,KiB,MiB]:       649333     634.114     0.619

Dynamically allocated memory at    amaxsequence [B,KiB,MiB]:       649333     634.114     0.619

Dynamically allocated memory at amaxcoordinates [B,KiB,MiB]:       649423     634.202     0.619

Dynamically allocated memory at amaxcoordinates [B,KiB,MiB]:       652279     636.991     0.622

Dynamically allocated memory at    amaxsequence [B,KiB,MiB]:       652279     636.991     0.622

Dynamically allocated memory at amaxcoordinates [B,KiB,MiB]:       652414     637.123     0.622

Dynamically allocated memory at amaxcoordinates [B,KiB,MiB]:       656698     641.307     0.626

Dynamically allocated memory at    amaxsequence [B,KiB,MiB]:       656698     641.307     0.626

Dynamically allocated memory at amaxcoordinates [B,KiB,MiB]:       656896     641.500     0.626

Dynamically allocated memory at amaxcoordinates [B,KiB,MiB]:       663322     647.775     0.633

Dynamically allocated memory at    amaxsequence [B,KiB,MiB]:       663322     647.775     0.633

Dynamically allocated memory at amaxcoordinates [B,KiB,MiB]:       663619     648.065     0.633

Dynamically allocated memory at amaxcoordinates [B,KiB,MiB]:       673241     657.462     0.642

Dynamically allocated memory at    amaxsequence [B,KiB,MiB]:       673241     657.462     0.642

Dynamically allocated memory at amaxcoordinates [B,KiB,MiB]:       673691     657.901     0.642

Dynamically allocated memory at amaxcoordinates [B,KiB,MiB]:       688141     672.013     0.656

Dynamically allocated memory at    amaxsequence [B,KiB,MiB]:       688141     672.013     0.656

Dynamically allocated memory at amaxcoordinates [B,KiB,MiB]:       688816     672.672     0.657

Dynamically allocated memory at amaxcoordinates [B,KiB,MiB]:       710474     693.822     0.678

Dynamically allocated memory at    amaxsequence [B,KiB,MiB]:       710474     693.822     0.678

Dynamically allocated memory at amaxcoordinates [B,KiB,MiB]:       711482     694.807     0.679

Dynamically allocated memory at amaxcoordinates [B,KiB,MiB]:       743986     726.549     0.710

Dynamically allocated memory at    amaxsequence [B,KiB,MiB]:       743986     726.549     0.710

Dynamically allocated memory at amaxcoordinates [B,KiB,MiB]:       745498     728.025     0.711

Dynamically allocated memory at   amaxstructure [B,KiB,MiB]:       744310     726.865     0.710

check_ali___> Checking the sequence-structure alignment. 

Implied intrachain target CA(i)-CA(i+1) distances longer than  8.0 angstroms:

ALN_POS  TMPL  RID1  RID2  NAM1  NAM2     DIST
----------------------------------------------
END OF TABLE
check_a_344_> << END OF COMMAND
openf___224_> Open           ${LIB}/top_heav.lib
read_to_681_> topology.submodel read from topology file:        3
openf___224_> Open           ${LIB}/par.lib

Dynamically allocated memory at  amaxparameters [B,KiB,MiB]:       883562     862.854     0.843

Dynamically allocated memory at  amaxparameters [B,KiB,MiB]:       885162     864.416     0.844

Dynamically allocated memory at  amaxparameters [B,KiB,MiB]:       889142     868.303     0.848

Dynamically allocated memory at  amaxparameters [B,KiB,MiB]:       891142     870.256     0.850

Dynamically allocated memory at  amaxparameters [B,KiB,MiB]:       894142     873.186     0.853

Dynamically allocated memory at  amaxparameters [B,KiB,MiB]:       898642     877.580     0.857

Dynamically allocated memory at  amaxparameters [B,KiB,MiB]:       904214     883.021     0.862

Dynamically allocated memory at  amaxparameters [B,KiB,MiB]:       907014     885.756     0.865

Dynamically allocated memory at  amaxparameters [B,KiB,MiB]:       911214     889.857     0.869

Dynamically allocated memory at  amaxparameters [B,KiB,MiB]:       917514     896.010     0.875

Dynamically allocated memory at  amaxparameters [B,KiB,MiB]:       920286     898.717     0.878

Dynamically allocated memory at  amaxparameters [B,KiB,MiB]:       921686     900.084     0.879
read_pa_232_> parameters    BONDS   ANGLS  DIHEDS IMPROPS    MODE
                              227     561     661     112       0

Dynamically allocated memory at       amaxmodel [B,KiB,MiB]:       981346     958.346     0.936

Dynamically allocated memory at       amaxmodel [B,KiB,MiB]:      1263292    1233.684     1.205

Dynamically allocated memory at       amaxmodel [B,KiB,MiB]:      1305700    1275.098     1.245

mkilst______> segment topology constructed from sequence and RTF:
              segments residues  atoms  bonds angles dihedrals impropers:
                     1      381   2858   2915      0         0      1193

Dynamically allocated memory at       amaxmodel [B,KiB,MiB]:      1428020    1394.551     1.362

patch_______> segment topology patched using RTF:  1 ;  MET  ;  NTER
              segments residues  atoms  bonds angles dihedrals impropers:
                     1      381   2858   2915   3949      4685      1193


Dynamically allocated memory at       amaxmodel [B,KiB,MiB]:      1560596    1524.020     1.488
patch_______> segment topology patched using RTF:  381 ;  LYS  ;  CTER
              segments residues  atoms  bonds angles dihedrals impropers:
                     1      381   2859   2916   3951      4687      1194

genseg______> segment topology constructed from sequence and RTF:
              segments residues  atoms  bonds angles dihedrals impropers:
                     1      381   2859   2916   3951      4687      1194
transfe_506_> MODEL is an average of all templates.
transfe_511_> Number of templates for coordinate transfer:        1
              After transferring coordinates of the equivalent template atoms,
              there are defined, undefined atoms in MODEL:     2535      324
openf___224_> Open           target.ini
wrpdb___568_> Residues, atoms, selected atoms:      381     2859     2859
make_re_417_> Restraint type to be calculated:  stereo

Dynamically allocated memory at  amaxrestraints [B,KiB,MiB]:      1668045    1628.950     1.591

Dynamically allocated memory at  amaxrestraints [B,KiB,MiB]:      1676237    1636.950     1.599

Dynamically allocated memory at  amaxrestraints [B,KiB,MiB]:      1692621    1652.950     1.614

Dynamically allocated memory at  amaxrestraints [B,KiB,MiB]:      1725389    1684.950     1.645

Dynamically allocated memory at  amaxrestraints [B,KiB,MiB]:      1758157    1716.950     1.677

Dynamically allocated memory at  amaxrestraints [B,KiB,MiB]:      1823693    1780.950     1.739

Dynamically allocated memory at  amaxrestraints [B,KiB,MiB]:      1856461    1812.950     1.770

Dynamically allocated memory at  amaxrestraints [B,KiB,MiB]:      1889229    1844.950     1.802

Dynamically allocated memory at  amaxrestraints [B,KiB,MiB]:      1954765    1908.950     1.864

Dynamically allocated memory at  amaxrestraints [B,KiB,MiB]:      2085837    2036.950     1.989

Dynamically allocated memory at  amaxrestraints [B,KiB,MiB]:      2151373    2100.950     2.052

Dynamically allocated memory at  amaxrestraints [B,KiB,MiB]:      2216909    2164.950     2.114

Dynamically allocated memory at  amaxrestraints [B,KiB,MiB]:      2347981    2292.950     2.239

Dynamically allocated memory at  amaxrestraints [B,KiB,MiB]:      2610125    2548.950     2.489

Dynamically allocated memory at  amaxrestraints [B,KiB,MiB]:      2741197    2676.950     2.614
r_stere_606_> Stereochemical restraints were constructed from RTF & PRMF.
              Added bond,angle,dihedral,improper restraints  :     2916    3951    4451    1180
              Total number of restraints before, now         :        0    12498
make_re_422_> Number of previous, current restraints         :        0    12498
make_re_423_> Number of previous, current selected restraints:        0    12498
make_re_417_> Restraint type to be calculated:  phi-psi_binormal

Dynamically allocated memory at   amaxstructure [B,KiB,MiB]:      2955167    2885.905     2.818
openf___224_> Open           ${MODINSTALL10v5}/modlib/mnch1.bin
openf___224_> Open           ${MODINSTALL10v5}/modlib/mnch1.mdt
getdata_643_> Protein accepted:  1mc5_A
getdata_289_> Proteins (all/accepted):        1        1
make_re_422_> Number of previous, current restraints         :    12498    12877
make_re_423_> Number of previous, current selected restraints:    12498    12877
make_re_417_> Restraint type to be calculated:  omega_dihedral

Dynamically allocated memory at   amaxstructure [B,KiB,MiB]:      2955183    2885.921     2.818
openf___224_> Open           ${MODINSTALL10v5}/modlib/omega.bin
openf___224_> Open           ${MODINSTALL10v5}/modlib/omega.mdt
getdata_643_> Protein accepted:  1mc5_A
getdata_289_> Proteins (all/accepted):        1        1
omgdel__425_> Unselected all O C +N +CA dihedrals:      394
              (This is to avoid clashes between STEREO
              and OMEGA_DIHEDRAL restraints)
make_re_422_> Number of previous, current restraints         :    12877    13257
make_re_423_> Number of previous, current selected restraints:    12877    12863
make_re_417_> Restraint type to be calculated:  chi1_dihedral

Dynamically allocated memory at   amaxstructure [B,KiB,MiB]:      2955183    2885.921     2.818
openf___224_> Open           ${MODINSTALL10v5}/modlib/chi1234.bin
openf___224_> Open           ${MODINSTALL10v5}/modlib/chi1.mdt
getdata_643_> Protein accepted:  1mc5_A
getdata_289_> Proteins (all/accepted):        1        1

Dynamically allocated memory at  amaxrestraints [B,KiB,MiB]:      3086255    3013.921     2.943
make_re_422_> Number of previous, current restraints         :    13257    13567
make_re_423_> Number of previous, current selected restraints:    12863    13173
make_re_417_> Restraint type to be calculated:  chi2_dihedral

Dynamically allocated memory at   amaxstructure [B,KiB,MiB]:      3086255    3013.921     2.943
openf___224_> Open           ${MODINSTALL10v5}/modlib/chi1234.bin
openf___224_> Open           ${MODINSTALL10v5}/modlib/chi2.mdt
getdata_643_> Protein accepted:  1mc5_A
getdata_289_> Proteins (all/accepted):        1        1
make_re_422_> Number of previous, current restraints         :    13567    13771
make_re_423_> Number of previous, current selected restraints:    13173    13377
make_re_417_> Restraint type to be calculated:  chi3_dihedral

Dynamically allocated memory at   amaxstructure [B,KiB,MiB]:      3086255    3013.921     2.943
openf___224_> Open           ${MODINSTALL10v5}/modlib/chi1234.bin
openf___224_> Open           ${MODINSTALL10v5}/modlib/chi3.mdt
getdata_643_> Protein accepted:  1mc5_A
getdata_289_> Proteins (all/accepted):        1        1
make_re_422_> Number of previous, current restraints         :    13771    13863
make_re_423_> Number of previous, current selected restraints:    13377    13469
make_re_417_> Restraint type to be calculated:  chi4_dihedral

Dynamically allocated memory at   amaxstructure [B,KiB,MiB]:      3086255    3013.921     2.943
openf___224_> Open           ${MODINSTALL10v5}/modlib/chi1234.bin
openf___224_> Open           ${MODINSTALL10v5}/modlib/chi4.mdt
mdtrsr__446W> A potential that relies on one protein is used, yet you have at
              least one known structure available. MDT, not library, potential is used.
getdata_643_> Protein accepted:  1mc5_A
getdata_289_> Proteins (all/accepted):        1        1
make_re_422_> Number of previous, current restraints         :    13863    13901
make_re_423_> Number of previous, current selected restraints:    13469    13507
make_re_417_> Restraint type to be calculated:  DISTANCE

Dynamically allocated memory at amaxhash_contac [B,KiB,MiB]:      3909611    3817.979     3.728

Dynamically allocated memory at  amaxrestraints [B,KiB,MiB]:      4171755    4073.979     3.978

Dynamically allocated memory at  amaxrestraints [B,KiB,MiB]:      4433899    4329.979     4.228

Dynamically allocated memory at  amaxrestraints [B,KiB,MiB]:      4958187    4841.979     4.728
make_re_422_> Number of previous, current restraints         :    13901    22733
make_re_423_> Number of previous, current selected restraints:    13507    22339
make_re_417_> Restraint type to be calculated:  DISTANCE

Dynamically allocated memory at  amaxrestraints [B,KiB,MiB]:      5220331    5097.979     4.978
make_re_422_> Number of previous, current restraints         :    22733    31605
make_re_423_> Number of previous, current selected restraints:    22339    31211
make_re_417_> Restraint type to be calculated:  DISTANCE

Dynamically allocated memory at  amaxrestraints [B,KiB,MiB]:      5744619    5609.979     5.478
make_re_422_> Number of previous, current restraints         :    31605    36389
make_re_423_> Number of previous, current selected restraints:    31211    35995
make_re_417_> Restraint type to be calculated:  DISTANCE

Dynamically allocated memory at  amaxrestraints [B,KiB,MiB]:      6793195    6633.979     6.478
make_re_422_> Number of previous, current restraints         :    36389    38603
make_re_423_> Number of previous, current selected restraints:    35995    38209
0 atoms in HETATM/BLK residues constrained
to protein atoms within 2.30 angstroms
and protein CA atoms within 10.00 angstroms
make_re_417_> Restraint type to be calculated:  DISTANCE
make_re_422_> Number of previous, current restraints         :    38603    38603
make_re_423_> Number of previous, current selected restraints:    38209    38209
make_re_417_> Restraint type to be calculated:  DISTANCE
make_re_422_> Number of previous, current restraints         :    38603    38603
make_re_423_> Number of previous, current selected restraints:    38209    38209
make_re_417_> Restraint type to be calculated:  DISTANCE
make_re_422_> Number of previous, current restraints         :    38603    38603
make_re_423_> Number of previous, current selected restraints:    38209    38209
make_re_417_> Restraint type to be calculated:  DISTANCE
make_re_422_> Number of previous, current restraints         :    38603    38603
make_re_423_> Number of previous, current selected restraints:    38209    38209
0 atoms in residues without defined topology
constrained to be rigid bodies
make_re_417_> Restraint type to be calculated:  DISTANCE
make_re_422_> Number of previous, current restraints         :    38603    38603
make_re_423_> Number of previous, current selected restraints:    38209    38209
rmdupl__427_>     2238 redundant cosine dihedral restraints were unselected.
condens_443_> Restraints marked for deletion were removed.
              Total number of restraints before, now:    38603    35971
openf___224_> Open           target.rsr
openf___224_> Open           target.rsr
rdcsr2__307_> Number of restraints read    :    35971
              Number of excluded pairs read:        0
              Number of pseudo atoms read  :        0
rdcsrs__304_> Restraints in memory, selected restraints:    35971    35971
              Explicitly excluded atom pairs in memory :        0
              Pseudo atoms in memory                   :        0
openf___224_> Open           target.ini

Dynamically allocated memory at       amaxmodel [B,KiB,MiB]:      6097507    5954.597     5.815
read_mo_297_> Segments, residues, atoms:        1      381     2859
read_mo_298_> Segment:        1  1:A  381:A     2859
randomi_498_> Atoms,selected atoms,random_seed,amplitude:     2859     2859        1        4.0000
randomi_496_> Amplitude is > 0; randomization is done.
pick_re_612_> Number of MODEL atoms, selected restraints;     2859    17281
pick_re_612_> Number of MODEL atoms, selected restraints;     2859    19469
pick_re_612_> Number of MODEL atoms, selected restraints;     2859    20715
pick_re_612_> Number of MODEL atoms, selected restraints;     2859    22223
pick_re_612_> Number of MODEL atoms, selected restraints;     2859    24143
pick_re_612_> Number of MODEL atoms, selected restraints;     2859    26806
pick_re_612_> Number of MODEL atoms, selected restraints;     2859    28427
pick_re_612_> Number of MODEL atoms, selected restraints;     2859    30405
pick_re_612_> Number of MODEL atoms, selected restraints;     2859    32243

Dynamically allocated memory at  amaxrestraints [B,KiB,MiB]:      6458695    6307.319     6.159
pick_re_612_> Number of MODEL atoms, selected restraints;     2859    34526
pick_re_612_> Number of MODEL atoms, selected restraints;     2859    35366
pick_re_612_> Number of MODEL atoms, selected restraints;     2859    35971
iupac_m_486_> OE1/2 will be swapped:     -171.4456       19  19
iupac_m_485_> OD1/2 will be swapped:      167.2263       28  28
iupac_m_483_> CD1/2 CE1/2 swapped:       95.1278       45  45
iupac_m_397W> Atoms were not swapped because of the uncertainty of how to handle the H atom.
iupac_m_483_> CD1/2 CE1/2 swapped:      -91.6830       65  65
iupac_m_397W> Atoms were not swapped because of the uncertainty of how to handle the H atom.
iupac_m_486_> OE1/2 will be swapped:     -165.1393       72  72
iupac_m_486_> OE1/2 will be swapped:     -159.5806       82  82
iupac_m_486_> OE1/2 will be swapped:     -143.9554      103  103
iupac_m_487_> NH1/2 swapped:     -177.2413      119  119
iupac_m_485_> OD1/2 will be swapped:     -155.2732      159  159
iupac_m_486_> OE1/2 will be swapped:     -151.7871      214  214
iupac_m_485_> OD1/2 will be swapped:      103.4628      230  230
iupac_m_483_> CD1/2 CE1/2 swapped:      -91.5137      240  240
iupac_m_397W> Atoms were not swapped because of the uncertainty of how to handle the H atom.
iupac_m_483_> CD1/2 CE1/2 swapped:      133.8143      245  245
iupac_m_397W> Atoms were not swapped because of the uncertainty of how to handle the H atom.
iupac_m_485_> OD1/2 will be swapped:     -166.3450      264  264
iupac_m_487_> NH1/2 swapped:     -179.3523      309  309
iupac_m_487_> NH1/2 swapped:      174.3115      317  317
iupac_m_483_> CD1/2 CE1/2 swapped:       93.5568      327  327
iupac_m_397W> Atoms were not swapped because of the uncertainty of how to handle the H atom.
iupac_m_485_> OD1/2 will be swapped:      133.1855      365  365
iupac_m_487_> NH1/2 swapped:      178.1076      374  374


>> ENERGY; Differences between the model's features and restraints:
Number of all residues in MODEL                   :      381
Number of all, selected real atoms                :     2859    2859
Number of all, selected pseudo atoms              :        0       0
Number of all static, selected restraints         :    35971   35971
COVALENT_CYS                                      :        F
NONBONDED_SEL_ATOMS                               :        1
Number of non-bonded pairs (excluding 1-2,1-3,1-4):     6279
Dynamic pairs routine                             : 2, NATM x NATM cell sorting
Atomic shift for contacts update (UPDATE_DYNAMIC) :    0.390
LENNARD_JONES_SWITCH                              :    6.500   7.500
COULOMB_JONES_SWITCH                              :    6.500   7.500
RESIDUE_SPAN_RANGE                                :        0   99999
NLOGN_USE                                         :       15
CONTACT_SHELL                                     :    4.000
DYNAMIC_PAIRS,_SPHERE,_COULOMB,_LENNARD,_MODELLER :        T       T       F       F       F
SPHERE_STDV                                       :    0.050
RADII_FACTOR                                      :    0.820
Current energy                                    :        2187.9426





Summary of the restraint violations: 

   NUM     ... number of restraints.
   NUMVI   ... number of restraints with RVIOL > VIOL_REPORT_CUT[i].
   RVIOL   ... relative difference from the best value.
   NUMVP   ... number of restraints with -Ln(pdf) > VIOL_REPORT_CUT2[i].
   RMS_1   ... RMS(feature, minimally_violated_basis_restraint, NUMB).
   RMS_2   ... RMS(feature, best_value, NUMB).
   MOL.PDF ... scaled contribution to -Ln(Molecular pdf).

 #                     RESTRAINT_GROUP      NUM   NUMVI  NUMVP   RMS_1   RMS_2         MOL.PDF     S_i
------------------------------------------------------------------------------------------------------
 1 Bond length potential              :    2916       0      0   0.006   0.006      28.943       1.000
 2 Bond angle potential               :    3951       0      9   1.939   1.939      301.33       1.000
 3 Stereochemical cosine torsion poten:    1819       0     67  49.054  49.054      693.68       1.000
 4 Stereochemical improper torsion pot:    1180       0      3   1.398   1.398      59.249       1.000
 5 Soft-sphere overlap restraints     :    6279       0      0   0.002   0.002      4.4197       1.000
 6 Lennard-Jones 6-12 potential       :       0       0      0   0.000   0.000      0.0000       1.000
 7 Coulomb point-point electrostatic p:       0       0      0   0.000   0.000      0.0000       1.000
 8 H-bonding potential                :       0       0      0   0.000   0.000      0.0000       1.000
 9 Distance restraints 1 (CA-CA)      :    8832       0      2   0.107   0.107      102.92       1.000
10 Distance restraints 2 (N-O)        :    8872       1      6   0.147   0.147      232.23       1.000
11 Mainchain Phi dihedral restraints  :       0       0      0   0.000   0.000      0.0000       1.000
12 Mainchain Psi dihedral restraints  :       0       0      0   0.000   0.000      0.0000       1.000
13 Mainchain Omega dihedral restraints:     380       0      7   4.203   4.203      78.339       1.000
14 Sidechain Chi_1 dihedral restraints:     310       0      1  63.314  63.314      47.499       1.000
15 Sidechain Chi_2 dihedral restraints:     204       0      2  76.176  76.176      75.927       1.000
16 Sidechain Chi_3 dihedral restraints:      92       0      0  64.225  64.225      58.575       1.000
17 Sidechain Chi_4 dihedral restraints:      38       0      0  86.956  86.956      25.287       1.000
18 Disulfide distance restraints      :       0       0      0   0.000   0.000      0.0000       1.000
19 Disulfide angle restraints         :       0       0      0   0.000   0.000      0.0000       1.000
20 Disulfide dihedral angle restraints:       0       0      0   0.000   0.000      0.0000       1.000
21 Lower bound distance restraints    :       0       0      0   0.000   0.000      0.0000       1.000
22 Upper bound distance restraints    :       0       0      0   0.000   0.000      0.0000       1.000
23 Distance restraints 3 (SDCH-MNCH)  :    4784       0      0   0.345   0.345      107.14       1.000
24 Sidechain Chi_5 dihedral restraints:       0       0      0   0.000   0.000      0.0000       1.000
25 Phi/Psi pair of dihedral restraints:     379      15     46  25.007  37.587      238.54       1.000
26 Distance restraints 4 (SDCH-SDCH)  :    2214       0      0   0.617   0.617      133.86       1.000
27 Distance restraints 5 (X-Y)        :       0       0      0   0.000   0.000      0.0000       1.000
28 NMR distance restraints 6 (X-Y)    :       0       0      0   0.000   0.000      0.0000       1.000
29 NMR distance restraints 7 (X-Y)    :       0       0      0   0.000   0.000      0.0000       1.000
30 Minimal distance restraints        :       0       0      0   0.000   0.000      0.0000       1.000
31 Non-bonded restraints              :       0       0      0   0.000   0.000      0.0000       1.000
32 Atomic accessibility restraints    :       0       0      0   0.000   0.000      0.0000       1.000
33 Atomic density restraints          :       0       0      0   0.000   0.000      0.0000       1.000
34 Absolute position restraints       :       0       0      0   0.000   0.000      0.0000       1.000
35 Dihedral angle difference restraint:       0       0      0   0.000   0.000      0.0000       1.000
36 GBSA implicit solvent potential    :       0       0      0   0.000   0.000      0.0000       1.000
37 EM density fitting potential       :       0       0      0   0.000   0.000      0.0000       1.000
38 SAXS restraints                    :       0       0      0   0.000   0.000      0.0000       1.000
39 Symmetry restraints                :       0       0      0   0.000   0.000      0.0000       1.000



openf___224_> Open           target.V99990001
# Heavy relative violation of each residue is written to: target.V99990001
# The profile is NOT normalized by the number of restraints.
# The profiles are smoothed over a window of residues:    1
# The sum of all numbers in the file:   33315.9062



List of the violated restraints:
   A restraint is violated when the relative difference
   from the best value (RVIOL) is larger than CUTOFF.

   ICSR   ... index of a restraint in the current set.
   RESNO  ... residue numbers of the first two atoms.
   ATM    ... IUPAC atom names of the first two atoms.
   FEAT   ... the value of the feature in the model.
   restr  ... the mean of the basis restraint with the smallest
              difference from the model (local minimum).
   viol   ... difference from the local minimum.
   rviol  ... relative difference from the local minimum.
   RESTR  ... the best value (global minimum).
   VIOL   ... difference from the best value.
   RVIOL  ... relative difference from the best value.


-------------------------------------------------------------------------------------------------

Feature 10                           : Distance restraints 2 (N-O)             
List of the RVIOL violations larger than   :       4.5000

    #   ICSR  RESNO1/2 ATM1/2   INDATM1/2    FEAT   restr    viol   rviol   RESTR    VIOL   RVIOL
    1  20692  37G  82E N   O     262  611    5.53    2.82    2.71    4.68    2.82    2.71    4.68

-------------------------------------------------------------------------------------------------

Feature 25                           : Phi/Psi pair of dihedral restraints     
List of the RVIOL violations larger than   :       6.5000

    #   ICSR  RESNO1/2 ATM1/2   INDATM1/2    FEAT   restr    viol   rviol   RESTR    VIOL   RVIOL
    1   9867   1M   2A C   N       7    9  -71.09  -68.20   10.13    0.72  -62.50  164.32   27.36
    1          2A   2A N   CA      9   10  155.01  145.30                  -40.90
    2   9868   2A   3S C   N      12   14  -74.34  -72.40   13.43    0.72  -64.10  159.63   12.20
    2          3S   3S N   CA     14   15  165.69  152.40                  -35.00
    3   9869   3S   4S C   N      18   20 -121.11 -136.60   18.90    1.01  -64.10  172.64   16.51
    3          4S   4S N   CA     20   21  162.04  151.20                  -35.00
    4   9871   5T   6Q C   N      31   33  -73.38  -73.00   17.02    1.10  -63.80  162.27   24.37
    4          6Q   6Q N   CA     33   34  157.72  140.70                  -40.30
    5   9873   7G   8Q C   N      44   46 -168.83 -121.10   47.97    1.90  -73.00   96.01    6.96
    5          8Q   8Q N   CA     46   47  134.96  139.70                  140.70
    6   9947  81G  82E C   N     601  603  -53.52  -63.60   39.08    4.73  -69.30  140.33   11.25
    6         82E  82E N   CA    603  604  -78.05  -40.30                  142.50
    7   9948  82E  83G C   N     610  612  -60.09  -62.40   19.81    3.07   82.20  145.43   10.69
    7         83G  83G N   CA    612  613  -21.53  -41.20                    8.50
    8   9978 112T 113N C   N     838  840 -130.98  -63.20   92.89   10.48  -63.20   92.89   10.48
    8        113N 113N N   CA    840  841   22.42  -41.10                  -41.10
    9  10016 150T 151F C   N    1125 1127  -73.49  -63.20   63.59    8.16  -63.20   63.59    8.16
    9        151F 151F N   CA   1127 1128   18.45  -44.30                  -44.30
   10  10044 178G 179C C   N    1338 1340 -119.21  -63.00   64.92   11.58  -63.00   64.92   11.58
   10        179C 179C N   CA   1340 1341  -73.58  -41.10                  -41.10
   11  10070 204G 205L C   N    1513 1515  -81.74  -63.50   61.86    7.75  -63.50   61.86    7.75
   11        205L 205L N   CA   1515 1516   17.90  -41.20                  -41.20
   12  10212 346K 347V C   N    2585 2587 -104.53  -62.40   42.13    6.67  -62.40   42.13    6.67
   12        347V 347V N   CA   2587 2588  -42.13  -42.40                  -42.40
   13  10243 377L 378A C   N    2828 2830 -137.39 -134.00    4.06    0.10  -62.50 -174.35   34.44
   13        378A 378A N   CA   2830 2831  149.23  147.00                  -40.90
   14  10244 378A 379T C   N    2833 2835  -91.61  -78.10   22.43    1.39  -63.20  176.30   20.85
   14        379T 379T N   CA   2835 2836  131.90  149.80                  -42.10
   15  10245 379T 380D C   N    2840 2842 -130.58  -96.50   46.05    1.92  -63.30 -172.67   27.47
   15        380D 380D N   CA   2842 2843  145.17  114.20                  -40.00


report______> Distribution of short non-bonded contacts:


DISTANCE1:  0.00 2.10 2.20 2.30 2.40 2.50 2.60 2.70 2.80 2.90 3.00 3.10 3.20 3.30 3.40
DISTANCE2:  2.10 2.20 2.30 2.40 2.50 2.60 2.70 2.80 2.90 3.00 3.10 3.20 3.30 3.40 3.50
FREQUENCY:     0    0    0    0    0   17   48  130  173  287  299  343  414  448  468


<< end of ENERGY.
openf___224_> Open           target.B99990001.pdb
wrpdb___568_> Residues, atoms, selected atoms:      381     2859     2859
openf___224_> Open           target.ini

Dynamically allocated memory at       amaxmodel [B,KiB,MiB]:      6458727    6307.351     6.160
read_mo_297_> Segments, residues, atoms:        1      381     2859
read_mo_298_> Segment:        1  1:A  381:A     2859
randomi_498_> Atoms,selected atoms,random_seed,amplitude:     2859     2859        1        4.0000
randomi_496_> Amplitude is > 0; randomization is done.
pick_re_612_> Number of MODEL atoms, selected restraints;     2859    17281
pick_re_612_> Number of MODEL atoms, selected restraints;     2859    19469
pick_re_612_> Number of MODEL atoms, selected restraints;     2859    20715
pick_re_612_> Number of MODEL atoms, selected restraints;     2859    22223
pick_re_612_> Number of MODEL atoms, selected restraints;     2859    24143
pick_re_612_> Number of MODEL atoms, selected restraints;     2859    26806
pick_re_612_> Number of MODEL atoms, selected restraints;     2859    28427
pick_re_612_> Number of MODEL atoms, selected restraints;     2859    30405
pick_re_612_> Number of MODEL atoms, selected restraints;     2859    32243
pick_re_612_> Number of MODEL atoms, selected restraints;     2859    34526
pick_re_612_> Number of MODEL atoms, selected restraints;     2859    35366
pick_re_612_> Number of MODEL atoms, selected restraints;     2859    35971
iupac_m_485_> OD1/2 will be swapped:      138.9765       28  28
iupac_m_483_> CD1/2 CE1/2 swapped:      -91.5092       65  65
iupac_m_397W> Atoms were not swapped because of the uncertainty of how to handle the H atom.
iupac_m_486_> OE1/2 will be swapped:     -167.5633       82  82
iupac_m_486_> OE1/2 will be swapped:     -119.6400       86  86
iupac_m_485_> OD1/2 will be swapped:      150.7332       91  91
iupac_m_487_> NH1/2 swapped:      178.7263      102  102
iupac_m_487_> NH1/2 swapped:     -178.0944      119  119
iupac_m_485_> OD1/2 will be swapped:      104.1436      130  130
iupac_m_487_> NH1/2 swapped:      178.4695      131  131
iupac_m_487_> NH1/2 swapped:     -173.6511      134  134
iupac_m_486_> OE1/2 will be swapped:      176.6048      214  214
iupac_m_483_> CD1/2 CE1/2 swapped:      129.3268      245  245
iupac_m_397W> Atoms were not swapped because of the uncertainty of how to handle the H atom.
iupac_m_485_> OD1/2 will be swapped:      176.6002      250  250
iupac_m_485_> OD1/2 will be swapped:      158.1430      264  264
iupac_m_487_> NH1/2 swapped:      177.8182      317  317
iupac_m_487_> NH1/2 swapped:     -179.2217      330  330
iupac_m_486_> OE1/2 will be swapped:      178.0807      344  344
iupac_m_485_> OD1/2 will be swapped:      129.8204      359  359
iupac_m_485_> OD1/2 will be swapped:      169.6903      365  365


>> ENERGY; Differences between the model's features and restraints:
Number of all residues in MODEL                   :      381
Number of all, selected real atoms                :     2859    2859
Number of all, selected pseudo atoms              :        0       0
Number of all static, selected restraints         :    35971   35971
COVALENT_CYS                                      :        F
NONBONDED_SEL_ATOMS                               :        1
Number of non-bonded pairs (excluding 1-2,1-3,1-4):     6221
Dynamic pairs routine                             : 2, NATM x NATM cell sorting
Atomic shift for contacts update (UPDATE_DYNAMIC) :    0.390
LENNARD_JONES_SWITCH                              :    6.500   7.500
COULOMB_JONES_SWITCH                              :    6.500   7.500
RESIDUE_SPAN_RANGE                                :        0   99999
NLOGN_USE                                         :       15
CONTACT_SHELL                                     :    4.000
DYNAMIC_PAIRS,_SPHERE,_COULOMB,_LENNARD,_MODELLER :        T       T       F       F       F
SPHERE_STDV                                       :    0.050
RADII_FACTOR                                      :    0.820
Current energy                                    :        2167.3884





Summary of the restraint violations: 

   NUM     ... number of restraints.
   NUMVI   ... number of restraints with RVIOL > VIOL_REPORT_CUT[i].
   RVIOL   ... relative difference from the best value.
   NUMVP   ... number of restraints with -Ln(pdf) > VIOL_REPORT_CUT2[i].
   RMS_1   ... RMS(feature, minimally_violated_basis_restraint, NUMB).
   RMS_2   ... RMS(feature, best_value, NUMB).
   MOL.PDF ... scaled contribution to -Ln(Molecular pdf).

 #                     RESTRAINT_GROUP      NUM   NUMVI  NUMVP   RMS_1   RMS_2         MOL.PDF     S_i
------------------------------------------------------------------------------------------------------
 1 Bond length potential              :    2916       0      1   0.006   0.006      33.133       1.000
 2 Bond angle potential               :    3951       0     11   1.965   1.965      307.10       1.000
 3 Stereochemical cosine torsion poten:    1819       0     74  49.192  49.192      698.70       1.000
 4 Stereochemical improper torsion pot:    1180       0      3   1.380   1.380      58.814       1.000
 5 Soft-sphere overlap restraints     :    6221       0      0   0.004   0.004      9.5060       1.000
 6 Lennard-Jones 6-12 potential       :       0       0      0   0.000   0.000      0.0000       1.000
 7 Coulomb point-point electrostatic p:       0       0      0   0.000   0.000      0.0000       1.000
 8 H-bonding potential                :       0       0      0   0.000   0.000      0.0000       1.000
 9 Distance restraints 1 (CA-CA)      :    8832       0      2   0.111   0.111      110.32       1.000
10 Distance restraints 2 (N-O)        :    8872       0      1   0.137   0.137      204.16       1.000
11 Mainchain Phi dihedral restraints  :       0       0      0   0.000   0.000      0.0000       1.000
12 Mainchain Psi dihedral restraints  :       0       0      0   0.000   0.000      0.0000       1.000
13 Mainchain Omega dihedral restraints:     380       1      5   4.281   4.281      81.342       1.000
14 Sidechain Chi_1 dihedral restraints:     310       0      2  62.759  62.759      39.335       1.000
15 Sidechain Chi_2 dihedral restraints:     204       0      5  66.560  66.560      65.015       1.000
16 Sidechain Chi_3 dihedral restraints:      92       0      0  71.833  71.833      57.668       1.000
17 Sidechain Chi_4 dihedral restraints:      38       0      0  84.907  84.907      24.326       1.000
18 Disulfide distance restraints      :       0       0      0   0.000   0.000      0.0000       1.000
19 Disulfide angle restraints         :       0       0      0   0.000   0.000      0.0000       1.000
20 Disulfide dihedral angle restraints:       0       0      0   0.000   0.000      0.0000       1.000
21 Lower bound distance restraints    :       0       0      0   0.000   0.000      0.0000       1.000
22 Upper bound distance restraints    :       0       0      0   0.000   0.000      0.0000       1.000
23 Distance restraints 3 (SDCH-MNCH)  :    4784       0      0   0.321   0.321      93.495       1.000
24 Sidechain Chi_5 dihedral restraints:       0       0      0   0.000   0.000      0.0000       1.000
25 Phi/Psi pair of dihedral restraints:     379      16     47  27.313  38.681      268.31       1.000
26 Distance restraints 4 (SDCH-SDCH)  :    2214       0      0   0.574   0.574      116.15       1.000
27 Distance restraints 5 (X-Y)        :       0       0      0   0.000   0.000      0.0000       1.000
28 NMR distance restraints 6 (X-Y)    :       0       0      0   0.000   0.000      0.0000       1.000
29 NMR distance restraints 7 (X-Y)    :       0       0      0   0.000   0.000      0.0000       1.000
30 Minimal distance restraints        :       0       0      0   0.000   0.000      0.0000       1.000
31 Non-bonded restraints              :       0       0      0   0.000   0.000      0.0000       1.000
32 Atomic accessibility restraints    :       0       0      0   0.000   0.000      0.0000       1.000
33 Atomic density restraints          :       0       0      0   0.000   0.000      0.0000       1.000
34 Absolute position restraints       :       0       0      0   0.000   0.000      0.0000       1.000
35 Dihedral angle difference restraint:       0       0      0   0.000   0.000      0.0000       1.000
36 GBSA implicit solvent potential    :       0       0      0   0.000   0.000      0.0000       1.000
37 EM density fitting potential       :       0       0      0   0.000   0.000      0.0000       1.000
38 SAXS restraints                    :       0       0      0   0.000   0.000      0.0000       1.000
39 Symmetry restraints                :       0       0      0   0.000   0.000      0.0000       1.000



openf___224_> Open           target.V99990002
# Heavy relative violation of each residue is written to: target.V99990002
# The profile is NOT normalized by the number of restraints.
# The profiles are smoothed over a window of residues:    1
# The sum of all numbers in the file:   32696.5039



List of the violated restraints:
   A restraint is violated when the relative difference
   from the best value (RVIOL) is larger than CUTOFF.

   ICSR   ... index of a restraint in the current set.
   RESNO  ... residue numbers of the first two atoms.
   ATM    ... IUPAC atom names of the first two atoms.
   FEAT   ... the value of the feature in the model.
   restr  ... the mean of the basis restraint with the smallest
              difference from the model (local minimum).
   viol   ... difference from the local minimum.
   rviol  ... relative difference from the local minimum.
   RESTR  ... the best value (global minimum).
   VIOL   ... difference from the best value.
   RVIOL  ... relative difference from the best value.


-------------------------------------------------------------------------------------------------

Feature 13                           : Mainchain Omega dihedral restraints     
List of the RVIOL violations larger than   :       4.5000

    #   ICSR  RESNO1/2 ATM1/2   INDATM1/2    FEAT   restr    viol   rviol   RESTR    VIOL   RVIOL
    1  10372 127M 127M CA  C     933  938 -152.52 -180.00   27.48    5.49 -180.00   27.48    5.49

-------------------------------------------------------------------------------------------------

Feature 25                           : Phi/Psi pair of dihedral restraints     
List of the RVIOL violations larger than   :       6.5000

    #   ICSR  RESNO1/2 ATM1/2   INDATM1/2    FEAT   restr    viol   rviol   RESTR    VIOL   RVIOL
    1   9867   1M   2A C   N       7    9  -77.41  -68.20   11.90    0.76  -62.50  166.94   28.11
    1          2A   2A N   CA      9   10  152.83  145.30                  -40.90
    2   9868   2A   3S C   N      12   14 -117.63 -136.60   22.02    0.67  -64.10 -176.98   11.29
    2          3S   3S N   CA     14   15  140.02  151.20                  -35.00
    3   9869   3S   4S C   N      18   20 -105.77 -136.60   30.85    1.19  -64.10  179.85   15.87
    3          4S   4S N   CA     20   21  150.04  151.20                  -35.00
    4   9870   4S   5T C   N      24   26 -138.75 -124.80   21.00    0.66  -63.20  175.77   27.47
    4          5T   5T N   CA     26   27  159.20  143.50                  -42.10
    5   9871   5T   6Q C   N      31   33  -82.82  -73.00   14.68    0.85  -63.80  169.15   25.88
    5          6Q   6Q N   CA     33   34  151.62  140.70                  -40.30
    6   9873   7G   8Q C   N      44   46  174.07 -121.10   65.48    2.66  -73.00  113.39    8.28
    6          8Q   8Q N   CA     46   47  130.49  139.70                  140.70
    7   9978 112T 113N C   N     838  840 -131.10  -63.20   87.01   10.08  -63.20   87.01   10.08
    7        113N 113N N   CA    840  841   13.30  -41.10                  -41.10
    8   9992 126V 127M C   N     930  932   80.89  -63.40  144.56   27.32  -63.40  144.56   27.32
    8        127M 127M N   CA    932  933  -31.58  -40.50                  -40.50
    9   9993 127M 128M C   N     938  940   53.04  -73.00  144.69   11.60  -73.00  144.69   11.60
    9        128M 128M N   CA    940  941 -145.95  143.00                  143.00
   10  10016 150T 151F C   N    1125 1127  -74.61  -63.20   63.00    8.01  -63.20   63.00    8.01
   10        151F 151F N   CA   1127 1128   17.66  -44.30                  -44.30
   11  10044 178G 179C C   N    1338 1340 -119.20  -63.00   64.35   11.49  -63.00   64.35   11.49
   11        179C 179C N   CA   1340 1341  -72.44  -41.10                  -41.10
   12  10070 204G 205L C   N    1513 1515  -82.07  -63.50   61.75    7.73  -63.50   61.75    7.73
   12        205L 205L N   CA   1515 1516   17.69  -41.20                  -41.20
   13  10212 346K 347V C   N    2585 2587 -104.91  -62.40   42.55    6.84  -62.40   42.55    6.84
   13        347V 347V N   CA   2587 2588  -44.35  -42.40                  -42.40
   14  10243 377L 378A C   N    2828 2830 -179.86 -134.00   54.45    1.31  -62.50 -175.19   36.39
   14        378A 378A N   CA   2830 2831  176.34  147.00                  -40.90
   15  10244 378A 379T C   N    2833 2835  -72.31  -78.10    9.18    0.58  -63.20  161.24   21.28
   15        379T 379T N   CA   2835 2836  156.92  149.80                  -42.10
   16  10245 379T 380D C   N    2840 2842  -73.54  -70.90   14.78    0.60  -63.30  155.50   19.83
   16        380D 380D N   CA   2842 2843  164.84  150.30                  -40.00


report______> Distribution of short non-bonded contacts:


DISTANCE1:  0.00 2.10 2.20 2.30 2.40 2.50 2.60 2.70 2.80 2.90 3.00 3.10 3.20 3.30 3.40
DISTANCE2:  2.10 2.20 2.30 2.40 2.50 2.60 2.70 2.80 2.90 3.00 3.10 3.20 3.30 3.40 3.50
FREQUENCY:     0    0    0    0    0   15   43  138  170  280  310  357  383  448  470


<< end of ENERGY.
openf___224_> Open           target.B99990002.pdb
wrpdb___568_> Residues, atoms, selected atoms:      381     2859     2859

>> Summary of successfully produced models:
Filename                          molpdf
----------------------------------------
target.B99990001.pdb          2187.94263
target.B99990002.pdb          2167.38843


Dynamically allocated memory at          finish [B,KiB,MiB]:      6458695    6307.319     6.159
Starting time                                            : 2024/02/06 13:01:50
Closing time                                             : 2024/02/06 13:02:09
Total CPU time [seconds]                                 :      18.40
