
                         MODELLER 10.5, 2024/01/19, r12711

     PROTEIN STRUCTURE MODELLING BY SATISFACTION OF SPATIAL RESTRAINTS


                     Copyright(c) 1989-2024 Andrej Sali
                            All Rights Reserved

                             Written by A. Sali
                               with help from
              B. Webb, M.S. Madhusudhan, M-Y. Shen, G.Q. Dong,
          M.A. Marti-Renom, N. Eswar, F. Alber, M. Topf, B. Oliva,
             A. Fiser, R. Sanchez, B. Yerkovich, A. Badretdinov,
                     F. Melo, J.P. Overington, E. Feyfant
                 University of California, San Francisco, USA
                    Rockefeller University, New York, USA
                      Harvard University, Cambridge, USA
                   Imperial Cancer Research Fund, London, UK
              Birkbeck College, University of London, London, UK


Kind, OS, HostName, Kernel, Processor: 4, Darwin mar-104-129.eduroamcm.upf.edu 23.2.0 arm64
Date and time of compilation         : 2024/01/19 15:39:00
MODELLER executable type             : mac12arm64-gnu
Job starting time (YY/MM/DD HH:MM:SS): 2024/02/06 16:46:56

environ____W> The class 'environ' is deprecated; use 'Environ' instead
openf___224_> Open           $(LIB)/restyp.lib
openf___224_> Open           ${MODINSTALL10v5}/modlib/resgrp.lib
rdresgr_266_> Number of residue groups:        2
openf___224_> Open           ${MODINSTALL10v5}/modlib/sstruc.lib

Dynamically allocated memory at   amaxlibraries [B,KiB,MiB]:       191566     187.076     0.183

Dynamically allocated memory at   amaxlibraries [B,KiB,MiB]:       192094     187.592     0.183
openf___224_> Open           ${MODINSTALL10v5}/modlib/resdih.lib

Dynamically allocated memory at   amaxlibraries [B,KiB,MiB]:       240694     235.053     0.230
rdrdih__263_> Number of dihedral angle types         :        9
              Maximal number of dihedral angle optima:        3
              Dihedral angle names                   :  Alph Phi Psi Omeg chi1 chi2 chi3 chi4 chi5
openf___224_> Open           ${MODINSTALL10v5}/modlib/radii.lib

Dynamically allocated memory at   amaxlibraries [B,KiB,MiB]:       253994     248.041     0.242
openf___224_> Open           ${MODINSTALL10v5}/modlib/af_mnchdef.lib
rdwilmo_274_> Mainchain residue conformation classes:  APBLE
openf___224_> Open           ${MODINSTALL10v5}/modlib/mnch.lib
rdclass_257_> Number of classes:        5
openf___224_> Open           ${MODINSTALL10v5}/modlib/mnch1.lib
openf___224_> Open           ${MODINSTALL10v5}/modlib/mnch2.lib
openf___224_> Open           ${MODINSTALL10v5}/modlib/mnch3.lib
openf___224_> Open           ${MODINSTALL10v5}/modlib/xs4.mat
rdrrwgh_268_> Number of residue types:       21
automodel__W> The class 'automodel' is deprecated; use 'AutoModel' instead
openf___224_> Open           align8.pir

Dynamically allocated memory at   amaxalignment [B,KiB,MiB]:       282425     275.806     0.269

Dynamically allocated memory at   amaxalignment [B,KiB,MiB]:       297517     290.544     0.284

Dynamically allocated memory at   amaxalignment [B,KiB,MiB]:       312917     305.583     0.298

Dynamically allocated memory at   amaxalignment [B,KiB,MiB]:       343717     335.661     0.328

Dynamically allocated memory at   amaxalignment [B,KiB,MiB]:       405317     395.817     0.387

Dynamically allocated memory at   amaxalignment [B,KiB,MiB]:       528517     516.130     0.504

Dynamically allocated memory at    amaxsequence [B,KiB,MiB]:       529957     517.536     0.505

Dynamically allocated memory at    amaxsequence [B,KiB,MiB]:       531557     519.099     0.507

Read the alignment from file       : align8.pir

Total number of alignment positions:   407

  #  Code        #_Res #_Segm PDB_code    Name
-------------------------------------------------------------------------------
  1     1fr6_B     361      1      1fr6_B
  2     target     401      1      target
check_a_343_> >> BEGINNING OF COMMAND
openf___224_> Open           ./1fr6_B.pdb

Dynamically allocated memory at amaxcoordinates [B,KiB,MiB]:       641582     626.545     0.612

Dynamically allocated memory at    amaxsequence [B,KiB,MiB]:       641582     626.545     0.612

Dynamically allocated memory at amaxcoordinates [B,KiB,MiB]:       641753     626.712     0.612

Dynamically allocated memory at amaxcoordinates [B,KiB,MiB]:       642603     627.542     0.613

Dynamically allocated memory at amaxcoordinates [B,KiB,MiB]:       643861     628.771     0.614

Dynamically allocated memory at amaxcoordinates [B,KiB,MiB]:       645765     630.630     0.616

Dynamically allocated memory at    amaxsequence [B,KiB,MiB]:       645765     630.630     0.616

Dynamically allocated memory at amaxcoordinates [B,KiB,MiB]:       645855     630.718     0.616

Dynamically allocated memory at amaxcoordinates [B,KiB,MiB]:       648711     633.507     0.619

Dynamically allocated memory at    amaxsequence [B,KiB,MiB]:       648711     633.507     0.619

Dynamically allocated memory at amaxcoordinates [B,KiB,MiB]:       648846     633.639     0.619

Dynamically allocated memory at amaxcoordinates [B,KiB,MiB]:       653130     637.822     0.623

Dynamically allocated memory at    amaxsequence [B,KiB,MiB]:       653130     637.822     0.623

Dynamically allocated memory at amaxcoordinates [B,KiB,MiB]:       653328     638.016     0.623

Dynamically allocated memory at amaxcoordinates [B,KiB,MiB]:       659754     644.291     0.629

Dynamically allocated memory at    amaxsequence [B,KiB,MiB]:       659754     644.291     0.629

Dynamically allocated memory at amaxcoordinates [B,KiB,MiB]:       660051     644.581     0.629

Dynamically allocated memory at amaxcoordinates [B,KiB,MiB]:       669673     653.978     0.639

Dynamically allocated memory at    amaxsequence [B,KiB,MiB]:       669673     653.978     0.639

Dynamically allocated memory at amaxcoordinates [B,KiB,MiB]:       670123     654.417     0.639

Dynamically allocated memory at amaxcoordinates [B,KiB,MiB]:       684573     668.528     0.653

Dynamically allocated memory at    amaxsequence [B,KiB,MiB]:       684573     668.528     0.653

Dynamically allocated memory at amaxcoordinates [B,KiB,MiB]:       685248     669.188     0.654

Dynamically allocated memory at amaxcoordinates [B,KiB,MiB]:       706906     690.338     0.674

Dynamically allocated memory at    amaxsequence [B,KiB,MiB]:       706906     690.338     0.674

Dynamically allocated memory at amaxcoordinates [B,KiB,MiB]:       707914     691.322     0.675

Dynamically allocated memory at amaxcoordinates [B,KiB,MiB]:       740418     723.064     0.706

Dynamically allocated memory at    amaxsequence [B,KiB,MiB]:       740418     723.064     0.706

Dynamically allocated memory at amaxcoordinates [B,KiB,MiB]:       741930     724.541     0.708

Dynamically allocated memory at   amaxstructure [B,KiB,MiB]:       740634     723.275     0.706

check_ali___> Checking the sequence-structure alignment. 

Implied intrachain target CA(i)-CA(i+1) distances longer than  8.0 angstroms:

ALN_POS  TMPL  RID1  RID2  NAM1  NAM2     DIST
----------------------------------------------
END OF TABLE
check_a_344_> << END OF COMMAND
openf___224_> Open           ${LIB}/top_heav.lib
read_to_681_> topology.submodel read from topology file:        3
openf___224_> Open           ${LIB}/par.lib

Dynamically allocated memory at  amaxparameters [B,KiB,MiB]:       879886     859.264     0.839

Dynamically allocated memory at  amaxparameters [B,KiB,MiB]:       881486     860.826     0.841

Dynamically allocated memory at  amaxparameters [B,KiB,MiB]:       885466     864.713     0.844

Dynamically allocated memory at  amaxparameters [B,KiB,MiB]:       887466     866.666     0.846

Dynamically allocated memory at  amaxparameters [B,KiB,MiB]:       890466     869.596     0.849

Dynamically allocated memory at  amaxparameters [B,KiB,MiB]:       894966     873.990     0.854

Dynamically allocated memory at  amaxparameters [B,KiB,MiB]:       900538     879.432     0.859

Dynamically allocated memory at  amaxparameters [B,KiB,MiB]:       903338     882.166     0.861

Dynamically allocated memory at  amaxparameters [B,KiB,MiB]:       907538     886.268     0.865

Dynamically allocated memory at  amaxparameters [B,KiB,MiB]:       913838     892.420     0.872

Dynamically allocated memory at  amaxparameters [B,KiB,MiB]:       916610     895.127     0.874

Dynamically allocated memory at  amaxparameters [B,KiB,MiB]:       918010     896.494     0.875
read_pa_232_> parameters    BONDS   ANGLS  DIHEDS IMPROPS    MODE
                              227     561     661     112       0

Dynamically allocated memory at       amaxmodel [B,KiB,MiB]:       980810     957.822     0.935

Dynamically allocated memory at       amaxmodel [B,KiB,MiB]:      1288922    1258.713     1.229

Dynamically allocated memory at       amaxmodel [B,KiB,MiB]:      1336338    1305.018     1.274

mkilst______> segment topology constructed from sequence and RTF:
              segments residues  atoms  bonds angles dihedrals impropers:
                     1      401   3125   3191      0         0      1368

Dynamically allocated memory at       amaxmodel [B,KiB,MiB]:      1470210    1435.752     1.402

patch_______> segment topology patched using RTF:  1 ;  MET  ;  NTER
              segments residues  atoms  bonds angles dihedrals impropers:
                     1      401   3125   3191   4333      5119      1368


Dynamically allocated memory at       amaxmodel [B,KiB,MiB]:      1602786    1565.221     1.529
patch_______> segment topology patched using RTF:  401 ;  ASN  ;  CTER
              segments residues  atoms  bonds angles dihedrals impropers:
                     1      401   3126   3192   4335      5121      1369

genseg______> segment topology constructed from sequence and RTF:
              segments residues  atoms  bonds angles dihedrals impropers:
                     1      401   3126   3192   4335      5121      1369
transfe_506_> MODEL is an average of all templates.
transfe_511_> Number of templates for coordinate transfer:        1
              After transferring coordinates of the equivalent template atoms,
              there are defined, undefined atoms in MODEL:     2299      827
The following 6 residues contain 6-membered rings with poor geometries
after transfer from templates. Rebuilding rings from internal coordinates:
   <Residue 81:A (type TYR)>
   <Residue 180:A (type PHE)>
   <Residue 226:A (type PHE)>
   <Residue 239:A (type PHE)>
   <Residue 272:A (type PHE)>
   <Residue 392:A (type TYR)>
openf___224_> Open           target.ini
wrpdb___568_> Residues, atoms, selected atoms:      401     3126     3126
make_re_417_> Restraint type to be calculated:  stereo

Dynamically allocated memory at  amaxrestraints [B,KiB,MiB]:      1710235    1670.151     1.631

Dynamically allocated memory at  amaxrestraints [B,KiB,MiB]:      1718427    1678.151     1.639

Dynamically allocated memory at  amaxrestraints [B,KiB,MiB]:      1734811    1694.151     1.654

Dynamically allocated memory at  amaxrestraints [B,KiB,MiB]:      1767579    1726.151     1.686

Dynamically allocated memory at  amaxrestraints [B,KiB,MiB]:      1800347    1758.151     1.717

Dynamically allocated memory at  amaxrestraints [B,KiB,MiB]:      1865883    1822.151     1.779

Dynamically allocated memory at  amaxrestraints [B,KiB,MiB]:      1898651    1854.151     1.811

Dynamically allocated memory at  amaxrestraints [B,KiB,MiB]:      1931419    1886.151     1.842

Dynamically allocated memory at  amaxrestraints [B,KiB,MiB]:      1996955    1950.151     1.904

Dynamically allocated memory at  amaxrestraints [B,KiB,MiB]:      2128027    2078.151     2.029

Dynamically allocated memory at  amaxrestraints [B,KiB,MiB]:      2193563    2142.151     2.092

Dynamically allocated memory at  amaxrestraints [B,KiB,MiB]:      2259099    2206.151     2.154

Dynamically allocated memory at  amaxrestraints [B,KiB,MiB]:      2390171    2334.151     2.279

Dynamically allocated memory at  amaxrestraints [B,KiB,MiB]:      2652315    2590.151     2.529

Dynamically allocated memory at  amaxrestraints [B,KiB,MiB]:      2783387    2718.151     2.654
r_stere_606_> Stereochemical restraints were constructed from RTF & PRMF.
              Added bond,angle,dihedral,improper restraints  :     3192    4335    4888    1350
              Total number of restraints before, now         :        0    13765
make_re_422_> Number of previous, current restraints         :        0    13765
make_re_423_> Number of previous, current selected restraints:        0    13765
make_re_417_> Restraint type to be calculated:  phi-psi_binormal

Dynamically allocated memory at   amaxstructure [B,KiB,MiB]:      3012615    2942.007     2.873
openf___224_> Open           ${MODINSTALL10v5}/modlib/mnch1.bin
openf___224_> Open           ${MODINSTALL10v5}/modlib/mnch1.mdt
getdata_643_> Protein accepted:  1fr6_B
getdata_289_> Proteins (all/accepted):        1        1

Dynamically allocated memory at  amaxrestraints [B,KiB,MiB]:      3143703    3070.022     2.998
make_re_422_> Number of previous, current restraints         :    13765    14164
make_re_423_> Number of previous, current selected restraints:    13765    14164
make_re_417_> Restraint type to be calculated:  omega_dihedral

Dynamically allocated memory at   amaxstructure [B,KiB,MiB]:      3143703    3070.022     2.998
openf___224_> Open           ${MODINSTALL10v5}/modlib/omega.bin
openf___224_> Open           ${MODINSTALL10v5}/modlib/omega.mdt
getdata_643_> Protein accepted:  1fr6_B
getdata_289_> Proteins (all/accepted):        1        1
omgdel__425_> Unselected all O C +N +CA dihedrals:      419
              (This is to avoid clashes between STEREO
              and OMEGA_DIHEDRAL restraints)
make_re_422_> Number of previous, current restraints         :    14164    14564
make_re_423_> Number of previous, current selected restraints:    14164    14145
make_re_417_> Restraint type to be calculated:  chi1_dihedral

Dynamically allocated memory at   amaxstructure [B,KiB,MiB]:      3143703    3070.022     2.998
openf___224_> Open           ${MODINSTALL10v5}/modlib/chi1234.bin
openf___224_> Open           ${MODINSTALL10v5}/modlib/chi1.mdt
getdata_643_> Protein accepted:  1fr6_B
getdata_289_> Proteins (all/accepted):        1        1
make_re_422_> Number of previous, current restraints         :    14564    14906
make_re_423_> Number of previous, current selected restraints:    14145    14487
make_re_417_> Restraint type to be calculated:  chi2_dihedral

Dynamically allocated memory at   amaxstructure [B,KiB,MiB]:      3143703    3070.022     2.998
openf___224_> Open           ${MODINSTALL10v5}/modlib/chi1234.bin
openf___224_> Open           ${MODINSTALL10v5}/modlib/chi2.mdt
getdata_643_> Protein accepted:  1fr6_B
getdata_289_> Proteins (all/accepted):        1        1
make_re_422_> Number of previous, current restraints         :    14906    15164
make_re_423_> Number of previous, current selected restraints:    14487    14745
make_re_417_> Restraint type to be calculated:  chi3_dihedral

Dynamically allocated memory at   amaxstructure [B,KiB,MiB]:      3143703    3070.022     2.998
openf___224_> Open           ${MODINSTALL10v5}/modlib/chi1234.bin
openf___224_> Open           ${MODINSTALL10v5}/modlib/chi3.mdt
getdata_643_> Protein accepted:  1fr6_B
getdata_289_> Proteins (all/accepted):        1        1

Dynamically allocated memory at  amaxrestraints [B,KiB,MiB]:      3405847    3326.022     3.248
make_re_422_> Number of previous, current restraints         :    15164    15269
make_re_423_> Number of previous, current selected restraints:    14745    14850
make_re_417_> Restraint type to be calculated:  chi4_dihedral

Dynamically allocated memory at   amaxstructure [B,KiB,MiB]:      3405847    3326.022     3.248
openf___224_> Open           ${MODINSTALL10v5}/modlib/chi1234.bin
openf___224_> Open           ${MODINSTALL10v5}/modlib/chi4.mdt
mdtrsr__446W> A potential that relies on one protein is used, yet you have at
              least one known structure available. MDT, not library, potential is used.
getdata_643_> Protein accepted:  1fr6_B
getdata_289_> Proteins (all/accepted):        1        1
make_re_422_> Number of previous, current restraints         :    15269    15305
make_re_423_> Number of previous, current selected restraints:    14850    14886
make_re_417_> Restraint type to be calculated:  DISTANCE

Dynamically allocated memory at amaxhash_contac [B,KiB,MiB]:      4306099    4205.175     4.107

Dynamically allocated memory at  amaxrestraints [B,KiB,MiB]:      4568243    4461.175     4.357

Dynamically allocated memory at  amaxrestraints [B,KiB,MiB]:      5092531    4973.175     4.857

Dynamically allocated memory at  amaxrestraints [B,KiB,MiB]:      5354675    5229.175     5.107
make_re_422_> Number of previous, current restraints         :    15305    23537
make_re_423_> Number of previous, current selected restraints:    14886    23118
make_re_417_> Restraint type to be calculated:  DISTANCE
make_re_422_> Number of previous, current restraints         :    23537    31676
make_re_423_> Number of previous, current selected restraints:    23118    31257
make_re_417_> Restraint type to be calculated:  DISTANCE

Dynamically allocated memory at  amaxrestraints [B,KiB,MiB]:      5878963    5741.175     5.607
make_re_422_> Number of previous, current restraints         :    31676    35405
make_re_423_> Number of previous, current selected restraints:    31257    34986
make_re_417_> Restraint type to be calculated:  DISTANCE
make_re_422_> Number of previous, current restraints         :    35405    36916
make_re_423_> Number of previous, current selected restraints:    34986    36497
0 atoms in HETATM/BLK residues constrained
to protein atoms within 2.30 angstroms
and protein CA atoms within 10.00 angstroms
make_re_417_> Restraint type to be calculated:  DISTANCE
make_re_422_> Number of previous, current restraints         :    36916    36916
make_re_423_> Number of previous, current selected restraints:    36497    36497
make_re_417_> Restraint type to be calculated:  DISTANCE
make_re_422_> Number of previous, current restraints         :    36916    36916
make_re_423_> Number of previous, current selected restraints:    36497    36497
make_re_417_> Restraint type to be calculated:  DISTANCE
make_re_422_> Number of previous, current restraints         :    36916    36916
make_re_423_> Number of previous, current selected restraints:    36497    36497
make_re_417_> Restraint type to be calculated:  DISTANCE
make_re_422_> Number of previous, current restraints         :    36916    36916
make_re_423_> Number of previous, current selected restraints:    36497    36497
0 atoms in residues without defined topology
constrained to be rigid bodies
make_re_417_> Restraint type to be calculated:  DISTANCE
make_re_422_> Number of previous, current restraints         :    36916    36916
make_re_423_> Number of previous, current selected restraints:    36497    36497
rmdupl__427_>     2445 redundant cosine dihedral restraints were unselected.
condens_443_> Restraints marked for deletion were removed.
              Total number of restraints before, now:    36916    34052
openf___224_> Open           target.rsr
openf___224_> Open           target.rsr

Dynamically allocated memory at  amaxrestraints [B,KiB,MiB]:      5695949    5562.450     5.432

Dynamically allocated memory at  amaxrestraints [B,KiB,MiB]:      6482381    6330.450     6.182
rdcsr2__307_> Number of restraints read    :    34052
              Number of excluded pairs read:        0
              Number of pseudo atoms read  :        0
rdcsrs__304_> Restraints in memory, selected restraints:    34052    34052
              Explicitly excluded atom pairs in memory :        0
              Pseudo atoms in memory                   :        0
openf___224_> Open           target.ini

Dynamically allocated memory at       amaxmodel [B,KiB,MiB]:      6482413    6330.481     6.182
read_mo_297_> Segments, residues, atoms:        1      401     3126
read_mo_298_> Segment:        1  1:A  401:A     3126
randomi_498_> Atoms,selected atoms,random_seed,amplitude:     3126     3126        1        4.0000
randomi_496_> Amplitude is > 0; randomization is done.
pick_re_612_> Number of MODEL atoms, selected restraints;     3126    17328
pick_re_612_> Number of MODEL atoms, selected restraints;     3126    19353
pick_re_612_> Number of MODEL atoms, selected restraints;     3126    20635
pick_re_612_> Number of MODEL atoms, selected restraints;     3126    22058
pick_re_612_> Number of MODEL atoms, selected restraints;     3126    23576
pick_re_612_> Number of MODEL atoms, selected restraints;     3126    24759
pick_re_612_> Number of MODEL atoms, selected restraints;     3126    26875
pick_re_612_> Number of MODEL atoms, selected restraints;     3126    28229
pick_re_612_> Number of MODEL atoms, selected restraints;     3126    29783

Dynamically allocated memory at  amaxrestraints [B,KiB,MiB]:      6850009    6689.462     6.533
pick_re_612_> Number of MODEL atoms, selected restraints;     3126    32363
pick_re_612_> Number of MODEL atoms, selected restraints;     3126    33392
pick_re_612_> Number of MODEL atoms, selected restraints;     3126    34052
iupac_m_483_> CD1/2 CE1/2 swapped:      107.7745        4  4
iupac_m_397W> Atoms were not swapped because of the uncertainty of how to handle the H atom.
iupac_m_486_> OE1/2 will be swapped:     -153.7608       35  35
iupac_m_487_> NH1/2 swapped:      171.7235       45  45
iupac_m_483_> CD1/2 CE1/2 swapped:       97.0924       68  68
iupac_m_397W> Atoms were not swapped because of the uncertainty of how to handle the H atom.
iupac_m_483_> CD1/2 CE1/2 swapped:       97.1530       78  78
iupac_m_397W> Atoms were not swapped because of the uncertainty of how to handle the H atom.
iupac_m_485_> OD1/2 will be swapped:      165.0369       85  85
iupac_m_487_> NH1/2 swapped:     -177.7986       88  88
iupac_m_483_> CD1/2 CE1/2 swapped:      -97.9956       98  98
iupac_m_397W> Atoms were not swapped because of the uncertainty of how to handle the H atom.
iupac_m_483_> CD1/2 CE1/2 swapped:       97.2350      114  114
iupac_m_397W> Atoms were not swapped because of the uncertainty of how to handle the H atom.
iupac_m_485_> OD1/2 will be swapped:     -150.8335      124  124
iupac_m_485_> OD1/2 will be swapped:      168.3155      125  125
iupac_m_483_> CD1/2 CE1/2 swapped:       91.2838      155  155
iupac_m_397W> Atoms were not swapped because of the uncertainty of how to handle the H atom.
iupac_m_486_> OE1/2 will be swapped:      174.7035      164  164
iupac_m_486_> OE1/2 will be swapped:      -96.1903      168  168
iupac_m_487_> NH1/2 swapped:     -167.0498      186  186
iupac_m_483_> CD1/2 CE1/2 swapped:       95.0832      198  198
iupac_m_397W> Atoms were not swapped because of the uncertainty of how to handle the H atom.
iupac_m_485_> OD1/2 will be swapped:      106.4986      228  228
iupac_m_486_> OE1/2 will be swapped:      177.3030      235  235
iupac_m_483_> CD1/2 CE1/2 swapped:      100.4446      241  241
iupac_m_397W> Atoms were not swapped because of the uncertainty of how to handle the H atom.
iupac_m_485_> OD1/2 will be swapped:      129.3483      256  256
iupac_m_486_> OE1/2 will be swapped:      138.0998      258  258
iupac_m_485_> OD1/2 will be swapped:      173.6151      268  268
iupac_m_487_> NH1/2 swapped:      176.6112      271  271
iupac_m_487_> NH1/2 swapped:      179.8972      294  294
iupac_m_487_> NH1/2 swapped:     -177.6351      299  299
iupac_m_486_> OE1/2 will be swapped:     -146.5719      310  310
iupac_m_486_> OE1/2 will be swapped:      117.3329      323  323
iupac_m_486_> OE1/2 will be swapped:      132.1436      340  340
iupac_m_485_> OD1/2 will be swapped:     -173.7556      348  348
iupac_m_483_> CD1/2 CE1/2 swapped:      -90.8406      360  360
iupac_m_397W> Atoms were not swapped because of the uncertainty of how to handle the H atom.
iupac_m_484W> Dihedral still outside +-90:       90.2098
iupac_m_483_> CD1/2 CE1/2 swapped:      -99.5495      363  363
iupac_m_397W> Atoms were not swapped because of the uncertainty of how to handle the H atom.
iupac_m_483_> CD1/2 CE1/2 swapped:      105.3873      382  382
iupac_m_397W> Atoms were not swapped because of the uncertainty of how to handle the H atom.
iupac_m_485_> OD1/2 will be swapped:     -170.5707      396  396


>> ENERGY; Differences between the model's features and restraints:
Number of all residues in MODEL                   :      401
Number of all, selected real atoms                :     3126    3126
Number of all, selected pseudo atoms              :        0       0
Number of all static, selected restraints         :    34052   34052
COVALENT_CYS                                      :        F
NONBONDED_SEL_ATOMS                               :        1
Number of non-bonded pairs (excluding 1-2,1-3,1-4):     6576
Dynamic pairs routine                             : 2, NATM x NATM cell sorting
Atomic shift for contacts update (UPDATE_DYNAMIC) :    0.390
LENNARD_JONES_SWITCH                              :    6.500   7.500
COULOMB_JONES_SWITCH                              :    6.500   7.500
RESIDUE_SPAN_RANGE                                :        0   99999
NLOGN_USE                                         :       15
CONTACT_SHELL                                     :    4.000
DYNAMIC_PAIRS,_SPHERE,_COULOMB,_LENNARD,_MODELLER :        T       T       F       F       F
SPHERE_STDV                                       :    0.050
RADII_FACTOR                                      :    0.820
Current energy                                    :        2351.2219





Summary of the restraint violations: 

   NUM     ... number of restraints.
   NUMVI   ... number of restraints with RVIOL > VIOL_REPORT_CUT[i].
   RVIOL   ... relative difference from the best value.
   NUMVP   ... number of restraints with -Ln(pdf) > VIOL_REPORT_CUT2[i].
   RMS_1   ... RMS(feature, minimally_violated_basis_restraint, NUMB).
   RMS_2   ... RMS(feature, best_value, NUMB).
   MOL.PDF ... scaled contribution to -Ln(Molecular pdf).

 #                     RESTRAINT_GROUP      NUM   NUMVI  NUMVP   RMS_1   RMS_2         MOL.PDF     S_i
------------------------------------------------------------------------------------------------------
 1 Bond length potential              :    3192       0      0   0.005   0.005      26.495       1.000
 2 Bond angle potential               :    4335       2     12   2.089   2.089      371.65       1.000
 3 Stereochemical cosine torsion poten:    2024       0     64  49.294  49.294      765.67       1.000
 4 Stereochemical improper torsion pot:    1350       0      0   1.311   1.311      50.544       1.000
 5 Soft-sphere overlap restraints     :    6576       0      0   0.003   0.003      6.2594       1.000
 6 Lennard-Jones 6-12 potential       :       0       0      0   0.000   0.000      0.0000       1.000
 7 Coulomb point-point electrostatic p:       0       0      0   0.000   0.000      0.0000       1.000
 8 H-bonding potential                :       0       0      0   0.000   0.000      0.0000       1.000
 9 Distance restraints 1 (CA-CA)      :    8232       0      0   0.138   0.138      121.70       1.000
10 Distance restraints 2 (N-O)        :    8139       1      4   0.191   0.191      225.22       1.000
11 Mainchain Phi dihedral restraints  :       0       0      0   0.000   0.000      0.0000       1.000
12 Mainchain Psi dihedral restraints  :       0       0      0   0.000   0.000      0.0000       1.000
13 Mainchain Omega dihedral restraints:     400       0      6   4.328   4.328      86.719       1.000
14 Sidechain Chi_1 dihedral restraints:     342       0      4  72.492  72.492      81.715       1.000
15 Sidechain Chi_2 dihedral restraints:     258       0      3  76.997  76.997      99.683       1.000
16 Sidechain Chi_3 dihedral restraints:     105       0      1  76.589  76.589      73.885       1.000
17 Sidechain Chi_4 dihedral restraints:      36       0      0  74.079  74.079      23.479       1.000
18 Disulfide distance restraints      :       0       0      0   0.000   0.000      0.0000       1.000
19 Disulfide angle restraints         :       0       0      0   0.000   0.000      0.0000       1.000
20 Disulfide dihedral angle restraints:       0       0      0   0.000   0.000      0.0000       1.000
21 Lower bound distance restraints    :       0       0      0   0.000   0.000      0.0000       1.000
22 Upper bound distance restraints    :       0       0      0   0.000   0.000      0.0000       1.000
23 Distance restraints 3 (SDCH-MNCH)  :    3729       0      0   0.425   0.425      126.13       1.000
24 Sidechain Chi_5 dihedral restraints:       0       0      0   0.000   0.000      0.0000       1.000
25 Phi/Psi pair of dihedral restraints:     399      45     33  26.714  59.963      127.34       1.000
26 Distance restraints 4 (SDCH-SDCH)  :    1511       0      6   0.801   0.801      164.73       1.000
27 Distance restraints 5 (X-Y)        :       0       0      0   0.000   0.000      0.0000       1.000
28 NMR distance restraints 6 (X-Y)    :       0       0      0   0.000   0.000      0.0000       1.000
29 NMR distance restraints 7 (X-Y)    :       0       0      0   0.000   0.000      0.0000       1.000
30 Minimal distance restraints        :       0       0      0   0.000   0.000      0.0000       1.000
31 Non-bonded restraints              :       0       0      0   0.000   0.000      0.0000       1.000
32 Atomic accessibility restraints    :       0       0      0   0.000   0.000      0.0000       1.000
33 Atomic density restraints          :       0       0      0   0.000   0.000      0.0000       1.000
34 Absolute position restraints       :       0       0      0   0.000   0.000      0.0000       1.000
35 Dihedral angle difference restraint:       0       0      0   0.000   0.000      0.0000       1.000
36 GBSA implicit solvent potential    :       0       0      0   0.000   0.000      0.0000       1.000
37 EM density fitting potential       :       0       0      0   0.000   0.000      0.0000       1.000
38 SAXS restraints                    :       0       0      0   0.000   0.000      0.0000       1.000
39 Symmetry restraints                :       0       0      0   0.000   0.000      0.0000       1.000



openf___224_> Open           target.V99990001
# Heavy relative violation of each residue is written to: target.V99990001
# The profile is NOT normalized by the number of restraints.
# The profiles are smoothed over a window of residues:    1
# The sum of all numbers in the file:   42841.3789



List of the violated restraints:
   A restraint is violated when the relative difference
   from the best value (RVIOL) is larger than CUTOFF.

   ICSR   ... index of a restraint in the current set.
   RESNO  ... residue numbers of the first two atoms.
   ATM    ... IUPAC atom names of the first two atoms.
   FEAT   ... the value of the feature in the model.
   restr  ... the mean of the basis restraint with the smallest
              difference from the model (local minimum).
   viol   ... difference from the local minimum.
   rviol  ... relative difference from the local minimum.
   RESTR  ... the best value (global minimum).
   VIOL   ... difference from the best value.
   RVIOL  ... relative difference from the best value.


-------------------------------------------------------------------------------------------------

Feature  2                           : Bond angle potential                    
List of the RVIOL violations larger than   :       4.5000

    #   ICSR  RESNO1/2 ATM1/2   INDATM1/2    FEAT   restr    viol   rviol   RESTR    VIOL   RVIOL
    1   5984 260Y 260Y N   CA   2016 2017  124.75  107.00   17.75    5.10  107.00   17.75    5.10
    2   6001 261G 261G N   CA   2028 2029  123.92  107.00   16.92    4.87  107.00   16.92    4.87

-------------------------------------------------------------------------------------------------

Feature 25                           : Phi/Psi pair of dihedral restraints     
List of the RVIOL violations larger than   :       6.5000

    #   ICSR  RESNO1/2 ATM1/2   INDATM1/2    FEAT   restr    viol   rviol   RESTR    VIOL   RVIOL
    1  10902   1M   2K C   N       7    9 -115.36 -118.00    8.87    0.46  -62.90  179.47   26.42
    1          2K   2K N   CA      9   10  147.57  139.10                  -40.80
    2  10903   2K   3L C   N      16   18  -84.52  -70.70   20.66    1.30  -63.50  163.21   23.92
    2          3L   3L N   CA     18   19  156.95  141.60                  -41.20
    3  10904   3L   4F C   N      24   26  -72.03  -71.40    3.94    0.33  -63.20  179.11   25.46
    3          4F   4F N   CA     26   27  136.81  140.70                  -44.30
    4  10905   4F   5T C   N      35   37 -108.26 -124.80   21.87    0.73  -63.20  177.12   20.07
    4          5T   5T N   CA     37   38  129.19  143.50                  -42.10
    5  10906   5T   6S C   N      42   44  -84.70  -72.40   42.16    2.09  -64.10  133.87   11.05
    5          6S   6S N   CA     44   45 -167.28  152.40                  -35.00
    6  10907   6S   7T C   N      48   50  -56.88  -78.10   39.59    1.30  -63.20  158.60   20.76
    6          7T   7T N   CA     50   51  116.38  149.80                  -42.10
    7  10909   8L   9T C   N      63   65 -129.06 -124.80    6.62    0.39  -63.20 -168.83   28.87
    7          9T   9T N   CA     65   66  138.43  143.50                  -42.10
    8  10910   9T  10A C   N      70   72 -132.72 -134.00   14.14    0.77  -62.50 -172.54   28.25
    8         10A  10A N   CA     72   73  132.91  147.00                  -40.90
    9  10911  10A  11K C   N      75   77  -71.34  -70.20   13.32    0.99  -62.90  168.14   21.39
    9         11K  11K N   CA     77   78  127.13  140.40                  -40.80
   10  10912  11K  12K C   N      84   86 -123.78 -118.00    6.93    0.33  -62.90 -173.69   21.69
   10         12K  12K N   CA     86   87  135.29  139.10                  -40.80
   11  10913  12K  13S C   N      93   95 -154.04 -136.60   26.04    1.46  -64.10 -170.44   12.26
   11         13S  13S N   CA     95   96  131.86  151.20                  -35.00
   12  10914  13S  14S C   N      99  101 -134.95 -136.60   40.56    2.02  -64.10  161.99   10.26
   12         14S  14S N   CA    101  102  110.68  151.20                  -35.00
   13  10915  14S  15T C   N     105  107 -151.17 -124.80   37.82    1.22  -63.20  171.57   27.62
   13         15T  15T N   CA    107  108  170.60  143.50                  -42.10
   14  10916  15T  16H C   N     112  114  -82.24  -67.60   15.13    1.02  -63.20  174.93   23.09
   14         16H  16H N   CA    114  115  143.81  140.00                  -42.30
   15  10917  16H  17K C   N     122  124 -109.21 -118.00   13.67    0.50  -62.90  175.65   20.75
   15         17K  17K N   CA    124  125  128.63  139.10                  -40.80
   16  10919  18P  19L C   N     138  140  -84.91  -70.70   22.25    2.18  -63.50  167.06   22.06
   16         19L  19L N   CA    140  141  124.48  141.60                  -41.20
   17  10921  20I  21S C   N     154  156  -60.01  -72.40   21.91    1.00  -64.10  169.38   12.52
   17         21S  21S N   CA    156  157  134.33  152.40                  -35.00
   18  10922  21S  22L C   N     160  162 -100.17 -108.50   33.78    1.73  -63.50  145.66   18.47
   18         22L  22L N   CA    162  163   99.77  132.50                  -41.20
   19  10923  22L  23A C   N     168  170  -71.63  -68.20    9.34    0.86  -62.50  177.75   28.69
   19         23A  23A N   CA    170  171  136.61  145.30                  -40.90
   20  10924  23A  24L C   N     173  175  -95.08  -70.70   47.86    2.97  -63.50  139.64   21.32
   20         24L  24L N   CA    175  176 -177.22  141.60                  -41.20
   21  10925  24L  25S C   N     181  183  -99.09  -72.40   38.13    3.03  -64.10  163.95   10.33
   21         25S  25S N   CA    183  184  125.17  152.40                  -35.00
   22  10927  26V  27L C   N     194  196  -80.11  -70.70   16.27    1.01  -63.50  164.76   23.86
   22         27L  27L N   CA    196  197  154.88  141.60                  -41.20
   23  10929  28I  29S C   N     210  212 -164.69 -136.60   33.49    1.02  -64.10 -174.74   20.68
   23         29S  29S N   CA    212  213  169.43  151.20                  -35.00
   24  10930  29S  30T C   N     216  218  -79.98  -78.10   11.09    0.42  -63.20  158.07   21.39
   24         30T  30T N   CA    218  219  160.72  149.80                  -42.10
   25  10931  30T  31L C   N     223  225 -136.66 -108.50   29.35    1.32  -63.50 -167.51   31.26
   25         31L  31L N   CA    225  226  140.75  132.50                  -41.20
   26  10932  31L  32L C   N     231  233 -112.70 -108.50    5.53    0.25  -63.50 -176.00   23.23
   26         32L  32L N   CA    233  234  136.10  132.50                  -41.20
   27  10935  34S  35E C   N     253  255  -90.09  -69.30   25.41    2.31  -63.60  170.27   21.35
   27         35E  35E N   CA    255  256  127.90  142.50                  -40.30
   28  10936  35E  36T C   N     262  264 -115.42 -124.80   27.79    1.46  -63.20  157.17   23.62
   28         36T  36T N   CA    264  265  169.66  143.50                  -42.10
   29  10937  36T  37A C   N     269  271  -52.89  -68.20   23.36    1.47  -62.50  168.83   28.15
   29         37A  37A N   CA    271  272  127.66  145.30                  -40.90
   30  10938  37A  38Q C   N     274  276  -89.84  -73.00   19.21    1.49  -63.80  173.73   24.25
   30         38Q  38Q N   CA    276  277  131.46  140.70                  -40.30
   31  10939  38Q  39A C   N     283  285  144.07 -134.00   84.01    2.16  -62.50 -142.95   43.36
   31         39A  39A N   CA    285  286  165.58  147.00                  -40.90
   32  10940  39A  40A C   N     288  290 -171.48 -134.00   38.10    1.02  -62.50 -162.01   38.22
   32         40A  40A N   CA    290  291  153.80  147.00                  -40.90
   33  11041 140G 141N C   N    1070 1072  -98.19 -119.90   93.44    3.71  -63.20   93.97   10.26
   33        141N 141N N   CA   1072 1073   46.11  137.00                  -41.10
   34  11118 217L 218P C   N    1697 1699  -71.15  -64.50   33.72    2.19  -58.70  149.76   13.40
   34        218P 218P N   CA   1699 1700 -179.74  147.20                  -30.50
   35  11119 218P 219S C   N    1704 1706   78.60  -64.10  148.60   17.12  -64.10  148.60   17.12
   35        219S 219S N   CA   1706 1707  -76.45  -35.00                  -35.00
   36  11124 223T 224N C   N    1742 1744 -105.24  -63.20   94.00   10.14  -63.20   94.00   10.14
   36        224N 224N N   CA   1744 1745   42.97  -41.10                  -41.10
   37  11143 242N 243A C   N    1896 1898  -44.98  -68.20   29.45    1.90  -62.50  168.99   28.59
   37        243A 243A N   CA   1898 1899  127.18  145.30                  -40.90
   38  11160 259A 260Y C   N    2014 2016 -106.22  -63.50   48.56    7.19  -63.50   48.56    7.19
   38        260Y 260Y N   CA   2016 2017  -20.31  -43.40                  -43.40
   39  11183 282V 283D C   N    2183 2185 -121.69  -96.50   62.35    2.59  -63.30  113.37   12.05
   39        283D 283D N   CA   2185 2186   57.17  114.20                  -40.00
   40  11270 369A 370K C   N    2870 2872 -120.21  -62.90   95.85   11.20  -62.90   95.85   11.20
   40        370K 370K N   CA   2872 2873   36.03  -40.80                  -40.80
   41  11279 378A 379N C   N    2939 2941  -96.58  -63.20   85.30    9.28  -63.20   85.30    9.28
   41        379N 379N N   CA   2941 2942   37.40  -41.10                  -41.10
   42  11296 395L 396D C   N    3079 3081  -78.36  -96.50   39.15    1.65  -63.30  120.45   14.02
   42        396D 396D N   CA   3081 3082   79.51  114.20                  -40.00
   43  11297 396D 397S C   N    3087 3089  -68.97  -72.40   18.48    0.97  -64.10  169.32   11.99
   43        397S 397S N   CA   3089 3090  134.25  152.40                  -35.00
   44  11299 398V 399M C   N    3100 3102  -52.89  -73.00   20.11    1.52  -63.40  177.25   25.66
   44        399M 399M N   CA   3102 3103  142.56  143.00                  -40.50
   45  11300 399M 400N C   N    3108 3110 -123.64 -119.90   25.87    1.09  -63.20  167.58   24.39
   45        400N 400N N   CA   3110 3111  162.60  137.00                  -41.10


report______> Distribution of short non-bonded contacts:


DISTANCE1:  0.00 2.10 2.20 2.30 2.40 2.50 2.60 2.70 2.80 2.90 3.00 3.10 3.20 3.30 3.40
DISTANCE2:  2.10 2.20 2.30 2.40 2.50 2.60 2.70 2.80 2.90 3.00 3.10 3.20 3.30 3.40 3.50
FREQUENCY:     0    0    0    0    1   10   61  159  201  266  324  356  450  510  495


<< end of ENERGY.
openf___224_> Open           target.B99990001.pdb
wrpdb___568_> Residues, atoms, selected atoms:      401     3126     3126
openf___224_> Open           target.ini

Dynamically allocated memory at       amaxmodel [B,KiB,MiB]:      6850041    6689.493     6.533
read_mo_297_> Segments, residues, atoms:        1      401     3126
read_mo_298_> Segment:        1  1:A  401:A     3126
randomi_498_> Atoms,selected atoms,random_seed,amplitude:     3126     3126        1        4.0000
randomi_496_> Amplitude is > 0; randomization is done.
pick_re_612_> Number of MODEL atoms, selected restraints;     3126    17328
pick_re_612_> Number of MODEL atoms, selected restraints;     3126    19353
pick_re_612_> Number of MODEL atoms, selected restraints;     3126    20635
pick_re_612_> Number of MODEL atoms, selected restraints;     3126    22058
pick_re_612_> Number of MODEL atoms, selected restraints;     3126    23576
pick_re_612_> Number of MODEL atoms, selected restraints;     3126    24759
pick_re_612_> Number of MODEL atoms, selected restraints;     3126    26875
pick_re_612_> Number of MODEL atoms, selected restraints;     3126    28229
pick_re_612_> Number of MODEL atoms, selected restraints;     3126    29783
pick_re_612_> Number of MODEL atoms, selected restraints;     3126    32363
pick_re_612_> Number of MODEL atoms, selected restraints;     3126    33392
pick_re_612_> Number of MODEL atoms, selected restraints;     3126    34052
iupac_m_483_> CD1/2 CE1/2 swapped:       97.9949        4  4
iupac_m_397W> Atoms were not swapped because of the uncertainty of how to handle the H atom.
iupac_m_485_> OD1/2 will be swapped:     -179.8123       41  41
iupac_m_487_> NH1/2 swapped:      178.7000       45  45
iupac_m_486_> OE1/2 will be swapped:      175.1555       47  47
iupac_m_485_> OD1/2 will be swapped:      134.2578       51  51
iupac_m_485_> OD1/2 will be swapped:      -98.4541       73  73
iupac_m_483_> CD1/2 CE1/2 swapped:       92.6209       78  78
iupac_m_397W> Atoms were not swapped because of the uncertainty of how to handle the H atom.
iupac_m_485_> OD1/2 will be swapped:      149.9202       85  85
iupac_m_485_> OD1/2 will be swapped:      157.2820       95  95
iupac_m_483_> CD1/2 CE1/2 swapped:      -90.1286       98  98
iupac_m_397W> Atoms were not swapped because of the uncertainty of how to handle the H atom.
iupac_m_484W> Dihedral still outside +-90:       90.3195
iupac_m_483_> CD1/2 CE1/2 swapped:       92.1433      114  114
iupac_m_397W> Atoms were not swapped because of the uncertainty of how to handle the H atom.
iupac_m_485_> OD1/2 will be swapped:      152.2732      124  124
iupac_m_485_> OD1/2 will be swapped:     -148.9296      128  128
iupac_m_487_> NH1/2 swapped:      175.7722      158  158
iupac_m_486_> OE1/2 will be swapped:     -119.9581      168  168
iupac_m_483_> CD1/2 CE1/2 swapped:       97.9230      198  198
iupac_m_397W> Atoms were not swapped because of the uncertainty of how to handle the H atom.
iupac_m_485_> OD1/2 will be swapped:     -177.0956      207  207
iupac_m_483_> CD1/2 CE1/2 swapped:     -100.3347      208  208
iupac_m_397W> Atoms were not swapped because of the uncertainty of how to handle the H atom.
iupac_m_483_> CD1/2 CE1/2 swapped:       94.6390      226  226
iupac_m_397W> Atoms were not swapped because of the uncertainty of how to handle the H atom.
iupac_m_486_> OE1/2 will be swapped:     -174.8808      235  235
iupac_m_485_> OD1/2 will be swapped:      139.9700      236  236
iupac_m_485_> OD1/2 will be swapped:      169.8357      256  256
iupac_m_486_> OE1/2 will be swapped:      175.7430      258  258
iupac_m_485_> OD1/2 will be swapped:     -171.8526      268  268
iupac_m_487_> NH1/2 swapped:      176.5877      271  271
iupac_m_483_> CD1/2 CE1/2 swapped:      100.1034      298  298
iupac_m_397W> Atoms were not swapped because of the uncertainty of how to handle the H atom.
iupac_m_487_> NH1/2 swapped:      172.7370      299  299
iupac_m_486_> OE1/2 will be swapped:     -175.3394      310  310
iupac_m_485_> OD1/2 will be swapped:      124.0292      348  348
iupac_m_483_> CD1/2 CE1/2 swapped:      -92.0821      360  360
iupac_m_397W> Atoms were not swapped because of the uncertainty of how to handle the H atom.
iupac_m_483_> CD1/2 CE1/2 swapped:     -110.0479      363  363
iupac_m_397W> Atoms were not swapped because of the uncertainty of how to handle the H atom.
iupac_m_483_> CD1/2 CE1/2 swapped:       94.3740      375  375
iupac_m_397W> Atoms were not swapped because of the uncertainty of how to handle the H atom.
iupac_m_483_> CD1/2 CE1/2 swapped:      105.5490      382  382
iupac_m_397W> Atoms were not swapped because of the uncertainty of how to handle the H atom.
iupac_m_486_> OE1/2 will be swapped:     -141.1873      386  386
iupac_m_487_> NH1/2 swapped:     -175.7654      387  387
iupac_m_485_> OD1/2 will be swapped:      -99.5936      396  396


>> ENERGY; Differences between the model's features and restraints:
Number of all residues in MODEL                   :      401
Number of all, selected real atoms                :     3126    3126
Number of all, selected pseudo atoms              :        0       0
Number of all static, selected restraints         :    34052   34052
COVALENT_CYS                                      :        F
NONBONDED_SEL_ATOMS                               :        1
Number of non-bonded pairs (excluding 1-2,1-3,1-4):     6609
Dynamic pairs routine                             : 2, NATM x NATM cell sorting
Atomic shift for contacts update (UPDATE_DYNAMIC) :    0.390
LENNARD_JONES_SWITCH                              :    6.500   7.500
COULOMB_JONES_SWITCH                              :    6.500   7.500
RESIDUE_SPAN_RANGE                                :        0   99999
NLOGN_USE                                         :       15
CONTACT_SHELL                                     :    4.000
DYNAMIC_PAIRS,_SPHERE,_COULOMB,_LENNARD,_MODELLER :        T       T       F       F       F
SPHERE_STDV                                       :    0.050
RADII_FACTOR                                      :    0.820
Current energy                                    :        2310.1409





Summary of the restraint violations: 

   NUM     ... number of restraints.
   NUMVI   ... number of restraints with RVIOL > VIOL_REPORT_CUT[i].
   RVIOL   ... relative difference from the best value.
   NUMVP   ... number of restraints with -Ln(pdf) > VIOL_REPORT_CUT2[i].
   RMS_1   ... RMS(feature, minimally_violated_basis_restraint, NUMB).
   RMS_2   ... RMS(feature, best_value, NUMB).
   MOL.PDF ... scaled contribution to -Ln(Molecular pdf).

 #                     RESTRAINT_GROUP      NUM   NUMVI  NUMVP   RMS_1   RMS_2         MOL.PDF     S_i
------------------------------------------------------------------------------------------------------
 1 Bond length potential              :    3192       0      0   0.005   0.005      23.834       1.000
 2 Bond angle potential               :    4335       2     12   2.052   2.052      358.47       1.000
 3 Stereochemical cosine torsion poten:    2024       0     67  49.546  49.546      772.44       1.000
 4 Stereochemical improper torsion pot:    1350       0      0   1.311   1.311      51.888       1.000
 5 Soft-sphere overlap restraints     :    6609       0      0   0.003   0.003      5.3612       1.000
 6 Lennard-Jones 6-12 potential       :       0       0      0   0.000   0.000      0.0000       1.000
 7 Coulomb point-point electrostatic p:       0       0      0   0.000   0.000      0.0000       1.000
 8 H-bonding potential                :       0       0      0   0.000   0.000      0.0000       1.000
 9 Distance restraints 1 (CA-CA)      :    8232       0      0   0.141   0.141      123.90       1.000
10 Distance restraints 2 (N-O)        :    8139       0      4   0.182   0.182      219.98       1.000
11 Mainchain Phi dihedral restraints  :       0       0      0   0.000   0.000      0.0000       1.000
12 Mainchain Psi dihedral restraints  :       0       0      0   0.000   0.000      0.0000       1.000
13 Mainchain Omega dihedral restraints:     400       1      6   8.583   8.583      85.440       1.000
14 Sidechain Chi_1 dihedral restraints:     342       0      4  73.397  73.397      77.346       1.000
15 Sidechain Chi_2 dihedral restraints:     258       0      4  81.480  81.480      116.21       1.000
16 Sidechain Chi_3 dihedral restraints:     105       0      0  69.075  69.075      64.760       1.000
17 Sidechain Chi_4 dihedral restraints:      36       0      0  71.379  71.379      19.466       1.000
18 Disulfide distance restraints      :       0       0      0   0.000   0.000      0.0000       1.000
19 Disulfide angle restraints         :       0       0      0   0.000   0.000      0.0000       1.000
20 Disulfide dihedral angle restraints:       0       0      0   0.000   0.000      0.0000       1.000
21 Lower bound distance restraints    :       0       0      0   0.000   0.000      0.0000       1.000
22 Upper bound distance restraints    :       0       0      0   0.000   0.000      0.0000       1.000
23 Distance restraints 3 (SDCH-MNCH)  :    3729       0      0   0.400   0.400      114.55       1.000
24 Sidechain Chi_5 dihedral restraints:       0       0      0   0.000   0.000      0.0000       1.000
25 Phi/Psi pair of dihedral restraints:     399      40     30  26.712  60.500      101.43       1.000
26 Distance restraints 4 (SDCH-SDCH)  :    1511       0      6   0.820   0.820      175.05       1.000
27 Distance restraints 5 (X-Y)        :       0       0      0   0.000   0.000      0.0000       1.000
28 NMR distance restraints 6 (X-Y)    :       0       0      0   0.000   0.000      0.0000       1.000
29 NMR distance restraints 7 (X-Y)    :       0       0      0   0.000   0.000      0.0000       1.000
30 Minimal distance restraints        :       0       0      0   0.000   0.000      0.0000       1.000
31 Non-bonded restraints              :       0       0      0   0.000   0.000      0.0000       1.000
32 Atomic accessibility restraints    :       0       0      0   0.000   0.000      0.0000       1.000
33 Atomic density restraints          :       0       0      0   0.000   0.000      0.0000       1.000
34 Absolute position restraints       :       0       0      0   0.000   0.000      0.0000       1.000
35 Dihedral angle difference restraint:       0       0      0   0.000   0.000      0.0000       1.000
36 GBSA implicit solvent potential    :       0       0      0   0.000   0.000      0.0000       1.000
37 EM density fitting potential       :       0       0      0   0.000   0.000      0.0000       1.000
38 SAXS restraints                    :       0       0      0   0.000   0.000      0.0000       1.000
39 Symmetry restraints                :       0       0      0   0.000   0.000      0.0000       1.000



openf___224_> Open           target.V99990002
# Heavy relative violation of each residue is written to: target.V99990002
# The profile is NOT normalized by the number of restraints.
# The profiles are smoothed over a window of residues:    1
# The sum of all numbers in the file:   41969.5195



List of the violated restraints:
   A restraint is violated when the relative difference
   from the best value (RVIOL) is larger than CUTOFF.

   ICSR   ... index of a restraint in the current set.
   RESNO  ... residue numbers of the first two atoms.
   ATM    ... IUPAC atom names of the first two atoms.
   FEAT   ... the value of the feature in the model.
   restr  ... the mean of the basis restraint with the smallest
              difference from the model (local minimum).
   viol   ... difference from the local minimum.
   rviol  ... relative difference from the local minimum.
   RESTR  ... the best value (global minimum).
   VIOL   ... difference from the best value.
   RVIOL  ... relative difference from the best value.


-------------------------------------------------------------------------------------------------

Feature  2                           : Bond angle potential                    
List of the RVIOL violations larger than   :       4.5000

    #   ICSR  RESNO1/2 ATM1/2   INDATM1/2    FEAT   restr    viol   rviol   RESTR    VIOL   RVIOL
    1   5984 260Y 260Y N   CA   2016 2017  124.82  107.00   17.82    5.12  107.00   17.82    5.12
    2   6001 261G 261G N   CA   2028 2029  123.48  107.00   16.48    4.74  107.00   16.48    4.74

-------------------------------------------------------------------------------------------------

Feature 13                           : Mainchain Omega dihedral restraints     
List of the RVIOL violations larger than   :       4.5000

    #   ICSR  RESNO1/2 ATM1/2   INDATM1/2    FEAT   restr    viol   rviol   RESTR    VIOL   RVIOL
    1  11640 340E 340E CA  C    2648 2654  150.31   -0.75  151.06   30.82   -0.75  151.06   30.82

-------------------------------------------------------------------------------------------------

Feature 25                           : Phi/Psi pair of dihedral restraints     
List of the RVIOL violations larger than   :       6.5000

    #   ICSR  RESNO1/2 ATM1/2   INDATM1/2    FEAT   restr    viol   rviol   RESTR    VIOL   RVIOL
    1  10904   3L   4F C   N      24   26  115.89 -124.20  120.40    4.38  -63.20 -118.84   28.25
    1          4F   4F N   CA     26   27  154.18  143.30                  -44.30
    2  10905   4F   5T C   N      35   37 -131.78 -124.80    7.14    0.34  -63.20 -174.04   28.37
    2          5T   5T N   CA     37   38  145.04  143.50                  -42.10
    3  10906   5T   6S C   N      42   44 -134.89 -136.60    3.03    0.11  -64.10 -170.02   18.78
    3          6S   6S N   CA     44   45  148.70  151.20                  -35.00
    4  10907   6S   7T C   N      48   50 -128.55 -124.80   11.97    0.62  -63.20 -173.91   20.32
    4          7T   7T N   CA     50   51  132.13  143.50                  -42.10
    5  10908   7T   8L C   N      55   57 -127.16 -108.50   19.25    0.87  -63.50 -170.56   23.54
    5          8L   8L N   CA     57   58  137.23  132.50                  -41.20
    6  10909   8L   9T C   N      63   65 -104.15 -124.80   29.25    0.95  -63.20  169.90   19.36
    6          9T   9T N   CA     65   66  122.79  143.50                  -42.10
    7  10910   9T  10A C   N      70   72 -177.00 -134.00   46.21    1.06  -62.50 -167.14   37.63
    7         10A  10A N   CA     72   73  163.91  147.00                  -40.90
    8  10911  10A  11K C   N      75   77  -81.08  -70.20   19.92    1.21  -62.90  163.13   22.22
    8         11K  11K N   CA     77   78  157.09  140.40                  -40.80
    9  10912  11K  12K C   N      84   86  -64.16  -70.20   15.72    1.00  -62.90  166.69   21.58
    9         12K  12K N   CA     86   87  125.88  140.40                  -40.80
   10  10913  12K  13S C   N      93   95  -75.84  -72.40    3.51    0.27  -64.10  173.67   13.32
   10         13S  13S N   CA     95   96  151.73  152.40                  -35.00
   11  10914  13S  14S C   N      99  101  -80.78  -72.40   21.93    1.04  -64.10  153.25   12.17
   11         14S  14S N   CA    101  102  172.66  152.40                  -35.00
   12  10915  14S  15T C   N     105  107  -79.61  -78.10    2.86    0.09  -63.20  166.48   22.44
   12         15T  15T N   CA    107  108  152.23  149.80                  -42.10
   13  10916  15T  16H C   N     112  114  -91.48  -67.60   47.89    4.24  -63.20  143.61   16.38
   13         16H  16H N   CA    114  115   98.49  140.00                  -42.30
   14  10917  16H  17K C   N     122  124 -123.22 -118.00   36.26    1.68  -62.90  156.32   23.91
   14         17K  17K N   CA    124  125  174.99  139.10                  -40.80
   15  10919  18P  19L C   N     138  140 -120.94 -108.50   13.14    0.68  -63.50  178.94   22.30
   15         19L  19L N   CA    140  141  128.27  132.50                  -41.20
   16  10921  20I  21S C   N     154  156  -93.30  -72.40   45.86    3.39  -64.10  149.46    9.49
   16         21S  21S N   CA    156  157  111.58  152.40                  -35.00
   17  10922  21S  22L C   N     160  162 -124.34 -108.50   22.05    1.24  -63.50  169.65   20.99
   17         22L  22L N   CA    162  163  117.16  132.50                  -41.20
   18  10923  22L  23A C   N     168  170 -148.37 -134.00   14.41    0.52  -62.50 -166.70   36.28
   18         23A  23A N   CA    170  171  145.92  147.00                  -40.90
   19  10924  23A  24L C   N     173  175 -106.18 -108.50   15.72    0.82  -63.50  163.82   20.72
   19         24L  24L N   CA    175  176  116.96  132.50                  -41.20
   20  10925  24L  25S C   N     181  183 -117.65 -136.60   28.52    0.95  -64.10  173.37   10.68
   20         25S  25S N   CA    183  184  129.89  151.20                  -35.00
   21  10927  26V  27L C   N     194  196 -106.87 -108.50    1.82    0.10  -63.50  179.83   22.87
   21         27L  27L N   CA    196  197  133.32  132.50                  -41.20
   22  10929  28I  29S C   N     210  212 -172.63 -136.60   36.44    1.59  -64.10 -150.45   23.01
   22         29S  29S N   CA    212  213  145.73  151.20                  -35.00
   23  10930  29S  30T C   N     216  218 -137.37 -124.80   23.87    1.36  -63.20 -178.82   19.45
   23         30T  30T N   CA    218  219  123.20  143.50                  -42.10
   24  10931  30T  31L C   N     223  225 -117.51 -108.50   42.43    2.37  -63.50  142.84   17.62
   24         31L  31L N   CA    225  226   91.04  132.50                  -41.20
   25  10932  31L  32L C   N     231  233 -137.10 -108.50   30.62    1.36  -63.50 -169.82   30.96
   25         32L  32L N   CA    233  234  143.44  132.50                  -41.20
   26  10934  33I  34S C   N     247  249 -167.54 -136.60   32.93    1.06  -64.10 -167.34   21.42
   26         34S  34S N   CA    249  250  162.46  151.20                  -35.00
   27  10935  34S  35E C   N     253  255 -126.89 -117.80    9.10    0.34  -63.60 -172.33   22.22
   27         35E  35E N   CA    255  256  136.38  136.80                  -40.30
   28  10936  35E  36T C   N     262  264 -120.63 -124.80    9.75    0.31  -63.20 -174.12   20.60
   28         36T  36T N   CA    264  265  134.68  143.50                  -42.10
   29  10937  36T  37A C   N     269  271 -149.41 -134.00   15.89    0.40  -62.50 -170.62   35.69
   29         37A  37A N   CA    271  272  150.85  147.00                  -40.90
   30  10938  37A  38Q C   N     274  276 -144.49 -121.10   24.32    0.79  -63.80 -168.82   32.33
   30         38Q  38Q N   CA    276  277  146.38  139.70                  -40.30
   31  10939  38Q  39A C   N     283  285  -78.09  -68.20   10.52    0.76  -62.50  170.93   28.80
   31         39A  39A N   CA    285  286  148.89  145.30                  -40.90
   32  10941  40A  41D C   N     293  295 -157.52  -96.50   61.10    2.49  -63.30  178.17   18.97
   32         41D  41D N   CA    295  296  111.22  114.20                  -40.00
   33  11041 140G 141N C   N    1070 1072 -103.36 -119.90   85.52    3.48  -63.20  102.40   11.14
   33        141N 141N N   CA   1072 1073   53.09  137.00                  -41.10
   34  11124 223T 224N C   N    1742 1744 -108.07 -119.90   91.69    3.88  -63.20   98.05   10.57
   34        224N 224N N   CA   1744 1745   46.08  137.00                  -41.10
   35  11143 242N 243A C   N    1896 1898  -46.35  -68.20   25.86    1.71  -62.50  173.12   29.19
   35        243A 243A N   CA   1898 1899  131.47  145.30                  -40.90
   36  11160 259A 260Y C   N    2014 2016 -107.84  -63.50   50.51    7.47  -63.50   50.51    7.47
   36        260Y 260Y N   CA   2016 2017  -19.19  -43.40                  -43.40
   37  11183 282V 283D C   N    2183 2185 -127.81  -96.50   62.31    2.58  -63.30  119.27   12.72
   37        283D 283D N   CA   2185 2186   60.33  114.20                  -40.00
   38  11279 378A 379N C   N    2939 2941  -96.95  -63.20   86.40    9.40  -63.20   86.40    9.40
   38        379N 379N N   CA   2941 2942   38.44  -41.10                  -41.10
   39  11297 396D 397S C   N    3087 3089  -44.94  -72.40   29.67    1.74  -64.10  177.19   14.07
   39        397S 397S N   CA   3089 3090  141.15  152.40                  -35.00
   40  11299 398V 399M C   N    3100 3102  -95.62  -73.00   30.50    2.43  -63.40  166.20   22.50
   40        399M 399M N   CA   3102 3103  122.55  143.00                  -40.50


report______> Distribution of short non-bonded contacts:


DISTANCE1:  0.00 2.10 2.20 2.30 2.40 2.50 2.60 2.70 2.80 2.90 3.00 3.10 3.20 3.30 3.40
DISTANCE2:  2.10 2.20 2.30 2.40 2.50 2.60 2.70 2.80 2.90 3.00 3.10 3.20 3.30 3.40 3.50
FREQUENCY:     0    0    0    0    0   21   53  172  199  334  291  386  424  489  493


<< end of ENERGY.
openf___224_> Open           target.B99990002.pdb
wrpdb___568_> Residues, atoms, selected atoms:      401     3126     3126

>> Summary of successfully produced models:
Filename                          molpdf
----------------------------------------
target.B99990001.pdb          2351.22192
target.B99990002.pdb          2310.14087


Dynamically allocated memory at          finish [B,KiB,MiB]:      6850009    6689.462     6.533
Starting time                                            : 2024/02/06 16:46:56
Closing time                                             : 2024/02/06 16:47:15
Total CPU time [seconds]                                 :      18.75
