
                         MODELLER 10.5, 2024/01/19, r12711

     PROTEIN STRUCTURE MODELLING BY SATISFACTION OF SPATIAL RESTRAINTS


                     Copyright(c) 1989-2024 Andrej Sali
                            All Rights Reserved

                             Written by A. Sali
                               with help from
              B. Webb, M.S. Madhusudhan, M-Y. Shen, G.Q. Dong,
          M.A. Marti-Renom, N. Eswar, F. Alber, M. Topf, B. Oliva,
             A. Fiser, R. Sanchez, B. Yerkovich, A. Badretdinov,
                     F. Melo, J.P. Overington, E. Feyfant
                 University of California, San Francisco, USA
                    Rockefeller University, New York, USA
                      Harvard University, Cambridge, USA
                   Imperial Cancer Research Fund, London, UK
              Birkbeck College, University of London, London, UK


Kind, OS, HostName, Kernel, Processor: 4, Linux jj-Aspire-A514-52G 6.5.0-15-generic x86_64
Date and time of compilation         : 2024/01/20 00:40:16
MODELLER executable type             : x86_64-intel8
Job starting time (YY/MM/DD HH:MM:SS): 2024/02/01 18:38:13

environ____W> The class 'environ' is deprecated; use 'Environ' instead
openf___224_> Open           $(LIB)/restyp.lib
openf___224_> Open           ${MODINSTALL10v5}/modlib/resgrp.lib
rdresgr_266_> Number of residue groups:        2
openf___224_> Open           ${MODINSTALL10v5}/modlib/sstruc.lib

Dynamically allocated memory at   amaxlibraries [B,KiB,MiB]:       191566     187.076     0.183

Dynamically allocated memory at   amaxlibraries [B,KiB,MiB]:       192094     187.592     0.183
openf___224_> Open           ${MODINSTALL10v5}/modlib/resdih.lib

Dynamically allocated memory at   amaxlibraries [B,KiB,MiB]:       240694     235.053     0.230
rdrdih__263_> Number of dihedral angle types         :        9
              Maximal number of dihedral angle optima:        3
              Dihedral angle names                   :  Alph Phi Psi Omeg chi1 chi2 chi3 chi4 chi5
openf___224_> Open           ${MODINSTALL10v5}/modlib/radii.lib

Dynamically allocated memory at   amaxlibraries [B,KiB,MiB]:       253994     248.041     0.242
openf___224_> Open           ${MODINSTALL10v5}/modlib/af_mnchdef.lib
rdwilmo_274_> Mainchain residue conformation classes:  APBLE
openf___224_> Open           ${MODINSTALL10v5}/modlib/mnch.lib
rdclass_257_> Number of classes:        5
openf___224_> Open           ${MODINSTALL10v5}/modlib/mnch1.lib
openf___224_> Open           ${MODINSTALL10v5}/modlib/mnch2.lib
openf___224_> Open           ${MODINSTALL10v5}/modlib/mnch3.lib
openf___224_> Open           ${MODINSTALL10v5}/modlib/xs4.mat
rdrrwgh_268_> Number of residue types:       21
automodel__W> The class 'automodel' is deprecated; use 'AutoModel' instead
openf___224_> Open           target_template.pir

Dynamically allocated memory at   amaxalignment [B,KiB,MiB]:       282425     275.806     0.269

Dynamically allocated memory at   amaxalignment [B,KiB,MiB]:       297517     290.544     0.284

Dynamically allocated memory at   amaxalignment [B,KiB,MiB]:       312917     305.583     0.298

Dynamically allocated memory at   amaxalignment [B,KiB,MiB]:       343717     335.661     0.328

Dynamically allocated memory at   amaxalignment [B,KiB,MiB]:       405317     395.817     0.387

Dynamically allocated memory at    amaxsequence [B,KiB,MiB]:       406413     396.888     0.388

Dynamically allocated memory at    amaxsequence [B,KiB,MiB]:       407685     398.130     0.389

Read the alignment from file       : target_template.pir

Total number of alignment positions:   319

  #  Code        #_Res #_Segm PDB_code    Name
-------------------------------------------------------------------------------
  1      1meeA     275      1       1meeA
  2     P11018     319      1      P11018
check_a_343_> >> BEGINNING OF COMMAND
openf___224_> Open           ./1meeA.pdb

Dynamically allocated memory at amaxcoordinates [B,KiB,MiB]:       491910     480.381     0.469

Dynamically allocated memory at    amaxsequence [B,KiB,MiB]:       491910     480.381     0.469

Dynamically allocated memory at amaxcoordinates [B,KiB,MiB]:       492081     480.548     0.469

Dynamically allocated memory at amaxcoordinates [B,KiB,MiB]:       492931     481.378     0.470

Dynamically allocated memory at amaxcoordinates [B,KiB,MiB]:       494189     482.606     0.471

Dynamically allocated memory at amaxcoordinates [B,KiB,MiB]:       496093     484.466     0.473

Dynamically allocated memory at    amaxsequence [B,KiB,MiB]:       496093     484.466     0.473

Dynamically allocated memory at amaxcoordinates [B,KiB,MiB]:       496183     484.554     0.473

Dynamically allocated memory at amaxcoordinates [B,KiB,MiB]:       499039     487.343     0.476

Dynamically allocated memory at    amaxsequence [B,KiB,MiB]:       499039     487.343     0.476

Dynamically allocated memory at amaxcoordinates [B,KiB,MiB]:       499174     487.475     0.476

Dynamically allocated memory at amaxcoordinates [B,KiB,MiB]:       503458     491.658     0.480

Dynamically allocated memory at    amaxsequence [B,KiB,MiB]:       503458     491.658     0.480

Dynamically allocated memory at amaxcoordinates [B,KiB,MiB]:       503656     491.852     0.480

Dynamically allocated memory at amaxcoordinates [B,KiB,MiB]:       510082     498.127     0.486

Dynamically allocated memory at    amaxsequence [B,KiB,MiB]:       510082     498.127     0.486

Dynamically allocated memory at amaxcoordinates [B,KiB,MiB]:       510379     498.417     0.487

Dynamically allocated memory at amaxcoordinates [B,KiB,MiB]:       520001     507.813     0.496

Dynamically allocated memory at    amaxsequence [B,KiB,MiB]:       520001     507.813     0.496

Dynamically allocated memory at amaxcoordinates [B,KiB,MiB]:       520451     508.253     0.496

Dynamically allocated memory at amaxcoordinates [B,KiB,MiB]:       534901     522.364     0.510

Dynamically allocated memory at    amaxsequence [B,KiB,MiB]:       534901     522.364     0.510

Dynamically allocated memory at amaxcoordinates [B,KiB,MiB]:       535576     523.023     0.511

Dynamically allocated memory at amaxcoordinates [B,KiB,MiB]:       557234     544.174     0.531

Dynamically allocated memory at    amaxsequence [B,KiB,MiB]:       557234     544.174     0.531

Dynamically allocated memory at amaxcoordinates [B,KiB,MiB]:       558242     545.158     0.532

Dynamically allocated memory at amaxcoordinates [B,KiB,MiB]:       590746     576.900     0.563

Dynamically allocated memory at   amaxstructure [B,KiB,MiB]:       590188     576.355     0.563

check_ali___> Checking the sequence-structure alignment. 

Implied intrachain target CA(i)-CA(i+1) distances longer than  8.0 angstroms:

ALN_POS  TMPL  RID1  RID2  NAM1  NAM2     DIST
----------------------------------------------
END OF TABLE
check_a_344_> << END OF COMMAND
openf___224_> Open           ${LIB}/top_heav.lib
read_to_681_> topology.submodel read from topology file:        3
openf___224_> Open           ${LIB}/par.lib

Dynamically allocated memory at  amaxparameters [B,KiB,MiB]:       729440     712.344     0.696

Dynamically allocated memory at  amaxparameters [B,KiB,MiB]:       731040     713.906     0.697

Dynamically allocated memory at  amaxparameters [B,KiB,MiB]:       735020     717.793     0.701

Dynamically allocated memory at  amaxparameters [B,KiB,MiB]:       737020     719.746     0.703

Dynamically allocated memory at  amaxparameters [B,KiB,MiB]:       740020     722.676     0.706

Dynamically allocated memory at  amaxparameters [B,KiB,MiB]:       744520     727.070     0.710

Dynamically allocated memory at  amaxparameters [B,KiB,MiB]:       750092     732.512     0.715

Dynamically allocated memory at  amaxparameters [B,KiB,MiB]:       752892     735.246     0.718

Dynamically allocated memory at  amaxparameters [B,KiB,MiB]:       757092     739.348     0.722

Dynamically allocated memory at  amaxparameters [B,KiB,MiB]:       763392     745.500     0.728

Dynamically allocated memory at  amaxparameters [B,KiB,MiB]:       766164     748.207     0.731

Dynamically allocated memory at  amaxparameters [B,KiB,MiB]:       767564     749.574     0.732
read_pa_232_> parameters    BONDS   ANGLS  DIHEDS IMPROPS    MODE
                              227     561     661     112       0

Dynamically allocated memory at       amaxmodel [B,KiB,MiB]:       817490     798.330     0.780

Dynamically allocated memory at       amaxmodel [B,KiB,MiB]:      1052396    1027.730     1.004

Dynamically allocated memory at       amaxmodel [B,KiB,MiB]:      1087092    1061.613     1.037

mkilst______> segment topology constructed from sequence and RTF:
              segments residues  atoms  bonds angles dihedrals impropers:
                     1      319   2378   2413      0         0       962

Dynamically allocated memory at       amaxmodel [B,KiB,MiB]:      1187520    1159.688     1.133

patch_______> segment topology patched using RTF:  1 ;  MET  ;  NTER
              segments residues  atoms  bonds angles dihedrals impropers:
                     1      319   2378   2413   3270      3826       962


Dynamically allocated memory at       amaxmodel [B,KiB,MiB]:      1298016    1267.594     1.238
patch_______> segment topology patched using RTF:  319 ;  LEU  ;  CTER
              segments residues  atoms  bonds angles dihedrals impropers:
                     1      319   2379   2414   3272      3828       963

genseg______> segment topology constructed from sequence and RTF:
              segments residues  atoms  bonds angles dihedrals impropers:
                     1      319   2379   2414   3272      3828       963
transfe_506_> MODEL is an average of all templates.
transfe_511_> Number of templates for coordinate transfer:        1
              After transferring coordinates of the equivalent template atoms,
              there are defined, undefined atoms in MODEL:     1678      701
The following 1 residues contain 6-membered rings with poor geometries
after transfer from templates. Rebuilding rings from internal coordinates:
   <Residue 137:A (type TYR)>
openf___224_> Open           P11018.ini
wrpdb___568_> Residues, atoms, selected atoms:      319     2379     2379
make_re_417_> Restraint type to be calculated:  stereo

Dynamically allocated memory at  amaxrestraints [B,KiB,MiB]:      1405465    1372.524     1.340

Dynamically allocated memory at  amaxrestraints [B,KiB,MiB]:      1413657    1380.524     1.348

Dynamically allocated memory at  amaxrestraints [B,KiB,MiB]:      1430041    1396.524     1.364

Dynamically allocated memory at  amaxrestraints [B,KiB,MiB]:      1462809    1428.524     1.395

Dynamically allocated memory at  amaxrestraints [B,KiB,MiB]:      1495577    1460.524     1.426

Dynamically allocated memory at  amaxrestraints [B,KiB,MiB]:      1561113    1524.524     1.489

Dynamically allocated memory at  amaxrestraints [B,KiB,MiB]:      1593881    1556.524     1.520

Dynamically allocated memory at  amaxrestraints [B,KiB,MiB]:      1626649    1588.524     1.551

Dynamically allocated memory at  amaxrestraints [B,KiB,MiB]:      1692185    1652.524     1.614

Dynamically allocated memory at  amaxrestraints [B,KiB,MiB]:      1823257    1780.524     1.739

Dynamically allocated memory at  amaxrestraints [B,KiB,MiB]:      1888793    1844.524     1.801

Dynamically allocated memory at  amaxrestraints [B,KiB,MiB]:      1954329    1908.524     1.864

Dynamically allocated memory at  amaxrestraints [B,KiB,MiB]:      2085401    2036.524     1.989

Dynamically allocated memory at  amaxrestraints [B,KiB,MiB]:      2347545    2292.524     2.239

Dynamically allocated memory at  amaxrestraints [B,KiB,MiB]:      2478617    2420.524     2.364
r_stere_606_> Stereochemical restraints were constructed from RTF & PRMF.
              Added bond,angle,dihedral,improper restraints  :     2414    3272    3638     950
              Total number of restraints before, now         :        0    10274
make_re_422_> Number of previous, current restraints         :        0    10274
make_re_423_> Number of previous, current selected restraints:        0    10274
make_re_417_> Restraint type to be calculated:  phi-psi_binormal

Dynamically allocated memory at   amaxstructure [B,KiB,MiB]:      2657109    2594.833     2.534
openf___224_> Open           ${MODINSTALL10v5}/modlib/mnch1.bin
openf___224_> Open           ${MODINSTALL10v5}/modlib/mnch1.mdt
getdata_643_> Protein accepted:  1meeA
getdata_289_> Proteins (all/accepted):        1        1
make_re_422_> Number of previous, current restraints         :    10274    10591
make_re_423_> Number of previous, current selected restraints:    10274    10591
make_re_417_> Restraint type to be calculated:  omega_dihedral

Dynamically allocated memory at   amaxstructure [B,KiB,MiB]:      2657125    2594.849     2.534
openf___224_> Open           ${MODINSTALL10v5}/modlib/omega.bin
openf___224_> Open           ${MODINSTALL10v5}/modlib/omega.mdt
getdata_643_> Protein accepted:  1meeA
getdata_289_> Proteins (all/accepted):        1        1
omgdel__425_> Unselected all O C +N +CA dihedrals:      331
              (This is to avoid clashes between STEREO
              and OMEGA_DIHEDRAL restraints)
make_re_422_> Number of previous, current restraints         :    10591    10909
make_re_423_> Number of previous, current selected restraints:    10591    10578
make_re_417_> Restraint type to be calculated:  chi1_dihedral

Dynamically allocated memory at   amaxstructure [B,KiB,MiB]:      2657125    2594.849     2.534
openf___224_> Open           ${MODINSTALL10v5}/modlib/chi1234.bin
openf___224_> Open           ${MODINSTALL10v5}/modlib/chi1.mdt
getdata_643_> Protein accepted:  1meeA
getdata_289_> Proteins (all/accepted):        1        1

Dynamically allocated memory at  amaxrestraints [B,KiB,MiB]:      2788197    2722.849     2.659
make_re_422_> Number of previous, current restraints         :    10909    11164
make_re_423_> Number of previous, current selected restraints:    10578    10833
make_re_417_> Restraint type to be calculated:  chi2_dihedral

Dynamically allocated memory at   amaxstructure [B,KiB,MiB]:      2788197    2722.849     2.659
openf___224_> Open           ${MODINSTALL10v5}/modlib/chi1234.bin
openf___224_> Open           ${MODINSTALL10v5}/modlib/chi2.mdt
getdata_643_> Protein accepted:  1meeA
getdata_289_> Proteins (all/accepted):        1        1
make_re_422_> Number of previous, current restraints         :    11164    11357
make_re_423_> Number of previous, current selected restraints:    10833    11026
make_re_417_> Restraint type to be calculated:  chi3_dihedral

Dynamically allocated memory at   amaxstructure [B,KiB,MiB]:      2788197    2722.849     2.659
openf___224_> Open           ${MODINSTALL10v5}/modlib/chi1234.bin
openf___224_> Open           ${MODINSTALL10v5}/modlib/chi3.mdt
getdata_643_> Protein accepted:  1meeA
getdata_289_> Proteins (all/accepted):        1        1
make_re_422_> Number of previous, current restraints         :    11357    11439
make_re_423_> Number of previous, current selected restraints:    11026    11108
make_re_417_> Restraint type to be calculated:  chi4_dihedral

Dynamically allocated memory at   amaxstructure [B,KiB,MiB]:      2788197    2722.849     2.659
openf___224_> Open           ${MODINSTALL10v5}/modlib/chi1234.bin
openf___224_> Open           ${MODINSTALL10v5}/modlib/chi4.mdt
mdtrsr__446W> A potential that relies on one protein is used, yet you have at
              least one known structure available. MDT, not library, potential is used.
getdata_643_> Protein accepted:  1meeA
getdata_289_> Proteins (all/accepted):        1        1
make_re_422_> Number of previous, current restraints         :    11439    11467
make_re_423_> Number of previous, current selected restraints:    11108    11136
make_re_417_> Restraint type to be calculated:  DISTANCE

Dynamically allocated memory at amaxhash_contac [B,KiB,MiB]:      3473313    3391.907     3.312

Dynamically allocated memory at  amaxrestraints [B,KiB,MiB]:      3735457    3647.907     3.562

Dynamically allocated memory at  amaxrestraints [B,KiB,MiB]:      3997601    3903.907     3.812
make_re_422_> Number of previous, current restraints         :    11467    18469
make_re_423_> Number of previous, current selected restraints:    11136    18138
make_re_417_> Restraint type to be calculated:  DISTANCE

Dynamically allocated memory at  amaxrestraints [B,KiB,MiB]:      4521889    4415.907     4.312

Dynamically allocated memory at  amaxrestraints [B,KiB,MiB]:      4784033    4671.907     4.562
make_re_422_> Number of previous, current restraints         :    18469    25671
make_re_423_> Number of previous, current selected restraints:    18138    25340
make_re_417_> Restraint type to be calculated:  DISTANCE
make_re_422_> Number of previous, current restraints         :    25671    28328
make_re_423_> Number of previous, current selected restraints:    25340    27997
make_re_417_> Restraint type to be calculated:  DISTANCE
make_re_422_> Number of previous, current restraints         :    28328    29244
make_re_423_> Number of previous, current selected restraints:    27997    28913
0 atoms in HETATM/BLK residues constrained
to protein atoms within 2.30 angstroms
and protein CA atoms within 10.00 angstroms
make_re_417_> Restraint type to be calculated:  DISTANCE
make_re_422_> Number of previous, current restraints         :    29244    29244
make_re_423_> Number of previous, current selected restraints:    28913    28913
make_re_417_> Restraint type to be calculated:  DISTANCE
make_re_422_> Number of previous, current restraints         :    29244    29244
make_re_423_> Number of previous, current selected restraints:    28913    28913
make_re_417_> Restraint type to be calculated:  DISTANCE
make_re_422_> Number of previous, current restraints         :    29244    29244
make_re_423_> Number of previous, current selected restraints:    28913    28913
make_re_417_> Restraint type to be calculated:  DISTANCE
make_re_422_> Number of previous, current restraints         :    29244    29244
make_re_423_> Number of previous, current selected restraints:    28913    28913
0 atoms in residues without defined topology
constrained to be rigid bodies
make_re_417_> Restraint type to be calculated:  DISTANCE
make_re_422_> Number of previous, current restraints         :    29244    29244
make_re_423_> Number of previous, current selected restraints:    28913    28913
rmdupl__427_>     1897 redundant cosine dihedral restraints were unselected.
condens_443_> Restraints marked for deletion were removed.
              Total number of restraints before, now:    29244    27016
openf___224_> Open           P11018.rsr
openf___224_> Open           P11018.rsr

Dynamically allocated memory at  amaxrestraints [B,KiB,MiB]:      4802201    4689.649     4.580
rdcsr2__307_> Number of restraints read    :    27016
              Number of excluded pairs read:        0
              Number of pseudo atoms read  :        0
rdcsrs__304_> Restraints in memory, selected restraints:    27016    27016
              Explicitly excluded atom pairs in memory :        0
              Pseudo atoms in memory                   :        0
openf___224_> Open           P11018.ini

Dynamically allocated memory at       amaxmodel [B,KiB,MiB]:      4802233    4689.681     4.580
read_mo_297_> Segments, residues, atoms:        1      319     2379
read_mo_298_> Segment:        1  1:A  319:A     2379
randomi_498_> Atoms,selected atoms,random_seed,amplitude:     2379     2379        1        4.0000
randomi_496_> Amplitude is > 0; randomization is done.
pick_re_612_> Number of MODEL atoms, selected restraints;     2379    12742
pick_re_612_> Number of MODEL atoms, selected restraints;     2379    14174
pick_re_612_> Number of MODEL atoms, selected restraints;     2379    15001
pick_re_612_> Number of MODEL atoms, selected restraints;     2379    15933
pick_re_612_> Number of MODEL atoms, selected restraints;     2379    17389
pick_re_612_> Number of MODEL atoms, selected restraints;     2379    19166
pick_re_612_> Number of MODEL atoms, selected restraints;     2379    21384
pick_re_612_> Number of MODEL atoms, selected restraints;     2379    23263
pick_re_612_> Number of MODEL atoms, selected restraints;     2379    24613

Dynamically allocated memory at  amaxrestraints [B,KiB,MiB]:      5151901    5031.153     4.913

Dynamically allocated memory at  amaxrestraints [B,KiB,MiB]:      5208997    5086.911     4.968
pick_re_612_> Number of MODEL atoms, selected restraints;     2379    26112
pick_re_612_> Number of MODEL atoms, selected restraints;     2379    27016
pick_re_612_> Number of MODEL atoms, selected restraints;     2379    27016
iupac_m_486_> OE1/2 will be swapped:      179.8546        4  4
iupac_m_486_> OE1/2 will be swapped:     -165.5121       21  21
iupac_m_485_> OD1/2 will be swapped:      150.5850       99  99
iupac_m_486_> OE1/2 will be swapped:      174.4420      140  140
iupac_m_485_> OD1/2 will be swapped:      163.8694      155  155
iupac_m_486_> OE1/2 will be swapped:      145.2515      161  161
iupac_m_485_> OD1/2 will be swapped:      127.5130      182  182
iupac_m_486_> OE1/2 will be swapped:     -174.0354      185  185
iupac_m_486_> OE1/2 will be swapped:      175.8463      189  189
iupac_m_483_> CD1/2 CE1/2 swapped:       91.3585      196  196
iupac_m_397W> Atoms were not swapped because of the uncertainty of how to handle the H atom.
iupac_m_487_> NH1/2 swapped:     -179.3990      209  209
iupac_m_483_> CD1/2 CE1/2 swapped:       94.2899      267  267
iupac_m_397W> Atoms were not swapped because of the uncertainty of how to handle the H atom.
iupac_m_487_> NH1/2 swapped:     -176.4071      269  269
iupac_m_486_> OE1/2 will be swapped:     -174.2697      273  273
iupac_m_486_> OE1/2 will be swapped:     -175.0098      275  275
iupac_m_485_> OD1/2 will be swapped:      115.5571      288  288
iupac_m_485_> OD1/2 will be swapped:      159.3676      305  305
iupac_m_486_> OE1/2 will be swapped:      132.6654      306  306
iupac_m_486_> OE1/2 will be swapped:     -175.8786      309  309


>> ENERGY; Differences between the model's features and restraints:
Number of all residues in MODEL                   :      319
Number of all, selected real atoms                :     2379    2379
Number of all, selected pseudo atoms              :        0       0
Number of all static, selected restraints         :    27016   27016
COVALENT_CYS                                      :        F
NONBONDED_SEL_ATOMS                               :        1
Number of non-bonded pairs (excluding 1-2,1-3,1-4):     5494
Dynamic pairs routine                             : 2, NATM x NATM cell sorting
Atomic shift for contacts update (UPDATE_DYNAMIC) :    0.390
LENNARD_JONES_SWITCH                              :    6.500   7.500
COULOMB_JONES_SWITCH                              :    6.500   7.500
RESIDUE_SPAN_RANGE                                :        0   99999
NLOGN_USE                                         :       15
CONTACT_SHELL                                     :    4.000
DYNAMIC_PAIRS,_SPHERE,_COULOMB,_LENNARD,_MODELLER :        T       T       F       F       F
SPHERE_STDV                                       :    0.050
RADII_FACTOR                                      :    0.820
Current energy                                    :        2175.6038





Summary of the restraint violations: 

   NUM     ... number of restraints.
   NUMVI   ... number of restraints with RVIOL > VIOL_REPORT_CUT[i].
   RVIOL   ... relative difference from the best value.
   NUMVP   ... number of restraints with -Ln(pdf) > VIOL_REPORT_CUT2[i].
   RMS_1   ... RMS(feature, minimally_violated_basis_restraint, NUMB).
   RMS_2   ... RMS(feature, best_value, NUMB).
   MOL.PDF ... scaled contribution to -Ln(Molecular pdf).

 #                     RESTRAINT_GROUP      NUM   NUMVI  NUMVP   RMS_1   RMS_2         MOL.PDF     S_i
------------------------------------------------------------------------------------------------------
 1 Bond length potential              :    2414       0      1   0.007   0.007      33.031       1.000
 2 Bond angle potential               :    3272       4     24   2.395   2.395      358.14       1.000
 3 Stereochemical cosine torsion poten:    1410       0     63  51.490  51.490      580.93       1.000
 4 Stereochemical improper torsion pot:     950       1      1   1.647   1.647      56.593       1.000
 5 Soft-sphere overlap restraints     :    5494       0      1   0.005   0.005      17.638       1.000
 6 Lennard-Jones 6-12 potential       :       0       0      0   0.000   0.000      0.0000       1.000
 7 Coulomb point-point electrostatic p:       0       0      0   0.000   0.000      0.0000       1.000
 8 H-bonding potential                :       0       0      0   0.000   0.000      0.0000       1.000
 9 Distance restraints 1 (CA-CA)      :    7002       0      1   0.187   0.187      160.20       1.000
10 Distance restraints 2 (N-O)        :    7202       1     22   0.275   0.275      318.41       1.000
11 Mainchain Phi dihedral restraints  :       0       0      0   0.000   0.000      0.0000       1.000
12 Mainchain Psi dihedral restraints  :       0       0      0   0.000   0.000      0.0000       1.000
13 Mainchain Omega dihedral restraints:     318       1      7   4.704   4.704      82.151       1.000
14 Sidechain Chi_1 dihedral restraints:     255       0      5  76.702  76.702      70.111       1.000
15 Sidechain Chi_2 dihedral restraints:     193       0      2  68.228  68.228      73.445       1.000
16 Sidechain Chi_3 dihedral restraints:      82       0      0  77.350  77.350      58.907       1.000
17 Sidechain Chi_4 dihedral restraints:      28       0      0  91.983  91.983      19.639       1.000
18 Disulfide distance restraints      :       0       0      0   0.000   0.000      0.0000       1.000
19 Disulfide angle restraints         :       0       0      0   0.000   0.000      0.0000       1.000
20 Disulfide dihedral angle restraints:       0       0      0   0.000   0.000      0.0000       1.000
21 Lower bound distance restraints    :       0       0      0   0.000   0.000      0.0000       1.000
22 Upper bound distance restraints    :       0       0      0   0.000   0.000      0.0000       1.000
23 Distance restraints 3 (SDCH-MNCH)  :    2657       0      0   0.381   0.381      52.389       1.000
24 Sidechain Chi_5 dihedral restraints:       0       0      0   0.000   0.000      0.0000       1.000
25 Phi/Psi pair of dihedral restraints:     317      39     40  31.749  61.907      231.67       1.000
26 Distance restraints 4 (SDCH-SDCH)  :     916       0      2   0.709   0.709      62.346       1.000
27 Distance restraints 5 (X-Y)        :       0       0      0   0.000   0.000      0.0000       1.000
28 NMR distance restraints 6 (X-Y)    :       0       0      0   0.000   0.000      0.0000       1.000
29 NMR distance restraints 7 (X-Y)    :       0       0      0   0.000   0.000      0.0000       1.000
30 Minimal distance restraints        :       0       0      0   0.000   0.000      0.0000       1.000
31 Non-bonded restraints              :       0       0      0   0.000   0.000      0.0000       1.000
32 Atomic accessibility restraints    :       0       0      0   0.000   0.000      0.0000       1.000
33 Atomic density restraints          :       0       0      0   0.000   0.000      0.0000       1.000
34 Absolute position restraints       :       0       0      0   0.000   0.000      0.0000       1.000
35 Dihedral angle difference restraint:       0       0      0   0.000   0.000      0.0000       1.000
36 GBSA implicit solvent potential    :       0       0      0   0.000   0.000      0.0000       1.000
37 EM density fitting potential       :       0       0      0   0.000   0.000      0.0000       1.000
38 SAXS restraints                    :       0       0      0   0.000   0.000      0.0000       1.000
39 Symmetry restraints                :       0       0      0   0.000   0.000      0.0000       1.000



openf___224_> Open           P11018.V99990001
# Heavy relative violation of each residue is written to: P11018.V99990001
# The profile is NOT normalized by the number of restraints.
# The profiles are smoothed over a window of residues:    1
# The sum of all numbers in the file:   34457.5195



List of the violated restraints:
   A restraint is violated when the relative difference
   from the best value (RVIOL) is larger than CUTOFF.

   ICSR   ... index of a restraint in the current set.
   RESNO  ... residue numbers of the first two atoms.
   ATM    ... IUPAC atom names of the first two atoms.
   FEAT   ... the value of the feature in the model.
   restr  ... the mean of the basis restraint with the smallest
              difference from the model (local minimum).
   viol   ... difference from the local minimum.
   rviol  ... relative difference from the local minimum.
   RESTR  ... the best value (global minimum).
   VIOL   ... difference from the best value.
   RVIOL  ... relative difference from the best value.


-------------------------------------------------------------------------------------------------

Feature  2                           : Bond angle potential                    
List of the RVIOL violations larger than   :       4.5000

    #   ICSR  RESNO1/2 ATM1/2   INDATM1/2    FEAT   restr    viol   rviol   RESTR    VIOL   RVIOL
    1   3402  96A  96A N   CA    718  719  128.28  107.00   21.28    6.12  107.00   21.28    6.12
    2   5238 277F 278A C   N    2053 2055  140.84  120.00   20.84    4.74  120.00   20.84    4.74
    3   5331 286P 286P N   CA   2122 2123  129.52  108.20   21.32    4.85  108.20   21.32    4.85

-------------------------------------------------------------------------------------------------

Feature 10                           : Distance restraints 2 (N-O)             
List of the RVIOL violations larger than   :       4.5000

    #   ICSR  RESNO1/2 ATM1/2   INDATM1/2    FEAT   restr    viol   rviol   RESTR    VIOL   RVIOL
    1  23084 300Y 296N N   O    2222 2198    5.05    2.88    2.16    5.26    2.88    2.16    5.26

-------------------------------------------------------------------------------------------------

Feature 25                           : Phi/Psi pair of dihedral restraints     
List of the RVIOL violations larger than   :       6.5000

    #   ICSR  RESNO1/2 ATM1/2   INDATM1/2    FEAT   restr    viol   rviol   RESTR    VIOL   RVIOL
    1   8047   1M   2N C   N       7    9  -76.82  -71.20   16.62    1.22  -63.20  168.80   20.38
    1          2N   2N N   CA      9   10  127.16  142.80                  -41.10
    2   8048   2N   3G C   N      15   17  -66.00  -62.40    3.61    0.63   82.20  156.22   11.85
    2          3G   3G N   CA     17   18  -40.89  -41.20                    8.50
    3   8049   3G   4E C   N      19   21 -119.83 -117.80   18.74    0.90  -63.60  173.63   26.33
    3          4E   4E N   CA     21   22  155.43  136.80                  -40.30
    4   8051   5I   6R C   N      36   38  -69.93  -72.10   12.58    1.01  -63.00  164.76   22.72
    4          6R   6R N   CA     38   39  154.29  141.90                  -41.10
    5   8052   6R   7L C   N      47   49  -76.47  -70.70   26.65    1.81  -63.50  151.74   21.83
    5          7L   7L N   CA     49   50  167.62  141.60                  -41.20
    6   8055   9P  10Y C   N      70   72  -72.13  -98.40   26.49    1.12  -63.50  168.61   26.31
    6         10Y  10Y N   CA     72   73  124.98  128.40                  -43.40
    7   8057  11V  12T C   N      89   91  -62.42  -78.10   35.20    1.15  -63.20  160.38   20.62
    7         12T  12T N   CA     91   92  118.28  149.80                  -42.10
    8   8058  12T  13N C   N      96   98 -163.21 -119.90   55.32    1.60  -63.20  178.20   27.77
    8         13N  13N N   CA     98   99  171.41  137.00                  -41.10
    9   8059  13N  14E C   N     104  106  -95.32 -117.80   23.99    0.72  -63.60  171.68   21.30
    9         14E  14E N   CA    106  107  128.42  136.80                  -40.30
   10   8060  14E  15Q C   N     113  115  -76.36  -73.00    4.10    0.25  -63.80  177.09   26.70
   10         15Q  15Q N   CA    115  116  143.06  140.70                  -40.30
   11   8062  16I  17M C   N     130  132  -72.63  -73.00   10.42    0.70  -63.40  173.33   25.17
   11         17M  17M N   CA    132  133  132.58  143.00                  -40.50
   12   8063  17M  18D C   N     138  140 -137.31  -96.50   47.90    1.95  -63.30  148.84   15.80
   12         18D  18D N   CA    140  141   89.14  114.20                  -40.00
   13   8107  61K  62N C   N     469  471   72.82   55.90   73.26    3.99  -63.20  136.34   21.05
   13         62N  62N N   CA    471  472  -31.78   39.50                  -41.10
   14   8120  74D  75G C   N     569  571   90.58   78.70   44.47    0.81   82.20  142.79    7.35
   14         75G  75G N   CA    571  572  151.05 -166.10                    8.50
   15   8121  75G  76G C   N     573  575  101.07   82.20   38.01    1.06  -62.40  164.32   29.97
   15         76G  76G N   CA    575  576  -24.50    8.50                  -41.20
   16   8224 178G 179N C   N    1301 1303 -118.04 -119.90   93.47    4.21  -63.20  100.86   10.85
   16        179N 179N N   CA   1303 1304   43.55  137.00                  -41.10
   17   8267 221I 222D C   N    1628 1630 -120.10  -63.30   57.03    8.79  -63.30   57.03    8.79
   17        222D 222D N   CA   1630 1631  -34.84  -40.00                  -40.00
   18   8272 226P 227G C   N    1663 1665 -162.54  -62.40  113.94   17.53  -62.40  113.94   17.53
   18        227G 227G N   CA   1665 1666   13.14  -41.20                  -41.20
   19   8314 268Q 269R C   N    1977 1979 -133.57 -125.20   23.57    0.93  -63.00  171.46   27.99
   19        269R 269R N   CA   1979 1980  162.63  140.60                  -41.10
   20   8315 269R 270K C   N    1988 1990 -104.98 -118.00   24.54    1.27  -62.90  164.76   23.88
   20        270K 270K N   CA   1990 1991  159.91  139.10                  -40.80
   21   8316 270K 271L C   N    1997 1999  -80.90  -70.70   18.62    1.15  -63.50  162.56   23.61
   21        271L 271L N   CA   1999 2000  157.17  141.60                  -41.20
   22   8319 273E 274S C   N    2020 2022  -97.53  -72.40   30.97    2.49  -64.10  172.57   10.97
   22        274S 274S N   CA   2022 2023  134.30  152.40                  -35.00
   23   8320 274S 275E C   N    2026 2028  -72.61  -69.30   12.80    1.08  -63.60  170.67   22.28
   23        275E 275E N   CA   2028 2029  130.13  142.50                  -40.30
   24   8322 276V 277F C   N    2042 2044  -80.72  -71.40   38.20    3.29  -63.20  148.99   19.54
   24        277F 277F N   CA   2044 2045  103.65  140.70                  -44.30
   25   8328 282R 283R C   N    2094 2096 -167.21 -125.20  117.46    4.62  -63.00  124.76   22.73
   25        283R 283R N   CA   2096 2097 -109.71  140.60                  -41.10
   26   8329 283R 284T C   N    2105 2107   92.62 -124.80  162.88    6.30  -63.20 -177.16   22.21
   26        284T 284T N   CA   2107 2108 -137.76  143.50                  -42.10
   27   8330 284T 285L C   N    2112 2114  -67.74  -70.70    6.58    0.61  -63.50  171.37   24.04
   27        285L 285L N   CA   2114 2115  147.48  141.60                  -41.20
   28   8341 295G 296N C   N    2189 2191  -51.81  -63.20   21.43    2.30 -119.90  177.35    9.30
   28        296N 296N N   CA   2191 2192  -59.25  -41.10                  137.00
   29   8342 296N 297G C   N    2197 2199  118.76   82.20   55.88    1.63  -62.40  178.99   31.67
   29        297G 297G N   CA   2199 2200  -33.76    8.50                  -41.20
   30   8345 299L 300Y C   N    2220 2222 -124.48  -63.50   81.03   11.38  -63.50   81.03   11.38
   30        300Y 300Y N   CA   2222 2223    9.96  -43.40                  -43.40
   31   8346 300Y 301L C   N    2232 2234   34.12  -63.50  132.08   17.27 -108.50  172.67    9.46
   31        301L 301L N   CA   2234 2235 -130.16  -41.20                  132.50
   32   8348 302T 303A C   N    2247 2249  145.87 -134.00   89.93    2.05  -62.50 -159.43   40.39
   32        303A 303A N   CA   2249 2250 -172.19  147.00                  -40.90
   33   8357 311A 312E C   N    2312 2314  -58.78  -69.30   11.22    0.71  -63.60  178.97   24.13
   33        312E 312E N   CA   2314 2315  138.61  142.50                  -40.30
   34   8358 312E 313Q C   N    2321 2323  -98.42 -121.10   53.00    2.06  -63.80  136.56   18.45
   34        313Q 313Q N   CA   2323 2324   91.80  139.70                  -40.30
   35   8359 313Q 314S C   N    2330 2332 -155.24 -136.60   27.64    1.55  -64.10 -170.80   12.30
   35        314S 314S N   CA   2332 2333  130.80  151.20                  -35.00
   36   8360 314S 315H C   N    2336 2338 -145.93 -125.60   28.01    1.27  -63.20 -178.24   19.34
   36        315H 315H N   CA   2338 2339  119.53  138.80                  -42.30
   37   8361 315H 316L C   N    2346 2348 -104.60 -108.50   42.58    2.34  -63.50  149.65   23.31
   37        316L 316L N   CA   2348 2349  174.91  132.50                  -41.20
   38   8362 316L 317L C   N    2354 2356  -60.29  -70.70   15.55    0.98  -63.50  171.27   23.97
   38        317L 317L N   CA   2356 2357  130.04  141.60                  -41.20
   39   8363 317L 318T C   N    2362 2364  -79.45  -78.10    6.14    0.22  -63.20  162.92   21.97
   39        318T 318T N   CA   2364 2365  155.79  149.80                  -42.10


report______> Distribution of short non-bonded contacts:


DISTANCE1:  0.00 2.10 2.20 2.30 2.40 2.50 2.60 2.70 2.80 2.90 3.00 3.10 3.20 3.30 3.40
DISTANCE2:  2.10 2.20 2.30 2.40 2.50 2.60 2.70 2.80 2.90 3.00 3.10 3.20 3.30 3.40 3.50
FREQUENCY:     0    0    0    0    0   25   36  153  193  291  263  294  363  399  416


<< end of ENERGY.
openf___224_> Open           P11018.B99990001.pdb
wrpdb___568_> Residues, atoms, selected atoms:      319     2379     2379
openf___224_> Open           P11018.ini

Dynamically allocated memory at       amaxmodel [B,KiB,MiB]:      5209029    5086.942     4.968
read_mo_297_> Segments, residues, atoms:        1      319     2379
read_mo_298_> Segment:        1  1:A  319:A     2379
randomi_498_> Atoms,selected atoms,random_seed,amplitude:     2379     2379        1        4.0000
randomi_496_> Amplitude is > 0; randomization is done.
pick_re_612_> Number of MODEL atoms, selected restraints;     2379    12742
pick_re_612_> Number of MODEL atoms, selected restraints;     2379    14174
pick_re_612_> Number of MODEL atoms, selected restraints;     2379    15001
pick_re_612_> Number of MODEL atoms, selected restraints;     2379    15933
pick_re_612_> Number of MODEL atoms, selected restraints;     2379    17389
pick_re_612_> Number of MODEL atoms, selected restraints;     2379    19166
pick_re_612_> Number of MODEL atoms, selected restraints;     2379    21384
pick_re_612_> Number of MODEL atoms, selected restraints;     2379    23263
pick_re_612_> Number of MODEL atoms, selected restraints;     2379    24613
pick_re_612_> Number of MODEL atoms, selected restraints;     2379    26112
pick_re_612_> Number of MODEL atoms, selected restraints;     2379    27016
pick_re_612_> Number of MODEL atoms, selected restraints;     2379    27016
iupac_m_486_> OE1/2 will be swapped:     -169.8889        4  4
iupac_m_487_> NH1/2 swapped:      179.7553        6  6
iupac_m_485_> OD1/2 will be swapped:      165.9679       74  74
iupac_m_485_> OD1/2 will be swapped:     -126.6925       79  79
iupac_m_485_> OD1/2 will be swapped:     -176.8977       99  99
iupac_m_486_> OE1/2 will be swapped:      112.7056      161  161
iupac_m_485_> OD1/2 will be swapped:     -147.5596      182  182
iupac_m_485_> OD1/2 will be swapped:      171.1102      184  184
iupac_m_487_> NH1/2 swapped:      179.6528      186  186
iupac_m_486_> OE1/2 will be swapped:       97.8728      189  189
iupac_m_487_> NH1/2 swapped:      179.6445      209  209
iupac_m_486_> OE1/2 will be swapped:      125.0656      228  228
iupac_m_486_> OE1/2 will be swapped:     -137.8635      263  263
iupac_m_486_> OE1/2 will be swapped:     -132.0331      264  264
iupac_m_487_> NH1/2 swapped:     -176.2787      269  269
iupac_m_486_> OE1/2 will be swapped:      152.9878      273  273
iupac_m_486_> OE1/2 will be swapped:     -146.4470      275  275
iupac_m_487_> NH1/2 swapped:     -177.6693      283  283
iupac_m_485_> OD1/2 will be swapped:      113.5603      288  288
iupac_m_485_> OD1/2 will be swapped:      152.7640      305  305
iupac_m_486_> OE1/2 will be swapped:     -132.8043      309  309


>> ENERGY; Differences between the model's features and restraints:
Number of all residues in MODEL                   :      319
Number of all, selected real atoms                :     2379    2379
Number of all, selected pseudo atoms              :        0       0
Number of all static, selected restraints         :    27016   27016
COVALENT_CYS                                      :        F
NONBONDED_SEL_ATOMS                               :        1
Number of non-bonded pairs (excluding 1-2,1-3,1-4):     5474
Dynamic pairs routine                             : 2, NATM x NATM cell sorting
Atomic shift for contacts update (UPDATE_DYNAMIC) :    0.390
LENNARD_JONES_SWITCH                              :    6.500   7.500
COULOMB_JONES_SWITCH                              :    6.500   7.500
RESIDUE_SPAN_RANGE                                :        0   99999
NLOGN_USE                                         :       15
CONTACT_SHELL                                     :    4.000
DYNAMIC_PAIRS,_SPHERE,_COULOMB,_LENNARD,_MODELLER :        T       T       F       F       F
SPHERE_STDV                                       :    0.050
RADII_FACTOR                                      :    0.820
Current energy                                    :        2109.8936





Summary of the restraint violations: 

   NUM     ... number of restraints.
   NUMVI   ... number of restraints with RVIOL > VIOL_REPORT_CUT[i].
   RVIOL   ... relative difference from the best value.
   NUMVP   ... number of restraints with -Ln(pdf) > VIOL_REPORT_CUT2[i].
   RMS_1   ... RMS(feature, minimally_violated_basis_restraint, NUMB).
   RMS_2   ... RMS(feature, best_value, NUMB).
   MOL.PDF ... scaled contribution to -Ln(Molecular pdf).

 #                     RESTRAINT_GROUP      NUM   NUMVI  NUMVP   RMS_1   RMS_2         MOL.PDF     S_i
------------------------------------------------------------------------------------------------------
 1 Bond length potential              :    2414       0      0   0.006   0.006      27.105       1.000
 2 Bond angle potential               :    3272       1     13   2.259   2.259      322.29       1.000
 3 Stereochemical cosine torsion poten:    1410       0     66  51.262  51.262      582.54       1.000
 4 Stereochemical improper torsion pot:     950       1      1   1.626   1.626      56.777       1.000
 5 Soft-sphere overlap restraints     :    5474       0      0   0.005   0.005      14.194       1.000
 6 Lennard-Jones 6-12 potential       :       0       0      0   0.000   0.000      0.0000       1.000
 7 Coulomb point-point electrostatic p:       0       0      0   0.000   0.000      0.0000       1.000
 8 H-bonding potential                :       0       0      0   0.000   0.000      0.0000       1.000
 9 Distance restraints 1 (CA-CA)      :    7002       0      0   0.162   0.162      133.38       1.000
10 Distance restraints 2 (N-O)        :    7202       4     16   0.281   0.281      311.90       1.000
11 Mainchain Phi dihedral restraints  :       0       0      0   0.000   0.000      0.0000       1.000
12 Mainchain Psi dihedral restraints  :       0       0      0   0.000   0.000      0.0000       1.000
13 Mainchain Omega dihedral restraints:     318       1      4   4.573   4.573      77.588       1.000
14 Sidechain Chi_1 dihedral restraints:     255       0      3  75.724  75.724      71.835       1.000
15 Sidechain Chi_2 dihedral restraints:     193       0      0  69.952  69.952      77.183       1.000
16 Sidechain Chi_3 dihedral restraints:      82       0      0  67.011  67.011      55.127       1.000
17 Sidechain Chi_4 dihedral restraints:      28       0      0  79.498  79.498      18.861       1.000
18 Disulfide distance restraints      :       0       0      0   0.000   0.000      0.0000       1.000
19 Disulfide angle restraints         :       0       0      0   0.000   0.000      0.0000       1.000
20 Disulfide dihedral angle restraints:       0       0      0   0.000   0.000      0.0000       1.000
21 Lower bound distance restraints    :       0       0      0   0.000   0.000      0.0000       1.000
22 Upper bound distance restraints    :       0       0      0   0.000   0.000      0.0000       1.000
23 Distance restraints 3 (SDCH-MNCH)  :    2657       0      0   0.343   0.343      39.837       1.000
24 Sidechain Chi_5 dihedral restraints:       0       0      0   0.000   0.000      0.0000       1.000
25 Phi/Psi pair of dihedral restraints:     317      44     46  34.499  63.680      270.84       1.000
26 Distance restraints 4 (SDCH-SDCH)  :     916       0      1   0.595   0.595      50.430       1.000
27 Distance restraints 5 (X-Y)        :       0       0      0   0.000   0.000      0.0000       1.000
28 NMR distance restraints 6 (X-Y)    :       0       0      0   0.000   0.000      0.0000       1.000
29 NMR distance restraints 7 (X-Y)    :       0       0      0   0.000   0.000      0.0000       1.000
30 Minimal distance restraints        :       0       0      0   0.000   0.000      0.0000       1.000
31 Non-bonded restraints              :       0       0      0   0.000   0.000      0.0000       1.000
32 Atomic accessibility restraints    :       0       0      0   0.000   0.000      0.0000       1.000
33 Atomic density restraints          :       0       0      0   0.000   0.000      0.0000       1.000
34 Absolute position restraints       :       0       0      0   0.000   0.000      0.0000       1.000
35 Dihedral angle difference restraint:       0       0      0   0.000   0.000      0.0000       1.000
36 GBSA implicit solvent potential    :       0       0      0   0.000   0.000      0.0000       1.000
37 EM density fitting potential       :       0       0      0   0.000   0.000      0.0000       1.000
38 SAXS restraints                    :       0       0      0   0.000   0.000      0.0000       1.000
39 Symmetry restraints                :       0       0      0   0.000   0.000      0.0000       1.000



openf___224_> Open           P11018.V99990002
# Heavy relative violation of each residue is written to: P11018.V99990002
# The profile is NOT normalized by the number of restraints.
# The profiles are smoothed over a window of residues:    1
# The sum of all numbers in the file:   34547.8984



List of the violated restraints:
   A restraint is violated when the relative difference
   from the best value (RVIOL) is larger than CUTOFF.

   ICSR   ... index of a restraint in the current set.
   RESNO  ... residue numbers of the first two atoms.
   ATM    ... IUPAC atom names of the first two atoms.
   FEAT   ... the value of the feature in the model.
   restr  ... the mean of the basis restraint with the smallest
              difference from the model (local minimum).
   viol   ... difference from the local minimum.
   rviol  ... relative difference from the local minimum.
   RESTR  ... the best value (global minimum).
   VIOL   ... difference from the best value.
   RVIOL  ... relative difference from the best value.


-------------------------------------------------------------------------------------------------

Feature  2                           : Bond angle potential                    
List of the RVIOL violations larger than   :       4.5000

    #   ICSR  RESNO1/2 ATM1/2   INDATM1/2    FEAT   restr    viol   rviol   RESTR    VIOL   RVIOL
    1   3402  96A  96A N   CA    718  719  128.48  107.00   21.48    6.18  107.00   21.48    6.18

-------------------------------------------------------------------------------------------------

Feature 10                           : Distance restraints 2 (N-O)             
List of the RVIOL violations larger than   :       4.5000

    #   ICSR  RESNO1/2 ATM1/2   INDATM1/2    FEAT   restr    viol   rviol   RESTR    VIOL   RVIOL
    1  22646 278A 144D N   O    2055 1069   11.92    8.97    2.95    4.69    8.97    2.95    4.69
    2  22651 278A 170G N   O    2055 1253    8.93    6.29    2.64    4.61    6.29    2.64    4.61
    3  23055 299L 296N N   O    2214 2198    5.35    3.29    2.06    4.56    3.29    2.06    4.56
    4  23084 300Y 296N N   O    2222 2198    5.09    2.88    2.20    5.36    2.88    2.20    5.36

-------------------------------------------------------------------------------------------------

Feature 13                           : Mainchain Omega dihedral restraints     
List of the RVIOL violations larger than   :       4.5000

    #   ICSR  RESNO1/2 ATM1/2   INDATM1/2    FEAT   restr    viol   rviol   RESTR    VIOL   RVIOL
    1   8425  62N  62N CA  C     472  477 -153.10 -180.00   26.90    5.38 -180.00   26.90    5.38

-------------------------------------------------------------------------------------------------

Feature 25                           : Phi/Psi pair of dihedral restraints     
List of the RVIOL violations larger than   :       6.5000

    #   ICSR  RESNO1/2 ATM1/2   INDATM1/2    FEAT   restr    viol   rviol   RESTR    VIOL   RVIOL
    1   8047   1M   2N C   N       7    9  -97.64 -119.90   31.28    0.91  -63.20  159.88   18.30
    1          2N   2N N   CA      9   10  115.03  137.00                  -41.10
    2   8048   2N   3G C   N      15   17 -142.24 -167.20   39.37    0.98   82.20 -168.23   14.71
    2          3G   3G N   CA     17   18  144.15  174.60                    8.50
    3   8049   3G   4E C   N      19   21  -86.34  -69.30   19.85    1.79  -63.60  174.12   22.04
    3          4E   4E N   CA     21   22  132.32  142.50                  -40.30
    4   8051   5I   6R C   N      36   38  -65.18  -72.10    9.46    0.82  -63.00  170.57   23.19
    4          6R   6R N   CA     38   39  148.35  141.90                  -41.10
    5   8052   6R   7L C   N      47   49  -63.26  -70.70   21.63    1.39  -63.50  162.49   22.58
    5          7L   7L N   CA     49   50  121.29  141.60                  -41.20
    6   8055   9P  10Y C   N      70   72  -78.09  -98.40   21.43    1.13  -63.50  165.61   25.54
    6         10Y  10Y N   CA     72   73  121.57  128.40                  -43.40
    7   8057  11V  12T C   N      89   91 -124.02 -124.80   12.35    0.55  -63.20  173.11   26.22
    7         12T  12T N   CA     91   92  155.82  143.50                  -42.10
    8   8058  12T  13N C   N      96   98  -83.88  -71.20   24.39    1.30  -63.20  156.65   20.75
    8         13N  13N N   CA     98   99  163.63  142.80                  -41.10
    9   8059  13N  14E C   N     104  106  -71.31  -69.30   12.96    0.92  -63.60  164.58   22.37
    9         14E  14E N   CA    106  107  155.30  142.50                  -40.30
   10   8060  14E  15Q C   N     113  115  -88.56  -73.00   29.92    1.72  -63.80  155.43   24.18
   10         15Q  15Q N   CA    115  116  166.26  140.70                  -40.30
   11   8062  16I  17M C   N     130  132  -68.47  -73.00   12.48    0.78  -63.40  171.95   25.28
   11         17M  17M N   CA    132  133  131.37  143.00                  -40.50
   12   8063  17M  18D C   N     138  140 -115.73  -70.90   52.32    2.71  -63.30  152.06   22.16
   12         18D  18D N   CA    140  141  177.26  150.30                  -40.00
   13   8107  61K  62N C   N     469  471   54.62   55.90    1.32    0.16  -63.20  142.56   23.42
   13         62N  62N N   CA    471  472   39.17   39.50                  -41.10
   14   8108  62N  63Q C   N     477  479   47.12  -73.00  121.46    8.32  -63.80 -162.81   34.56
   14         63Q  63Q N   CA    479  480  122.73  140.70                  -40.30
   15   8118  72D  73D C   N     553  555 -149.30  -63.30   87.19   13.08  -63.30   87.19   13.08
   15         73D  73D N   CA    555  556  -25.66  -40.00                  -40.00
   16   8120  74D  75G C   N     569  571  -68.09  -62.40    6.08    0.98   82.20  157.63   11.92
   16         75G  75G N   CA    571  572  -39.04  -41.20                    8.50
   17   8121  75G  76G C   N     573  575   78.59   82.20    6.35    0.17  -62.40  151.32   28.52
   17         76G  76G N   CA    575  576   13.73    8.50                  -41.20
   18   8224 178G 179N C   N    1301 1303 -116.93 -119.90   94.83    4.24  -63.20   99.14   10.66
   18        179N 179N N   CA   1303 1304   42.22  137.00                  -41.10
   19   8267 221I 222D C   N    1628 1630 -107.12  -63.30   44.44    7.35  -63.30   44.44    7.35
   19        222D 222D N   CA   1630 1631  -47.42  -40.00                  -40.00
   20   8272 226P 227G C   N    1663 1665 -161.77  -62.40  112.73   17.38  -62.40  112.73   17.38
   20        227G 227G N   CA   1665 1666   12.04  -41.20                  -41.20
   21   8314 268Q 269R C   N    1977 1979 -156.83 -125.20   62.97    2.22  -63.00  155.38   27.10
   21        269R 269R N   CA   1979 1980 -164.95  140.60                  -41.10
   22   8315 269R 270K C   N    1988 1990  -69.96  -70.20   14.38    1.04  -62.90  166.97   21.31
   22        270K 270K N   CA   1990 1991  126.02  140.40                  -40.80
   23   8317 271L 272S C   N    2005 2007 -140.78 -136.60   87.70    4.36  -64.10  115.37   13.87
   23        272S 272S N   CA   2007 2008 -121.20  151.20                  -35.00
   24   8318 272S 273E C   N    2011 2013  -47.99  -69.30   24.75    2.23  -63.60  165.33   21.23
   24        273E 273E N   CA   2013 2014  155.10  142.50                  -40.30
   25   8319 273E 274S C   N    2020 2022  -49.92  -72.40   42.84    1.96  -64.10  151.61   11.89
   25        274S 274S N   CA   2022 2023  115.94  152.40                  -35.00
   26   8320 274S 275E C   N    2026 2028 -105.83 -117.80   27.30    1.50  -63.60  163.89   24.24
   26        275E 275E N   CA   2028 2029  161.34  136.80                  -40.30
   27   8321 275E 276V C   N    2035 2037  -60.05  -62.40    4.15    0.46 -125.40 -177.06   10.30
   27        276V 276V N   CA   2037 2038  -45.82  -42.40                  143.30
   28   8322 276V 277F C   N    2042 2044 -163.31 -124.20   44.36    1.19  -63.20 -178.44   31.40
   28        277F 277F N   CA   2044 2045  164.24  143.30                  -44.30
   29   8324 278A 279Q C   N    2058 2060   82.89  -63.80  148.77   23.57  -63.80  148.77   23.57
   29        279Q 279Q N   CA   2060 2061  -65.07  -40.30                  -40.30
   30   8328 282R 283R C   N    2094 2096 -162.47 -125.20  118.63    4.81  -63.00  119.20   21.72
   30        283R 283R N   CA   2096 2097 -106.78  140.60                  -41.10
   31   8329 283R 284T C   N    2105 2107   97.90  -63.20  161.14   25.38  -63.20  161.14   25.38
   31        284T 284T N   CA   2107 2108  -38.21  -42.10                  -42.10
   32   8330 284T 285L C   N    2112 2114  178.11  -63.50  133.52   24.63  -63.50  133.52   24.63
   32        285L 285L N   CA   2114 2115 -102.94  -41.20                  -41.20
   33   8331 285L 286P C   N    2120 2122  -74.69  -58.70   56.25    3.54  -64.50  124.18    9.81
   33        286P 286P N   CA   2122 2123   23.43  -30.50                  147.20
   34   8333 287L 288D C   N    2135 2137 -111.96  -63.30   48.84    7.54  -63.30   48.84    7.54
   34        288D 288D N   CA   2137 2138  -35.82  -40.00                  -40.00
   35   8341 295G 296N C   N    2189 2191  -53.06  -63.20   18.98    2.04 -119.90  178.81    9.36
   35        296N 296N N   CA   2191 2192  -57.15  -41.10                  137.00
   36   8342 296N 297G C   N    2197 2199  119.93   82.20   55.18    1.67  -62.40  177.92   31.39
   36        297G 297G N   CA   2199 2200  -31.77    8.50                  -41.20
   37   8346 300Y 301L C   N    2232 2234   78.82  -70.70  166.22   16.68 -108.50 -168.96    8.44
   37        301L 301L N   CA   2234 2235 -145.78  141.60                  132.50
   38   8348 302T 303A C   N    2247 2249  144.65 -134.00   90.99    2.07  -62.50 -158.46   40.60
   38        303A 303A N   CA   2249 2250 -172.25  147.00                  -40.90
   39   8357 311A 312E C   N    2312 2314  -48.21  -69.30   23.40    1.42  -63.60  173.35   23.97
   39        312E 312E N   CA   2314 2315  132.36  142.50                  -40.30
   40   8358 312E 313Q C   N    2321 2323  -61.40  -73.00   42.10    2.54  -63.80  140.55   20.79
   40        313Q 313Q N   CA   2323 2324  100.23  140.70                  -40.30
   41   8360 314S 315H C   N    2336 2338 -102.02 -125.60   25.84    1.10  -63.20  172.74   24.13
   41        315H 315H N   CA   2338 2339  149.38  138.80                  -42.30
   42   8361 315H 316L C   N    2346 2348  -67.13  -70.70   12.02    0.79  -63.50  171.36   23.59
   42        316L 316L N   CA   2348 2349  130.12  141.60                  -41.20
   43   8362 316L 317L C   N    2354 2356 -117.56 -108.50   41.38    2.13  -63.50  155.61   24.95
   43        317L 317L N   CA   2356 2357  172.88  132.50                  -41.20
   44   8363 317L 318T C   N    2362 2364  -64.69  -78.10   15.67    0.69  -63.20  176.21   22.69
   44        318T 318T N   CA   2364 2365  141.70  149.80                  -42.10


report______> Distribution of short non-bonded contacts:


DISTANCE1:  0.00 2.10 2.20 2.30 2.40 2.50 2.60 2.70 2.80 2.90 3.00 3.10 3.20 3.30 3.40
DISTANCE2:  2.10 2.20 2.30 2.40 2.50 2.60 2.70 2.80 2.90 3.00 3.10 3.20 3.30 3.40 3.50
FREQUENCY:     0    0    0    0    0   19   47  142  184  258  251  296  336  388  406


<< end of ENERGY.
openf___224_> Open           P11018.B99990002.pdb
wrpdb___568_> Residues, atoms, selected atoms:      319     2379     2379

>> Summary of successfully produced models:
Filename                          molpdf
----------------------------------------
P11018.B99990001.pdb          2175.60376
P11018.B99990002.pdb          2109.89355


Dynamically allocated memory at          finish [B,KiB,MiB]:      5208997    5086.911     4.968
Starting time                                            : 2024/02/01 18:38:13
Closing time                                             : 2024/02/01 18:38:36
Total CPU time [seconds]                                 :      23.22
