
                         MODELLER 10.5, 2024/01/19, r12711

     PROTEIN STRUCTURE MODELLING BY SATISFACTION OF SPATIAL RESTRAINTS


                     Copyright(c) 1989-2024 Andrej Sali
                            All Rights Reserved

                             Written by A. Sali
                               with help from
              B. Webb, M.S. Madhusudhan, M-Y. Shen, G.Q. Dong,
          M.A. Marti-Renom, N. Eswar, F. Alber, M. Topf, B. Oliva,
             A. Fiser, R. Sanchez, B. Yerkovich, A. Badretdinov,
                     F. Melo, J.P. Overington, E. Feyfant
                 University of California, San Francisco, USA
                    Rockefeller University, New York, USA
                      Harvard University, Cambridge, USA
                   Imperial Cancer Research Fund, London, UK
              Birkbeck College, University of London, London, UK


Kind, OS, HostName, Kernel, Processor: 4, Darwin mar-104-44.eduroamcm.upf.edu 23.2.0 arm64
Date and time of compilation         : 2024/01/19 15:39:00
MODELLER executable type             : mac12arm64-gnu
Job starting time (YY/MM/DD HH:MM:SS): 2024/02/08 16:37:39

environ____W> The class 'environ' is deprecated; use 'Environ' instead
openf___224_> Open           $(LIB)/restyp.lib
openf___224_> Open           ${MODINSTALL10v5}/modlib/resgrp.lib
rdresgr_266_> Number of residue groups:        2
openf___224_> Open           ${MODINSTALL10v5}/modlib/sstruc.lib

Dynamically allocated memory at   amaxlibraries [B,KiB,MiB]:       191566     187.076     0.183

Dynamically allocated memory at   amaxlibraries [B,KiB,MiB]:       192094     187.592     0.183
openf___224_> Open           ${MODINSTALL10v5}/modlib/resdih.lib

Dynamically allocated memory at   amaxlibraries [B,KiB,MiB]:       240694     235.053     0.230
rdrdih__263_> Number of dihedral angle types         :        9
              Maximal number of dihedral angle optima:        3
              Dihedral angle names                   :  Alph Phi Psi Omeg chi1 chi2 chi3 chi4 chi5
openf___224_> Open           ${MODINSTALL10v5}/modlib/radii.lib

Dynamically allocated memory at   amaxlibraries [B,KiB,MiB]:       253994     248.041     0.242
openf___224_> Open           ${MODINSTALL10v5}/modlib/af_mnchdef.lib
rdwilmo_274_> Mainchain residue conformation classes:  APBLE
openf___224_> Open           ${MODINSTALL10v5}/modlib/mnch.lib
rdclass_257_> Number of classes:        5
openf___224_> Open           ${MODINSTALL10v5}/modlib/mnch1.lib
openf___224_> Open           ${MODINSTALL10v5}/modlib/mnch2.lib
openf___224_> Open           ${MODINSTALL10v5}/modlib/mnch3.lib
openf___224_> Open           ${MODINSTALL10v5}/modlib/xs4.mat
rdrrwgh_268_> Number of residue types:       21
automodel__W> The class 'automodel' is deprecated; use 'AutoModel' instead
openf___224_> Open           target_template.pir

Dynamically allocated memory at   amaxalignment [B,KiB,MiB]:       282425     275.806     0.269

Dynamically allocated memory at   amaxalignment [B,KiB,MiB]:       297517     290.544     0.284

Dynamically allocated memory at   amaxalignment [B,KiB,MiB]:       312917     305.583     0.298

Dynamically allocated memory at   amaxalignment [B,KiB,MiB]:       343717     335.661     0.328

Dynamically allocated memory at   amaxalignment [B,KiB,MiB]:       405317     395.817     0.387

Dynamically allocated memory at    amaxsequence [B,KiB,MiB]:       406413     396.888     0.388

Dynamically allocated memory at    amaxsequence [B,KiB,MiB]:       407685     398.130     0.389

Read the alignment from file       : target_template.pir

Total number of alignment positions:   319

  #  Code        #_Res #_Segm PDB_code    Name
-------------------------------------------------------------------------------
  1      1meeA     275      1       1meeA
  2     P11018     319      1      P11018
check_a_343_> >> BEGINNING OF COMMAND
openf___224_> Open           ./1meeA.pdb

Dynamically allocated memory at amaxcoordinates [B,KiB,MiB]:       491910     480.381     0.469

Dynamically allocated memory at    amaxsequence [B,KiB,MiB]:       491910     480.381     0.469

Dynamically allocated memory at amaxcoordinates [B,KiB,MiB]:       492081     480.548     0.469

Dynamically allocated memory at amaxcoordinates [B,KiB,MiB]:       492931     481.378     0.470

Dynamically allocated memory at amaxcoordinates [B,KiB,MiB]:       494189     482.606     0.471

Dynamically allocated memory at amaxcoordinates [B,KiB,MiB]:       496093     484.466     0.473

Dynamically allocated memory at    amaxsequence [B,KiB,MiB]:       496093     484.466     0.473

Dynamically allocated memory at amaxcoordinates [B,KiB,MiB]:       496183     484.554     0.473

Dynamically allocated memory at amaxcoordinates [B,KiB,MiB]:       499039     487.343     0.476

Dynamically allocated memory at    amaxsequence [B,KiB,MiB]:       499039     487.343     0.476

Dynamically allocated memory at amaxcoordinates [B,KiB,MiB]:       499174     487.475     0.476

Dynamically allocated memory at amaxcoordinates [B,KiB,MiB]:       503458     491.658     0.480

Dynamically allocated memory at    amaxsequence [B,KiB,MiB]:       503458     491.658     0.480

Dynamically allocated memory at amaxcoordinates [B,KiB,MiB]:       503656     491.852     0.480

Dynamically allocated memory at amaxcoordinates [B,KiB,MiB]:       510082     498.127     0.486

Dynamically allocated memory at    amaxsequence [B,KiB,MiB]:       510082     498.127     0.486

Dynamically allocated memory at amaxcoordinates [B,KiB,MiB]:       510379     498.417     0.487

Dynamically allocated memory at amaxcoordinates [B,KiB,MiB]:       520001     507.813     0.496

Dynamically allocated memory at    amaxsequence [B,KiB,MiB]:       520001     507.813     0.496

Dynamically allocated memory at amaxcoordinates [B,KiB,MiB]:       520451     508.253     0.496

Dynamically allocated memory at amaxcoordinates [B,KiB,MiB]:       534901     522.364     0.510

Dynamically allocated memory at    amaxsequence [B,KiB,MiB]:       534901     522.364     0.510

Dynamically allocated memory at amaxcoordinates [B,KiB,MiB]:       535576     523.023     0.511

Dynamically allocated memory at amaxcoordinates [B,KiB,MiB]:       557234     544.174     0.531

Dynamically allocated memory at    amaxsequence [B,KiB,MiB]:       557234     544.174     0.531

Dynamically allocated memory at amaxcoordinates [B,KiB,MiB]:       558242     545.158     0.532

Dynamically allocated memory at amaxcoordinates [B,KiB,MiB]:       590746     576.900     0.563

Dynamically allocated memory at   amaxstructure [B,KiB,MiB]:       590188     576.355     0.563

check_ali___> Checking the sequence-structure alignment. 

Implied intrachain target CA(i)-CA(i+1) distances longer than  8.0 angstroms:

ALN_POS  TMPL  RID1  RID2  NAM1  NAM2     DIST
----------------------------------------------
END OF TABLE
check_a_344_> << END OF COMMAND
openf___224_> Open           ${LIB}/top_heav.lib
read_to_681_> topology.submodel read from topology file:        3
openf___224_> Open           ${LIB}/par.lib

Dynamically allocated memory at  amaxparameters [B,KiB,MiB]:       729440     712.344     0.696

Dynamically allocated memory at  amaxparameters [B,KiB,MiB]:       731040     713.906     0.697

Dynamically allocated memory at  amaxparameters [B,KiB,MiB]:       735020     717.793     0.701

Dynamically allocated memory at  amaxparameters [B,KiB,MiB]:       737020     719.746     0.703

Dynamically allocated memory at  amaxparameters [B,KiB,MiB]:       740020     722.676     0.706

Dynamically allocated memory at  amaxparameters [B,KiB,MiB]:       744520     727.070     0.710

Dynamically allocated memory at  amaxparameters [B,KiB,MiB]:       750092     732.512     0.715

Dynamically allocated memory at  amaxparameters [B,KiB,MiB]:       752892     735.246     0.718

Dynamically allocated memory at  amaxparameters [B,KiB,MiB]:       757092     739.348     0.722

Dynamically allocated memory at  amaxparameters [B,KiB,MiB]:       763392     745.500     0.728

Dynamically allocated memory at  amaxparameters [B,KiB,MiB]:       766164     748.207     0.731

Dynamically allocated memory at  amaxparameters [B,KiB,MiB]:       767564     749.574     0.732
read_pa_232_> parameters    BONDS   ANGLS  DIHEDS IMPROPS    MODE
                              227     561     661     112       0

Dynamically allocated memory at       amaxmodel [B,KiB,MiB]:       817490     798.330     0.780

Dynamically allocated memory at       amaxmodel [B,KiB,MiB]:      1052396    1027.730     1.004

Dynamically allocated memory at       amaxmodel [B,KiB,MiB]:      1087092    1061.613     1.037

mkilst______> segment topology constructed from sequence and RTF:
              segments residues  atoms  bonds angles dihedrals impropers:
                     1      319   2378   2413      0         0       962

Dynamically allocated memory at       amaxmodel [B,KiB,MiB]:      1187520    1159.688     1.133

patch_______> segment topology patched using RTF:  1 ;  MET  ;  NTER
              segments residues  atoms  bonds angles dihedrals impropers:
                     1      319   2378   2413   3270      3826       962


Dynamically allocated memory at       amaxmodel [B,KiB,MiB]:      1298016    1267.594     1.238
patch_______> segment topology patched using RTF:  319 ;  LEU  ;  CTER
              segments residues  atoms  bonds angles dihedrals impropers:
                     1      319   2379   2414   3272      3828       963

genseg______> segment topology constructed from sequence and RTF:
              segments residues  atoms  bonds angles dihedrals impropers:
                     1      319   2379   2414   3272      3828       963
transfe_506_> MODEL is an average of all templates.
transfe_511_> Number of templates for coordinate transfer:        1
              After transferring coordinates of the equivalent template atoms,
              there are defined, undefined atoms in MODEL:     1673      706
The following 1 residues contain 6-membered rings with poor geometries
after transfer from templates. Rebuilding rings from internal coordinates:
   <Residue 137:A (type TYR)>
openf___224_> Open           P11018.ini
wrpdb___568_> Residues, atoms, selected atoms:      319     2379     2379
make_re_417_> Restraint type to be calculated:  stereo

Dynamically allocated memory at  amaxrestraints [B,KiB,MiB]:      1405465    1372.524     1.340

Dynamically allocated memory at  amaxrestraints [B,KiB,MiB]:      1413657    1380.524     1.348

Dynamically allocated memory at  amaxrestraints [B,KiB,MiB]:      1430041    1396.524     1.364

Dynamically allocated memory at  amaxrestraints [B,KiB,MiB]:      1462809    1428.524     1.395

Dynamically allocated memory at  amaxrestraints [B,KiB,MiB]:      1495577    1460.524     1.426

Dynamically allocated memory at  amaxrestraints [B,KiB,MiB]:      1561113    1524.524     1.489

Dynamically allocated memory at  amaxrestraints [B,KiB,MiB]:      1593881    1556.524     1.520

Dynamically allocated memory at  amaxrestraints [B,KiB,MiB]:      1626649    1588.524     1.551

Dynamically allocated memory at  amaxrestraints [B,KiB,MiB]:      1692185    1652.524     1.614

Dynamically allocated memory at  amaxrestraints [B,KiB,MiB]:      1823257    1780.524     1.739

Dynamically allocated memory at  amaxrestraints [B,KiB,MiB]:      1888793    1844.524     1.801

Dynamically allocated memory at  amaxrestraints [B,KiB,MiB]:      1954329    1908.524     1.864

Dynamically allocated memory at  amaxrestraints [B,KiB,MiB]:      2085401    2036.524     1.989

Dynamically allocated memory at  amaxrestraints [B,KiB,MiB]:      2347545    2292.524     2.239

Dynamically allocated memory at  amaxrestraints [B,KiB,MiB]:      2478617    2420.524     2.364
r_stere_606_> Stereochemical restraints were constructed from RTF & PRMF.
              Added bond,angle,dihedral,improper restraints  :     2414    3272    3638     950
              Total number of restraints before, now         :        0    10274
make_re_422_> Number of previous, current restraints         :        0    10274
make_re_423_> Number of previous, current selected restraints:        0    10274
make_re_417_> Restraint type to be calculated:  phi-psi_binormal

Dynamically allocated memory at   amaxstructure [B,KiB,MiB]:      2657109    2594.833     2.534
openf___224_> Open           ${MODINSTALL10v5}/modlib/mnch1.bin
openf___224_> Open           ${MODINSTALL10v5}/modlib/mnch1.mdt
getdata_643_> Protein accepted:  1meeA
getdata_289_> Proteins (all/accepted):        1        1
make_re_422_> Number of previous, current restraints         :    10274    10591
make_re_423_> Number of previous, current selected restraints:    10274    10591
make_re_417_> Restraint type to be calculated:  omega_dihedral

Dynamically allocated memory at   amaxstructure [B,KiB,MiB]:      2657125    2594.849     2.534
openf___224_> Open           ${MODINSTALL10v5}/modlib/omega.bin
openf___224_> Open           ${MODINSTALL10v5}/modlib/omega.mdt
getdata_643_> Protein accepted:  1meeA
getdata_289_> Proteins (all/accepted):        1        1
omgdel__425_> Unselected all O C +N +CA dihedrals:      331
              (This is to avoid clashes between STEREO
              and OMEGA_DIHEDRAL restraints)
make_re_422_> Number of previous, current restraints         :    10591    10909
make_re_423_> Number of previous, current selected restraints:    10591    10578
make_re_417_> Restraint type to be calculated:  chi1_dihedral

Dynamically allocated memory at   amaxstructure [B,KiB,MiB]:      2657125    2594.849     2.534
openf___224_> Open           ${MODINSTALL10v5}/modlib/chi1234.bin
openf___224_> Open           ${MODINSTALL10v5}/modlib/chi1.mdt
getdata_643_> Protein accepted:  1meeA
getdata_289_> Proteins (all/accepted):        1        1

Dynamically allocated memory at  amaxrestraints [B,KiB,MiB]:      2788197    2722.849     2.659
make_re_422_> Number of previous, current restraints         :    10909    11164
make_re_423_> Number of previous, current selected restraints:    10578    10833
make_re_417_> Restraint type to be calculated:  chi2_dihedral

Dynamically allocated memory at   amaxstructure [B,KiB,MiB]:      2788197    2722.849     2.659
openf___224_> Open           ${MODINSTALL10v5}/modlib/chi1234.bin
openf___224_> Open           ${MODINSTALL10v5}/modlib/chi2.mdt
getdata_643_> Protein accepted:  1meeA
getdata_289_> Proteins (all/accepted):        1        1
make_re_422_> Number of previous, current restraints         :    11164    11357
make_re_423_> Number of previous, current selected restraints:    10833    11026
make_re_417_> Restraint type to be calculated:  chi3_dihedral

Dynamically allocated memory at   amaxstructure [B,KiB,MiB]:      2788197    2722.849     2.659
openf___224_> Open           ${MODINSTALL10v5}/modlib/chi1234.bin
openf___224_> Open           ${MODINSTALL10v5}/modlib/chi3.mdt
getdata_643_> Protein accepted:  1meeA
getdata_289_> Proteins (all/accepted):        1        1
make_re_422_> Number of previous, current restraints         :    11357    11439
make_re_423_> Number of previous, current selected restraints:    11026    11108
make_re_417_> Restraint type to be calculated:  chi4_dihedral

Dynamically allocated memory at   amaxstructure [B,KiB,MiB]:      2788197    2722.849     2.659
openf___224_> Open           ${MODINSTALL10v5}/modlib/chi1234.bin
openf___224_> Open           ${MODINSTALL10v5}/modlib/chi4.mdt
mdtrsr__446W> A potential that relies on one protein is used, yet you have at
              least one known structure available. MDT, not library, potential is used.
getdata_643_> Protein accepted:  1meeA
getdata_289_> Proteins (all/accepted):        1        1
make_re_422_> Number of previous, current restraints         :    11439    11467
make_re_423_> Number of previous, current selected restraints:    11108    11136
make_re_417_> Restraint type to be calculated:  DISTANCE

Dynamically allocated memory at amaxhash_contac [B,KiB,MiB]:      3473313    3391.907     3.312

Dynamically allocated memory at  amaxrestraints [B,KiB,MiB]:      3735457    3647.907     3.562

Dynamically allocated memory at  amaxrestraints [B,KiB,MiB]:      3997601    3903.907     3.812
make_re_422_> Number of previous, current restraints         :    11467    18469
make_re_423_> Number of previous, current selected restraints:    11136    18138
make_re_417_> Restraint type to be calculated:  DISTANCE

Dynamically allocated memory at  amaxrestraints [B,KiB,MiB]:      4521889    4415.907     4.312

Dynamically allocated memory at  amaxrestraints [B,KiB,MiB]:      4784033    4671.907     4.562
make_re_422_> Number of previous, current restraints         :    18469    25671
make_re_423_> Number of previous, current selected restraints:    18138    25340
make_re_417_> Restraint type to be calculated:  DISTANCE
make_re_422_> Number of previous, current restraints         :    25671    28316
make_re_423_> Number of previous, current selected restraints:    25340    27985
make_re_417_> Restraint type to be calculated:  DISTANCE
make_re_422_> Number of previous, current restraints         :    28316    29217
make_re_423_> Number of previous, current selected restraints:    27985    28886
0 atoms in HETATM/BLK residues constrained
to protein atoms within 2.30 angstroms
and protein CA atoms within 10.00 angstroms
make_re_417_> Restraint type to be calculated:  DISTANCE
make_re_422_> Number of previous, current restraints         :    29217    29217
make_re_423_> Number of previous, current selected restraints:    28886    28886
make_re_417_> Restraint type to be calculated:  DISTANCE
make_re_422_> Number of previous, current restraints         :    29217    29217
make_re_423_> Number of previous, current selected restraints:    28886    28886
make_re_417_> Restraint type to be calculated:  DISTANCE
make_re_422_> Number of previous, current restraints         :    29217    29217
make_re_423_> Number of previous, current selected restraints:    28886    28886
make_re_417_> Restraint type to be calculated:  DISTANCE
make_re_422_> Number of previous, current restraints         :    29217    29217
make_re_423_> Number of previous, current selected restraints:    28886    28886
0 atoms in residues without defined topology
constrained to be rigid bodies
make_re_417_> Restraint type to be calculated:  DISTANCE
make_re_422_> Number of previous, current restraints         :    29217    29217
make_re_423_> Number of previous, current selected restraints:    28886    28886
rmdupl__427_>     1897 redundant cosine dihedral restraints were unselected.
condens_443_> Restraints marked for deletion were removed.
              Total number of restraints before, now:    29217    26989
openf___224_> Open           P11018.rsr
openf___224_> Open           P11018.rsr

Dynamically allocated memory at  amaxrestraints [B,KiB,MiB]:      4802201    4689.649     4.580
rdcsr2__307_> Number of restraints read    :    26989
              Number of excluded pairs read:        0
              Number of pseudo atoms read  :        0
rdcsrs__304_> Restraints in memory, selected restraints:    26989    26989
              Explicitly excluded atom pairs in memory :        0
              Pseudo atoms in memory                   :        0
openf___224_> Open           P11018.ini

Dynamically allocated memory at       amaxmodel [B,KiB,MiB]:      4802233    4689.681     4.580
read_mo_297_> Segments, residues, atoms:        1      319     2379
read_mo_298_> Segment:        1  1:A  319:A     2379
randomi_498_> Atoms,selected atoms,random_seed,amplitude:     2379     2379        1        4.0000
randomi_496_> Amplitude is > 0; randomization is done.
pick_re_612_> Number of MODEL atoms, selected restraints;     2379    12731
pick_re_612_> Number of MODEL atoms, selected restraints;     2379    14180
pick_re_612_> Number of MODEL atoms, selected restraints;     2379    15017
pick_re_612_> Number of MODEL atoms, selected restraints;     2379    15900
pick_re_612_> Number of MODEL atoms, selected restraints;     2379    17327
pick_re_612_> Number of MODEL atoms, selected restraints;     2379    19158
pick_re_612_> Number of MODEL atoms, selected restraints;     2379    21359
pick_re_612_> Number of MODEL atoms, selected restraints;     2379    23249
pick_re_612_> Number of MODEL atoms, selected restraints;     2379    24586

Dynamically allocated memory at  amaxrestraints [B,KiB,MiB]:      5151901    5031.153     4.913
pick_re_612_> Number of MODEL atoms, selected restraints;     2379    26085
pick_re_612_> Number of MODEL atoms, selected restraints;     2379    26989
pick_re_612_> Number of MODEL atoms, selected restraints;     2379    26989
iupac_m_486_> OE1/2 will be swapped:      170.6307        4  4
iupac_m_485_> OD1/2 will be swapped:     -174.7587       18  18
iupac_m_485_> OD1/2 will be swapped:      133.2161       72  72
iupac_m_485_> OD1/2 will be swapped:     -157.0956       73  73
iupac_m_485_> OD1/2 will be swapped:     -155.8810       74  74
iupac_m_483_> CD1/2 CE1/2 swapped:       90.3867       84  84
iupac_m_397W> Atoms were not swapped because of the uncertainty of how to handle the H atom.
iupac_m_485_> OD1/2 will be swapped:      151.1449       99  99
iupac_m_486_> OE1/2 will be swapped:      160.1307      129  129
iupac_m_485_> OD1/2 will be swapped:      140.7104      144  144
iupac_m_485_> OD1/2 will be swapped:     -166.6207      155  155
iupac_m_485_> OD1/2 will be swapped:     -177.7130      182  182
iupac_m_485_> OD1/2 will be swapped:      166.2227      184  184
iupac_m_486_> OE1/2 will be swapped:     -179.4380      185  185
iupac_m_486_> OE1/2 will be swapped:      169.9126      188  188
iupac_m_486_> OE1/2 will be swapped:      161.3995      198  198
iupac_m_486_> OE1/2 will be swapped:      172.3657      210  210
iupac_m_486_> OE1/2 will be swapped:     -161.3162      228  228
iupac_m_486_> OE1/2 will be swapped:     -107.8512      263  263
iupac_m_486_> OE1/2 will be swapped:     -174.7980      265  265
iupac_m_483_> CD1/2 CE1/2 swapped:       90.0961      277  277
iupac_m_397W> Atoms were not swapped because of the uncertainty of how to handle the H atom.
iupac_m_484W> Dihedral still outside +-90:      -90.8321
iupac_m_485_> OD1/2 will be swapped:      179.8209      305  305


>> ENERGY; Differences between the model's features and restraints:
Number of all residues in MODEL                   :      319
Number of all, selected real atoms                :     2379    2379
Number of all, selected pseudo atoms              :        0       0
Number of all static, selected restraints         :    26989   26989
COVALENT_CYS                                      :        F
NONBONDED_SEL_ATOMS                               :        1
Number of non-bonded pairs (excluding 1-2,1-3,1-4):     5402
Dynamic pairs routine                             : 2, NATM x NATM cell sorting
Atomic shift for contacts update (UPDATE_DYNAMIC) :    0.390
LENNARD_JONES_SWITCH                              :    6.500   7.500
COULOMB_JONES_SWITCH                              :    6.500   7.500
RESIDUE_SPAN_RANGE                                :        0   99999
NLOGN_USE                                         :       15
CONTACT_SHELL                                     :    4.000
DYNAMIC_PAIRS,_SPHERE,_COULOMB,_LENNARD,_MODELLER :        T       T       F       F       F
SPHERE_STDV                                       :    0.050
RADII_FACTOR                                      :    0.820
Current energy                                    :        1855.0262





Summary of the restraint violations: 

   NUM     ... number of restraints.
   NUMVI   ... number of restraints with RVIOL > VIOL_REPORT_CUT[i].
   RVIOL   ... relative difference from the best value.
   NUMVP   ... number of restraints with -Ln(pdf) > VIOL_REPORT_CUT2[i].
   RMS_1   ... RMS(feature, minimally_violated_basis_restraint, NUMB).
   RMS_2   ... RMS(feature, best_value, NUMB).
   MOL.PDF ... scaled contribution to -Ln(Molecular pdf).

 #                     RESTRAINT_GROUP      NUM   NUMVI  NUMVP   RMS_1   RMS_2         MOL.PDF     S_i
------------------------------------------------------------------------------------------------------
 1 Bond length potential              :    2414       0      0   0.006   0.006      24.448       1.000
 2 Bond angle potential               :    3272       1     17   2.213   2.213      310.39       1.000
 3 Stereochemical cosine torsion poten:    1410       0     66  51.475  51.475      582.63       1.000
 4 Stereochemical improper torsion pot:     950       0      0   1.477   1.477      47.827       1.000
 5 Soft-sphere overlap restraints     :    5402       0      0   0.004   0.004      9.3534       1.000
 6 Lennard-Jones 6-12 potential       :       0       0      0   0.000   0.000      0.0000       1.000
 7 Coulomb point-point electrostatic p:       0       0      0   0.000   0.000      0.0000       1.000
 8 H-bonding potential                :       0       0      0   0.000   0.000      0.0000       1.000
 9 Distance restraints 1 (CA-CA)      :    7002       0      0   0.151   0.151      115.87       1.000
10 Distance restraints 2 (N-O)        :    7202       0      2   0.224   0.224      207.17       1.000
11 Mainchain Phi dihedral restraints  :       0       0      0   0.000   0.000      0.0000       1.000
12 Mainchain Psi dihedral restraints  :       0       0      0   0.000   0.000      0.0000       1.000
13 Mainchain Omega dihedral restraints:     318       0      3   4.062   4.062      61.013       1.000
14 Sidechain Chi_1 dihedral restraints:     255       0      1  71.527  71.527      57.606       1.000
15 Sidechain Chi_2 dihedral restraints:     193       0      3  69.309  69.309      80.736       1.000
16 Sidechain Chi_3 dihedral restraints:      82       0      0  73.722  73.722      50.010       1.000
17 Sidechain Chi_4 dihedral restraints:      28       0      0  79.959  79.959      18.840       1.000
18 Disulfide distance restraints      :       0       0      0   0.000   0.000      0.0000       1.000
19 Disulfide angle restraints         :       0       0      0   0.000   0.000      0.0000       1.000
20 Disulfide dihedral angle restraints:       0       0      0   0.000   0.000      0.0000       1.000
21 Lower bound distance restraints    :       0       0      0   0.000   0.000      0.0000       1.000
22 Upper bound distance restraints    :       0       0      0   0.000   0.000      0.0000       1.000
23 Distance restraints 3 (SDCH-MNCH)  :    2645       0      0   0.347   0.347      50.743       1.000
24 Sidechain Chi_5 dihedral restraints:       0       0      0   0.000   0.000      0.0000       1.000
25 Phi/Psi pair of dihedral restraints:     317      38     41  29.742  59.813      185.47       1.000
26 Distance restraints 4 (SDCH-SDCH)  :     901       0      0   0.590   0.590      52.921       1.000
27 Distance restraints 5 (X-Y)        :       0       0      0   0.000   0.000      0.0000       1.000
28 NMR distance restraints 6 (X-Y)    :       0       0      0   0.000   0.000      0.0000       1.000
29 NMR distance restraints 7 (X-Y)    :       0       0      0   0.000   0.000      0.0000       1.000
30 Minimal distance restraints        :       0       0      0   0.000   0.000      0.0000       1.000
31 Non-bonded restraints              :       0       0      0   0.000   0.000      0.0000       1.000
32 Atomic accessibility restraints    :       0       0      0   0.000   0.000      0.0000       1.000
33 Atomic density restraints          :       0       0      0   0.000   0.000      0.0000       1.000
34 Absolute position restraints       :       0       0      0   0.000   0.000      0.0000       1.000
35 Dihedral angle difference restraint:       0       0      0   0.000   0.000      0.0000       1.000
36 GBSA implicit solvent potential    :       0       0      0   0.000   0.000      0.0000       1.000
37 EM density fitting potential       :       0       0      0   0.000   0.000      0.0000       1.000
38 SAXS restraints                    :       0       0      0   0.000   0.000      0.0000       1.000
39 Symmetry restraints                :       0       0      0   0.000   0.000      0.0000       1.000



openf___224_> Open           P11018.V99990001
# Heavy relative violation of each residue is written to: P11018.V99990001
# The profile is NOT normalized by the number of restraints.
# The profiles are smoothed over a window of residues:    1
# The sum of all numbers in the file:   32155.3711



List of the violated restraints:
   A restraint is violated when the relative difference
   from the best value (RVIOL) is larger than CUTOFF.

   ICSR   ... index of a restraint in the current set.
   RESNO  ... residue numbers of the first two atoms.
   ATM    ... IUPAC atom names of the first two atoms.
   FEAT   ... the value of the feature in the model.
   restr  ... the mean of the basis restraint with the smallest
              difference from the model (local minimum).
   viol   ... difference from the local minimum.
   rviol  ... relative difference from the local minimum.
   RESTR  ... the best value (global minimum).
   VIOL   ... difference from the best value.
   RVIOL  ... relative difference from the best value.


-------------------------------------------------------------------------------------------------

Feature  2                           : Bond angle potential                    
List of the RVIOL violations larger than   :       4.5000

    #   ICSR  RESNO1/2 ATM1/2   INDATM1/2    FEAT   restr    viol   rviol   RESTR    VIOL   RVIOL
    1   3402  96A  96A N   CA    718  719  128.14  107.00   21.14    6.08  107.00   21.14    6.08

-------------------------------------------------------------------------------------------------

Feature 25                           : Phi/Psi pair of dihedral restraints     
List of the RVIOL violations larger than   :       6.5000

    #   ICSR  RESNO1/2 ATM1/2   INDATM1/2    FEAT   restr    viol   rviol   RESTR    VIOL   RVIOL
    1   8047   1M   2N C   N       7    9  -83.07  -71.20   12.36    0.80  -63.20  173.82   22.85
    1          2N   2N N   CA      9   10  146.22  142.80                  -41.10
    2   8048   2N   3G C   N      15   17  -63.77  -62.40    2.52    0.34   82.20  153.53   11.63
    2          3G   3G N   CA     17   18  -39.09  -41.20                    8.50
    3   8049   3G   4E C   N      19   21 -109.95 -117.80   21.78    1.19  -63.60  169.06   25.16
    3          4E   4E N   CA     21   22  157.12  136.80                  -40.30
    4   8051   5I   6R C   N      36   38 -126.17 -125.20   79.83    3.84  -63.00  116.99   20.01
    4          6R   6R N   CA     38   39 -139.57  140.60                  -41.10
    5   8052   6R   7L C   N      47   49  -56.33  -70.70   15.41    1.53  -63.50  171.79   23.45
    5          7L   7L N   CA     49   50  147.16  141.60                  -41.20
    6   8055   9P  10Y C   N      70   72  -54.11  -98.40   44.33    1.70  -63.50  173.95   28.08
    6         10Y  10Y N   CA     72   73  130.30  128.40                  -43.40
    7   8057  11V  12T C   N      89   91  -86.64  -78.10   59.89    2.85  -63.20  134.68   15.83
    7         12T  12T N   CA     91   92   90.52  149.80                  -42.10
    8   8058  12T  13N C   N      96   98  176.45 -119.90   78.47    2.29  -63.20 -178.37   29.07
    8         13N  13N N   CA     98   99 -177.12  137.00                  -41.10
    9   8059  13N  14E C   N     104  106  -69.64  -69.30    2.54    0.18  -63.60  174.79   23.64
    9         14E  14E N   CA    106  107  145.02  142.50                  -40.30
   10   8060  14E  15Q C   N     113  115 -167.63 -121.10   48.18    1.58  -63.80 -162.93   34.26
   10         15Q  15Q N   CA    115  116  152.20  139.70                  -40.30
   11   8062  16I  17M C   N     130  132  -64.48  -73.00    8.58    0.66  -63.40  175.47   26.28
   11         17M  17M N   CA    132  133  144.03  143.00                  -40.50
   12   8063  17M  18D C   N     138  140  -83.16  -96.50   28.76    1.21  -63.30  130.24   14.98
   12         18D  18D N   CA    140  141   88.72  114.20                  -40.00
   13   8107  61K  62N C   N     469  471   45.44   55.90   13.38    1.62  -63.20  130.47   21.44
   13         62N  62N N   CA    471  472   31.15   39.50                  -41.10
   14   8108  62N  63Q C   N     477  479 -164.42  -63.80  101.29   16.32  -63.80  101.29   16.32
   14         63Q  63Q N   CA    479  480  -28.67  -40.30                  -40.30
   15   8118  72D  73D C   N     553  555   22.40  -70.90   93.86    7.41  -63.30 -178.92   19.21
   15         73D  73D N   CA    555  556  160.48  150.30                  -40.00
   16   8120  74D  75G C   N     569  571  -61.71  -62.40    1.72    0.29   82.20  151.75   11.52
   16         75G  75G N   CA    571  572  -39.63  -41.20                    8.50
   17   8121  75G  76G C   N     573  575   73.41   82.20   33.83    1.21  -62.40  158.84   30.02
   17         76G  76G N   CA    575  576   41.17    8.50                  -41.20
   18   8224 178G 179N C   N    1301 1303 -116.27 -119.90   86.36    3.84  -63.20  106.05   11.40
   18        179N 179N N   CA   1303 1304   50.72  137.00                  -41.10
   19   8267 221I 222D C   N    1628 1630 -114.13  -63.30   50.99    8.27  -63.30   50.99    8.27
   19        222D 222D N   CA   1630 1631  -44.03  -40.00                  -40.00
   20   8272 226P 227G C   N    1663 1665 -101.09  -62.40   46.46    6.94  -62.40   46.46    6.94
   20        227G 227G N   CA   1665 1666  -15.48  -41.20                  -41.20
   21   8311 265E 266S C   N    1951 1953 -171.98 -136.60   51.65    1.69  -64.10  173.72   20.37
   21        266S 266S N   CA   1953 1954 -171.17  151.20                  -35.00
   22   8312 266S 267F C   N    1957 1959  -77.26  -71.40   31.97    2.72  -63.20  154.22   20.48
   22        267F 267F N   CA   1959 1960  109.28  140.70                  -44.30
   23   8315 269R 270K C   N    1988 1990  -86.30  -70.20   44.75    2.87  -62.90  139.03   19.41
   23        270K 270K N   CA   1990 1991 -177.85  140.40                  -40.80
   24   8316 270K 271L C   N    1997 1999  -56.14  -70.70   15.68    1.20  -63.50  177.12   25.02
   24        271L 271L N   CA   1999 2000  135.77  141.60                  -41.20
   25   8317 271L 272S C   N    2005 2007  -65.07  -72.40   38.32    2.01  -64.10  149.79   10.80
   25        272S 272S N   CA   2007 2008  114.79  152.40                  -35.00
   26   8318 272S 273E C   N    2011 2013 -132.38 -117.80   22.76    1.23  -63.60  173.81   20.32
   26        273E 273E N   CA   2013 2014  119.32  136.80                  -40.30
   27   8319 273E 274S C   N    2020 2022  -61.94  -72.40   16.89    0.78  -64.10  174.15   12.75
   27        274S 274S N   CA   2022 2023  139.14  152.40                  -35.00
   28   8337 291K 292T C   N    2165 2167 -129.20  -63.20   67.38    9.71  -63.20   67.38    9.71
   28        292T 292T N   CA   2167 2168  -28.55  -42.10                  -42.10
   29   8338 292T 293L C   N    2172 2174 -150.15 -108.50   41.66    1.97  -63.50 -165.12   23.89
   29        293L 293L N   CA   2174 2175  133.35  132.50                  -41.20
   30   8345 299L 300Y C   N    2220 2222 -126.81  -63.50   90.68   12.59  -63.50   90.68   12.59
   30        300Y 300Y N   CA   2222 2223   21.53  -43.40                  -43.40
   31   8346 300Y 301L C   N    2232 2234   27.88  -63.50  128.26   16.55 -108.50  166.95    9.17
   31        301L 301L N   CA   2234 2235 -131.20  -41.20                  132.50
   32   8348 302T 303A C   N    2247 2249  138.19 -134.00   99.56    2.28  -62.50 -157.39   40.96
   32        303A 303A N   CA   2249 2250 -166.08  147.00                  -40.90
   33   8357 311A 312E C   N    2312 2314  -78.60  -69.30   15.45    0.88  -63.60  165.55   22.91
   33        312E 312E N   CA   2314 2315  154.83  142.50                  -40.30
   34   8358 312E 313Q C   N    2321 2323  -99.25 -121.10   28.19    0.89  -63.80  166.03   22.70
   34        313Q 313Q N   CA   2323 2324  121.90  139.70                  -40.30
   35   8359 313Q 314S C   N    2330 2332 -146.98 -136.60   16.02    0.54  -64.10 -178.39   19.10
   35        314S 314S N   CA   2332 2333  163.40  151.20                  -35.00
   36   8360 314S 315H C   N    2336 2338 -124.37 -125.60   44.63    1.67  -63.20  149.57   16.00
   36        315H 315H N   CA   2338 2339   94.19  138.80                  -42.30
   37   8361 315H 316L C   N    2346 2348 -142.86 -108.50   35.15    1.60  -63.50 -164.30   32.09
   37        316L 316L N   CA   2348 2349  139.91  132.50                  -41.20
   38   8362 316L 317L C   N    2354 2356 -110.98 -108.50    2.69    0.14  -63.50  179.05   22.62
   38        317L 317L N   CA   2356 2357  131.44  132.50                  -41.20


report______> Distribution of short non-bonded contacts:


DISTANCE1:  0.00 2.10 2.20 2.30 2.40 2.50 2.60 2.70 2.80 2.90 3.00 3.10 3.20 3.30 3.40
DISTANCE2:  2.10 2.20 2.30 2.40 2.50 2.60 2.70 2.80 2.90 3.00 3.10 3.20 3.30 3.40 3.50
FREQUENCY:     0    0    0    0    1   20   34  142  176  280  236  295  360  370  392


<< end of ENERGY.
openf___224_> Open           P11018.B99990001.pdb
wrpdb___568_> Residues, atoms, selected atoms:      319     2379     2379
openf___224_> Open           P11018.ini

Dynamically allocated memory at       amaxmodel [B,KiB,MiB]:      5151933    5031.185     4.913
read_mo_297_> Segments, residues, atoms:        1      319     2379
read_mo_298_> Segment:        1  1:A  319:A     2379
randomi_498_> Atoms,selected atoms,random_seed,amplitude:     2379     2379        1        4.0000
randomi_496_> Amplitude is > 0; randomization is done.
pick_re_612_> Number of MODEL atoms, selected restraints;     2379    12731
pick_re_612_> Number of MODEL atoms, selected restraints;     2379    14180
pick_re_612_> Number of MODEL atoms, selected restraints;     2379    15017
pick_re_612_> Number of MODEL atoms, selected restraints;     2379    15900
pick_re_612_> Number of MODEL atoms, selected restraints;     2379    17327
pick_re_612_> Number of MODEL atoms, selected restraints;     2379    19158
pick_re_612_> Number of MODEL atoms, selected restraints;     2379    21359
pick_re_612_> Number of MODEL atoms, selected restraints;     2379    23249
pick_re_612_> Number of MODEL atoms, selected restraints;     2379    24586
pick_re_612_> Number of MODEL atoms, selected restraints;     2379    26085
pick_re_612_> Number of MODEL atoms, selected restraints;     2379    26989
pick_re_612_> Number of MODEL atoms, selected restraints;     2379    26989
iupac_m_487_> NH1/2 swapped:      178.7466        6  6
iupac_m_486_> OE1/2 will be swapped:      177.7458       21  21
iupac_m_486_> OE1/2 will be swapped:     -111.4186       24  24
iupac_m_485_> OD1/2 will be swapped:      162.5405       74  74
iupac_m_485_> OD1/2 will be swapped:      137.2800       99  99
iupac_m_486_> OE1/2 will be swapped:     -131.6839      122  122
iupac_m_485_> OD1/2 will be swapped:      137.3625      155  155
iupac_m_486_> OE1/2 will be swapped:      165.3760      158  158
iupac_m_486_> OE1/2 will be swapped:       92.4287      185  185
iupac_m_487_> NH1/2 swapped:     -179.6342      186  186
iupac_m_487_> NH1/2 swapped:     -178.9882      209  209
iupac_m_483_> CD1/2 CE1/2 swapped:       91.5888      262  262
iupac_m_397W> Atoms were not swapped because of the uncertainty of how to handle the H atom.
iupac_m_486_> OE1/2 will be swapped:     -132.9211      263  263
iupac_m_486_> OE1/2 will be swapped:      174.0909      264  264
iupac_m_483_> CD1/2 CE1/2 swapped:       93.7070      267  267
iupac_m_397W> Atoms were not swapped because of the uncertainty of how to handle the H atom.
iupac_m_487_> NH1/2 swapped:     -178.7333      269  269
iupac_m_486_> OE1/2 will be swapped:      117.0823      275  275
iupac_m_487_> NH1/2 swapped:     -179.6093      283  283
iupac_m_485_> OD1/2 will be swapped:      103.0852      305  305


>> ENERGY; Differences between the model's features and restraints:
Number of all residues in MODEL                   :      319
Number of all, selected real atoms                :     2379    2379
Number of all, selected pseudo atoms              :        0       0
Number of all static, selected restraints         :    26989   26989
COVALENT_CYS                                      :        F
NONBONDED_SEL_ATOMS                               :        1
Number of non-bonded pairs (excluding 1-2,1-3,1-4):     5274
Dynamic pairs routine                             : 2, NATM x NATM cell sorting
Atomic shift for contacts update (UPDATE_DYNAMIC) :    0.390
LENNARD_JONES_SWITCH                              :    6.500   7.500
COULOMB_JONES_SWITCH                              :    6.500   7.500
RESIDUE_SPAN_RANGE                                :        0   99999
NLOGN_USE                                         :       15
CONTACT_SHELL                                     :    4.000
DYNAMIC_PAIRS,_SPHERE,_COULOMB,_LENNARD,_MODELLER :        T       T       F       F       F
SPHERE_STDV                                       :    0.050
RADII_FACTOR                                      :    0.820
Current energy                                    :        1945.9629





Summary of the restraint violations: 

   NUM     ... number of restraints.
   NUMVI   ... number of restraints with RVIOL > VIOL_REPORT_CUT[i].
   RVIOL   ... relative difference from the best value.
   NUMVP   ... number of restraints with -Ln(pdf) > VIOL_REPORT_CUT2[i].
   RMS_1   ... RMS(feature, minimally_violated_basis_restraint, NUMB).
   RMS_2   ... RMS(feature, best_value, NUMB).
   MOL.PDF ... scaled contribution to -Ln(Molecular pdf).

 #                     RESTRAINT_GROUP      NUM   NUMVI  NUMVP   RMS_1   RMS_2         MOL.PDF     S_i
------------------------------------------------------------------------------------------------------
 1 Bond length potential              :    2414       0      0   0.006   0.006      23.949       1.000
 2 Bond angle potential               :    3272       1     13   2.148   2.148      296.22       1.000
 3 Stereochemical cosine torsion poten:    1410       0     65  51.535  51.535      583.47       1.000
 4 Stereochemical improper torsion pot:     950       0      0   1.409   1.409      43.645       1.000
 5 Soft-sphere overlap restraints     :    5274       0      1   0.004   0.004      9.3214       1.000
 6 Lennard-Jones 6-12 potential       :       0       0      0   0.000   0.000      0.0000       1.000
 7 Coulomb point-point electrostatic p:       0       0      0   0.000   0.000      0.0000       1.000
 8 H-bonding potential                :       0       0      0   0.000   0.000      0.0000       1.000
 9 Distance restraints 1 (CA-CA)      :    7002       0      0   0.163   0.163      120.55       1.000
10 Distance restraints 2 (N-O)        :    7202       0      6   0.238   0.238      222.47       1.000
11 Mainchain Phi dihedral restraints  :       0       0      0   0.000   0.000      0.0000       1.000
12 Mainchain Psi dihedral restraints  :       0       0      0   0.000   0.000      0.0000       1.000
13 Mainchain Omega dihedral restraints:     318       2      8   4.902   4.902      89.259       1.000
14 Sidechain Chi_1 dihedral restraints:     255       0      3  72.948  72.948      60.649       1.000
15 Sidechain Chi_2 dihedral restraints:     193       0      2  72.779  72.779      80.979       1.000
16 Sidechain Chi_3 dihedral restraints:      82       0      0  70.572  70.572      56.801       1.000
17 Sidechain Chi_4 dihedral restraints:      28       0      0  86.835  86.835      21.004       1.000
18 Disulfide distance restraints      :       0       0      0   0.000   0.000      0.0000       1.000
19 Disulfide angle restraints         :       0       0      0   0.000   0.000      0.0000       1.000
20 Disulfide dihedral angle restraints:       0       0      0   0.000   0.000      0.0000       1.000
21 Lower bound distance restraints    :       0       0      0   0.000   0.000      0.0000       1.000
22 Upper bound distance restraints    :       0       0      0   0.000   0.000      0.0000       1.000
23 Distance restraints 3 (SDCH-MNCH)  :    2645       0      0   0.352   0.352      51.813       1.000
24 Sidechain Chi_5 dihedral restraints:       0       0      0   0.000   0.000      0.0000       1.000
25 Phi/Psi pair of dihedral restraints:     317      41     47  31.605  62.850      237.69       1.000
26 Distance restraints 4 (SDCH-SDCH)  :     901       0      0   0.579   0.579      48.141       1.000
27 Distance restraints 5 (X-Y)        :       0       0      0   0.000   0.000      0.0000       1.000
28 NMR distance restraints 6 (X-Y)    :       0       0      0   0.000   0.000      0.0000       1.000
29 NMR distance restraints 7 (X-Y)    :       0       0      0   0.000   0.000      0.0000       1.000
30 Minimal distance restraints        :       0       0      0   0.000   0.000      0.0000       1.000
31 Non-bonded restraints              :       0       0      0   0.000   0.000      0.0000       1.000
32 Atomic accessibility restraints    :       0       0      0   0.000   0.000      0.0000       1.000
33 Atomic density restraints          :       0       0      0   0.000   0.000      0.0000       1.000
34 Absolute position restraints       :       0       0      0   0.000   0.000      0.0000       1.000
35 Dihedral angle difference restraint:       0       0      0   0.000   0.000      0.0000       1.000
36 GBSA implicit solvent potential    :       0       0      0   0.000   0.000      0.0000       1.000
37 EM density fitting potential       :       0       0      0   0.000   0.000      0.0000       1.000
38 SAXS restraints                    :       0       0      0   0.000   0.000      0.0000       1.000
39 Symmetry restraints                :       0       0      0   0.000   0.000      0.0000       1.000



openf___224_> Open           P11018.V99990002
# Heavy relative violation of each residue is written to: P11018.V99990002
# The profile is NOT normalized by the number of restraints.
# The profiles are smoothed over a window of residues:    1
# The sum of all numbers in the file:   33250.2031



List of the violated restraints:
   A restraint is violated when the relative difference
   from the best value (RVIOL) is larger than CUTOFF.

   ICSR   ... index of a restraint in the current set.
   RESNO  ... residue numbers of the first two atoms.
   ATM    ... IUPAC atom names of the first two atoms.
   FEAT   ... the value of the feature in the model.
   restr  ... the mean of the basis restraint with the smallest
              difference from the model (local minimum).
   viol   ... difference from the local minimum.
   rviol  ... relative difference from the local minimum.
   RESTR  ... the best value (global minimum).
   VIOL   ... difference from the best value.
   RVIOL  ... relative difference from the best value.


-------------------------------------------------------------------------------------------------

Feature  2                           : Bond angle potential                    
List of the RVIOL violations larger than   :       4.5000

    #   ICSR  RESNO1/2 ATM1/2   INDATM1/2    FEAT   restr    viol   rviol   RESTR    VIOL   RVIOL
    1   3402  96A  96A N   CA    718  719  128.43  107.00   21.43    6.16  107.00   21.43    6.16

-------------------------------------------------------------------------------------------------

Feature 13                           : Mainchain Omega dihedral restraints     
List of the RVIOL violations larger than   :       4.5000

    #   ICSR  RESNO1/2 ATM1/2   INDATM1/2    FEAT   restr    viol   rviol   RESTR    VIOL   RVIOL
    1   8425  62N  62N CA  C     472  477 -154.11 -180.00   25.89    5.18 -180.00   25.89    5.18

-------------------------------------------------------------------------------------------------

Feature 25                           : Phi/Psi pair of dihedral restraints     
List of the RVIOL violations larger than   :       6.5000

    #   ICSR  RESNO1/2 ATM1/2   INDATM1/2    FEAT   restr    viol   rviol   RESTR    VIOL   RVIOL
    1   8047   1M   2N C   N       7    9  -83.92  -71.20   22.31    1.18  -63.20  159.13   21.06
    1          2N   2N N   CA      9   10  161.13  142.80                  -41.10
    2   8049   3G   4E C   N      19   21  -71.03  -69.30   35.42    2.64  -63.60  142.02   19.35
    2          4E   4E N   CA     21   22  177.88  142.50                  -40.30
    3   8051   5I   6R C   N      36   38  -54.81  -72.10   37.90    2.55  -63.00  149.49   20.75
    3          6R   6R N   CA     38   39  108.17  141.90                  -41.10
    4   8052   6R   7L C   N      47   49 -135.40 -108.50   26.98    1.31  -63.50 -173.93   22.93
    4          7L   7L N   CA     49   50  130.42  132.50                  -41.20
    5   8055   9P  10Y C   N      70   72  -68.87  -98.40   29.70    1.15  -63.50  175.05   27.50
    5         10Y  10Y N   CA     72   73  131.57  128.40                  -43.40
    6   8057  11V  12T C   N      89   91  -98.73  -78.10   21.50    1.41  -63.20  177.73   25.16
    6         12T  12T N   CA     91   92  143.76  149.80                  -42.10
    7   8058  12T  13N C   N      96   98  -77.87  -71.20   11.82    0.93  -63.20  174.76   21.07
    7         13N  13N N   CA     98   99  133.04  142.80                  -41.10
    8   8059  13N  14E C   N     104  106  -79.89  -69.30   19.77    1.15  -63.60  161.32   22.42
    8         14E  14E N   CA    106  107  159.20  142.50                  -40.30
    9   8060  14E  15Q C   N     113  115 -107.49 -121.10   13.63    0.53  -63.80 -175.49   29.47
    9         15Q  15Q N   CA    115  116  140.44  139.70                  -40.30
   10   8062  16I  17M C   N     130  132  -73.81  -73.00    8.33    0.58  -63.40  175.52   25.41
   10         17M  17M N   CA    132  133  134.70  143.00                  -40.50
   11   8063  17M  18D C   N     138  140 -132.86  -96.50   36.48    1.49  -63.30  171.83   18.31
   11         18D  18D N   CA    140  141  117.12  114.20                  -40.00
   12   8107  61K  62N C   N     469  471   59.87   55.90    7.74    0.38  -63.20  143.58   23.61
   12         62N  62N N   CA    471  472   32.85   39.50                  -41.10
   13   8108  62N  63Q C   N     477  479   53.04  -73.00  127.75    8.71  -63.80 -161.79   34.95
   13         63Q  63Q N   CA    479  480  119.82  140.70                  -40.30
   14   8118  72D  73D C   N     553  555   70.48   54.50   44.86    2.27  -63.30  139.34   23.48
   14         73D  73D N   CA    555  556   -1.03   40.90                  -40.00
   15   8119  73D  74D C   N     561  563 -103.39  -96.50   26.66    1.11  -63.30  134.55   14.67
   15         74D  74D N   CA    563  564   88.45  114.20                  -40.00
   16   8120  74D  75G C   N     569  571   69.26   78.70   30.81    0.52   82.20  145.85    7.73
   16         75G  75G N   CA    571  572 -136.77 -166.10                    8.50
   17   8121  75G  76G C   N     573  575   63.65   78.70   17.48    0.57  -62.40  171.31   24.41
   17         76G  76G N   CA    575  576 -157.21 -166.10                  -41.20
   18   8224 178G 179N C   N    1301 1303 -115.86  -63.20   95.98   10.33  -63.20   95.98   10.33
   18        179N 179N N   CA   1303 1304   39.14  -41.10                  -41.10
   19   8267 221I 222D C   N    1628 1630 -109.24  -63.30   45.98    7.37  -63.30   45.98    7.37
   19        222D 222D N   CA   1630 1631  -41.74  -40.00                  -40.00
   20   8272 226P 227G C   N    1663 1665 -162.23  -62.40  112.94   17.44  -62.40  112.94   17.44
   20        227G 227G N   CA   1665 1666   11.63  -41.20                  -41.20
   21   8311 265E 266S C   N    1951 1953  159.27  -64.10  142.32   19.03  -64.10  142.32   19.03
   21        266S 266S N   CA   1953 1954  -74.86  -35.00                  -35.00
   22   8312 266S 267F C   N    1957 1959  -58.99  -71.40   18.85    1.67  -63.20  160.86   22.05
   22        267F 267F N   CA   1959 1960  154.89  140.70                  -44.30
   23   8313 267F 268Q C   N    1968 1970  -77.46  -73.00   43.77    2.95  -63.80  138.14   19.62
   23        268Q 268Q N   CA   1970 1971   97.16  140.70                  -40.30
   24   8315 269R 270K C   N    1988 1990 -137.89  -62.90   83.41   14.57  -62.90   83.41   14.57
   24        270K 270K N   CA   1990 1991  -77.32  -40.80                  -40.80
   25   8316 270K 271L C   N    1997 1999  -76.77  -70.70   15.18    0.96  -63.50  163.82   23.53
   25        271L 271L N   CA   1999 2000  155.52  141.60                  -41.20
   26   8317 271L 272S C   N    2005 2007  -80.34  -72.40   49.90    3.21  -64.10  139.09    9.23
   26        272S 272S N   CA   2007 2008  103.14  152.40                  -35.00
   27   8318 272S 273E C   N    2011 2013 -119.78 -117.80   21.22    1.10  -63.60  165.79   19.62
   27        273E 273E N   CA   2013 2014  115.67  136.80                  -40.30
   28   8319 273E 274S C   N    2020 2022 -132.56 -136.60   24.15    1.13  -64.10  176.23   10.96
   28        274S 274S N   CA   2022 2023  127.39  151.20                  -35.00
   29   8320 274S 275E C   N    2026 2028 -161.07 -117.80   44.13    1.84  -69.30   92.89    7.52
   29        275E 275E N   CA   2028 2029  128.14  136.80                  142.50
   30   8341 295G 296N C   N    2189 2191  -54.74  -63.20   15.99    1.72 -119.90 -179.50    9.42
   30        296N 296N N   CA   2191 2192  -54.67  -41.10                  137.00
   31   8342 296N 297G C   N    2197 2199  116.21   82.20   49.54    1.50  -62.40  179.14   32.52
   31        297G 297G N   CA   2199 2200  -27.52    8.50                  -41.20
   32   8345 299L 300Y C   N    2220 2222 -118.89  -63.50   68.61    9.80  -63.50   68.61    9.80
   32        300Y 300Y N   CA   2222 2223   -2.90  -43.40                  -43.40
   33   8346 300Y 301L C   N    2232 2234   68.50  -70.70  155.40   15.60 -108.50 -166.50   10.22
   33        301L 301L N   CA   2234 2235 -149.32  141.60                  132.50
   34   8348 302T 303A C   N    2247 2249  147.34 -134.00   89.25    2.05  -62.50 -161.42   39.99
   34        303A 303A N   CA   2249 2250 -170.84  147.00                  -40.90
   35   8357 311A 312E C   N    2312 2314  -80.65  -69.30   12.04    0.77  -63.60  174.02   24.15
   35        312E 312E N   CA   2314 2315  146.52  142.50                  -40.30
   36   8358 312E 313Q C   N    2321 2323 -112.62 -121.10   22.62    1.17  -63.80  166.35   27.06
   36        313Q 313Q N   CA   2323 2324  160.67  139.70                  -40.30
   37   8359 313Q 314S C   N    2330 2332  -96.24  -72.40   77.93    5.40  -64.10  117.68    7.28
   37        314S 314S N   CA   2332 2333   78.21  152.40                  -35.00
   38   8360 314S 315H C   N    2336 2338 -162.58 -125.60   52.69    1.31  -63.20  172.81   27.91
   38        315H 315H N   CA   2338 2339  176.33  138.80                  -42.30
   39   8361 315H 316L C   N    2346 2348  -69.20  -70.70    8.00    0.55  -63.50  175.04   23.98
   39        316L 316L N   CA   2348 2349  133.74  141.60                  -41.20
   40   8362 316L 317L C   N    2354 2356 -113.77 -108.50   20.17    1.03  -63.50  174.24   27.29
   40        317L 317L N   CA   2356 2357  151.97  132.50                  -41.20
   41   8363 317L 318T C   N    2362 2364 -116.13 -124.80   18.78    1.04  -63.20  166.39   24.85
   41        318T 318T N   CA   2364 2365  160.15  143.50                  -42.10


report______> Distribution of short non-bonded contacts:


DISTANCE1:  0.00 2.10 2.20 2.30 2.40 2.50 2.60 2.70 2.80 2.90 3.00 3.10 3.20 3.30 3.40
DISTANCE2:  2.10 2.20 2.30 2.40 2.50 2.60 2.70 2.80 2.90 3.00 3.10 3.20 3.30 3.40 3.50
FREQUENCY:     0    0    0    0    0   21   31  125  186  273  234  293  325  375  371


<< end of ENERGY.
openf___224_> Open           P11018.B99990002.pdb
wrpdb___568_> Residues, atoms, selected atoms:      319     2379     2379

>> Summary of successfully produced models:
Filename                          molpdf
----------------------------------------
P11018.B99990001.pdb          1855.02625
P11018.B99990002.pdb          1945.96289


Dynamically allocated memory at          finish [B,KiB,MiB]:      5151901    5031.153     4.913
Starting time                                            : 2024/02/08 16:37:39
Closing time                                             : 2024/02/08 16:37:54
Total CPU time [seconds]                                 :      14.65
