
                         MODELLER 10.5, 2024/01/19, r12711

     PROTEIN STRUCTURE MODELLING BY SATISFACTION OF SPATIAL RESTRAINTS


                     Copyright(c) 1989-2024 Andrej Sali
                            All Rights Reserved

                             Written by A. Sali
                               with help from
              B. Webb, M.S. Madhusudhan, M-Y. Shen, G.Q. Dong,
          M.A. Marti-Renom, N. Eswar, F. Alber, M. Topf, B. Oliva,
             A. Fiser, R. Sanchez, B. Yerkovich, A. Badretdinov,
                     F. Melo, J.P. Overington, E. Feyfant
                 University of California, San Francisco, USA
                    Rockefeller University, New York, USA
                      Harvard University, Cambridge, USA
                   Imperial Cancer Research Fund, London, UK
              Birkbeck College, University of London, London, UK


Kind, OS, HostName, Kernel, Processor: 4, Darwin mar-104-33.eduroamcm.upf.edu 23.2.0 arm64
Date and time of compilation         : 2024/01/19 15:39:00
MODELLER executable type             : mac12arm64-gnu
Job starting time (YY/MM/DD HH:MM:SS): 2024/02/01 15:59:39

environ____W> The class 'environ' is deprecated; use 'Environ' instead
openf___224_> Open           $(LIB)/restyp.lib
openf___224_> Open           ${MODINSTALL10v5}/modlib/resgrp.lib
rdresgr_266_> Number of residue groups:        2
openf___224_> Open           ${MODINSTALL10v5}/modlib/sstruc.lib

Dynamically allocated memory at   amaxlibraries [B,KiB,MiB]:       191566     187.076     0.183

Dynamically allocated memory at   amaxlibraries [B,KiB,MiB]:       192094     187.592     0.183
openf___224_> Open           ${MODINSTALL10v5}/modlib/resdih.lib

Dynamically allocated memory at   amaxlibraries [B,KiB,MiB]:       240694     235.053     0.230
rdrdih__263_> Number of dihedral angle types         :        9
              Maximal number of dihedral angle optima:        3
              Dihedral angle names                   :  Alph Phi Psi Omeg chi1 chi2 chi3 chi4 chi5
openf___224_> Open           ${MODINSTALL10v5}/modlib/radii.lib

Dynamically allocated memory at   amaxlibraries [B,KiB,MiB]:       253994     248.041     0.242
openf___224_> Open           ${MODINSTALL10v5}/modlib/af_mnchdef.lib
rdwilmo_274_> Mainchain residue conformation classes:  APBLE
openf___224_> Open           ${MODINSTALL10v5}/modlib/mnch.lib
rdclass_257_> Number of classes:        5
openf___224_> Open           ${MODINSTALL10v5}/modlib/mnch1.lib
openf___224_> Open           ${MODINSTALL10v5}/modlib/mnch2.lib
openf___224_> Open           ${MODINSTALL10v5}/modlib/mnch3.lib
openf___224_> Open           ${MODINSTALL10v5}/modlib/xs4.mat
rdrrwgh_268_> Number of residue types:       21
automodel__W> The class 'automodel' is deprecated; use 'AutoModel' instead
openf___224_> Open           target_template.pir

Dynamically allocated memory at   amaxalignment [B,KiB,MiB]:       282425     275.806     0.269

Dynamically allocated memory at   amaxalignment [B,KiB,MiB]:       297517     290.544     0.284

Dynamically allocated memory at   amaxalignment [B,KiB,MiB]:       312917     305.583     0.298

Dynamically allocated memory at   amaxalignment [B,KiB,MiB]:       343717     335.661     0.328

Dynamically allocated memory at   amaxalignment [B,KiB,MiB]:       405317     395.817     0.387

Dynamically allocated memory at    amaxsequence [B,KiB,MiB]:       406413     396.888     0.388

Dynamically allocated memory at    amaxsequence [B,KiB,MiB]:       407685     398.130     0.389

Read the alignment from file       : target_template.pir

Total number of alignment positions:   319

  #  Code        #_Res #_Segm PDB_code    Name
-------------------------------------------------------------------------------
  1     1MEE_A     275      1      1MEE_A
  2     P11018     319      1      P11018
check_a_343_> >> BEGINNING OF COMMAND
openf___224_> Open           ./1MEE_A.pdb

Dynamically allocated memory at amaxcoordinates [B,KiB,MiB]:       491910     480.381     0.469

Dynamically allocated memory at    amaxsequence [B,KiB,MiB]:       491910     480.381     0.469

Dynamically allocated memory at amaxcoordinates [B,KiB,MiB]:       492081     480.548     0.469

Dynamically allocated memory at amaxcoordinates [B,KiB,MiB]:       492931     481.378     0.470

Dynamically allocated memory at amaxcoordinates [B,KiB,MiB]:       494189     482.606     0.471

Dynamically allocated memory at amaxcoordinates [B,KiB,MiB]:       496093     484.466     0.473

Dynamically allocated memory at    amaxsequence [B,KiB,MiB]:       496093     484.466     0.473

Dynamically allocated memory at amaxcoordinates [B,KiB,MiB]:       496183     484.554     0.473

Dynamically allocated memory at amaxcoordinates [B,KiB,MiB]:       499039     487.343     0.476

Dynamically allocated memory at    amaxsequence [B,KiB,MiB]:       499039     487.343     0.476

Dynamically allocated memory at amaxcoordinates [B,KiB,MiB]:       499174     487.475     0.476

Dynamically allocated memory at amaxcoordinates [B,KiB,MiB]:       503458     491.658     0.480

Dynamically allocated memory at    amaxsequence [B,KiB,MiB]:       503458     491.658     0.480

Dynamically allocated memory at amaxcoordinates [B,KiB,MiB]:       503656     491.852     0.480

Dynamically allocated memory at amaxcoordinates [B,KiB,MiB]:       510082     498.127     0.486

Dynamically allocated memory at    amaxsequence [B,KiB,MiB]:       510082     498.127     0.486

Dynamically allocated memory at amaxcoordinates [B,KiB,MiB]:       510379     498.417     0.487

Dynamically allocated memory at amaxcoordinates [B,KiB,MiB]:       520001     507.813     0.496

Dynamically allocated memory at    amaxsequence [B,KiB,MiB]:       520001     507.813     0.496

Dynamically allocated memory at amaxcoordinates [B,KiB,MiB]:       520451     508.253     0.496

Dynamically allocated memory at amaxcoordinates [B,KiB,MiB]:       534901     522.364     0.510

Dynamically allocated memory at    amaxsequence [B,KiB,MiB]:       534901     522.364     0.510

Dynamically allocated memory at amaxcoordinates [B,KiB,MiB]:       535576     523.023     0.511

Dynamically allocated memory at amaxcoordinates [B,KiB,MiB]:       557234     544.174     0.531

Dynamically allocated memory at    amaxsequence [B,KiB,MiB]:       557234     544.174     0.531

Dynamically allocated memory at amaxcoordinates [B,KiB,MiB]:       558242     545.158     0.532

Dynamically allocated memory at amaxcoordinates [B,KiB,MiB]:       590746     576.900     0.563

Dynamically allocated memory at   amaxstructure [B,KiB,MiB]:       590188     576.355     0.563

check_ali___> Checking the sequence-structure alignment. 

Implied intrachain target CA(i)-CA(i+1) distances longer than  8.0 angstroms:

ALN_POS  TMPL  RID1  RID2  NAM1  NAM2     DIST
----------------------------------------------
END OF TABLE
check_a_344_> << END OF COMMAND
openf___224_> Open           ${LIB}/top_heav.lib
read_to_681_> topology.submodel read from topology file:        3
openf___224_> Open           ${LIB}/par.lib

Dynamically allocated memory at  amaxparameters [B,KiB,MiB]:       729440     712.344     0.696

Dynamically allocated memory at  amaxparameters [B,KiB,MiB]:       731040     713.906     0.697

Dynamically allocated memory at  amaxparameters [B,KiB,MiB]:       735020     717.793     0.701

Dynamically allocated memory at  amaxparameters [B,KiB,MiB]:       737020     719.746     0.703

Dynamically allocated memory at  amaxparameters [B,KiB,MiB]:       740020     722.676     0.706

Dynamically allocated memory at  amaxparameters [B,KiB,MiB]:       744520     727.070     0.710

Dynamically allocated memory at  amaxparameters [B,KiB,MiB]:       750092     732.512     0.715

Dynamically allocated memory at  amaxparameters [B,KiB,MiB]:       752892     735.246     0.718

Dynamically allocated memory at  amaxparameters [B,KiB,MiB]:       757092     739.348     0.722

Dynamically allocated memory at  amaxparameters [B,KiB,MiB]:       763392     745.500     0.728

Dynamically allocated memory at  amaxparameters [B,KiB,MiB]:       766164     748.207     0.731

Dynamically allocated memory at  amaxparameters [B,KiB,MiB]:       767564     749.574     0.732
read_pa_232_> parameters    BONDS   ANGLS  DIHEDS IMPROPS    MODE
                              227     561     661     112       0

Dynamically allocated memory at       amaxmodel [B,KiB,MiB]:       817490     798.330     0.780

Dynamically allocated memory at       amaxmodel [B,KiB,MiB]:      1052396    1027.730     1.004

Dynamically allocated memory at       amaxmodel [B,KiB,MiB]:      1087092    1061.613     1.037

mkilst______> segment topology constructed from sequence and RTF:
              segments residues  atoms  bonds angles dihedrals impropers:
                     1      319   2378   2413      0         0       962

Dynamically allocated memory at       amaxmodel [B,KiB,MiB]:      1187520    1159.688     1.133

patch_______> segment topology patched using RTF:  1 ;  MET  ;  NTER
              segments residues  atoms  bonds angles dihedrals impropers:
                     1      319   2378   2413   3270      3826       962


Dynamically allocated memory at       amaxmodel [B,KiB,MiB]:      1298016    1267.594     1.238
patch_______> segment topology patched using RTF:  319 ;  LEU  ;  CTER
              segments residues  atoms  bonds angles dihedrals impropers:
                     1      319   2379   2414   3272      3828       963

genseg______> segment topology constructed from sequence and RTF:
              segments residues  atoms  bonds angles dihedrals impropers:
                     1      319   2379   2414   3272      3828       963
transfe_506_> MODEL is an average of all templates.
transfe_511_> Number of templates for coordinate transfer:        1
              After transferring coordinates of the equivalent template atoms,
              there are defined, undefined atoms in MODEL:     1678      701
The following 1 residues contain 6-membered rings with poor geometries
after transfer from templates. Rebuilding rings from internal coordinates:
   <Residue 137:A (type TYR)>
openf___224_> Open           P11018.ini
wrpdb___568_> Residues, atoms, selected atoms:      319     2379     2379
make_re_417_> Restraint type to be calculated:  stereo

Dynamically allocated memory at  amaxrestraints [B,KiB,MiB]:      1405465    1372.524     1.340

Dynamically allocated memory at  amaxrestraints [B,KiB,MiB]:      1413657    1380.524     1.348

Dynamically allocated memory at  amaxrestraints [B,KiB,MiB]:      1430041    1396.524     1.364

Dynamically allocated memory at  amaxrestraints [B,KiB,MiB]:      1462809    1428.524     1.395

Dynamically allocated memory at  amaxrestraints [B,KiB,MiB]:      1495577    1460.524     1.426

Dynamically allocated memory at  amaxrestraints [B,KiB,MiB]:      1561113    1524.524     1.489

Dynamically allocated memory at  amaxrestraints [B,KiB,MiB]:      1593881    1556.524     1.520

Dynamically allocated memory at  amaxrestraints [B,KiB,MiB]:      1626649    1588.524     1.551

Dynamically allocated memory at  amaxrestraints [B,KiB,MiB]:      1692185    1652.524     1.614

Dynamically allocated memory at  amaxrestraints [B,KiB,MiB]:      1823257    1780.524     1.739

Dynamically allocated memory at  amaxrestraints [B,KiB,MiB]:      1888793    1844.524     1.801

Dynamically allocated memory at  amaxrestraints [B,KiB,MiB]:      1954329    1908.524     1.864

Dynamically allocated memory at  amaxrestraints [B,KiB,MiB]:      2085401    2036.524     1.989

Dynamically allocated memory at  amaxrestraints [B,KiB,MiB]:      2347545    2292.524     2.239

Dynamically allocated memory at  amaxrestraints [B,KiB,MiB]:      2478617    2420.524     2.364
r_stere_606_> Stereochemical restraints were constructed from RTF & PRMF.
              Added bond,angle,dihedral,improper restraints  :     2414    3272    3638     950
              Total number of restraints before, now         :        0    10274
make_re_422_> Number of previous, current restraints         :        0    10274
make_re_423_> Number of previous, current selected restraints:        0    10274
make_re_417_> Restraint type to be calculated:  phi-psi_binormal

Dynamically allocated memory at   amaxstructure [B,KiB,MiB]:      2657109    2594.833     2.534
openf___224_> Open           ${MODINSTALL10v5}/modlib/mnch1.bin
openf___224_> Open           ${MODINSTALL10v5}/modlib/mnch1.mdt
getdata_643_> Protein accepted:  1MEE_A
getdata_289_> Proteins (all/accepted):        1        1
make_re_422_> Number of previous, current restraints         :    10274    10591
make_re_423_> Number of previous, current selected restraints:    10274    10591
make_re_417_> Restraint type to be calculated:  omega_dihedral

Dynamically allocated memory at   amaxstructure [B,KiB,MiB]:      2657125    2594.849     2.534
openf___224_> Open           ${MODINSTALL10v5}/modlib/omega.bin
openf___224_> Open           ${MODINSTALL10v5}/modlib/omega.mdt
getdata_643_> Protein accepted:  1MEE_A
getdata_289_> Proteins (all/accepted):        1        1
omgdel__425_> Unselected all O C +N +CA dihedrals:      331
              (This is to avoid clashes between STEREO
              and OMEGA_DIHEDRAL restraints)
make_re_422_> Number of previous, current restraints         :    10591    10909
make_re_423_> Number of previous, current selected restraints:    10591    10578
make_re_417_> Restraint type to be calculated:  chi1_dihedral

Dynamically allocated memory at   amaxstructure [B,KiB,MiB]:      2657125    2594.849     2.534
openf___224_> Open           ${MODINSTALL10v5}/modlib/chi1234.bin
openf___224_> Open           ${MODINSTALL10v5}/modlib/chi1.mdt
getdata_643_> Protein accepted:  1MEE_A
getdata_289_> Proteins (all/accepted):        1        1

Dynamically allocated memory at  amaxrestraints [B,KiB,MiB]:      2788197    2722.849     2.659
make_re_422_> Number of previous, current restraints         :    10909    11164
make_re_423_> Number of previous, current selected restraints:    10578    10833
make_re_417_> Restraint type to be calculated:  chi2_dihedral

Dynamically allocated memory at   amaxstructure [B,KiB,MiB]:      2788197    2722.849     2.659
openf___224_> Open           ${MODINSTALL10v5}/modlib/chi1234.bin
openf___224_> Open           ${MODINSTALL10v5}/modlib/chi2.mdt
getdata_643_> Protein accepted:  1MEE_A
getdata_289_> Proteins (all/accepted):        1        1
make_re_422_> Number of previous, current restraints         :    11164    11357
make_re_423_> Number of previous, current selected restraints:    10833    11026
make_re_417_> Restraint type to be calculated:  chi3_dihedral

Dynamically allocated memory at   amaxstructure [B,KiB,MiB]:      2788197    2722.849     2.659
openf___224_> Open           ${MODINSTALL10v5}/modlib/chi1234.bin
openf___224_> Open           ${MODINSTALL10v5}/modlib/chi3.mdt
getdata_643_> Protein accepted:  1MEE_A
getdata_289_> Proteins (all/accepted):        1        1
make_re_422_> Number of previous, current restraints         :    11357    11439
make_re_423_> Number of previous, current selected restraints:    11026    11108
make_re_417_> Restraint type to be calculated:  chi4_dihedral

Dynamically allocated memory at   amaxstructure [B,KiB,MiB]:      2788197    2722.849     2.659
openf___224_> Open           ${MODINSTALL10v5}/modlib/chi1234.bin
openf___224_> Open           ${MODINSTALL10v5}/modlib/chi4.mdt
mdtrsr__446W> A potential that relies on one protein is used, yet you have at
              least one known structure available. MDT, not library, potential is used.
getdata_643_> Protein accepted:  1MEE_A
getdata_289_> Proteins (all/accepted):        1        1
make_re_422_> Number of previous, current restraints         :    11439    11467
make_re_423_> Number of previous, current selected restraints:    11108    11136
make_re_417_> Restraint type to be calculated:  DISTANCE

Dynamically allocated memory at amaxhash_contac [B,KiB,MiB]:      3473313    3391.907     3.312

Dynamically allocated memory at  amaxrestraints [B,KiB,MiB]:      3735457    3647.907     3.562

Dynamically allocated memory at  amaxrestraints [B,KiB,MiB]:      3997601    3903.907     3.812
make_re_422_> Number of previous, current restraints         :    11467    18469
make_re_423_> Number of previous, current selected restraints:    11136    18138
make_re_417_> Restraint type to be calculated:  DISTANCE

Dynamically allocated memory at  amaxrestraints [B,KiB,MiB]:      4521889    4415.907     4.312

Dynamically allocated memory at  amaxrestraints [B,KiB,MiB]:      4784033    4671.907     4.562
make_re_422_> Number of previous, current restraints         :    18469    25671
make_re_423_> Number of previous, current selected restraints:    18138    25340
make_re_417_> Restraint type to be calculated:  DISTANCE
make_re_422_> Number of previous, current restraints         :    25671    28328
make_re_423_> Number of previous, current selected restraints:    25340    27997
make_re_417_> Restraint type to be calculated:  DISTANCE
make_re_422_> Number of previous, current restraints         :    28328    29244
make_re_423_> Number of previous, current selected restraints:    27997    28913
0 atoms in HETATM/BLK residues constrained
to protein atoms within 2.30 angstroms
and protein CA atoms within 10.00 angstroms
make_re_417_> Restraint type to be calculated:  DISTANCE
make_re_422_> Number of previous, current restraints         :    29244    29244
make_re_423_> Number of previous, current selected restraints:    28913    28913
make_re_417_> Restraint type to be calculated:  DISTANCE
make_re_422_> Number of previous, current restraints         :    29244    29244
make_re_423_> Number of previous, current selected restraints:    28913    28913
make_re_417_> Restraint type to be calculated:  DISTANCE
make_re_422_> Number of previous, current restraints         :    29244    29244
make_re_423_> Number of previous, current selected restraints:    28913    28913
make_re_417_> Restraint type to be calculated:  DISTANCE
make_re_422_> Number of previous, current restraints         :    29244    29244
make_re_423_> Number of previous, current selected restraints:    28913    28913
0 atoms in residues without defined topology
constrained to be rigid bodies
make_re_417_> Restraint type to be calculated:  DISTANCE
make_re_422_> Number of previous, current restraints         :    29244    29244
make_re_423_> Number of previous, current selected restraints:    28913    28913
rmdupl__427_>     1897 redundant cosine dihedral restraints were unselected.
condens_443_> Restraints marked for deletion were removed.
              Total number of restraints before, now:    29244    27016
openf___224_> Open           P11018.rsr
openf___224_> Open           P11018.rsr

Dynamically allocated memory at  amaxrestraints [B,KiB,MiB]:      4802201    4689.649     4.580
rdcsr2__307_> Number of restraints read    :    27016
              Number of excluded pairs read:        0
              Number of pseudo atoms read  :        0
rdcsrs__304_> Restraints in memory, selected restraints:    27016    27016
              Explicitly excluded atom pairs in memory :        0
              Pseudo atoms in memory                   :        0
openf___224_> Open           P11018.ini

Dynamically allocated memory at       amaxmodel [B,KiB,MiB]:      4802233    4689.681     4.580
read_mo_297_> Segments, residues, atoms:        1      319     2379
read_mo_298_> Segment:        1  1:A  319:A     2379
randomi_498_> Atoms,selected atoms,random_seed,amplitude:     2379     2379        1        4.0000
randomi_496_> Amplitude is > 0; randomization is done.
pick_re_612_> Number of MODEL atoms, selected restraints;     2379    12742
pick_re_612_> Number of MODEL atoms, selected restraints;     2379    14174
pick_re_612_> Number of MODEL atoms, selected restraints;     2379    15001
pick_re_612_> Number of MODEL atoms, selected restraints;     2379    15933
pick_re_612_> Number of MODEL atoms, selected restraints;     2379    17389
pick_re_612_> Number of MODEL atoms, selected restraints;     2379    19166
pick_re_612_> Number of MODEL atoms, selected restraints;     2379    21384
pick_re_612_> Number of MODEL atoms, selected restraints;     2379    23263
pick_re_612_> Number of MODEL atoms, selected restraints;     2379    24613

Dynamically allocated memory at  amaxrestraints [B,KiB,MiB]:      5151901    5031.153     4.913

Dynamically allocated memory at  amaxrestraints [B,KiB,MiB]:      5208997    5086.911     4.968
pick_re_612_> Number of MODEL atoms, selected restraints;     2379    26112
pick_re_612_> Number of MODEL atoms, selected restraints;     2379    27016
pick_re_612_> Number of MODEL atoms, selected restraints;     2379    27016
iupac_m_486_> OE1/2 will be swapped:     -161.7601        4  4
iupac_m_486_> OE1/2 will be swapped:      174.1903       14  14
iupac_m_485_> OD1/2 will be swapped:      126.5364       18  18
iupac_m_485_> OD1/2 will be swapped:      145.8789       72  72
iupac_m_485_> OD1/2 will be swapped:      117.0742       74  74
iupac_m_485_> OD1/2 will be swapped:      147.5351       99  99
iupac_m_485_> OD1/2 will be swapped:       90.2466      155  155
iupac_m_484W> Dihedral still outside +-90:      -91.8640
iupac_m_486_> OE1/2 will be swapped:     -142.3859      161  161
iupac_m_486_> OE1/2 will be swapped:     -153.5112      185  185
iupac_m_487_> NH1/2 swapped:     -178.5840      186  186
iupac_m_486_> OE1/2 will be swapped:      168.0340      188  188
iupac_m_486_> OE1/2 will be swapped:      148.6471      189  189
iupac_m_486_> OE1/2 will be swapped:     -177.8362      210  210
iupac_m_485_> OD1/2 will be swapped:      116.2566      222  222
iupac_m_486_> OE1/2 will be swapped:     -161.2742      264  264
iupac_m_486_> OE1/2 will be swapped:     -120.1832      273  273
iupac_m_486_> OE1/2 will be swapped:      141.5389      275  275
iupac_m_483_> CD1/2 CE1/2 swapped:      107.5444      277  277
iupac_m_397W> Atoms were not swapped because of the uncertainty of how to handle the H atom.


>> ENERGY; Differences between the model's features and restraints:
Number of all residues in MODEL                   :      319
Number of all, selected real atoms                :     2379    2379
Number of all, selected pseudo atoms              :        0       0
Number of all static, selected restraints         :    27016   27016
COVALENT_CYS                                      :        F
NONBONDED_SEL_ATOMS                               :        1
Number of non-bonded pairs (excluding 1-2,1-3,1-4):     5494
Dynamic pairs routine                             : 2, NATM x NATM cell sorting
Atomic shift for contacts update (UPDATE_DYNAMIC) :    0.390
LENNARD_JONES_SWITCH                              :    6.500   7.500
COULOMB_JONES_SWITCH                              :    6.500   7.500
RESIDUE_SPAN_RANGE                                :        0   99999
NLOGN_USE                                         :       15
CONTACT_SHELL                                     :    4.000
DYNAMIC_PAIRS,_SPHERE,_COULOMB,_LENNARD,_MODELLER :        T       T       F       F       F
SPHERE_STDV                                       :    0.050
RADII_FACTOR                                      :    0.820
Current energy                                    :        2246.1104





Summary of the restraint violations: 

   NUM     ... number of restraints.
   NUMVI   ... number of restraints with RVIOL > VIOL_REPORT_CUT[i].
   RVIOL   ... relative difference from the best value.
   NUMVP   ... number of restraints with -Ln(pdf) > VIOL_REPORT_CUT2[i].
   RMS_1   ... RMS(feature, minimally_violated_basis_restraint, NUMB).
   RMS_2   ... RMS(feature, best_value, NUMB).
   MOL.PDF ... scaled contribution to -Ln(Molecular pdf).

 #                     RESTRAINT_GROUP      NUM   NUMVI  NUMVP   RMS_1   RMS_2         MOL.PDF     S_i
------------------------------------------------------------------------------------------------------
 1 Bond length potential              :    2414       0      1   0.007   0.007      33.704       1.000
 2 Bond angle potential               :    3272       5     21   2.391   2.391      359.68       1.000
 3 Stereochemical cosine torsion poten:    1410       0     66  51.356  51.356      586.36       1.000
 4 Stereochemical improper torsion pot:     950       1      1   1.612   1.612      56.288       1.000
 5 Soft-sphere overlap restraints     :    5494       0      0   0.005   0.005      17.693       1.000
 6 Lennard-Jones 6-12 potential       :       0       0      0   0.000   0.000      0.0000       1.000
 7 Coulomb point-point electrostatic p:       0       0      0   0.000   0.000      0.0000       1.000
 8 H-bonding potential                :       0       0      0   0.000   0.000      0.0000       1.000
 9 Distance restraints 1 (CA-CA)      :    7002       0      0   0.187   0.187      154.58       1.000
10 Distance restraints 2 (N-O)        :    7202       1     23   0.272   0.272      308.22       1.000
11 Mainchain Phi dihedral restraints  :       0       0      0   0.000   0.000      0.0000       1.000
12 Mainchain Psi dihedral restraints  :       0       0      0   0.000   0.000      0.0000       1.000
13 Mainchain Omega dihedral restraints:     318       2      7   4.919   4.919      89.898       1.000
14 Sidechain Chi_1 dihedral restraints:     255       0      2  75.231  75.231      75.442       1.000
15 Sidechain Chi_2 dihedral restraints:     193       0      4  71.987  71.987      83.088       1.000
16 Sidechain Chi_3 dihedral restraints:      82       0      0  71.801  71.801      60.483       1.000
17 Sidechain Chi_4 dihedral restraints:      28       0      0  84.634  84.634      22.887       1.000
18 Disulfide distance restraints      :       0       0      0   0.000   0.000      0.0000       1.000
19 Disulfide angle restraints         :       0       0      0   0.000   0.000      0.0000       1.000
20 Disulfide dihedral angle restraints:       0       0      0   0.000   0.000      0.0000       1.000
21 Lower bound distance restraints    :       0       0      0   0.000   0.000      0.0000       1.000
22 Upper bound distance restraints    :       0       0      0   0.000   0.000      0.0000       1.000
23 Distance restraints 3 (SDCH-MNCH)  :    2657       0      0   0.353   0.353      49.032       1.000
24 Sidechain Chi_5 dihedral restraints:       0       0      0   0.000   0.000      0.0000       1.000
25 Phi/Psi pair of dihedral restraints:     317      44     48  33.507  62.608      277.13       1.000
26 Distance restraints 4 (SDCH-SDCH)  :     916       0      0   0.682   0.682      71.629       1.000
27 Distance restraints 5 (X-Y)        :       0       0      0   0.000   0.000      0.0000       1.000
28 NMR distance restraints 6 (X-Y)    :       0       0      0   0.000   0.000      0.0000       1.000
29 NMR distance restraints 7 (X-Y)    :       0       0      0   0.000   0.000      0.0000       1.000
30 Minimal distance restraints        :       0       0      0   0.000   0.000      0.0000       1.000
31 Non-bonded restraints              :       0       0      0   0.000   0.000      0.0000       1.000
32 Atomic accessibility restraints    :       0       0      0   0.000   0.000      0.0000       1.000
33 Atomic density restraints          :       0       0      0   0.000   0.000      0.0000       1.000
34 Absolute position restraints       :       0       0      0   0.000   0.000      0.0000       1.000
35 Dihedral angle difference restraint:       0       0      0   0.000   0.000      0.0000       1.000
36 GBSA implicit solvent potential    :       0       0      0   0.000   0.000      0.0000       1.000
37 EM density fitting potential       :       0       0      0   0.000   0.000      0.0000       1.000
38 SAXS restraints                    :       0       0      0   0.000   0.000      0.0000       1.000
39 Symmetry restraints                :       0       0      0   0.000   0.000      0.0000       1.000



openf___224_> Open           P11018.V99990001
# Heavy relative violation of each residue is written to: P11018.V99990001
# The profile is NOT normalized by the number of restraints.
# The profiles are smoothed over a window of residues:    1
# The sum of all numbers in the file:   34756.4062



List of the violated restraints:
   A restraint is violated when the relative difference
   from the best value (RVIOL) is larger than CUTOFF.

   ICSR   ... index of a restraint in the current set.
   RESNO  ... residue numbers of the first two atoms.
   ATM    ... IUPAC atom names of the first two atoms.
   FEAT   ... the value of the feature in the model.
   restr  ... the mean of the basis restraint with the smallest
              difference from the model (local minimum).
   viol   ... difference from the local minimum.
   rviol  ... relative difference from the local minimum.
   RESTR  ... the best value (global minimum).
   VIOL   ... difference from the best value.
   RVIOL  ... relative difference from the best value.


-------------------------------------------------------------------------------------------------

Feature  2                           : Bond angle potential                    
List of the RVIOL violations larger than   :       4.5000

    #   ICSR  RESNO1/2 ATM1/2   INDATM1/2    FEAT   restr    viol   rviol   RESTR    VIOL   RVIOL
    1   3402  96A  96A N   CA    718  719  128.49  107.00   21.49    6.18  107.00   21.49    6.18
    2   5238 277F 278A C   N    2053 2055  140.94  120.00   20.94    4.76  120.00   20.94    4.76
    3   5307 283R 284T C   N    2105 2107  144.25  120.00   24.25    5.51  120.00   24.25    5.51
    4   5331 286P 286P N   CA   2122 2123  133.03  108.20   24.84    5.64  108.20   24.84    5.64

-------------------------------------------------------------------------------------------------

Feature 10                           : Distance restraints 2 (N-O)             
List of the RVIOL violations larger than   :       4.5000

    #   ICSR  RESNO1/2 ATM1/2   INDATM1/2    FEAT   restr    viol   rviol   RESTR    VIOL   RVIOL
    1  23084 300Y 296N N   O    2222 2198    5.04    2.88    2.16    5.26    2.88    2.16    5.26

-------------------------------------------------------------------------------------------------

Feature 13                           : Mainchain Omega dihedral restraints     
List of the RVIOL violations larger than   :       4.5000

    #   ICSR  RESNO1/2 ATM1/2   INDATM1/2    FEAT   restr    viol   rviol   RESTR    VIOL   RVIOL
    1   8425  62N  62N CA  C     472  477 -153.15 -180.00   26.85    5.37 -180.00   26.85    5.37

-------------------------------------------------------------------------------------------------

Feature 25                           : Phi/Psi pair of dihedral restraints     
List of the RVIOL violations larger than   :       6.5000

    #   ICSR  RESNO1/2 ATM1/2   INDATM1/2    FEAT   restr    viol   rviol   RESTR    VIOL   RVIOL
    1   8047   1M   2N C   N       7    9 -100.73 -119.90   19.68    0.70  -63.20  177.64   20.36
    1          2N   2N N   CA      9   10  132.53  137.00                  -41.10
    2   8048   2N   3G C   N      15   17  -62.94  -62.40    4.62    0.72   82.20  154.97   11.85
    2          3G   3G N   CA     17   18  -45.79  -41.20                    8.50
    3   8049   3G   4E C   N      19   21 -123.14 -117.80   13.58    0.74  -63.60  175.05   20.71
    3          4E   4E N   CA     21   22  124.31  136.80                  -40.30
    4   8052   6R   7L C   N      47   49  -69.49  -70.70    8.53    0.69  -63.50  168.86   23.79
    4          7L   7L N   CA     49   50  150.04  141.60                  -41.20
    5   8055   9P  10Y C   N      70   72  -64.49  -98.40   33.92    1.32  -63.50  171.20   27.11
    5         10Y  10Y N   CA     72   73  127.79  128.40                  -43.40
    6   8057  11V  12T C   N      89   91  -67.60  -78.10   27.79    1.54  -63.20  142.43   18.55
    6         12T  12T N   CA     91   92  175.54  149.80                  -42.10
    7   8058  12T  13N C   N      96   98  -81.48  -71.20   38.10    2.73  -63.20  148.35   17.60
    7         13N  13N N   CA     98   99  106.12  142.80                  -41.10
    8   8059  13N  14E C   N     104  106 -147.67 -117.80   30.04    1.18  -63.60 -166.77   22.45
    8         14E  14E N   CA    106  107  133.67  136.80                  -40.30
    9   8060  14E  15Q C   N     113  115 -146.89 -121.10   30.14    0.93  -63.80 -175.79   31.40
    9         15Q  15Q N   CA    115  116  155.30  139.70                  -40.30
   10   8062  16I  17M C   N     130  132  -62.31  -73.00   16.58    1.04  -63.40  170.83   25.59
   10         17M  17M N   CA    132  133  130.32  143.00                  -40.50
   11   8063  17M  18D C   N     138  140 -114.56  -63.30   79.02    8.68  -63.30   79.02    8.68
   11         18D  18D N   CA    140  141   20.15  -40.00                  -40.00
   12   8107  61K  62N C   N     469  471   60.40   55.90    6.39    0.38  -63.20  145.13   23.86
   12         62N  62N N   CA    471  472   34.97   39.50                  -41.10
   13   8108  62N  63Q C   N     477  479   51.19  -73.00  125.77    8.59  -63.80 -162.08   34.83
   13         63Q  63Q N   CA    479  480  120.80  140.70                  -40.30
   14   8120  74D  75G C   N     569  571  147.40 -167.20   45.42    0.90   82.20  177.10   11.65
   14         75G  75G N   CA    571  572  173.16  174.60                    8.50
   15   8121  75G  76G C   N     573  575   95.57   78.70   21.36    1.18  -62.40 -166.48   28.64
   15         76G  76G N   CA    575  576 -152.99 -166.10                  -41.20
   16   8146 100S 101N C   N     748  750 -108.89  -63.20   92.62    9.96  -63.20   92.62    9.96
   16        101N 101N N   CA    750  751   39.47  -41.10                  -41.10
   17   8224 178G 179N C   N    1301 1303 -115.17 -119.90   91.28    4.04  -63.20  101.29   10.89
   17        179N 179N N   CA   1303 1304   45.84  137.00                  -41.10
   18   8267 221I 222D C   N    1628 1630 -119.86  -63.30   56.57    8.91  -63.30   56.57    8.91
   18        222D 222D N   CA   1630 1631  -38.69  -40.00                  -40.00
   19   8272 226P 227G C   N    1663 1665 -101.63  -62.40   47.32    7.05  -62.40   47.32    7.05
   19        227G 227G N   CA   1665 1666  -14.75  -41.20                  -41.20
   20   8314 268Q 269R C   N    1977 1979 -141.75 -125.20   39.01    1.46  -63.00  163.24   27.37
   20        269R 269R N   CA   1979 1980  175.92  140.60                  -41.10
   21   8315 269R 270K C   N    1988 1990 -139.93 -118.00   45.22    1.80  -62.90  160.28   25.41
   21        270K 270K N   CA   1990 1991  178.65  139.10                  -40.80
   22   8316 270K 271L C   N    1997 1999 -101.18  -63.50   89.67   14.78  -63.50   89.67   14.78
   22        271L 271L N   CA   1999 2000 -122.57  -41.20                  -41.20
   23   8317 271L 272S C   N    2005 2007  -64.73  -72.40   19.58    1.41  -64.10  154.59   11.24
   23        272S 272S N   CA   2007 2008  170.41  152.40                  -35.00
   24   8318 272S 273E C   N    2011 2013  -58.94  -69.30   15.70    0.88  -63.60  171.07   23.06
   24        273E 273E N   CA   2013 2014  130.70  142.50                  -40.30
   25   8319 273E 274S C   N    2020 2022 -169.91 -136.60   78.49    3.14  -64.10  147.48   18.24
   25        274S 274S N   CA   2022 2023 -137.73  151.20                  -35.00
   26   8320 274S 275E C   N    2026 2028  -68.47  -69.30   58.72    4.51  -63.60  118.58   16.08
   26        275E 275E N   CA   2028 2029 -158.78  142.50                  -40.30
   27   8322 276V 277F C   N    2042 2044 -116.41  -63.20   78.02   13.90  -63.20   78.02   13.90
   27        277F 277F N   CA   2044 2045 -101.37  -44.30                  -44.30
   28   8323 277F 278A C   N    2053 2055  -62.19  -62.50   47.27    7.76  -62.50   47.27    7.76
   28        278A 278A N   CA   2055 2056    6.37  -40.90                  -40.90
   29   8328 282R 283R C   N    2094 2096 -157.79 -125.20  101.09    4.07  -63.00  125.73   22.71
   29        283R 283R N   CA   2096 2097 -123.71  140.60                  -41.10
   30   8329 283R 284T C   N    2105 2107  159.88  -63.20  136.93   21.42  -63.20  136.93   21.42
   30        284T 284T N   CA   2107 2108  -42.64  -42.10                  -42.10
   31   8330 284T 285L C   N    2112 2114 -157.67  -63.50   94.43   16.59  -63.50   94.43   16.59
   31        285L 285L N   CA   2114 2115  -48.23  -41.20                  -41.20
   32   8331 285L 286P C   N    2120 2122  -93.67  -58.70   50.94    3.49  -64.50  143.66   12.30
   32        286P 286P N   CA   2122 2123    6.54  -30.50                  147.20
   33   8341 295G 296N C   N    2189 2191  -51.46  -63.20   22.19    2.39 -119.90  176.84    9.29
   33        296N 296N N   CA   2191 2192  -59.94  -41.10                  137.00
   34   8342 296N 297G C   N    2197 2199  119.18   82.20   57.43    1.66  -62.40  178.51   31.65
   34        297G 297G N   CA   2199 2200  -35.44    8.50                  -41.20
   35   8345 299L 300Y C   N    2220 2222 -124.98  -63.50   82.33   11.54  -63.50   82.33   11.54
   35        300Y 300Y N   CA   2222 2223   11.36  -43.40                  -43.40
   36   8346 300Y 301L C   N    2232 2234   32.24  -63.50  128.04   16.82 -108.50  173.39    9.53
   36        301L 301L N   CA   2234 2235 -126.23  -41.20                  132.50
   37   8348 302T 303A C   N    2247 2249  143.60 -134.00   92.27    2.10  -62.50 -158.16   40.68
   37        303A 303A N   CA   2249 2250 -171.48  147.00                  -40.90
   38   8357 311A 312E C   N    2312 2314  -74.49  -69.30   10.74    0.64  -63.60  168.15   23.02
   38        312E 312E N   CA   2314 2315  151.90  142.50                  -40.30
   39   8358 312E 313Q C   N    2321 2323 -105.35 -121.10   35.76    1.38  -63.80  153.63   20.65
   39        313Q 313Q N   CA   2323 2324  107.60  139.70                  -40.30
   40   8359 313Q 314S C   N    2330 2332 -167.65 -136.60   31.32    1.14  -64.10 -161.18   21.87
   40        314S 314S N   CA   2332 2333  155.28  151.20                  -35.00
   41   8360 314S 315H C   N    2336 2338 -158.34 -125.60   32.98    1.07  -63.20 -160.86   31.05
   41        315H 315H N   CA   2338 2339  142.76  138.80                  -42.30
   42   8361 315H 316L C   N    2346 2348 -116.50 -108.50   29.00    1.47  -63.50  167.05   26.47
   42        316L 316L N   CA   2348 2349  160.38  132.50                  -41.20
   43   8362 316L 317L C   N    2354 2356  -90.91 -108.50   30.87    1.44  -63.50  150.84   19.55
   43        317L 317L N   CA   2356 2357  107.13  132.50                  -41.20
   44   8363 317L 318T C   N    2362 2364 -139.75 -124.80   15.29    0.72  -63.20 -172.46   29.06
   44        318T 318T N   CA   2364 2365  146.69  143.50                  -42.10


report______> Distribution of short non-bonded contacts:


DISTANCE1:  0.00 2.10 2.20 2.30 2.40 2.50 2.60 2.70 2.80 2.90 3.00 3.10 3.20 3.30 3.40
DISTANCE2:  2.10 2.20 2.30 2.40 2.50 2.60 2.70 2.80 2.90 3.00 3.10 3.20 3.30 3.40 3.50
FREQUENCY:     0    0    0    0    0   19   45  134  195  275  254  281  351  420  414


<< end of ENERGY.
openf___224_> Open           P11018.B99990001.pdb
wrpdb___568_> Residues, atoms, selected atoms:      319     2379     2379
openf___224_> Open           P11018.ini

Dynamically allocated memory at       amaxmodel [B,KiB,MiB]:      5209029    5086.942     4.968
read_mo_297_> Segments, residues, atoms:        1      319     2379
read_mo_298_> Segment:        1  1:A  319:A     2379
randomi_498_> Atoms,selected atoms,random_seed,amplitude:     2379     2379        1        4.0000
randomi_496_> Amplitude is > 0; randomization is done.
pick_re_612_> Number of MODEL atoms, selected restraints;     2379    12742
pick_re_612_> Number of MODEL atoms, selected restraints;     2379    14174
pick_re_612_> Number of MODEL atoms, selected restraints;     2379    15001
pick_re_612_> Number of MODEL atoms, selected restraints;     2379    15933
pick_re_612_> Number of MODEL atoms, selected restraints;     2379    17389
pick_re_612_> Number of MODEL atoms, selected restraints;     2379    19166
pick_re_612_> Number of MODEL atoms, selected restraints;     2379    21384
pick_re_612_> Number of MODEL atoms, selected restraints;     2379    23263
pick_re_612_> Number of MODEL atoms, selected restraints;     2379    24613
pick_re_612_> Number of MODEL atoms, selected restraints;     2379    26112
pick_re_612_> Number of MODEL atoms, selected restraints;     2379    27016
pick_re_612_> Number of MODEL atoms, selected restraints;     2379    27016
iupac_m_487_> NH1/2 swapped:      179.6331        6  6
iupac_m_485_> OD1/2 will be swapped:      111.2516       18  18
iupac_m_486_> OE1/2 will be swapped:      -99.9735       24  24
iupac_m_486_> OE1/2 will be swapped:      121.2696       33  33
iupac_m_486_> OE1/2 will be swapped:     -135.0491       78  78
iupac_m_485_> OD1/2 will be swapped:     -174.0478       99  99
iupac_m_486_> OE1/2 will be swapped:      129.9448      110  110
iupac_m_486_> OE1/2 will be swapped:      167.7842      122  122
iupac_m_486_> OE1/2 will be swapped:       93.9770      129  129
iupac_m_486_> OE1/2 will be swapped:      124.7124      140  140
iupac_m_486_> OE1/2 will be swapped:     -130.7879      161  161
iupac_m_485_> OD1/2 will be swapped:      144.2202      184  184
iupac_m_486_> OE1/2 will be swapped:     -108.7755      185  185
iupac_m_487_> NH1/2 swapped:      177.0726      209  209
iupac_m_486_> OE1/2 will be swapped:     -138.6632      263  263
iupac_m_486_> OE1/2 will be swapped:      147.8664      264  264
iupac_m_483_> CD1/2 CE1/2 swapped:       93.1979      267  267
iupac_m_397W> Atoms were not swapped because of the uncertainty of how to handle the H atom.
iupac_m_487_> NH1/2 swapped:      175.6317      269  269
iupac_m_486_> OE1/2 will be swapped:     -149.1663      273  273
iupac_m_486_> OE1/2 will be swapped:     -108.7725      312  312


>> ENERGY; Differences between the model's features and restraints:
Number of all residues in MODEL                   :      319
Number of all, selected real atoms                :     2379    2379
Number of all, selected pseudo atoms              :        0       0
Number of all static, selected restraints         :    27016   27016
COVALENT_CYS                                      :        F
NONBONDED_SEL_ATOMS                               :        1
Number of non-bonded pairs (excluding 1-2,1-3,1-4):     5417
Dynamic pairs routine                             : 2, NATM x NATM cell sorting
Atomic shift for contacts update (UPDATE_DYNAMIC) :    0.390
LENNARD_JONES_SWITCH                              :    6.500   7.500
COULOMB_JONES_SWITCH                              :    6.500   7.500
RESIDUE_SPAN_RANGE                                :        0   99999
NLOGN_USE                                         :       15
CONTACT_SHELL                                     :    4.000
DYNAMIC_PAIRS,_SPHERE,_COULOMB,_LENNARD,_MODELLER :        T       T       F       F       F
SPHERE_STDV                                       :    0.050
RADII_FACTOR                                      :    0.820
Current energy                                    :        2117.7327





Summary of the restraint violations: 

   NUM     ... number of restraints.
   NUMVI   ... number of restraints with RVIOL > VIOL_REPORT_CUT[i].
   RVIOL   ... relative difference from the best value.
   NUMVP   ... number of restraints with -Ln(pdf) > VIOL_REPORT_CUT2[i].
   RMS_1   ... RMS(feature, minimally_violated_basis_restraint, NUMB).
   RMS_2   ... RMS(feature, best_value, NUMB).
   MOL.PDF ... scaled contribution to -Ln(Molecular pdf).

 #                     RESTRAINT_GROUP      NUM   NUMVI  NUMVP   RMS_1   RMS_2         MOL.PDF     S_i
------------------------------------------------------------------------------------------------------
 1 Bond length potential              :    2414       0      0   0.006   0.006      26.667       1.000
 2 Bond angle potential               :    3272       1     17   2.308   2.308      334.17       1.000
 3 Stereochemical cosine torsion poten:    1410       0     66  51.471  51.471      587.77       1.000
 4 Stereochemical improper torsion pot:     950       0      1   1.623   1.623      56.582       1.000
 5 Soft-sphere overlap restraints     :    5417       0      0   0.004   0.004      11.312       1.000
 6 Lennard-Jones 6-12 potential       :       0       0      0   0.000   0.000      0.0000       1.000
 7 Coulomb point-point electrostatic p:       0       0      0   0.000   0.000      0.0000       1.000
 8 H-bonding potential                :       0       0      0   0.000   0.000      0.0000       1.000
 9 Distance restraints 1 (CA-CA)      :    7002       0      0   0.159   0.159      126.53       1.000
10 Distance restraints 2 (N-O)        :    7202       1     13   0.264   0.264      279.53       1.000
11 Mainchain Phi dihedral restraints  :       0       0      0   0.000   0.000      0.0000       1.000
12 Mainchain Psi dihedral restraints  :       0       0      0   0.000   0.000      0.0000       1.000
13 Mainchain Omega dihedral restraints:     318       1      5   4.839   4.839      86.955       1.000
14 Sidechain Chi_1 dihedral restraints:     255       0      3  77.648  77.648      72.638       1.000
15 Sidechain Chi_2 dihedral restraints:     193       0      1  70.502  70.502      81.653       1.000
16 Sidechain Chi_3 dihedral restraints:      82       0      0  78.941  78.941      55.847       1.000
17 Sidechain Chi_4 dihedral restraints:      28       0      0  72.488  72.488      17.202       1.000
18 Disulfide distance restraints      :       0       0      0   0.000   0.000      0.0000       1.000
19 Disulfide angle restraints         :       0       0      0   0.000   0.000      0.0000       1.000
20 Disulfide dihedral angle restraints:       0       0      0   0.000   0.000      0.0000       1.000
21 Lower bound distance restraints    :       0       0      0   0.000   0.000      0.0000       1.000
22 Upper bound distance restraints    :       0       0      0   0.000   0.000      0.0000       1.000
23 Distance restraints 3 (SDCH-MNCH)  :    2657       0      0   0.349   0.349      42.864       1.000
24 Sidechain Chi_5 dihedral restraints:       0       0      0   0.000   0.000      0.0000       1.000
25 Phi/Psi pair of dihedral restraints:     317      43     49  34.873  66.001      284.49       1.000
26 Distance restraints 4 (SDCH-SDCH)  :     916       0      0   0.614   0.614      53.520       1.000
27 Distance restraints 5 (X-Y)        :       0       0      0   0.000   0.000      0.0000       1.000
28 NMR distance restraints 6 (X-Y)    :       0       0      0   0.000   0.000      0.0000       1.000
29 NMR distance restraints 7 (X-Y)    :       0       0      0   0.000   0.000      0.0000       1.000
30 Minimal distance restraints        :       0       0      0   0.000   0.000      0.0000       1.000
31 Non-bonded restraints              :       0       0      0   0.000   0.000      0.0000       1.000
32 Atomic accessibility restraints    :       0       0      0   0.000   0.000      0.0000       1.000
33 Atomic density restraints          :       0       0      0   0.000   0.000      0.0000       1.000
34 Absolute position restraints       :       0       0      0   0.000   0.000      0.0000       1.000
35 Dihedral angle difference restraint:       0       0      0   0.000   0.000      0.0000       1.000
36 GBSA implicit solvent potential    :       0       0      0   0.000   0.000      0.0000       1.000
37 EM density fitting potential       :       0       0      0   0.000   0.000      0.0000       1.000
38 SAXS restraints                    :       0       0      0   0.000   0.000      0.0000       1.000
39 Symmetry restraints                :       0       0      0   0.000   0.000      0.0000       1.000



openf___224_> Open           P11018.V99990002
# Heavy relative violation of each residue is written to: P11018.V99990002
# The profile is NOT normalized by the number of restraints.
# The profiles are smoothed over a window of residues:    1
# The sum of all numbers in the file:   35023.5430



List of the violated restraints:
   A restraint is violated when the relative difference
   from the best value (RVIOL) is larger than CUTOFF.

   ICSR   ... index of a restraint in the current set.
   RESNO  ... residue numbers of the first two atoms.
   ATM    ... IUPAC atom names of the first two atoms.
   FEAT   ... the value of the feature in the model.
   restr  ... the mean of the basis restraint with the smallest
              difference from the model (local minimum).
   viol   ... difference from the local minimum.
   rviol  ... relative difference from the local minimum.
   RESTR  ... the best value (global minimum).
   VIOL   ... difference from the best value.
   RVIOL  ... relative difference from the best value.


-------------------------------------------------------------------------------------------------

Feature  2                           : Bond angle potential                    
List of the RVIOL violations larger than   :       4.5000

    #   ICSR  RESNO1/2 ATM1/2   INDATM1/2    FEAT   restr    viol   rviol   RESTR    VIOL   RVIOL
    1   3402  96A  96A N   CA    718  719  128.37  107.00   21.37    6.14  107.00   21.37    6.14

-------------------------------------------------------------------------------------------------

Feature 10                           : Distance restraints 2 (N-O)             
List of the RVIOL violations larger than   :       4.5000

    #   ICSR  RESNO1/2 ATM1/2   INDATM1/2    FEAT   restr    viol   rviol   RESTR    VIOL   RVIOL
    1  23084 300Y 296N N   O    2222 2198    5.07    2.88    2.19    5.33    2.88    2.19    5.33

-------------------------------------------------------------------------------------------------

Feature 13                           : Mainchain Omega dihedral restraints     
List of the RVIOL violations larger than   :       4.5000

    #   ICSR  RESNO1/2 ATM1/2   INDATM1/2    FEAT   restr    viol   rviol   RESTR    VIOL   RVIOL
    1   8425  62N  62N CA  C     472  477 -154.25 -180.00   25.75    5.15 -180.00   25.75    5.15

-------------------------------------------------------------------------------------------------

Feature 25                           : Phi/Psi pair of dihedral restraints     
List of the RVIOL violations larger than   :       6.5000

    #   ICSR  RESNO1/2 ATM1/2   INDATM1/2    FEAT   restr    viol   rviol   RESTR    VIOL   RVIOL
    1   8047   1M   2N C   N       7    9  -63.87  -71.20    7.39    0.51  -63.20  177.04   22.17
    1          2N   2N N   CA      9   10  141.87  142.80                  -41.10
    2   8049   3G   4E C   N      19   21 -116.91 -117.80    7.59    0.40  -63.60 -176.72   27.45
    2          4E   4E N   CA     21   22  144.34  136.80                  -40.30
    3   8051   5I   6R C   N      36   38 -124.32 -125.20   17.33    0.86  -63.00  172.28   27.49
    3          6R   6R N   CA     38   39  157.90  140.60                  -41.10
    4   8052   6R   7L C   N      47   49  -98.20 -108.50   14.09    0.79  -63.50 -179.94   27.11
    4          7L   7L N   CA     49   50  142.11  132.50                  -41.20
    5   8054   8I   9P C   N      63   65  -54.43  -58.70    5.24    0.43  -64.50  179.54   13.93
    5          9P   9P N   CA     65   66  -33.54  -30.50                  147.20
    6   8055   9P  10Y C   N      70   72  -89.19  -98.40   12.29    0.97  -63.50  165.67   25.01
    6         10Y  10Y N   CA     72   73  120.27  128.40                  -43.40
    7   8057  11V  12T C   N      89   91 -139.74 -124.80   29.29    0.91  -63.20  167.70   26.47
    7         12T  12T N   CA     91   92  168.69  143.50                  -42.10
    8   8058  12T  13N C   N      96   98 -113.55 -119.90   11.15    0.60  -63.20  179.92   25.36
    8         13N  13N N   CA     98   99  146.17  137.00                  -41.10
    9   8059  13N  14E C   N     104  106  -76.29  -69.30    9.34    0.52  -63.60  171.46   23.56
    9         14E  14E N   CA    106  107  148.70  142.50                  -40.30
   10   8060  14E  15Q C   N     113  115  -91.10  -73.00   18.10    1.29  -63.80 -178.88   28.09
   10         15Q  15Q N   CA    115  116  140.65  140.70                  -40.30
   11   8062  16I  17M C   N     130  132  -64.18  -73.00    9.16    0.65  -63.40  178.97   26.78
   11         17M  17M N   CA    132  133  140.53  143.00                  -40.50
   12   8063  17M  18D C   N     138  140 -110.86  -96.50   17.00    0.69  -63.30  152.71   16.58
   12         18D  18D N   CA    140  141  105.12  114.20                  -40.00
   13   8107  61K  62N C   N     469  471   55.13   55.90    1.07    0.13  -63.20  142.75   23.45
   13         62N  62N N   CA    471  472   38.75   39.50                  -41.10
   14   8108  62N  63Q C   N     477  479   49.04  -73.00  123.12    8.48  -63.80 -160.32   35.02
   14         63Q  63Q N   CA    479  480  124.44  140.70                  -40.30
   15   8118  72D  73D C   N     553  555  -65.24  -70.90   78.85    4.17  -63.30   91.08   11.36
   15         73D  73D N   CA    555  556 -131.05  150.30                  -40.00
   16   8120  74D  75G C   N     569  571  -59.38  -62.40    3.56    0.54   82.20  150.68   11.50
   16         75G  75G N   CA    571  572  -43.07  -41.20                    8.50
   17   8121  75G  76G C   N     573  575   70.80   82.20   14.32    0.53  -62.40  145.43   27.47
   17         76G  76G N   CA    575  576   17.16    8.50                  -41.20
   18   8168 122E 123N C   N     892  894 -164.53 -119.90  101.54    5.39  -63.20  133.50   15.28
   18        123N 123N N   CA    894  895   45.80  137.00                  -41.10
   19   8224 178G 179N C   N    1301 1303 -117.34 -119.90   95.70    4.29  -63.20   98.63   10.61
   19        179N 179N N   CA   1303 1304   41.33  137.00                  -41.10
   20   8267 221I 222D C   N    1628 1630 -105.82  -63.30   43.88    7.36  -63.30   43.88    7.36
   20        222D 222D N   CA   1630 1631  -50.87  -40.00                  -40.00
   21   8272 226P 227G C   N    1663 1665 -161.97  -62.40  112.61   17.39  -62.40  112.61   17.39
   21        227G 227G N   CA   1665 1666   11.41  -41.20                  -41.20
   22   8314 268Q 269R C   N    1977 1979 -113.40 -125.20   14.86    0.80  -63.00  176.62   27.34
   22        269R 269R N   CA   1979 1980  149.62  140.60                  -41.10
   23   8315 269R 270K C   N    1988 1990  -53.05  -70.20   35.29    2.89  -62.90  148.28   18.74
   23        270K 270K N   CA   1990 1991  171.24  140.40                  -40.80
   24   8316 270K 271L C   N    1997 1999  -76.49  -70.70   54.41    3.91  -63.50  123.78   17.96
   24        271L 271L N   CA   1999 2000 -164.29  141.60                  -41.20
   25   8318 272S 273E C   N    2011 2013 -128.31 -117.80   16.60    0.90  -63.60  176.54   20.76
   25        273E 273E N   CA   2013 2014  123.95  136.80                  -40.30
   26   8319 273E 274S C   N    2020 2022 -165.05 -136.60   28.69    1.24  -64.10 -155.80   22.06
   26        274S 274S N   CA   2022 2023  147.50  151.20                  -35.00
   27   8322 276V 277F C   N    2042 2044 -107.48 -124.20   52.38    2.80  -63.20  130.50   21.05
   27        277F 277F N   CA   2044 2045 -167.06  143.30                  -44.30
   28   8324 278A 279Q C   N    2058 2060 -169.04  -63.80  105.47   17.25  -63.80  105.47   17.25
   28        279Q 279Q N   CA   2060 2061  -33.27  -40.30                  -40.30
   29   8328 282R 283R C   N    2094 2096 -155.97  -63.00  113.40   20.64  -63.00  113.40   20.64
   29        283R 283R N   CA   2096 2097 -106.03  -41.10                  -41.10
   30   8329 283R 284T C   N    2105 2107  113.30  -63.20  176.76   28.11  -63.20  176.76   28.11
   30        284T 284T N   CA   2107 2108  -32.60  -42.10                  -42.10
   31   8330 284T 285L C   N    2112 2114  174.62  -63.50  137.98   25.45  -63.50  137.98   25.45
   31        285L 285L N   CA   2114 2115 -105.88  -41.20                  -41.20
   32   8331 285L 286P C   N    2120 2122  -74.46  -58.70   69.92    4.63  -64.50  110.03    8.75
   32        286P 286P N   CA   2122 2123   37.62  -30.50                  147.20
   33   8341 295G 296N C   N    2189 2191  -52.28  -63.20   19.47    2.10 -119.90  179.04    9.38
   33        296N 296N N   CA   2191 2192  -57.22  -41.10                  137.00
   34   8342 296N 297G C   N    2197 2199  118.06   82.20   54.85    1.60  -62.40  179.72   31.76
   34        297G 297G N   CA   2199 2200  -33.00    8.50                  -41.20
   35   8346 300Y 301L C   N    2232 2234   67.28  -70.70  154.46   15.52 -108.50 -167.48   10.18
   35        301L 301L N   CA   2234 2235 -148.97  141.60                  132.50
   36   8348 302T 303A C   N    2247 2249  143.92 -134.00   91.64    2.09  -62.50 -157.91   40.72
   36        303A 303A N   CA   2249 2250 -172.25  147.00                  -40.90
   37   8357 311A 312E C   N    2312 2314  -61.08  -69.30    9.67    0.87  -63.60  172.11   22.81
   37        312E 312E N   CA   2314 2315  147.60  142.50                  -40.30
   38   8358 312E 313Q C   N    2321 2323 -127.13 -121.10   13.32    0.51  -63.80  179.66   29.77
   38        313Q 313Q N   CA   2323 2324  151.57  139.70                  -40.30
   39   8359 313Q 314S C   N    2330 2332  -71.24  -72.40    8.17    0.44  -64.10  179.46   12.60
   39        314S 314S N   CA   2332 2333  144.32  152.40                  -35.00
   40   8360 314S 315H C   N    2336 2338   97.73   56.30  136.68   15.89  -63.20 -142.27   24.94
   40        315H 315H N   CA   2338 2339  171.05   40.80                  -42.30
   41   8361 315H 316L C   N    2346 2348 -103.70 -108.50    6.42    0.36  -63.50 -177.56   23.35
   41        316L 316L N   CA   2348 2349  136.75  132.50                  -41.20
   42   8362 316L 317L C   N    2354 2356 -104.48 -108.50   22.43    1.25  -63.50  169.27   26.01
   42        317L 317L N   CA   2356 2357  154.57  132.50                  -41.20
   43   8363 317L 318T C   N    2362 2364  -78.00  -78.10    7.29    0.31  -63.20  176.01   23.55
   43        318T 318T N   CA   2364 2365  142.51  149.80                  -42.10


report______> Distribution of short non-bonded contacts:


DISTANCE1:  0.00 2.10 2.20 2.30 2.40 2.50 2.60 2.70 2.80 2.90 3.00 3.10 3.20 3.30 3.40
DISTANCE2:  2.10 2.20 2.30 2.40 2.50 2.60 2.70 2.80 2.90 3.00 3.10 3.20 3.30 3.40 3.50
FREQUENCY:     0    0    0    0    0   19   38  150  171  263  258  272  359  402  394


<< end of ENERGY.
openf___224_> Open           P11018.B99990002.pdb
wrpdb___568_> Residues, atoms, selected atoms:      319     2379     2379

>> Summary of successfully produced models:
Filename                          molpdf
----------------------------------------
P11018.B99990001.pdb          2246.11035
P11018.B99990002.pdb          2117.73267


Dynamically allocated memory at          finish [B,KiB,MiB]:      5208997    5086.911     4.968
Starting time                                            : 2024/02/01 15:59:39
Closing time                                             : 2024/02/01 15:59:55
Total CPU time [seconds]                                 :      14.68
